{"/Users/gguibon/eclipse-workspace/arborator-frontend/src/App.vue": {"path":"/Users/gguibon/eclipse-workspace/arborator-frontend/src/App.vue","statementMap":{"0":{"start":{"line":8,"column":0},"end":{"line":8,"column":null}},"1":{"start":{"line":9,"column":0},"end":{"line":9,"column":null}},"2":{"start":{"line":10,"column":0},"end":{"line":10,"column":null}},"3":{"start":{"line":11,"column":0},"end":{"line":11,"column":null}},"4":{"start":{"line":12,"column":0},"end":{"line":12,"column":null}},"5":{"start":{"line":16,"column":0},"end":{"line":16,"column":null}},"6":{"start":{"line":14,"column":0},"end":{"line":14,"column":null}},"7":{"start":{"line":18,"column":0},"end":{"line":18,"column":null}},"8":{"start":{"line":19,"column":0},"end":{"line":19,"column":null}},"9":{"start":{"line":25,"column":0},"end":{"line":25,"column":null}},"10":{"start":{"line":35,"column":0},"end":{"line":35,"column":null}},"11":{"start":{"line":36,"column":0},"end":{"line":36,"column":null}},"12":{"start":{"line":37,"column":0},"end":{"line":37,"column":null}},"13":{"start":{"line":38,"column":0},"end":{"line":38,"column":null}},"14":{"start":{"line":39,"column":0},"end":{"line":49,"column":null}},"15":{"start":{"line":40,"column":0},"end":{"line":44,"column":null}},"16":{"start":{"line":42,"column":0},"end":{"line":42,"column":null}},"17":{"start":{"line":44,"column":0},"end":{"line":44,"column":null}},"18":{"start":{"line":50,"column":0},"end":{"line":50,"column":null}},"19":{"start":{"line":54,"column":0},"end":{"line":54,"column":null}},"20":{"start":{"line":55,"column":0},"end":{"line":55,"column":null}},"21":{"start":{"line":56,"column":0},"end":{"line":58,"column":null}},"22":{"start":{"line":57,"column":0},"end":{"line":57,"column":null}},"23":{"start":{"line":59,"column":0},"end":{"line":59,"column":null}},"24":{"start":{"line":61,"column":0},"end":{"line":61,"column":null}},"25":{"start":{"line":63,"column":0},"end":{"line":63,"column":null}},"26":{"start":{"line":64,"column":0},"end":{"line":64,"column":null}}},"fnMap":{"0":{"name":"data","decl":{"start":{"line":24,"column":0},"end":{"line":24,"column":null}},"loc":{"start":{"line":24,"column":0},"end":{"line":34,"column":null}}},"1":{"name":"mounted","decl":{"start":{"line":35,"column":0},"end":{"line":35,"column":null}},"loc":{"start":{"line":35,"column":0},"end":{"line":51,"column":null}}},"2":{"name":"(anonymous_3)","decl":{"start":{"line":40,"column":0},"end":{"line":40,"column":null}},"loc":{"start":{"line":40,"column":0},"end":{"line":44,"column":null}}},"3":{"name":"(anonymous_4)","decl":{"start":{"line":44,"column":0},"end":{"line":44,"column":null}},"loc":{"start":{"line":44,"column":0},"end":{"line":44,"column":null}}},"4":{"name":"parseJwt","decl":{"start":{"line":53,"column":0},"end":{"line":53,"column":null}},"loc":{"start":{"line":53,"column":0},"end":{"line":60,"column":null}}},"5":{"name":"(anonymous_6)","decl":{"start":{"line":56,"column":0},"end":{"line":56,"column":null}},"loc":{"start":{"line":56,"column":0},"end":{"line":58,"column":null}}},"6":{"name":"showNotif","decl":{"start":{"line":61,"column":0},"end":{"line":61,"column":null}},"loc":{"start":{"line":61,"column":0},"end":{"line":76,"column":null}}}},"branchMap":{"0":{"loc":{"start":{"line":38,"column":0},"end":{"line":38,"column":null}},"type":"if","locations":[{"start":{"line":38,"column":0},"end":{"line":38,"column":null}},{"start":{"line":38,"column":0},"end":{"line":38,"column":null}}]},"1":{"loc":{"start":{"line":39,"column":0},"end":{"line":49,"column":null}},"type":"if","locations":[{"start":{"line":39,"column":0},"end":{"line":49,"column":null}},{"start":{"line":39,"column":0},"end":{"line":49,"column":null}}]},"2":{"loc":{"start":{"line":63,"column":0},"end":{"line":63,"column":null}},"type":"cond-expr","locations":[{"start":{"line":63,"column":0},"end":{"line":63,"column":null}},{"start":{"line":63,"column":0},"end":{"line":63,"column":null}}]}},"s":{"0":0,"1":0,"2":0,"3":0,"4":0,"5":0,"6":0,"7":0,"8":0,"9":0,"10":0,"11":0,"12":0,"13":0,"14":0,"15":0,"16":0,"17":0,"18":0,"19":0,"20":0,"21":0,"22":0,"23":0,"24":0,"25":0,"26":0},"f":{"0":0,"1":0,"2":0,"3":0,"4":0,"5":0,"6":0},"b":{"0":[0,0],"1":[0,0],"2":[0,0]}}
,"/Users/gguibon/eclipse-workspace/arborator-frontend/src/boot/axios.js": {"path":"/Users/gguibon/eclipse-workspace/arborator-frontend/src/boot/axios.js","statementMap":{"0":{"start":{"line":4,"column":2},"end":{"line":4,"column":30}}},"fnMap":{"0":{"name":"(anonymous_0)","decl":{"start":{"line":3,"column":15},"end":{"line":3,"column":16}},"loc":{"start":{"line":3,"column":34},"end":{"line":5,"column":1}},"line":3}},"branchMap":{},"s":{"0":0},"f":{"0":0},"b":{}}
,"/Users/gguibon/eclipse-workspace/arborator-frontend/src/boot/backend-api.js": {"path":"/Users/gguibon/eclipse-workspace/arborator-frontend/src/boot/backend-api.js","statementMap":{"0":{"start":{"line":2,"column":0},"end":{"line":2,"column":68}},"1":{"start":{"line":4,"column":0},"end":{"line":4,"column":24}},"2":{"start":{"line":6,"column":12},"end":{"line":12,"column":2}},"3":{"start":{"line":14,"column":13},"end":{"line":20,"column":2}},"4":{"start":{"line":24,"column":8},"end":{"line":24,"column":40}},"5":{"start":{"line":27,"column":8},"end":{"line":27,"column":38}},"6":{"start":{"line":30,"column":8},"end":{"line":30,"column":61}},"7":{"start":{"line":33,"column":8},"end":{"line":33,"column":41}},"8":{"start":{"line":36,"column":8},"end":{"line":36,"column":59}},"9":{"start":{"line":39,"column":8},"end":{"line":39,"column":81}},"10":{"start":{"line":42,"column":8},"end":{"line":42,"column":84}},"11":{"start":{"line":45,"column":8},"end":{"line":45,"column":90}},"12":{"start":{"line":48,"column":8},"end":{"line":48,"column":92}},"13":{"start":{"line":51,"column":8},"end":{"line":51,"column":105}},"14":{"start":{"line":54,"column":8},"end":{"line":54,"column":122}},"15":{"start":{"line":57,"column":19},"end":{"line":57,"column":35}},"16":{"start":{"line":58,"column":8},"end":{"line":58,"column":73}},"17":{"start":{"line":61,"column":19},"end":{"line":61,"column":39}},"18":{"start":{"line":62,"column":8},"end":{"line":62,"column":75}},"19":{"start":{"line":65,"column":19},"end":{"line":65,"column":37}},"20":{"start":{"line":66,"column":8},"end":{"line":66,"column":77}},"21":{"start":{"line":69,"column":19},"end":{"line":69,"column":37}},"22":{"start":{"line":70,"column":8},"end":{"line":70,"column":80}},"23":{"start":{"line":73,"column":19},"end":{"line":73,"column":48}},"24":{"start":{"line":74,"column":8},"end":{"line":74,"column":79}},"25":{"start":{"line":77,"column":19},"end":{"line":77,"column":35}},"26":{"start":{"line":78,"column":8},"end":{"line":78,"column":82}},"27":{"start":{"line":81,"column":8},"end":{"line":81,"column":70}},"28":{"start":{"line":84,"column":8},"end":{"line":84,"column":61}},"29":{"start":{"line":87,"column":8},"end":{"line":87,"column":73}},"30":{"start":{"line":90,"column":8},"end":{"line":90,"column":68}},"31":{"start":{"line":93,"column":19},"end":{"line":93,"column":92}},"32":{"start":{"line":94,"column":8},"end":{"line":94,"column":79}},"33":{"start":{"line":97,"column":19},"end":{"line":97,"column":92}},"34":{"start":{"line":98,"column":8},"end":{"line":98,"column":82}},"35":{"start":{"line":101,"column":19},"end":{"line":101,"column":92}},"36":{"start":{"line":102,"column":8},"end":{"line":102,"column":79}},"37":{"start":{"line":105,"column":19},"end":{"line":105,"column":92}},"38":{"start":{"line":106,"column":8},"end":{"line":106,"column":82}},"39":{"start":{"line":109,"column":19},"end":{"line":109,"column":92}},"40":{"start":{"line":110,"column":8},"end":{"line":110,"column":84}},"41":{"start":{"line":113,"column":19},"end":{"line":113,"column":92}},"42":{"start":{"line":114,"column":8},"end":{"line":114,"column":87}},"43":{"start":{"line":117,"column":19},"end":{"line":117,"column":92}},"44":{"start":{"line":118,"column":8},"end":{"line":118,"column":74}},"45":{"start":{"line":121,"column":19},"end":{"line":121,"column":92}},"46":{"start":{"line":122,"column":8},"end":{"line":122,"column":77}},"47":{"start":{"line":125,"column":8},"end":{"line":125,"column":81}},"48":{"start":{"line":128,"column":8},"end":{"line":128,"column":82}},"49":{"start":{"line":131,"column":8},"end":{"line":131,"column":77}},"50":{"start":{"line":134,"column":8},"end":{"line":134,"column":81}},"51":{"start":{"line":137,"column":8},"end":{"line":137,"column":64}},"52":{"start":{"line":140,"column":19},"end":{"line":140,"column":45}},"53":{"start":{"line":141,"column":8},"end":{"line":141,"column":100}},"54":{"start":{"line":148,"column":8},"end":{"line":148,"column":34}},"55":{"start":{"line":151,"column":8},"end":{"line":151,"column":36}},"56":{"start":{"line":154,"column":24},"end":{"line":154,"column":49}},"57":{"start":{"line":155,"column":22},"end":{"line":155,"column":37}},"58":{"start":{"line":156,"column":8},"end":{"line":156,"column":47}},"59":{"start":{"line":159,"column":8},"end":{"line":159,"column":48}},"60":{"start":{"line":162,"column":8},"end":{"line":162,"column":72}},"61":{"start":{"line":165,"column":8},"end":{"line":165,"column":66}},"62":{"start":{"line":168,"column":8},"end":{"line":168,"column":87}},"63":{"start":{"line":171,"column":8},"end":{"line":171,"column":97}},"64":{"start":{"line":174,"column":8},"end":{"line":174,"column":83}},"65":{"start":{"line":177,"column":8},"end":{"line":177,"column":89}},"66":{"start":{"line":180,"column":8},"end":{"line":180,"column":86}}},"fnMap":{"0":{"name":"(anonymous_0)","decl":{"start":{"line":23,"column":4},"end":{"line":23,"column":5}},"loc":{"start":{"line":23,"column":17},"end":{"line":25,"column":5}},"line":23},"1":{"name":"(anonymous_1)","decl":{"start":{"line":26,"column":4},"end":{"line":26,"column":5}},"loc":{"start":{"line":26,"column":14},"end":{"line":28,"column":5}},"line":26},"2":{"name":"(anonymous_2)","decl":{"start":{"line":29,"column":4},"end":{"line":29,"column":5}},"loc":{"start":{"line":29,"column":33},"end":{"line":31,"column":5}},"line":29},"3":{"name":"(anonymous_3)","decl":{"start":{"line":32,"column":4},"end":{"line":32,"column":5}},"loc":{"start":{"line":32,"column":25},"end":{"line":34,"column":5}},"line":32},"4":{"name":"(anonymous_4)","decl":{"start":{"line":35,"column":4},"end":{"line":35,"column":5}},"loc":{"start":{"line":35,"column":28},"end":{"line":37,"column":5}},"line":35},"5":{"name":"(anonymous_5)","decl":{"start":{"line":38,"column":4},"end":{"line":38,"column":5}},"loc":{"start":{"line":38,"column":40},"end":{"line":40,"column":5}},"line":38},"6":{"name":"(anonymous_6)","decl":{"start":{"line":41,"column":4},"end":{"line":41,"column":5}},"loc":{"start":{"line":41,"column":43},"end":{"line":43,"column":5}},"line":41},"7":{"name":"(anonymous_7)","decl":{"start":{"line":44,"column":4},"end":{"line":44,"column":5}},"loc":{"start":{"line":44,"column":32},"end":{"line":46,"column":5}},"line":44},"8":{"name":"(anonymous_8)","decl":{"start":{"line":47,"column":4},"end":{"line":47,"column":5}},"loc":{"start":{"line":47,"column":44},"end":{"line":49,"column":5}},"line":47},"9":{"name":"(anonymous_9)","decl":{"start":{"line":50,"column":4},"end":{"line":50,"column":5}},"loc":{"start":{"line":50,"column":53},"end":{"line":52,"column":5}},"line":50},"10":{"name":"(anonymous_10)","decl":{"start":{"line":53,"column":4},"end":{"line":53,"column":5}},"loc":{"start":{"line":53,"column":60},"end":{"line":55,"column":5}},"line":53},"11":{"name":"(anonymous_11)","decl":{"start":{"line":56,"column":4},"end":{"line":56,"column":5}},"loc":{"start":{"line":56,"column":37},"end":{"line":59,"column":5}},"line":56},"12":{"name":"(anonymous_12)","decl":{"start":{"line":60,"column":4},"end":{"line":60,"column":5}},"loc":{"start":{"line":60,"column":41},"end":{"line":63,"column":5}},"line":60},"13":{"name":"(anonymous_13)","decl":{"start":{"line":64,"column":4},"end":{"line":64,"column":5}},"loc":{"start":{"line":64,"column":55},"end":{"line":67,"column":5}},"line":64},"14":{"name":"(anonymous_14)","decl":{"start":{"line":68,"column":4},"end":{"line":68,"column":5}},"loc":{"start":{"line":68,"column":58},"end":{"line":71,"column":5}},"line":68},"15":{"name":"(anonymous_15)","decl":{"start":{"line":72,"column":4},"end":{"line":72,"column":5}},"loc":{"start":{"line":72,"column":41},"end":{"line":75,"column":5}},"line":72},"16":{"name":"(anonymous_16)","decl":{"start":{"line":76,"column":4},"end":{"line":76,"column":5}},"loc":{"start":{"line":76,"column":45},"end":{"line":79,"column":5}},"line":76},"17":{"name":"(anonymous_17)","decl":{"start":{"line":80,"column":4},"end":{"line":80,"column":5}},"loc":{"start":{"line":80,"column":45},"end":{"line":82,"column":5}},"line":80},"18":{"name":"(anonymous_18)","decl":{"start":{"line":83,"column":4},"end":{"line":83,"column":5}},"loc":{"start":{"line":83,"column":30},"end":{"line":85,"column":5}},"line":83},"19":{"name":"(anonymous_19)","decl":{"start":{"line":86,"column":4},"end":{"line":86,"column":5}},"loc":{"start":{"line":86,"column":41},"end":{"line":88,"column":5}},"line":86},"20":{"name":"(anonymous_20)","decl":{"start":{"line":89,"column":4},"end":{"line":89,"column":5}},"loc":{"start":{"line":89,"column":35},"end":{"line":91,"column":5}},"line":89},"21":{"name":"(anonymous_21)","decl":{"start":{"line":92,"column":4},"end":{"line":92,"column":5}},"loc":{"start":{"line":92,"column":57},"end":{"line":95,"column":5}},"line":92},"22":{"name":"(anonymous_22)","decl":{"start":{"line":96,"column":4},"end":{"line":96,"column":5}},"loc":{"start":{"line":96,"column":60},"end":{"line":99,"column":5}},"line":96},"23":{"name":"(anonymous_23)","decl":{"start":{"line":100,"column":4},"end":{"line":100,"column":5}},"loc":{"start":{"line":100,"column":57},"end":{"line":103,"column":5}},"line":100},"24":{"name":"(anonymous_24)","decl":{"start":{"line":104,"column":4},"end":{"line":104,"column":5}},"loc":{"start":{"line":104,"column":60},"end":{"line":107,"column":5}},"line":104},"25":{"name":"(anonymous_25)","decl":{"start":{"line":108,"column":4},"end":{"line":108,"column":5}},"loc":{"start":{"line":108,"column":62},"end":{"line":111,"column":5}},"line":108},"26":{"name":"(anonymous_26)","decl":{"start":{"line":112,"column":4},"end":{"line":112,"column":5}},"loc":{"start":{"line":112,"column":65},"end":{"line":115,"column":5}},"line":112},"27":{"name":"(anonymous_27)","decl":{"start":{"line":116,"column":4},"end":{"line":116,"column":5}},"loc":{"start":{"line":116,"column":52},"end":{"line":119,"column":5}},"line":116},"28":{"name":"(anonymous_28)","decl":{"start":{"line":120,"column":4},"end":{"line":120,"column":5}},"loc":{"start":{"line":120,"column":55},"end":{"line":123,"column":5}},"line":120},"29":{"name":"(anonymous_29)","decl":{"start":{"line":124,"column":4},"end":{"line":124,"column":5}},"loc":{"start":{"line":124,"column":41},"end":{"line":126,"column":5}},"line":124},"30":{"name":"(anonymous_30)","decl":{"start":{"line":127,"column":4},"end":{"line":127,"column":5}},"loc":{"start":{"line":127,"column":42},"end":{"line":129,"column":5}},"line":127},"31":{"name":"(anonymous_31)","decl":{"start":{"line":130,"column":4},"end":{"line":130,"column":5}},"loc":{"start":{"line":130,"column":37},"end":{"line":132,"column":5}},"line":130},"32":{"name":"(anonymous_32)","decl":{"start":{"line":133,"column":4},"end":{"line":133,"column":5}},"loc":{"start":{"line":133,"column":41},"end":{"line":135,"column":5}},"line":133},"33":{"name":"(anonymous_33)","decl":{"start":{"line":136,"column":4},"end":{"line":136,"column":5}},"loc":{"start":{"line":136,"column":41},"end":{"line":138,"column":5}},"line":136},"34":{"name":"(anonymous_34)","decl":{"start":{"line":139,"column":4},"end":{"line":139,"column":5}},"loc":{"start":{"line":139,"column":46},"end":{"line":142,"column":5}},"line":139},"35":{"name":"(anonymous_35)","decl":{"start":{"line":143,"column":4},"end":{"line":143,"column":5}},"loc":{"start":{"line":143,"column":18},"end":{"line":149,"column":5}},"line":143},"36":{"name":"(anonymous_36)","decl":{"start":{"line":150,"column":4},"end":{"line":150,"column":5}},"loc":{"start":{"line":150,"column":12},"end":{"line":152,"column":5}},"line":150},"37":{"name":"(anonymous_37)","decl":{"start":{"line":153,"column":4},"end":{"line":153,"column":5}},"loc":{"start":{"line":153,"column":12},"end":{"line":157,"column":5}},"line":153},"38":{"name":"(anonymous_38)","decl":{"start":{"line":158,"column":4},"end":{"line":158,"column":5}},"loc":{"start":{"line":158,"column":23},"end":{"line":160,"column":5}},"line":158},"39":{"name":"(anonymous_39)","decl":{"start":{"line":161,"column":4},"end":{"line":161,"column":5}},"loc":{"start":{"line":161,"column":49},"end":{"line":163,"column":5}},"line":161},"40":{"name":"(anonymous_40)","decl":{"start":{"line":164,"column":4},"end":{"line":164,"column":5}},"loc":{"start":{"line":164,"column":38},"end":{"line":166,"column":5}},"line":164},"41":{"name":"(anonymous_41)","decl":{"start":{"line":167,"column":4},"end":{"line":167,"column":5}},"loc":{"start":{"line":167,"column":50},"end":{"line":169,"column":5}},"line":167},"42":{"name":"(anonymous_42)","decl":{"start":{"line":170,"column":4},"end":{"line":170,"column":5}},"loc":{"start":{"line":170,"column":45},"end":{"line":172,"column":5}},"line":170},"43":{"name":"(anonymous_43)","decl":{"start":{"line":173,"column":4},"end":{"line":173,"column":5}},"loc":{"start":{"line":173,"column":34},"end":{"line":175,"column":5}},"line":173},"44":{"name":"(anonymous_44)","decl":{"start":{"line":176,"column":4},"end":{"line":176,"column":5}},"loc":{"start":{"line":176,"column":36},"end":{"line":178,"column":5}},"line":176},"45":{"name":"(anonymous_45)","decl":{"start":{"line":179,"column":4},"end":{"line":179,"column":5}},"loc":{"start":{"line":179,"column":34},"end":{"line":181,"column":5}},"line":179}},"branchMap":{"0":{"loc":{"start":{"line":9,"column":13},"end":{"line":9,"column":67}},"type":"cond-expr","locations":[{"start":{"line":9,"column":35},"end":{"line":9,"column":41}},{"start":{"line":9,"column":45},"end":{"line":9,"column":67}}],"line":9},"1":{"loc":{"start":{"line":17,"column":13},"end":{"line":17,"column":71}},"type":"cond-expr","locations":[{"start":{"line":17,"column":35},"end":{"line":17,"column":43}},{"start":{"line":17,"column":47},"end":{"line":17,"column":71}}],"line":17}},"s":{"0":0,"1":0,"2":0,"3":0,"4":0,"5":0,"6":0,"7":0,"8":0,"9":0,"10":0,"11":0,"12":0,"13":0,"14":0,"15":0,"16":0,"17":0,"18":0,"19":0,"20":0,"21":0,"22":0,"23":0,"24":0,"25":0,"26":0,"27":0,"28":0,"29":0,"30":0,"31":0,"32":0,"33":0,"34":0,"35":0,"36":0,"37":0,"38":0,"39":0,"40":0,"41":0,"42":0,"43":0,"44":0,"45":0,"46":0,"47":0,"48":0,"49":0,"50":0,"51":0,"52":0,"53":0,"54":0,"55":0,"56":0,"57":0,"58":0,"59":0,"60":0,"61":0,"62":0,"63":0,"64":0,"65":0,"66":0},"f":{"0":0,"1":0,"2":0,"3":0,"4":0,"5":0,"6":0,"7":0,"8":0,"9":0,"10":0,"11":0,"12":0,"13":0,"14":0,"15":0,"16":0,"17":0,"18":0,"19":0,"20":0,"21":0,"22":0,"23":0,"24":0,"25":0,"26":0,"27":0,"28":0,"29":0,"30":0,"31":0,"32":0,"33":0,"34":0,"35":0,"36":0,"37":0,"38":0,"39":0,"40":0,"41":0,"42":0,"43":0,"44":0,"45":0},"b":{"0":[0,0],"1":[0,0]}}
,"/Users/gguibon/eclipse-workspace/arborator-frontend/src/boot/i18n.js": {"path":"/Users/gguibon/eclipse-workspace/arborator-frontend/src/boot/i18n.js","statementMap":{"0":{"start":{"line":5,"column":0},"end":{"line":5,"column":16}},"1":{"start":{"line":7,"column":13},"end":{"line":11,"column":2}},"2":{"start":{"line":15,"column":2},"end":{"line":15,"column":17}}},"fnMap":{"0":{"name":"(anonymous_0)","decl":{"start":{"line":13,"column":15},"end":{"line":13,"column":16}},"loc":{"start":{"line":13,"column":28},"end":{"line":16,"column":1}},"line":13}},"branchMap":{},"s":{"0":0,"1":0,"2":0},"f":{"0":0},"b":{}}
,"/Users/gguibon/eclipse-workspace/arborator-frontend/src/components/AttributeTable.vue": {"path":"/Users/gguibon/eclipse-workspace/arborator-frontend/src/components/AttributeTable.vue","statementMap":{"0":{"start":{"line":106,"column":0},"end":{"line":106,"column":null}},"1":{"start":{"line":108,"column":0},"end":{"line":108,"column":null}},"2":{"start":{"line":109,"column":0},"end":{"line":109,"column":null}},"3":{"start":{"line":111,"column":0},"end":{"line":111,"column":null}},"4":{"start":{"line":120,"column":0},"end":{"line":120,"column":null}},"5":{"start":{"line":140,"column":0},"end":{"line":141,"column":null}},"6":{"start":{"line":140,"column":0},"end":{"line":140,"column":null}},"7":{"start":{"line":146,"column":0},"end":{"line":146,"column":null}},"8":{"start":{"line":147,"column":0},"end":{"line":147,"column":null}},"9":{"start":{"line":150,"column":0},"end":{"line":150,"column":null}},"10":{"start":{"line":155,"column":0},"end":{"line":155,"column":null}},"11":{"start":{"line":159,"column":0},"end":{"line":159,"column":null}},"12":{"start":{"line":161,"column":0},"end":{"line":162,"column":null}},"13":{"start":{"line":161,"column":0},"end":{"line":161,"column":null}},"14":{"start":{"line":162,"column":0},"end":{"line":162,"column":null}},"15":{"start":{"line":166,"column":0},"end":{"line":166,"column":null}},"16":{"start":{"line":168,"column":0},"end":{"line":168,"column":null}},"17":{"start":{"line":169,"column":0},"end":{"line":169,"column":null}},"18":{"start":{"line":174,"column":0},"end":{"line":174,"column":null}}},"fnMap":{"0":{"name":"data","decl":{"start":{"line":119,"column":0},"end":{"line":119,"column":null}},"loc":{"start":{"line":119,"column":0},"end":{"line":127,"column":null}}},"1":{"name":"mounted","decl":{"start":{"line":131,"column":0},"end":{"line":131,"column":null}},"loc":{"start":{"line":131,"column":0},"end":{"line":135,"column":null}}},"2":{"name":"addNewFeature","decl":{"start":{"line":138,"column":0},"end":{"line":138,"column":null}},"loc":{"start":{"line":138,"column":0},"end":{"line":143,"column":null}}},"3":{"name":"deleteRow","decl":{"start":{"line":145,"column":0},"end":{"line":145,"column":null}},"loc":{"start":{"line":145,"column":0},"end":{"line":148,"column":null}}},"4":{"name":"(anonymous_5)","decl":{"start":{"line":146,"column":0},"end":{"line":146,"column":null}},"loc":{"start":{"line":146,"column":0},"end":{"line":146,"column":null}}},"5":{"name":"computeAttributeOptions","decl":{"start":{"line":150,"column":0},"end":{"line":150,"column":null}},"loc":{"start":{"line":150,"column":0},"end":{"line":156,"column":null}}},"6":{"name":"(anonymous_7)","decl":{"start":{"line":155,"column":0},"end":{"line":155,"column":null}},"loc":{"start":{"line":155,"column":0},"end":{"line":155,"column":null}}},"7":{"name":"computeValueOptions","decl":{"start":{"line":157,"column":0},"end":{"line":157,"column":null}},"loc":{"start":{"line":157,"column":0},"end":{"line":164,"column":null}}},"8":{"name":"(anonymous_11)","decl":{"start":{"line":159,"column":0},"end":{"line":159,"column":null}},"loc":{"start":{"line":159,"column":0},"end":{"line":159,"column":null}}},"9":{"name":"computeValueType","decl":{"start":{"line":165,"column":0},"end":{"line":165,"column":null}},"loc":{"start":{"line":165,"column":0},"end":{"line":171,"column":null}}},"10":{"name":"(anonymous_13)","decl":{"start":{"line":166,"column":0},"end":{"line":166,"column":null}},"loc":{"start":{"line":166,"column":0},"end":{"line":166,"column":null}}},"11":{"name":"oninput","decl":{"start":{"line":172,"column":0},"end":{"line":172,"column":null}},"loc":{"start":{"line":172,"column":0},"end":{"line":176,"column":null}}}},"branchMap":{"0":{"loc":{"start":{"line":140,"column":0},"end":{"line":141,"column":null}},"type":"if","locations":[{"start":{"line":140,"column":0},"end":{"line":141,"column":null}},{"start":{"line":140,"column":0},"end":{"line":141,"column":null}}]},"1":{"loc":{"start":{"line":140,"column":0},"end":{"line":140,"column":null}},"type":"cond-expr","locations":[{"start":{"line":140,"column":0},"end":{"line":140,"column":null}},{"start":{"line":140,"column":0},"end":{"line":140,"column":null}}]},"2":{"loc":{"start":{"line":159,"column":0},"end":{"line":159,"column":null}},"type":"binary-expr","locations":[{"start":{"line":159,"column":0},"end":{"line":159,"column":null}},{"start":{"line":159,"column":0},"end":{"line":159,"column":null}}]},"3":{"loc":{"start":{"line":161,"column":0},"end":{"line":162,"column":null}},"type":"if","locations":[{"start":{"line":161,"column":0},"end":{"line":162,"column":null}},{"start":{"line":161,"column":0},"end":{"line":162,"column":null}}]},"4":{"loc":{"start":{"line":162,"column":0},"end":{"line":162,"column":null}},"type":"binary-expr","locations":[{"start":{"line":162,"column":0},"end":{"line":162,"column":null}},{"start":{"line":162,"column":0},"end":{"line":162,"column":null}}]},"5":{"loc":{"start":{"line":166,"column":0},"end":{"line":166,"column":null}},"type":"binary-expr","locations":[{"start":{"line":166,"column":0},"end":{"line":166,"column":null}},{"start":{"line":166,"column":0},"end":{"line":166,"column":null}}]},"6":{"loc":{"start":{"line":168,"column":0},"end":{"line":168,"column":null}},"type":"if","locations":[{"start":{"line":168,"column":0},"end":{"line":168,"column":null}},{"start":{"line":168,"column":0},"end":{"line":168,"column":null}}]},"7":{"loc":{"start":{"line":169,"column":0},"end":{"line":169,"column":null}},"type":"if","locations":[{"start":{"line":169,"column":0},"end":{"line":169,"column":null}},{"start":{"line":169,"column":0},"end":{"line":169,"column":null}}]}},"s":{"0":0,"1":0,"2":0,"3":0,"4":0,"5":0,"6":0,"7":0,"8":0,"9":0,"10":0,"11":0,"12":0,"13":0,"14":0,"15":0,"16":0,"17":0,"18":0},"f":{"0":0,"1":0,"2":0,"3":0,"4":0,"5":0,"6":0,"7":0,"8":0,"9":0,"10":0,"11":0},"b":{"0":[0,0],"1":[0,0],"2":[0,0],"3":[0,0],"4":[0,0],"5":[0,0],"6":[0,0],"7":[0,0]}}
,"/Users/gguibon/eclipse-workspace/arborator-frontend/src/components/ConfirmAction.vue": {"path":"/Users/gguibon/eclipse-workspace/arborator-frontend/src/components/ConfirmAction.vue","statementMap":{"0":{"start":{"line":24,"column":0},"end":{"line":24,"column":null}},"1":{"start":{"line":30,"column":0},"end":{"line":30,"column":null}}},"fnMap":{"0":{"name":"data","decl":{"start":{"line":23,"column":0},"end":{"line":23,"column":null}},"loc":{"start":{"line":23,"column":0},"end":{"line":27,"column":null}}},"1":{"name":"confirm","decl":{"start":{"line":29,"column":0},"end":{"line":29,"column":null}},"loc":{"start":{"line":29,"column":0},"end":{"line":31,"column":null}}}},"branchMap":{},"s":{"0":0,"1":0},"f":{"0":0,"1":0},"b":{}}
,"/Users/gguibon/eclipse-workspace/arborator-frontend/src/components/ConllGraph.vue": {"path":"/Users/gguibon/eclipse-workspace/arborator-frontend/src/components/ConllGraph.vue","statementMap":{"0":{"start":{"line":195,"column":0},"end":{"line":195,"column":null}},"1":{"start":{"line":196,"column":0},"end":{"line":196,"column":null}},"2":{"start":{"line":199,"column":0},"end":{"line":199,"column":null}},"3":{"start":{"line":197,"column":0},"end":{"line":197,"column":null}},"4":{"start":{"line":212,"column":0},"end":{"line":212,"column":null}},"5":{"start":{"line":275,"column":0},"end":{"line":275,"column":null}},"6":{"start":{"line":279,"column":0},"end":{"line":279,"column":null}},"7":{"start":{"line":280,"column":0},"end":{"line":280,"column":null}},"8":{"start":{"line":283,"column":0},"end":{"line":283,"column":null}},"9":{"start":{"line":284,"column":0},"end":{"line":284,"column":null}},"10":{"start":{"line":286,"column":0},"end":{"line":286,"column":null}},"11":{"start":{"line":293,"column":0},"end":{"line":293,"column":null}},"12":{"start":{"line":304,"column":0},"end":{"line":304,"column":null}},"13":{"start":{"line":305,"column":0},"end":{"line":305,"column":null}},"14":{"start":{"line":306,"column":0},"end":{"line":306,"column":null}},"15":{"start":{"line":314,"column":0},"end":{"line":322,"column":null}},"16":{"start":{"line":315,"column":0},"end":{"line":315,"column":null}},"17":{"start":{"line":327,"column":0},"end":{"line":328,"column":null}},"18":{"start":{"line":327,"column":0},"end":{"line":327,"column":null}},"19":{"start":{"line":330,"column":0},"end":{"line":330,"column":null}},"20":{"start":{"line":331,"column":0},"end":{"line":331,"column":null}},"21":{"start":{"line":332,"column":0},"end":{"line":332,"column":null}},"22":{"start":{"line":333,"column":0},"end":{"line":333,"column":null}},"23":{"start":{"line":334,"column":0},"end":{"line":334,"column":null}},"24":{"start":{"line":335,"column":0},"end":{"line":335,"column":null}},"25":{"start":{"line":336,"column":0},"end":{"line":336,"column":null}},"26":{"start":{"line":337,"column":0},"end":{"line":337,"column":null}},"27":{"start":{"line":338,"column":0},"end":{"line":338,"column":null}},"28":{"start":{"line":339,"column":0},"end":{"line":339,"column":null}},"29":{"start":{"line":340,"column":0},"end":{"line":340,"column":null}},"30":{"start":{"line":343,"column":0},"end":{"line":343,"column":null}},"31":{"start":{"line":344,"column":0},"end":{"line":344,"column":null}},"32":{"start":{"line":345,"column":0},"end":{"line":345,"column":null}},"33":{"start":{"line":347,"column":0},"end":{"line":347,"column":null}},"34":{"start":{"line":350,"column":0},"end":{"line":350,"column":null}},"35":{"start":{"line":353,"column":0},"end":{"line":353,"column":null}},"36":{"start":{"line":356,"column":0},"end":{"line":356,"column":null}},"37":{"start":{"line":359,"column":0},"end":{"line":359,"column":null}},"38":{"start":{"line":362,"column":0},"end":{"line":362,"column":null}},"39":{"start":{"line":365,"column":0},"end":{"line":365,"column":null}},"40":{"start":{"line":372,"column":0},"end":{"line":372,"column":null}},"41":{"start":{"line":373,"column":0},"end":{"line":373,"column":null}},"42":{"start":{"line":374,"column":0},"end":{"line":374,"column":null}},"43":{"start":{"line":375,"column":0},"end":{"line":375,"column":null}},"44":{"start":{"line":377,"column":0},"end":{"line":377,"column":null}},"45":{"start":{"line":379,"column":0},"end":{"line":387,"column":null}},"46":{"start":{"line":379,"column":0},"end":{"line":379,"column":null}},"47":{"start":{"line":380,"column":0},"end":{"line":386,"column":null}},"48":{"start":{"line":380,"column":0},"end":{"line":380,"column":null}},"49":{"start":{"line":381,"column":0},"end":{"line":385,"column":null}},"50":{"start":{"line":383,"column":0},"end":{"line":383,"column":null}},"51":{"start":{"line":384,"column":0},"end":{"line":384,"column":null}},"52":{"start":{"line":389,"column":0},"end":{"line":389,"column":null}},"53":{"start":{"line":390,"column":0},"end":{"line":390,"column":null}},"54":{"start":{"line":391,"column":0},"end":{"line":391,"column":null}},"55":{"start":{"line":392,"column":0},"end":{"line":392,"column":null}},"56":{"start":{"line":396,"column":0},"end":{"line":396,"column":null}},"57":{"start":{"line":397,"column":0},"end":{"line":397,"column":null}},"58":{"start":{"line":398,"column":0},"end":{"line":398,"column":null}},"59":{"start":{"line":399,"column":0},"end":{"line":399,"column":null}},"60":{"start":{"line":402,"column":0},"end":{"line":402,"column":null}},"61":{"start":{"line":403,"column":0},"end":{"line":403,"column":null}},"62":{"start":{"line":404,"column":0},"end":{"line":408,"column":null}},"63":{"start":{"line":408,"column":0},"end":{"line":408,"column":null}},"64":{"start":{"line":410,"column":0},"end":{"line":410,"column":null}},"65":{"start":{"line":413,"column":0},"end":{"line":413,"column":null}},"66":{"start":{"line":414,"column":0},"end":{"line":414,"column":null}},"67":{"start":{"line":415,"column":0},"end":{"line":415,"column":null}},"68":{"start":{"line":419,"column":0},"end":{"line":419,"column":null}},"69":{"start":{"line":422,"column":0},"end":{"line":424,"column":null}},"70":{"start":{"line":424,"column":0},"end":{"line":424,"column":null}},"71":{"start":{"line":426,"column":0},"end":{"line":426,"column":null}},"72":{"start":{"line":427,"column":0},"end":{"line":427,"column":null}},"73":{"start":{"line":428,"column":0},"end":{"line":428,"column":null}},"74":{"start":{"line":429,"column":0},"end":{"line":429,"column":null}},"75":{"start":{"line":436,"column":0},"end":{"line":436,"column":null}},"76":{"start":{"line":437,"column":0},"end":{"line":437,"column":null}},"77":{"start":{"line":438,"column":0},"end":{"line":438,"column":null}},"78":{"start":{"line":439,"column":0},"end":{"line":439,"column":null}},"79":{"start":{"line":441,"column":0},"end":{"line":441,"column":null}},"80":{"start":{"line":442,"column":0},"end":{"line":442,"column":null}},"81":{"start":{"line":443,"column":0},"end":{"line":443,"column":null}},"82":{"start":{"line":444,"column":0},"end":{"line":444,"column":null}},"83":{"start":{"line":449,"column":0},"end":{"line":456,"column":null}},"84":{"start":{"line":450,"column":0},"end":{"line":454,"column":null}},"85":{"start":{"line":453,"column":0},"end":{"line":453,"column":null}},"86":{"start":{"line":454,"column":0},"end":{"line":454,"column":null}},"87":{"start":{"line":457,"column":0},"end":{"line":457,"column":null}},"88":{"start":{"line":458,"column":0},"end":{"line":458,"column":null}},"89":{"start":{"line":459,"column":0},"end":{"line":459,"column":null}},"90":{"start":{"line":460,"column":0},"end":{"line":460,"column":null}},"91":{"start":{"line":463,"column":0},"end":{"line":463,"column":null}},"92":{"start":{"line":464,"column":0},"end":{"line":466,"column":null}},"93":{"start":{"line":464,"column":0},"end":{"line":464,"column":null}},"94":{"start":{"line":465,"column":0},"end":{"line":465,"column":null}},"95":{"start":{"line":467,"column":0},"end":{"line":476,"column":null}},"96":{"start":{"line":467,"column":0},"end":{"line":467,"column":null}},"97":{"start":{"line":468,"column":0},"end":{"line":468,"column":null}},"98":{"start":{"line":469,"column":0},"end":{"line":474,"column":null}},"99":{"start":{"line":471,"column":0},"end":{"line":472,"column":null}},"100":{"start":{"line":471,"column":0},"end":{"line":471,"column":null}},"101":{"start":{"line":472,"column":0},"end":{"line":472,"column":null}},"102":{"start":{"line":473,"column":0},"end":{"line":473,"column":null}},"103":{"start":{"line":477,"column":0},"end":{"line":477,"column":null}},"104":{"start":{"line":481,"column":0},"end":{"line":481,"column":null}},"105":{"start":{"line":485,"column":0},"end":{"line":485,"column":null}},"106":{"start":{"line":486,"column":0},"end":{"line":486,"column":null}},"107":{"start":{"line":494,"column":0},"end":{"line":494,"column":null}},"108":{"start":{"line":495,"column":0},"end":{"line":495,"column":null}},"109":{"start":{"line":496,"column":0},"end":{"line":496,"column":null}},"110":{"start":{"line":497,"column":0},"end":{"line":497,"column":null}},"111":{"start":{"line":498,"column":0},"end":{"line":498,"column":null}},"112":{"start":{"line":499,"column":0},"end":{"line":499,"column":null}},"113":{"start":{"line":500,"column":0},"end":{"line":500,"column":null}},"114":{"start":{"line":501,"column":0},"end":{"line":505,"column":null}},"115":{"start":{"line":501,"column":0},"end":{"line":501,"column":null}},"116":{"start":{"line":502,"column":0},"end":{"line":502,"column":null}},"117":{"start":{"line":503,"column":0},"end":{"line":503,"column":null}},"118":{"start":{"line":504,"column":0},"end":{"line":504,"column":null}},"119":{"start":{"line":506,"column":0},"end":{"line":506,"column":null}},"120":{"start":{"line":507,"column":0},"end":{"line":507,"column":null}},"121":{"start":{"line":508,"column":0},"end":{"line":508,"column":null}},"122":{"start":{"line":509,"column":0},"end":{"line":509,"column":null}},"123":{"start":{"line":510,"column":0},"end":{"line":512,"column":null}},"124":{"start":{"line":491,"column":0},"end":{"line":491,"column":null}},"125":{"start":{"line":514,"column":0},"end":{"line":514,"column":null}},"126":{"start":{"line":515,"column":0},"end":{"line":517,"column":null}},"127":{"start":{"line":519,"column":0},"end":{"line":519,"column":null}},"128":{"start":{"line":520,"column":0},"end":{"line":524,"column":null}},"129":{"start":{"line":521,"column":0},"end":{"line":521,"column":null}},"130":{"start":{"line":522,"column":0},"end":{"line":522,"column":null}},"131":{"start":{"line":523,"column":0},"end":{"line":523,"column":null}},"132":{"start":{"line":529,"column":0},"end":{"line":529,"column":null}},"133":{"start":{"line":530,"column":0},"end":{"line":530,"column":null}},"134":{"start":{"line":531,"column":0},"end":{"line":531,"column":null}},"135":{"start":{"line":538,"column":0},"end":{"line":538,"column":null}},"136":{"start":{"line":539,"column":0},"end":{"line":539,"column":null}},"137":{"start":{"line":540,"column":0},"end":{"line":540,"column":null}}},"fnMap":{"0":{"name":"data","decl":{"start":{"line":211,"column":0},"end":{"line":211,"column":null}},"loc":{"start":{"line":211,"column":0},"end":{"line":273,"column":null}}},"1":{"name":"emptyCat","decl":{"start":{"line":275,"column":0},"end":{"line":275,"column":null}},"loc":{"start":{"line":275,"column":0},"end":{"line":275,"column":null}}},"2":{"name":"mounted","decl":{"start":{"line":278,"column":0},"end":{"line":278,"column":null}},"loc":{"start":{"line":278,"column":0},"end":{"line":287,"column":null}}},"3":{"name":"(anonymous_14)","decl":{"start":{"line":283,"column":0},"end":{"line":283,"column":null}},"loc":{"start":{"line":283,"column":0},"end":{"line":283,"column":null}}},"4":{"name":"(anonymous_15)","decl":{"start":{"line":284,"column":0},"end":{"line":284,"column":null}},"loc":{"start":{"line":284,"column":0},"end":{"line":284,"column":null}}},"5":{"name":"(anonymous_16)","decl":{"start":{"line":286,"column":0},"end":{"line":286,"column":null}},"loc":{"start":{"line":286,"column":0},"end":{"line":286,"column":null}}},"6":{"name":"getProjectConfig","decl":{"start":{"line":292,"column":0},"end":{"line":292,"column":null}},"loc":{"start":{"line":292,"column":0},"end":{"line":308,"column":null}}},"7":{"name":"up","decl":{"start":{"line":309,"column":0},"end":{"line":309,"column":null}},"loc":{"start":{"line":309,"column":0},"end":{"line":323,"column":null}}},"8":{"name":"start","decl":{"start":{"line":324,"column":0},"end":{"line":324,"column":null}},"loc":{"start":{"line":324,"column":0},"end":{"line":348,"column":null}}},"9":{"name":"toggleRelDialog","decl":{"start":{"line":349,"column":0},"end":{"line":349,"column":null}},"loc":{"start":{"line":349,"column":0},"end":{"line":351,"column":null}}},"10":{"name":"toggleCatDialog","decl":{"start":{"line":352,"column":0},"end":{"line":352,"column":null}},"loc":{"start":{"line":352,"column":0},"end":{"line":354,"column":null}}},"11":{"name":"toggleFeatureDialog","decl":{"start":{"line":355,"column":0},"end":{"line":355,"column":null}},"loc":{"start":{"line":355,"column":0},"end":{"line":357,"column":null}}},"12":{"name":"toggleMetaDialog","decl":{"start":{"line":358,"column":0},"end":{"line":358,"column":null}},"loc":{"start":{"line":358,"column":0},"end":{"line":360,"column":null}}},"13":{"name":"selectRel","decl":{"start":{"line":361,"column":0},"end":{"line":361,"column":null}},"loc":{"start":{"line":361,"column":0},"end":{"line":363,"column":null}}},"14":{"name":"selectCat","decl":{"start":{"line":364,"column":0},"end":{"line":364,"column":null}},"loc":{"start":{"line":364,"column":0},"end":{"line":366,"column":null}}},"15":{"name":"openRelationDialog","decl":{"start":{"line":368,"column":0},"end":{"line":368,"column":null}},"loc":{"start":{"line":368,"column":0},"end":{"line":393,"column":null}}},"16":{"name":"(anonymous_27)","decl":{"start":{"line":377,"column":0},"end":{"line":377,"column":null}},"loc":{"start":{"line":377,"column":0},"end":{"line":377,"column":null}}},"17":{"name":"openCategoryDialog","decl":{"start":{"line":394,"column":0},"end":{"line":394,"column":null}},"loc":{"start":{"line":394,"column":0},"end":{"line":400,"column":null}}},"18":{"name":"onchangerel","decl":{"start":{"line":402,"column":0},"end":{"line":402,"column":null}},"loc":{"start":{"line":402,"column":0},"end":{"line":411,"column":null}}},"19":{"name":"(anonymous_30)","decl":{"start":{"line":404,"column":0},"end":{"line":404,"column":null}},"loc":{"start":{"line":404,"column":0},"end":{"line":408,"column":null}}},"20":{"name":"onchangecat","decl":{"start":{"line":412,"column":0},"end":{"line":412,"column":null}},"loc":{"start":{"line":412,"column":0},"end":{"line":416,"column":null}}},"21":{"name":"openMetaDialog","decl":{"start":{"line":418,"column":0},"end":{"line":418,"column":null}},"loc":{"start":{"line":418,"column":0},"end":{"line":420,"column":null}}},"22":{"name":"onMetaDialogOk","decl":{"start":{"line":421,"column":0},"end":{"line":421,"column":null}},"loc":{"start":{"line":421,"column":0},"end":{"line":432,"column":null}}},"23":{"name":"(anonymous_34)","decl":{"start":{"line":422,"column":0},"end":{"line":422,"column":null}},"loc":{"start":{"line":422,"column":0},"end":{"line":424,"column":null}}},"24":{"name":"openFeatureDialog","decl":{"start":{"line":433,"column":0},"end":{"line":433,"column":null}},"loc":{"start":{"line":433,"column":0},"end":{"line":446,"column":null}}},"25":{"name":"onFeatureDialogOk","decl":{"start":{"line":447,"column":0},"end":{"line":447,"column":null}},"loc":{"start":{"line":447,"column":0},"end":{"line":462,"column":null}}},"26":{"name":"(anonymous_37)","decl":{"start":{"line":450,"column":0},"end":{"line":450,"column":null}},"loc":{"start":{"line":450,"column":0},"end":{"line":453,"column":null}}},"27":{"name":"(anonymous_38)","decl":{"start":{"line":453,"column":0},"end":{"line":453,"column":null}},"loc":{"start":{"line":453,"column":0},"end":{"line":454,"column":null}}},"28":{"name":"featureUpdateNeeded","decl":{"start":{"line":463,"column":0},"end":{"line":463,"column":null}},"loc":{"start":{"line":463,"column":0},"end":{"line":479,"column":null}}},"29":{"name":"informFeatureChanged","decl":{"start":{"line":480,"column":0},"end":{"line":480,"column":null}},"loc":{"start":{"line":480,"column":0},"end":{"line":482,"column":null}}},"30":{"name":"ondialoghide","decl":{"start":{"line":484,"column":0},"end":{"line":484,"column":null}},"loc":{"start":{"line":484,"column":0},"end":{"line":488,"column":null}}},"31":{"name":"openTokenDialog","decl":{"start":{"line":491,"column":0},"end":{"line":491,"column":null}},"loc":{"start":{"line":491,"column":0},"end":{"line":525,"column":null}}},"32":{"name":"(anonymous_43)","decl":{"start":{"line":496,"column":0},"end":{"line":496,"column":null}},"loc":{"start":{"line":496,"column":0},"end":{"line":496,"column":null}}},"33":{"name":"(anonymous_44)","decl":{"start":{"line":497,"column":0},"end":{"line":497,"column":null}},"loc":{"start":{"line":497,"column":0},"end":{"line":497,"column":null}}},"34":{"name":"(anonymous_45)","decl":{"start":{"line":506,"column":0},"end":{"line":506,"column":null}},"loc":{"start":{"line":506,"column":0},"end":{"line":506,"column":null}}},"35":{"name":"(anonymous_46)","decl":{"start":{"line":507,"column":0},"end":{"line":507,"column":null}},"loc":{"start":{"line":507,"column":0},"end":{"line":507,"column":null}}},"36":{"name":"(anonymous_47)","decl":{"start":{"line":519,"column":0},"end":{"line":519,"column":null}},"loc":{"start":{"line":519,"column":0},"end":{"line":519,"column":null}}},"37":{"name":"onTokenDialogOk","decl":{"start":{"line":526,"column":0},"end":{"line":526,"column":null}},"loc":{"start":{"line":526,"column":0},"end":{"line":541,"column":null}}},"38":{"name":"(anonymous_49)","decl":{"start":{"line":530,"column":0},"end":{"line":530,"column":null}},"loc":{"start":{"line":530,"column":0},"end":{"line":530,"column":null}}}},"branchMap":{"0":{"loc":{"start":{"line":275,"column":0},"end":{"line":275,"column":null}},"type":"binary-expr","locations":[{"start":{"line":275,"column":0},"end":{"line":275,"column":null}},{"start":{"line":275,"column":0},"end":{"line":275,"column":null}}]},"1":{"loc":{"start":{"line":283,"column":0},"end":{"line":283,"column":null}},"type":"if","locations":[{"start":{"line":283,"column":0},"end":{"line":283,"column":null}},{"start":{"line":283,"column":0},"end":{"line":283,"column":null}}]},"2":{"loc":{"start":{"line":284,"column":0},"end":{"line":284,"column":null}},"type":"if","locations":[{"start":{"line":284,"column":0},"end":{"line":284,"column":null}},{"start":{"line":284,"column":0},"end":{"line":284,"column":null}}]},"3":{"loc":{"start":{"line":314,"column":0},"end":{"line":322,"column":null}},"type":"if","locations":[{"start":{"line":314,"column":0},"end":{"line":322,"column":null}},{"start":{"line":314,"column":0},"end":{"line":322,"column":null}}]},"4":{"loc":{"start":{"line":327,"column":0},"end":{"line":328,"column":null}},"type":"if","locations":[{"start":{"line":327,"column":0},"end":{"line":328,"column":null}},{"start":{"line":327,"column":0},"end":{"line":328,"column":null}}]},"5":{"loc":{"start":{"line":374,"column":0},"end":{"line":374,"column":null}},"type":"cond-expr","locations":[{"start":{"line":374,"column":0},"end":{"line":374,"column":null}},{"start":{"line":374,"column":0},"end":{"line":374,"column":null}}]},"6":{"loc":{"start":{"line":381,"column":0},"end":{"line":385,"column":null}},"type":"if","locations":[{"start":{"line":381,"column":0},"end":{"line":385,"column":null}},{"start":{"line":381,"column":0},"end":{"line":385,"column":null}}]},"7":{"loc":{"start":{"line":408,"column":0},"end":{"line":408,"column":null}},"type":"cond-expr","locations":[{"start":{"line":408,"column":0},"end":{"line":408,"column":null}},{"start":{"line":408,"column":0},"end":{"line":408,"column":null}}]},"8":{"loc":{"start":{"line":424,"column":0},"end":{"line":424,"column":null}},"type":"if","locations":[{"start":{"line":424,"column":0},"end":{"line":424,"column":null}},{"start":{"line":424,"column":0},"end":{"line":424,"column":null}}]},"9":{"loc":{"start":{"line":429,"column":0},"end":{"line":429,"column":null}},"type":"if","locations":[{"start":{"line":429,"column":0},"end":{"line":429,"column":null}},{"start":{"line":429,"column":0},"end":{"line":429,"column":null}}]},"10":{"loc":{"start":{"line":449,"column":0},"end":{"line":456,"column":null}},"type":"if","locations":[{"start":{"line":449,"column":0},"end":{"line":456,"column":null}},{"start":{"line":449,"column":0},"end":{"line":456,"column":null}}]},"11":{"loc":{"start":{"line":453,"column":0},"end":{"line":453,"column":null}},"type":"if","locations":[{"start":{"line":453,"column":0},"end":{"line":453,"column":null}},{"start":{"line":453,"column":0},"end":{"line":453,"column":null}}]},"12":{"loc":{"start":{"line":454,"column":0},"end":{"line":454,"column":null}},"type":"if","locations":[{"start":{"line":454,"column":0},"end":{"line":454,"column":null}},{"start":{"line":454,"column":0},"end":{"line":454,"column":null}}]},"13":{"loc":{"start":{"line":460,"column":0},"end":{"line":460,"column":null}},"type":"if","locations":[{"start":{"line":460,"column":0},"end":{"line":460,"column":null}},{"start":{"line":460,"column":0},"end":{"line":460,"column":null}}]},"14":{"loc":{"start":{"line":465,"column":0},"end":{"line":465,"column":null}},"type":"if","locations":[{"start":{"line":465,"column":0},"end":{"line":465,"column":null}},{"start":{"line":465,"column":0},"end":{"line":465,"column":null}}]},"15":{"loc":{"start":{"line":468,"column":0},"end":{"line":468,"column":null}},"type":"binary-expr","locations":[{"start":{"line":468,"column":0},"end":{"line":468,"column":null}},{"start":{"line":468,"column":0},"end":{"line":468,"column":null}}]},"16":{"loc":{"start":{"line":469,"column":0},"end":{"line":474,"column":null}},"type":"if","locations":[{"start":{"line":469,"column":0},"end":{"line":474,"column":null}},{"start":{"line":469,"column":0},"end":{"line":474,"column":null}}]},"17":{"loc":{"start":{"line":471,"column":0},"end":{"line":472,"column":null}},"type":"if","locations":[{"start":{"line":471,"column":0},"end":{"line":472,"column":null}},{"start":{"line":471,"column":0},"end":{"line":472,"column":null}}]},"18":{"loc":{"start":{"line":471,"column":0},"end":{"line":471,"column":null}},"type":"binary-expr","locations":[{"start":{"line":471,"column":0},"end":{"line":471,"column":null}},{"start":{"line":471,"column":0},"end":{"line":471,"column":null}}]},"19":{"loc":{"start":{"line":485,"column":0},"end":{"line":485,"column":null}},"type":"if","locations":[{"start":{"line":485,"column":0},"end":{"line":485,"column":null}},{"start":{"line":485,"column":0},"end":{"line":485,"column":null}}]},"20":{"loc":{"start":{"line":486,"column":0},"end":{"line":486,"column":null}},"type":"if","locations":[{"start":{"line":486,"column":0},"end":{"line":486,"column":null}},{"start":{"line":486,"column":0},"end":{"line":486,"column":null}}]},"21":{"loc":{"start":{"line":497,"column":0},"end":{"line":497,"column":null}},"type":"cond-expr","locations":[{"start":{"line":497,"column":0},"end":{"line":497,"column":null}},{"start":{"line":497,"column":0},"end":{"line":497,"column":null}}]},"22":{"loc":{"start":{"line":502,"column":0},"end":{"line":502,"column":null}},"type":"cond-expr","locations":[{"start":{"line":502,"column":0},"end":{"line":502,"column":null}},{"start":{"line":502,"column":0},"end":{"line":502,"column":null}}]},"23":{"loc":{"start":{"line":506,"column":0},"end":{"line":506,"column":null}},"type":"binary-expr","locations":[{"start":{"line":506,"column":0},"end":{"line":506,"column":null}},{"start":{"line":506,"column":0},"end":{"line":506,"column":null}}]},"24":{"loc":{"start":{"line":507,"column":0},"end":{"line":507,"column":null}},"type":"binary-expr","locations":[{"start":{"line":507,"column":0},"end":{"line":507,"column":null}},{"start":{"line":507,"column":0},"end":{"line":507,"column":null}},{"start":{"line":507,"column":0},"end":{"line":507,"column":null}},{"start":{"line":507,"column":0},"end":{"line":507,"column":null}}]},"25":{"loc":{"start":{"line":508,"column":0},"end":{"line":508,"column":null}},"type":"if","locations":[{"start":{"line":508,"column":0},"end":{"line":508,"column":null}},{"start":{"line":508,"column":0},"end":{"line":508,"column":null}}]},"26":{"loc":{"start":{"line":510,"column":0},"end":{"line":512,"column":null}},"type":"if","locations":[{"start":{"line":510,"column":0},"end":{"line":512,"column":null}},{"start":{"line":510,"column":0},"end":{"line":512,"column":null}}]},"27":{"loc":{"start":{"line":515,"column":0},"end":{"line":517,"column":null}},"type":"if","locations":[{"start":{"line":515,"column":0},"end":{"line":517,"column":null}},{"start":{"line":515,"column":0},"end":{"line":517,"column":null}}]},"28":{"loc":{"start":{"line":520,"column":0},"end":{"line":524,"column":null}},"type":"if","locations":[{"start":{"line":520,"column":0},"end":{"line":524,"column":null}},{"start":{"line":520,"column":0},"end":{"line":524,"column":null}}]},"29":{"loc":{"start":{"line":531,"column":0},"end":{"line":531,"column":null}},"type":"cond-expr","locations":[{"start":{"line":531,"column":0},"end":{"line":531,"column":null}},{"start":{"line":531,"column":0},"end":{"line":531,"column":null}}]}},"s":{"0":0,"1":0,"2":0,"3":0,"4":0,"5":0,"6":0,"7":0,"8":0,"9":0,"10":0,"11":0,"12":0,"13":0,"14":0,"15":0,"16":0,"17":0,"18":0,"19":0,"20":0,"21":0,"22":0,"23":0,"24":0,"25":0,"26":0,"27":0,"28":0,"29":0,"30":0,"31":0,"32":0,"33":0,"34":0,"35":0,"36":0,"37":0,"38":0,"39":0,"40":0,"41":0,"42":0,"43":0,"44":0,"45":0,"46":0,"47":0,"48":0,"49":0,"50":0,"51":0,"52":0,"53":0,"54":0,"55":0,"56":0,"57":0,"58":0,"59":0,"60":0,"61":0,"62":0,"63":0,"64":0,"65":0,"66":0,"67":0,"68":0,"69":0,"70":0,"71":0,"72":0,"73":0,"74":0,"75":0,"76":0,"77":0,"78":0,"79":0,"80":0,"81":0,"82":0,"83":0,"84":0,"85":0,"86":0,"87":0,"88":0,"89":0,"90":0,"91":0,"92":0,"93":0,"94":0,"95":0,"96":0,"97":0,"98":0,"99":0,"100":0,"101":0,"102":0,"103":0,"104":0,"105":0,"106":0,"107":0,"108":0,"109":0,"110":0,"111":0,"112":0,"113":0,"114":0,"115":0,"116":0,"117":0,"118":0,"119":0,"120":0,"121":0,"122":0,"123":0,"124":0,"125":0,"126":0,"127":0,"128":0,"129":0,"130":0,"131":0,"132":0,"133":0,"134":0,"135":0,"136":0,"137":0},"f":{"0":0,"1":0,"2":0,"3":0,"4":0,"5":0,"6":0,"7":0,"8":0,"9":0,"10":0,"11":0,"12":0,"13":0,"14":0,"15":0,"16":0,"17":0,"18":0,"19":0,"20":0,"21":0,"22":0,"23":0,"24":0,"25":0,"26":0,"27":0,"28":0,"29":0,"30":0,"31":0,"32":0,"33":0,"34":0,"35":0,"36":0,"37":0,"38":0},"b":{"0":[0,0],"1":[0,0],"2":[0,0],"3":[0,0],"4":[0,0],"5":[0,0],"6":[0,0],"7":[0,0],"8":[0,0],"9":[0,0],"10":[0,0],"11":[0,0],"12":[0,0],"13":[0,0],"14":[0,0],"15":[0,0],"16":[0,0],"17":[0,0],"18":[0,0],"19":[0,0],"20":[0,0],"21":[0,0],"22":[0,0],"23":[0,0],"24":[0,0,0,0],"25":[0,0],"26":[0,0],"27":[0,0],"28":[0,0],"29":[0,0]}}
,"/Users/gguibon/eclipse-workspace/arborator-frontend/src/components/CreaProjectCard.vue": {"path":"/Users/gguibon/eclipse-workspace/arborator-frontend/src/components/CreaProjectCard.vue","statementMap":{"0":{"start":{"line":40,"column":0},"end":{"line":40,"column":null}},"1":{"start":{"line":45,"column":0},"end":{"line":45,"column":null}},"2":{"start":{"line":56,"column":0},"end":{"line":56,"column":null}},"3":{"start":{"line":57,"column":0},"end":{"line":57,"column":null}},"4":{"start":{"line":58,"column":0},"end":{"line":58,"column":null}},"5":{"start":{"line":59,"column":0},"end":{"line":59,"column":null}},"6":{"start":{"line":60,"column":0},"end":{"line":60,"column":null}},"7":{"start":{"line":61,"column":0},"end":{"line":61,"column":null}},"8":{"start":{"line":62,"column":0},"end":{"line":63,"column":null}},"9":{"start":{"line":62,"column":0},"end":{"line":62,"column":null}},"10":{"start":{"line":63,"column":0},"end":{"line":63,"column":null}},"11":{"start":{"line":65,"column":0},"end":{"line":65,"column":null}},"12":{"start":{"line":66,"column":0},"end":{"line":66,"column":null}},"13":{"start":{"line":67,"column":0},"end":{"line":67,"column":null}},"14":{"start":{"line":68,"column":0},"end":{"line":68,"column":null}},"15":{"start":{"line":69,"column":0},"end":{"line":69,"column":null}},"16":{"start":{"line":70,"column":0},"end":{"line":70,"column":null}},"17":{"start":{"line":71,"column":0},"end":{"line":71,"column":null}},"18":{"start":{"line":72,"column":0},"end":{"line":72,"column":null}},"19":{"start":{"line":73,"column":0},"end":{"line":73,"column":null}},"20":{"start":{"line":74,"column":0},"end":{"line":74,"column":null}},"21":{"start":{"line":75,"column":0},"end":{"line":76,"column":null}},"22":{"start":{"line":75,"column":0},"end":{"line":75,"column":null}},"23":{"start":{"line":76,"column":0},"end":{"line":76,"column":null}},"24":{"start":{"line":81,"column":0},"end":{"line":81,"column":null}}},"fnMap":{"0":{"name":"data","decl":{"start":{"line":44,"column":0},"end":{"line":44,"column":null}},"loc":{"start":{"line":44,"column":0},"end":{"line":54,"column":null}}},"1":{"name":"onSubmitInit","decl":{"start":{"line":56,"column":0},"end":{"line":56,"column":null}},"loc":{"start":{"line":56,"column":0},"end":{"line":64,"column":null}}},"2":{"name":"(anonymous_13)","decl":{"start":{"line":62,"column":0},"end":{"line":62,"column":null}},"loc":{"start":{"line":62,"column":0},"end":{"line":62,"column":null}}},"3":{"name":"onSubmit","decl":{"start":{"line":65,"column":0},"end":{"line":65,"column":null}},"loc":{"start":{"line":65,"column":0},"end":{"line":77,"column":null}}},"4":{"name":"(anonymous_16)","decl":{"start":{"line":75,"column":0},"end":{"line":75,"column":null}},"loc":{"start":{"line":75,"column":0},"end":{"line":75,"column":null}}},"5":{"name":"onReset","decl":{"start":{"line":78,"column":0},"end":{"line":78,"column":null}},"loc":{"start":{"line":78,"column":0},"end":{"line":78,"column":null}}},"6":{"name":"onFileChange","decl":{"start":{"line":81,"column":0},"end":{"line":81,"column":null}},"loc":{"start":{"line":81,"column":0},"end":{"line":81,"column":null}}}},"branchMap":{},"s":{"0":0,"1":0,"2":0,"3":0,"4":0,"5":0,"6":0,"7":0,"8":0,"9":0,"10":0,"11":0,"12":0,"13":0,"14":0,"15":0,"16":0,"17":0,"18":0,"19":0,"20":0,"21":0,"22":0,"23":0,"24":0},"f":{"0":0,"1":0,"2":0,"3":0,"4":0,"5":0,"6":0},"b":{}}
,"/Users/gguibon/eclipse-workspace/arborator-frontend/src/components/GrewRequestCard.vue": {"path":"/Users/gguibon/eclipse-workspace/arborator-frontend/src/components/GrewRequestCard.vue","statementMap":{"0":{"start":{"line":38,"column":0},"end":{"line":38,"column":null}},"1":{"start":{"line":39,"column":0},"end":{"line":39,"column":null}},"2":{"start":{"line":40,"column":0},"end":{"line":40,"column":null}},"3":{"start":{"line":41,"column":0},"end":{"line":41,"column":null}},"4":{"start":{"line":42,"column":0},"end":{"line":42,"column":null}},"5":{"start":{"line":43,"column":0},"end":{"line":43,"column":null}},"6":{"start":{"line":44,"column":0},"end":{"line":128,"column":null}},"7":{"start":{"line":45,"column":0},"end":{"line":45,"column":null}},"8":{"start":{"line":52,"column":0},"end":{"line":52,"column":null}},"9":{"start":{"line":54,"column":0},"end":{"line":57,"column":null}},"10":{"start":{"line":55,"column":0},"end":{"line":55,"column":null}},"11":{"start":{"line":56,"column":0},"end":{"line":56,"column":null}},"12":{"start":{"line":59,"column":0},"end":{"line":62,"column":null}},"13":{"start":{"line":60,"column":0},"end":{"line":60,"column":null}},"14":{"start":{"line":61,"column":0},"end":{"line":61,"column":null}},"15":{"start":{"line":64,"column":0},"end":{"line":66,"column":null}},"16":{"start":{"line":65,"column":0},"end":{"line":65,"column":null}},"17":{"start":{"line":68,"column":0},"end":{"line":72,"column":null}},"18":{"start":{"line":69,"column":0},"end":{"line":71,"column":null}},"19":{"start":{"line":70,"column":0},"end":{"line":70,"column":null}},"20":{"start":{"line":74,"column":0},"end":{"line":79,"column":null}},"21":{"start":{"line":75,"column":0},"end":{"line":75,"column":null}},"22":{"start":{"line":76,"column":0},"end":{"line":78,"column":null}},"23":{"start":{"line":77,"column":0},"end":{"line":77,"column":null}},"24":{"start":{"line":81,"column":0},"end":{"line":85,"column":null}},"25":{"start":{"line":82,"column":0},"end":{"line":84,"column":null}},"26":{"start":{"line":83,"column":0},"end":{"line":83,"column":null}},"27":{"start":{"line":89,"column":0},"end":{"line":95,"column":null}},"28":{"start":{"line":90,"column":0},"end":{"line":90,"column":null}},"29":{"start":{"line":91,"column":0},"end":{"line":93,"column":null}},"30":{"start":{"line":92,"column":0},"end":{"line":92,"column":null}},"31":{"start":{"line":94,"column":0},"end":{"line":94,"column":null}},"32":{"start":{"line":96,"column":0},"end":{"line":98,"column":null}},"33":{"start":{"line":97,"column":0},"end":{"line":97,"column":null}},"34":{"start":{"line":99,"column":0},"end":{"line":99,"column":null}},"35":{"start":{"line":100,"column":0},"end":{"line":100,"column":null}},"36":{"start":{"line":101,"column":0},"end":{"line":101,"column":null}},"37":{"start":{"line":105,"column":0},"end":{"line":105,"column":null}},"38":{"start":{"line":106,"column":0},"end":{"line":112,"column":null}},"39":{"start":{"line":107,"column":0},"end":{"line":110,"column":null}},"40":{"start":{"line":108,"column":0},"end":{"line":108,"column":null}},"41":{"start":{"line":109,"column":0},"end":{"line":109,"column":null}},"42":{"start":{"line":111,"column":0},"end":{"line":111,"column":null}},"43":{"start":{"line":113,"column":0},"end":{"line":115,"column":null}},"44":{"start":{"line":114,"column":0},"end":{"line":114,"column":null}},"45":{"start":{"line":116,"column":0},"end":{"line":116,"column":null}},"46":{"start":{"line":119,"column":0},"end":{"line":119,"column":null}},"47":{"start":{"line":120,"column":0},"end":{"line":120,"column":null}},"48":{"start":{"line":122,"column":0},"end":{"line":122,"column":null}},"49":{"start":{"line":123,"column":0},"end":{"line":123,"column":null}},"50":{"start":{"line":135,"column":0},"end":{"line":135,"column":null}},"51":{"start":{"line":151,"column":0},"end":{"line":151,"column":null}},"52":{"start":{"line":152,"column":0},"end":{"line":152,"column":null}},"53":{"start":{"line":155,"column":0},"end":{"line":155,"column":null}},"54":{"start":{"line":156,"column":0},"end":{"line":156,"column":null}},"55":{"start":{"line":157,"column":0},"end":{"line":157,"column":null}}},"fnMap":{"0":{"name":"(anonymous_1)","decl":{"start":{"line":44,"column":0},"end":{"line":44,"column":null}},"loc":{"start":{"line":44,"column":0},"end":{"line":128,"column":null}}},"1":{"name":"tokenBase","decl":{"start":{"line":51,"column":0},"end":{"line":51,"column":null}},"loc":{"start":{"line":51,"column":0},"end":{"line":102,"column":null}}},"2":{"name":"tokenString","decl":{"start":{"line":104,"column":0},"end":{"line":104,"column":null}},"loc":{"start":{"line":104,"column":0},"end":{"line":117,"column":null}}},"3":{"name":"startState","decl":{"start":{"line":120,"column":0},"end":{"line":120,"column":null}},"loc":{"start":{"line":120,"column":0},"end":{"line":120,"column":null}}},"4":{"name":"token","decl":{"start":{"line":121,"column":0},"end":{"line":121,"column":null}},"loc":{"start":{"line":121,"column":0},"end":{"line":124,"column":null}}},"5":{"name":"data","decl":{"start":{"line":134,"column":0},"end":{"line":134,"column":null}},"loc":{"start":{"line":134,"column":0},"end":{"line":149,"column":null}}},"6":{"name":"mounted","decl":{"start":{"line":150,"column":0},"end":{"line":150,"column":null}},"loc":{"start":{"line":150,"column":0},"end":{"line":153,"column":null}}},"7":{"name":"onSearch","decl":{"start":{"line":155,"column":0},"end":{"line":155,"column":null}},"loc":{"start":{"line":155,"column":0},"end":{"line":155,"column":null}}},"8":{"name":"changeSearchPattern","decl":{"start":{"line":156,"column":0},"end":{"line":156,"column":null}},"loc":{"start":{"line":156,"column":0},"end":{"line":156,"column":null}}},"9":{"name":"onResetSearch","decl":{"start":{"line":157,"column":0},"end":{"line":157,"column":null}},"loc":{"start":{"line":157,"column":0},"end":{"line":157,"column":null}}}},"branchMap":{"0":{"loc":{"start":{"line":54,"column":0},"end":{"line":57,"column":null}},"type":"if","locations":[{"start":{"line":54,"column":0},"end":{"line":57,"column":null}},{"start":{"line":54,"column":0},"end":{"line":57,"column":null}}]},"1":{"loc":{"start":{"line":59,"column":0},"end":{"line":62,"column":null}},"type":"if","locations":[{"start":{"line":59,"column":0},"end":{"line":62,"column":null}},{"start":{"line":59,"column":0},"end":{"line":62,"column":null}}]},"2":{"loc":{"start":{"line":64,"column":0},"end":{"line":66,"column":null}},"type":"if","locations":[{"start":{"line":64,"column":0},"end":{"line":66,"column":null}},{"start":{"line":64,"column":0},"end":{"line":66,"column":null}}]},"3":{"loc":{"start":{"line":68,"column":0},"end":{"line":72,"column":null}},"type":"if","locations":[{"start":{"line":68,"column":0},"end":{"line":72,"column":null}},{"start":{"line":68,"column":0},"end":{"line":72,"column":null}}]},"4":{"loc":{"start":{"line":69,"column":0},"end":{"line":71,"column":null}},"type":"if","locations":[{"start":{"line":69,"column":0},"end":{"line":71,"column":null}},{"start":{"line":69,"column":0},"end":{"line":71,"column":null}}]},"5":{"loc":{"start":{"line":74,"column":0},"end":{"line":79,"column":null}},"type":"if","locations":[{"start":{"line":74,"column":0},"end":{"line":79,"column":null}},{"start":{"line":74,"column":0},"end":{"line":79,"column":null}}]},"6":{"loc":{"start":{"line":76,"column":0},"end":{"line":78,"column":null}},"type":"if","locations":[{"start":{"line":76,"column":0},"end":{"line":78,"column":null}},{"start":{"line":76,"column":0},"end":{"line":78,"column":null}}]},"7":{"loc":{"start":{"line":76,"column":0},"end":{"line":76,"column":null}},"type":"binary-expr","locations":[{"start":{"line":76,"column":0},"end":{"line":76,"column":null}},{"start":{"line":76,"column":0},"end":{"line":76,"column":null}}]},"8":{"loc":{"start":{"line":81,"column":0},"end":{"line":85,"column":null}},"type":"if","locations":[{"start":{"line":81,"column":0},"end":{"line":85,"column":null}},{"start":{"line":81,"column":0},"end":{"line":85,"column":null}}]},"9":{"loc":{"start":{"line":82,"column":0},"end":{"line":84,"column":null}},"type":"if","locations":[{"start":{"line":82,"column":0},"end":{"line":84,"column":null}},{"start":{"line":82,"column":0},"end":{"line":84,"column":null}}]},"10":{"loc":{"start":{"line":82,"column":0},"end":{"line":82,"column":null}},"type":"binary-expr","locations":[{"start":{"line":82,"column":0},"end":{"line":82,"column":null}},{"start":{"line":82,"column":0},"end":{"line":82,"column":null}}]},"11":{"loc":{"start":{"line":89,"column":0},"end":{"line":95,"column":null}},"type":"if","locations":[{"start":{"line":89,"column":0},"end":{"line":95,"column":null}},{"start":{"line":89,"column":0},"end":{"line":95,"column":null}}]},"12":{"loc":{"start":{"line":91,"column":0},"end":{"line":93,"column":null}},"type":"if","locations":[{"start":{"line":91,"column":0},"end":{"line":93,"column":null}},{"start":{"line":91,"column":0},"end":{"line":93,"column":null}}]},"13":{"loc":{"start":{"line":96,"column":0},"end":{"line":98,"column":null}},"type":"if","locations":[{"start":{"line":96,"column":0},"end":{"line":98,"column":null}},{"start":{"line":96,"column":0},"end":{"line":98,"column":null}}]},"14":{"loc":{"start":{"line":101,"column":0},"end":{"line":101,"column":null}},"type":"binary-expr","locations":[{"start":{"line":101,"column":0},"end":{"line":101,"column":null}},{"start":{"line":101,"column":0},"end":{"line":101,"column":null}}]},"15":{"loc":{"start":{"line":107,"column":0},"end":{"line":110,"column":null}},"type":"if","locations":[{"start":{"line":107,"column":0},"end":{"line":110,"column":null}},{"start":{"line":107,"column":0},"end":{"line":110,"column":null}}]},"16":{"loc":{"start":{"line":107,"column":0},"end":{"line":107,"column":null}},"type":"binary-expr","locations":[{"start":{"line":107,"column":0},"end":{"line":107,"column":null}},{"start":{"line":107,"column":0},"end":{"line":107,"column":null}}]},"17":{"loc":{"start":{"line":111,"column":0},"end":{"line":111,"column":null}},"type":"binary-expr","locations":[{"start":{"line":111,"column":0},"end":{"line":111,"column":null}},{"start":{"line":111,"column":0},"end":{"line":111,"column":null}}]},"18":{"loc":{"start":{"line":113,"column":0},"end":{"line":115,"column":null}},"type":"if","locations":[{"start":{"line":113,"column":0},"end":{"line":115,"column":null}},{"start":{"line":113,"column":0},"end":{"line":115,"column":null}}]},"19":{"loc":{"start":{"line":113,"column":0},"end":{"line":113,"column":null}},"type":"binary-expr","locations":[{"start":{"line":113,"column":0},"end":{"line":113,"column":null}},{"start":{"line":113,"column":0},"end":{"line":113,"column":null}}]},"20":{"loc":{"start":{"line":122,"column":0},"end":{"line":122,"column":null}},"type":"if","locations":[{"start":{"line":122,"column":0},"end":{"line":122,"column":null}},{"start":{"line":122,"column":0},"end":{"line":122,"column":null}}]},"21":{"loc":{"start":{"line":151,"column":0},"end":{"line":151,"column":null}},"type":"if","locations":[{"start":{"line":151,"column":0},"end":{"line":151,"column":null}},{"start":{"line":151,"column":0},"end":{"line":151,"column":null}}]},"22":{"loc":{"start":{"line":152,"column":0},"end":{"line":152,"column":null}},"type":"if","locations":[{"start":{"line":152,"column":0},"end":{"line":152,"column":null}},{"start":{"line":152,"column":0},"end":{"line":152,"column":null}}]}},"s":{"0":0,"1":0,"2":0,"3":0,"4":0,"5":0,"6":0,"7":0,"8":0,"9":0,"10":0,"11":0,"12":0,"13":0,"14":0,"15":0,"16":0,"17":0,"18":0,"19":0,"20":0,"21":0,"22":0,"23":0,"24":0,"25":0,"26":0,"27":0,"28":0,"29":0,"30":0,"31":0,"32":0,"33":0,"34":0,"35":0,"36":0,"37":0,"38":0,"39":0,"40":0,"41":0,"42":0,"43":0,"44":0,"45":0,"46":0,"47":0,"48":0,"49":0,"50":0,"51":0,"52":0,"53":0,"54":0,"55":0},"f":{"0":0,"1":0,"2":0,"3":0,"4":0,"5":0,"6":0,"7":0,"8":0,"9":0},"b":{"0":[0,0],"1":[0,0],"2":[0,0],"3":[0,0],"4":[0,0],"5":[0,0],"6":[0,0],"7":[0,0],"8":[0,0],"9":[0,0],"10":[0,0],"11":[0,0],"12":[0,0],"13":[0,0],"14":[0,0],"15":[0,0],"16":[0,0],"17":[0,0],"18":[0,0],"19":[0,0],"20":[0,0],"21":[0,0],"22":[0,0]}}
,"/Users/gguibon/eclipse-workspace/arborator-frontend/src/components/ProjectCard.vue": {"path":"/Users/gguibon/eclipse-workspace/arborator-frontend/src/components/ProjectCard.vue","statementMap":{"0":{"start":{"line":44,"column":0},"end":{"line":44,"column":null}},"1":{"start":{"line":50,"column":0},"end":{"line":50,"column":null}},"2":{"start":{"line":60,"column":0},"end":{"line":60,"column":null}},"3":{"start":{"line":61,"column":0},"end":{"line":65,"column":null}},"4":{"start":{"line":61,"column":0},"end":{"line":61,"column":null}},"5":{"start":{"line":62,"column":0},"end":{"line":62,"column":null}},"6":{"start":{"line":64,"column":0},"end":{"line":64,"column":null}},"7":{"start":{"line":68,"column":0},"end":{"line":68,"column":null}},"8":{"start":{"line":69,"column":0},"end":{"line":69,"column":null}},"9":{"start":{"line":70,"column":0},"end":{"line":70,"column":null}},"10":{"start":{"line":71,"column":0},"end":{"line":71,"column":null}},"11":{"start":{"line":74,"column":0},"end":{"line":80,"column":null}},"12":{"start":{"line":74,"column":0},"end":{"line":74,"column":null}},"13":{"start":{"line":76,"column":0},"end":{"line":79,"column":null}},"14":{"start":{"line":76,"column":0},"end":{"line":76,"column":null}},"15":{"start":{"line":77,"column":0},"end":{"line":77,"column":null}},"16":{"start":{"line":77,"column":0},"end":{"line":79,"column":null}},"17":{"start":{"line":78,"column":0},"end":{"line":78,"column":null}},"18":{"start":{"line":79,"column":0},"end":{"line":79,"column":null}},"19":{"start":{"line":85,"column":0},"end":{"line":85,"column":null}},"20":{"start":{"line":93,"column":0},"end":{"line":93,"column":null}},"21":{"start":{"line":94,"column":0},"end":{"line":94,"column":null}},"22":{"start":{"line":96,"column":0},"end":{"line":96,"column":null}},"23":{"start":{"line":97,"column":0},"end":{"line":97,"column":null}},"24":{"start":{"line":98,"column":0},"end":{"line":98,"column":null}}},"fnMap":{"0":{"name":"data","decl":{"start":{"line":49,"column":0},"end":{"line":49,"column":null}},"loc":{"start":{"line":49,"column":0},"end":{"line":57,"column":null}}},"1":{"name":"imageEmpty","decl":{"start":{"line":59,"column":0},"end":{"line":59,"column":null}},"loc":{"start":{"line":59,"column":0},"end":{"line":66,"column":null}}},"2":{"name":"imageCleaned","decl":{"start":{"line":67,"column":0},"end":{"line":67,"column":null}},"loc":{"start":{"line":67,"column":0},"end":{"line":72,"column":null}}},"3":{"name":"visible","decl":{"start":{"line":73,"column":0},"end":{"line":73,"column":null}},"loc":{"start":{"line":73,"column":0},"end":{"line":81,"column":null}}},"4":{"name":"goTo","decl":{"start":{"line":84,"column":0},"end":{"line":84,"column":null}},"loc":{"start":{"line":84,"column":0},"end":{"line":92,"column":null}}},"5":{"name":"projectSettings","decl":{"start":{"line":93,"column":0},"end":{"line":93,"column":null}},"loc":{"start":{"line":93,"column":0},"end":{"line":93,"column":null}}},"6":{"name":"deleteProject","decl":{"start":{"line":94,"column":0},"end":{"line":94,"column":null}},"loc":{"start":{"line":94,"column":0},"end":{"line":94,"column":null}}},"7":{"name":"triggerConfirm","decl":{"start":{"line":95,"column":0},"end":{"line":95,"column":null}},"loc":{"start":{"line":95,"column":0},"end":{"line":99,"column":null}}}},"branchMap":{"0":{"loc":{"start":{"line":60,"column":0},"end":{"line":60,"column":null}},"type":"if","locations":[{"start":{"line":60,"column":0},"end":{"line":60,"column":null}},{"start":{"line":60,"column":0},"end":{"line":60,"column":null}}]},"1":{"loc":{"start":{"line":61,"column":0},"end":{"line":65,"column":null}},"type":"if","locations":[{"start":{"line":61,"column":0},"end":{"line":65,"column":null}},{"start":{"line":61,"column":0},"end":{"line":65,"column":null}}]},"2":{"loc":{"start":{"line":74,"column":0},"end":{"line":80,"column":null}},"type":"if","locations":[{"start":{"line":74,"column":0},"end":{"line":80,"column":null}},{"start":{"line":74,"column":0},"end":{"line":80,"column":null}}]},"3":{"loc":{"start":{"line":76,"column":0},"end":{"line":79,"column":null}},"type":"if","locations":[{"start":{"line":76,"column":0},"end":{"line":79,"column":null}},{"start":{"line":76,"column":0},"end":{"line":79,"column":null}}]},"4":{"loc":{"start":{"line":77,"column":0},"end":{"line":79,"column":null}},"type":"if","locations":[{"start":{"line":77,"column":0},"end":{"line":79,"column":null}},{"start":{"line":77,"column":0},"end":{"line":79,"column":null}}]}},"s":{"0":0,"1":0,"2":0,"3":0,"4":0,"5":0,"6":0,"7":0,"8":0,"9":0,"10":0,"11":0,"12":0,"13":0,"14":0,"15":0,"16":0,"17":0,"18":0,"19":0,"20":0,"21":0,"22":0,"23":0,"24":0},"f":{"0":0,"1":0,"2":0,"3":0,"4":0,"5":0,"6":0,"7":0},"b":{"0":[0,0],"1":[0,0],"2":[0,0],"3":[0,0],"4":[0,0]}}
,"/Users/gguibon/eclipse-workspace/arborator-frontend/src/components/ProjectItem.vue": {"path":"/Users/gguibon/eclipse-workspace/arborator-frontend/src/components/ProjectItem.vue","statementMap":{"0":{"start":{"line":45,"column":0},"end":{"line":45,"column":null}},"1":{"start":{"line":46,"column":0},"end":{"line":46,"column":null}},"2":{"start":{"line":51,"column":0},"end":{"line":51,"column":null}},"3":{"start":{"line":60,"column":0},"end":{"line":60,"column":null}},"4":{"start":{"line":61,"column":0},"end":{"line":63,"column":null}},"5":{"start":{"line":61,"column":0},"end":{"line":61,"column":null}},"6":{"start":{"line":62,"column":0},"end":{"line":62,"column":null}},"7":{"start":{"line":63,"column":0},"end":{"line":63,"column":null}},"8":{"start":{"line":66,"column":0},"end":{"line":66,"column":null}},"9":{"start":{"line":67,"column":0},"end":{"line":67,"column":null}},"10":{"start":{"line":68,"column":0},"end":{"line":68,"column":null}},"11":{"start":{"line":69,"column":0},"end":{"line":69,"column":null}},"12":{"start":{"line":72,"column":0},"end":{"line":78,"column":null}},"13":{"start":{"line":72,"column":0},"end":{"line":72,"column":null}},"14":{"start":{"line":74,"column":0},"end":{"line":77,"column":null}},"15":{"start":{"line":74,"column":0},"end":{"line":74,"column":null}},"16":{"start":{"line":75,"column":0},"end":{"line":75,"column":null}},"17":{"start":{"line":75,"column":0},"end":{"line":77,"column":null}},"18":{"start":{"line":76,"column":0},"end":{"line":76,"column":null}},"19":{"start":{"line":77,"column":0},"end":{"line":77,"column":null}},"20":{"start":{"line":83,"column":0},"end":{"line":83,"column":null}},"21":{"start":{"line":91,"column":0},"end":{"line":91,"column":null}},"22":{"start":{"line":92,"column":0},"end":{"line":92,"column":null}},"23":{"start":{"line":94,"column":0},"end":{"line":94,"column":null}},"24":{"start":{"line":95,"column":0},"end":{"line":95,"column":null}},"25":{"start":{"line":96,"column":0},"end":{"line":96,"column":null}}},"fnMap":{"0":{"name":"data","decl":{"start":{"line":50,"column":0},"end":{"line":50,"column":null}},"loc":{"start":{"line":50,"column":0},"end":{"line":57,"column":null}}},"1":{"name":"imageEmpty","decl":{"start":{"line":59,"column":0},"end":{"line":59,"column":null}},"loc":{"start":{"line":59,"column":0},"end":{"line":64,"column":null}}},"2":{"name":"imageCleaned","decl":{"start":{"line":65,"column":0},"end":{"line":65,"column":null}},"loc":{"start":{"line":65,"column":0},"end":{"line":70,"column":null}}},"3":{"name":"visible","decl":{"start":{"line":71,"column":0},"end":{"line":71,"column":null}},"loc":{"start":{"line":71,"column":0},"end":{"line":79,"column":null}}},"4":{"name":"goTo","decl":{"start":{"line":82,"column":0},"end":{"line":82,"column":null}},"loc":{"start":{"line":82,"column":0},"end":{"line":90,"column":null}}},"5":{"name":"projectSettings","decl":{"start":{"line":91,"column":0},"end":{"line":91,"column":null}},"loc":{"start":{"line":91,"column":0},"end":{"line":91,"column":null}}},"6":{"name":"deleteProject","decl":{"start":{"line":92,"column":0},"end":{"line":92,"column":null}},"loc":{"start":{"line":92,"column":0},"end":{"line":92,"column":null}}},"7":{"name":"triggerConfirm","decl":{"start":{"line":93,"column":0},"end":{"line":93,"column":null}},"loc":{"start":{"line":93,"column":0},"end":{"line":97,"column":null}}}},"branchMap":{"0":{"loc":{"start":{"line":60,"column":0},"end":{"line":60,"column":null}},"type":"if","locations":[{"start":{"line":60,"column":0},"end":{"line":60,"column":null}},{"start":{"line":60,"column":0},"end":{"line":60,"column":null}}]},"1":{"loc":{"start":{"line":61,"column":0},"end":{"line":63,"column":null}},"type":"if","locations":[{"start":{"line":61,"column":0},"end":{"line":63,"column":null}},{"start":{"line":61,"column":0},"end":{"line":63,"column":null}}]},"2":{"loc":{"start":{"line":72,"column":0},"end":{"line":78,"column":null}},"type":"if","locations":[{"start":{"line":72,"column":0},"end":{"line":78,"column":null}},{"start":{"line":72,"column":0},"end":{"line":78,"column":null}}]},"3":{"loc":{"start":{"line":74,"column":0},"end":{"line":77,"column":null}},"type":"if","locations":[{"start":{"line":74,"column":0},"end":{"line":77,"column":null}},{"start":{"line":74,"column":0},"end":{"line":77,"column":null}}]},"4":{"loc":{"start":{"line":75,"column":0},"end":{"line":77,"column":null}},"type":"if","locations":[{"start":{"line":75,"column":0},"end":{"line":77,"column":null}},{"start":{"line":75,"column":0},"end":{"line":77,"column":null}}]}},"s":{"0":0,"1":0,"2":0,"3":0,"4":0,"5":0,"6":0,"7":0,"8":0,"9":0,"10":0,"11":0,"12":0,"13":0,"14":0,"15":0,"16":0,"17":0,"18":0,"19":0,"20":0,"21":0,"22":0,"23":0,"24":0,"25":0},"f":{"0":0,"1":0,"2":0,"3":0,"4":0,"5":0,"6":0,"7":0},"b":{"0":[0,0],"1":[0,0],"2":[0,0],"3":[0,0],"4":[0,0]}}
,"/Users/gguibon/eclipse-workspace/arborator-frontend/src/components/ProjectSettingsView.vue": {"path":"/Users/gguibon/eclipse-workspace/arborator-frontend/src/components/ProjectSettingsView.vue","statementMap":{"0":{"start":{"line":222,"column":0},"end":{"line":222,"column":null}},"1":{"start":{"line":223,"column":0},"end":{"line":223,"column":null}},"2":{"start":{"line":224,"column":0},"end":{"line":224,"column":null}},"3":{"start":{"line":225,"column":0},"end":{"line":225,"column":null}},"4":{"start":{"line":226,"column":0},"end":{"line":226,"column":null}},"5":{"start":{"line":227,"column":0},"end":{"line":227,"column":null}},"6":{"start":{"line":228,"column":0},"end":{"line":228,"column":null}},"7":{"start":{"line":235,"column":0},"end":{"line":235,"column":null}},"8":{"start":{"line":267,"column":0},"end":{"line":267,"column":null}},"9":{"start":{"line":271,"column":0},"end":{"line":271,"column":null}},"10":{"start":{"line":272,"column":0},"end":{"line":274,"column":null}},"11":{"start":{"line":272,"column":0},"end":{"line":272,"column":null}},"12":{"start":{"line":273,"column":0},"end":{"line":273,"column":null}},"13":{"start":{"line":274,"column":0},"end":{"line":274,"column":null}},"14":{"start":{"line":277,"column":0},"end":{"line":277,"column":null}},"15":{"start":{"line":278,"column":0},"end":{"line":278,"column":null}},"16":{"start":{"line":279,"column":0},"end":{"line":279,"column":null}},"17":{"start":{"line":280,"column":0},"end":{"line":280,"column":null}},"18":{"start":{"line":282,"column":0},"end":{"line":282,"column":null}},"19":{"start":{"line":283,"column":0},"end":{"line":283,"column":null}},"20":{"start":{"line":286,"column":0},"end":{"line":286,"column":null}},"21":{"start":{"line":286,"column":0},"end":{"line":290,"column":null}},"22":{"start":{"line":287,"column":0},"end":{"line":287,"column":null}},"23":{"start":{"line":288,"column":0},"end":{"line":288,"column":null}},"24":{"start":{"line":289,"column":0},"end":{"line":289,"column":null}},"25":{"start":{"line":290,"column":0},"end":{"line":290,"column":null}},"26":{"start":{"line":294,"column":0},"end":{"line":294,"column":null}},"27":{"start":{"line":295,"column":0},"end":{"line":295,"column":null}},"28":{"start":{"line":296,"column":0},"end":{"line":296,"column":null}},"29":{"start":{"line":297,"column":0},"end":{"line":297,"column":null}},"30":{"start":{"line":298,"column":0},"end":{"lin
[...]
515":[0,0],"516":[0,0],"517":[0,0],"518":[0,0],"519":[0,0],"520":[0,0],"521":[0,0],"522":[0,0],"523":[0,0],"524":[0,0],"525":[0,0],"526":[0,0],"527":[0,0],"528":[0,0],"529":[0,0],"530":[0,0],"531":[0,0],"532":[0,0],"533":[0,0],"534":[0,0],"535":[0,0],"536":[0,0],"537":[0,0],"538":[0,0],"539":[0,0],"540":[0,0],"541":[0,0],"542":[0,0],"543":[0,0],"544":[0,0],"545":[0,0],"546":[0,0],"547":[0,0],"548":[0,0],"549":[0,0],"550":[0,0],"551":[0,0],"552":[0,0],"553":[0,0],"554":[0,0],"555":[0,0],"556":[0,0],"557":[0,0],"558":[0,0],"559":[0,0],"560":[0,0],"561":[0,0],"562":[0,0],"563":[0,0],"564":[0,0],"565":[0,0],"566":[0,0],"567":[0,0],"568":[0,0],"569":[0,0],"570":[0,0],"571":[0,0],"572":[0,0],"573":[0,0],"574":[0,0],"575":[0,0],"576":[0,0,0],"577":[0,0],"578":[0,0],"579":[0,0],"580":[0,0],"581":[0,0],"582":[0,0],"583":[0,0],"584":[0,0],"585":[0,0],"586":[0,0,0],"587":[0,0],"588":[0,0],"589":[0,0],"590":[0,0],"591":[0,0],"592":[0,0],"593":[0,0],"594":[0,0,0,0,0],"595":[0,0],"596":[0,0,0],"597":[0,0],"598":[0,0],"599":[0,0],"600":[0,0],"601":[0,0],"602":[0,0],"603":[0,0],"604":[0,0,0,0],"605":[0,0],"606":[0,0],"607":[0,0],"608":[0,0],"609":[0,0],"610":[0,0],"611":[0,0],"612":[0,0],"613":[0,0,0,0,0],"614":[0,0],"615":[0,0],"616":[0,0],"617":[0,0],"618":[0,0],"619":[0,0],"620":[0,0],"621":[0,0],"622":[0,0],"623":[0,0],"624":[0,0],"625":[0,0],"626":[0,0],"627":[0,0],"628":[0,0],"629":[0,0],"630":[0,0],"631":[0,0],"632":[0,0],"633":[0,0],"634":[0,0],"635":[0,0],"636":[0,0],"637":[0,0],"638":[0,0],"639":[0,0],"640":[0,0],"641":[0,0],"642":[0,0],"643":[0,0],"644":[0,0],"645":[0,0],"646":[0,0],"647":[0,0,0],"648":[0,0],"649":[0,0],"650":[0,0],"651":[0,0],"652":[0,0],"653":[0,0,0],"654":[0,0],"655":[0,0],"656":[0,0],"657":[0,0],"658":[0,0],"659":[0,0],"660":[0,0],"661":[0,0],"662":[0,0],"663":[0,0],"664":[0,0],"665":[0,0],"666":[0,0],"667":[0,0],"668":[0,0],"669":[0,0,0,0],"670":[0,0,0,0,0,0,0,0,0,0,0,0,0,0,0,0],"671":[0,0],"672":[0,0],"673":[0,0],"674":[0,0],"675":[0,0],"676":[0,0],"677":[0,0],"678":[0,0,0,0],"679":[0,0],"680":[0,0],"681":[0,0,0,0,0,0,0,0],"682":[0,0],"683":[0,0],"684":[0,0],"685":[0,0],"686":[0,0],"687":[0,0],"688":[0,0],"689":[0,0,0,0,0],"690":[0,0],"691":[0,0],"692":[0,0],"693":[0,0],"694":[0,0],"695":[0,0],"696":[0,0],"697":[0,0],"698":[0,0],"699":[0,0],"700":[0,0],"701":[0,0],"702":[0,0],"703":[0,0,0],"704":[0,0],"705":[0,0,0],"706":[0,0],"707":[0,0],"708":[0,0],"709":[0,0,0,0],"710":[0,0],"711":[0,0],"712":[0,0,0,0],"713":[0,0],"714":[0,0],"715":[0,0,0],"716":[0,0],"717":[0,0],"718":[0,0],"719":[0,0,0,0],"720":[0,0],"721":[0,0,0,0,0,0,0,0],"722":[0,0],"723":[0,0],"724":[0,0],"725":[0,0],"726":[0,0],"727":[0,0,0,0,0],"728":[0,0],"729":[0,0],"730":[0,0],"731":[0,0],"732":[0,0],"733":[0,0],"734":[0,0],"735":[0,0],"736":[0,0],"737":[0,0],"738":[0,0,0],"739":[0,0,0],"740":[0,0],"741":[0,0],"742":[0,0],"743":[0,0],"744":[0,0],"745":[0,0],"746":[0,0],"747":[0,0],"748":[0,0,0],"749":[0,0],"750":[0,0,0],"751":[0,0,0],"752":[0,0],"753":[0,0],"754":[0,0],"755":[0,0],"756":[0,0],"757":[0,0,0,0,0,0,0,0,0],"758":[0,0],"759":[0,0],"760":[0,0],"761":[0,0],"762":[0,0],"763":[0,0],"764":[0,0],"765":[0,0,0],"766":[0,0,0,0,0],"767":[0,0,0],"768":[0,0,0],"769":[0,0],"770":[0,0],"771":[0,0],"772":[0,0,0],"773":[0,0],"774":[0,0],"775":[0,0],"776":[0,0],"777":[0,0,0],"778":[0,0],"779":[0,0],"780":[0,0],"781":[0,0],"782":[0,0,0],"783":[0,0,0],"784":[0,0],"785":[0,0],"786":[0,0],"787":[0,0],"788":[0,0],"789":[0,0],"790":[0,0],"791":[0,0],"792":[0,0],"793":[0,0],"794":[0,0],"795":[0,0],"796":[0,0],"797":[0,0],"798":[0,0],"799":[0,0],"800":[0,0],"801":[0,0],"802":[0,0],"803":[0,0],"804":[0,0],"805":[0,0],"806":[0,0],"807":[0,0],"808":[0,0],"809":[0,0],"810":[0,0],"811":[0,0],"812":[0,0],"813":[0,0],"814":[0,0],"815":[0,0],"816":[0,0],"817":[0,0,0],"818":[0,0],"819":[0,0],"820":[0,0],"821":[0,0],"822":[0,0],"823":[0,0],"824":[0,0],"825":[0,0],"826":[0,0],"827":[0,0],"828":[0,0],"829":[0,0],"830":[0,0],"831":[0,0],"832":[0,0],"833":[0,0],"834":[0,0,0,0],"835":[0,0],"836":[0,0],"837":[0,0],"838":[0,0],"839":[0,0],"840":[0,0],"841":[0,0],"842":[0,0],"843":[0,0],"844":[0,0],"845":[0,0,0,0,0,0,0],"846":[0,0],"847":[0,0],"848":[0,0],"849":[0,0],"850":[0,0],"851":[0,0],"852":[0,0],"853":[0,0],"854":[0,0,0],"855":[0,0],"856":[0,0],"857":[0,0],"858":[0,0],"859":[0,0],"860":[0,0],"861":[0,0],"862":[0,0],"863":[0,0],"864":[0,0],"865":[0,0],"866":[0,0],"867":[0,0],"868":[0,0],"869":[0,0],"870":[0,0],"871":[0,0],"872":[0,0],"873":[0,0],"874":[0,0],"875":[0,0],"876":[0,0],"877":[0,0],"878":[0,0],"879":[0,0],"880":[0,0],"881":[0,0],"882":[0,0],"883":[0,0,0,0],"884":[0,0],"885":[0,0],"886":[0,0],"887":[0,0],"888":[0,0],"889":[0,0],"890":[0,0],"891":[0,0,0],"892":[0,0],"893":[0,0],"894":[0,0],"895":[0,0],"896":[0,0],"897":[0,0],"898":[0,0],"899":[0,0,0],"900":[0,0],"901":[0,0],"902":[0,0],"903":[0,0],"904":[0,0],"905":[0,0],"906":[0,0],"907":[0,0],"908":[0,0],"909":[0,0],"910":[0,0,0],"911":[0,0],"912":[0,0],"913":[0,0],"914":[0,0],"915":[0,0],"916":[0,0],"917":[0,0],"918":[0,0],"919":[0,0],"920":[0,0],"921":[0,0],"922":[0,0],"923":[0,0],"924":[0,0],"925":[0,0],"926":[0,0,0],"927":[0,0],"928":[0,0],"929":[0,0,0,0,0,0],"930":[0,0],"931":[0,0],"932":[0,0],"933":[0,0]}}
,"/Users/gguibon/eclipse-workspace/arborator-frontend/src/store/index.js": {"path":"/Users/gguibon/eclipse-workspace/arborator-frontend/src/store/index.js","statementMap":{"0":{"start":{"line":5,"column":0},"end":{"line":5,"column":14}},"1":{"start":{"line":8,"column":0},"end":{"line":8,"column":24}},"2":{"start":{"line":9,"column":0},"end":{"line":9,"column":20}},"3":{"start":{"line":90,"column":12},"end":{"line":90,"column":35}},"4":{"start":{"line":93,"column":12},"end":{"line":93,"column":38}},"5":{"start":{"line":96,"column":12},"end":{"line":96,"column":36}},"6":{"start":{"line":99,"column":12},"end":{"line":99,"column":39}},"7":{"start":{"line":100,"column":12},"end":{"line":100,"column":34}},"8":{"start":{"line":101,"column":12},"end":{"line":101,"column":34}},"9":{"start":{"line":104,"column":12},"end":{"line":104,"column":39}},"10":{"start":{"line":107,"column":12},"end":{"line":107,"column":38}},"11":{"start":{"line":110,"column":12},"end":{"line":110,"column":33}},"12":{"start":{"line":113,"column":12},"end":{"line":113,"column":42}},"13":{"start":{"line":116,"column":12},"end":{"line":116,"column":52}},"14":{"start":{"line":117,"column":12},"end":{"line":117,"column":56}},"15":{"start":{"line":118,"column":12},"end":{"line":118,"column":58}},"16":{"start":{"line":119,"column":12},"end":{"line":119,"column":72}},"17":{"start":{"line":121,"column":12},"end":{"line":121,"column":83}},"18":{"start":{"line":127,"column":12},"end":{"line":144,"column":15}},"19":{"start":{"line":128,"column":16},"end":{"line":143,"column":22}},"20":{"start":{"line":130,"column":24},"end":{"line":136,"column":25}},"21":{"start":{"line":131,"column":28},"end":{"line":131,"column":119}},"22":{"start":{"line":132,"column":28},"end":{"line":132,"column":72}},"23":{"start":{"line":133,"column":28},"end":{"line":135,"column":30}},"24":{"start":{"line":134,"column":32},"end":{"line":134,"column":75}},"25":{"start":{"line":137,"column":24},"end":{"line":137,"column":42}},"26":{"start":{"line":140,"column":24},"end":{"line":140,"column":55}},"27":{"start":{"line":141,"column":24},"end":{"line":141,"column":50}},"28":{"start":{"line":142,"column":24},"end":{"line":142,"column":63}},"29":{"start":{"line":148,"column":12},"end":{"line":148,"column":49}},"30":{"start":{"line":151,"column":12},"end":{"line":156,"column":15}},"31":{"start":{"line":152,"column":16},"end":{"line":155,"column":63}},"32":{"start":{"line":153,"column":24},"end":{"line":153,"column":52}},"33":{"start":{"line":154,"column":24},"end":{"line":154,"column":71}},"34":{"start":{"line":155,"column":40},"end":{"line":155,"column":59}},"35":{"start":{"line":159,"column":12},"end":{"line":165,"column":15}},"36":{"start":{"line":160,"column":16},"end":{"line":160,"column":57}},"37":{"start":{"line":161,"column":16},"end":{"line":161,"column":111}},"38":{"start":{"line":161,"column":47},"end":{"line":161,"column":69}},"39":{"start":{"line":161,"column":89},"end":{"line":161,"column":108}},"40":{"start":{"line":162,"column":16},"end":{"line":162,"column":45}},"41":{"start":{"line":162,"column":46},"end":{"line":162,"column":82}},"42":{"start":{"line":163,"column":16},"end":{"line":163,"column":41}},"43":{"start":{"line":164,"column":16},"end":{"line":164,"column":50}},"44":{"start":{"line":168,"column":12},"end":{"line":168,"column":45}},"45":{"start":{"line":169,"column":12},"end":{"line":169,"column":58}},"46":{"start":{"line":172,"column":12},"end":{"line":172,"column":36}},"47":{"start":{"line":175,"column":12},"end":{"line":175,"column":50}},"48":{"start":{"line":178,"column":24},"end":{"line":178,"column":26}},"49":{"start":{"line":179,"column":12},"end":{"line":179,"column":81}},"50":{"start":{"line":179,"column":45},"end":{"line":179,"column":81}},"51":{"start":{"line":181,"column":12},"end":{"line":183,"column":89}},"52":{"start":{"line":181,"column":46},"end":{"line":181,"column":146}},"53":{"start":{"line":182,"column":17},"end":{"line":183,"column":89}},"54":{"start":{"line":182,"column":51},"end":{"line":182,"column":109}},"55":{"start":{"line":183,"column":19},"end":{"line":183,"column":87}},"56":{"start":{"line":184,"column":12},"end":{"line":184,"column":117}},"57":{"start":{"line":189,"column":28},"end":{"line":189,"column":40}},"58":{"start":{"line":190,"column":29},"end":{"line":190,"column":47}},"59":{"start":{"line":191,"column":34},"end":{"line":191,"column":50}},"60":{"start":{"line":192,"column":34},"end":{"line":192,"column":52}},"61":{"start":{"line":193,"column":31},"end":{"line":193,"column":41}},"62":{"start":{"line":194,"column":31},"end":{"line":194,"column":46}},"63":{"start":{"line":195,"column":35},"end":{"line":195,"column":54}},"64":{"start":{"line":196,"column":35},"end":{"line":196,"column":54}}},"fnMap":{"0":{"name":"(anonymous_0)","decl":{"start":{"line":89,"column":8},"end":{"line":89,"column":9}},"loc":{"start":{"line":89,"column":37},"end":{"line":91,"column":9}},"line":89},"1":{"name":"(anonymous_1)","decl":{"start":{"line":92,"column":8},"end":{"line":92,"column":9}},"loc":{"start":{"line":92,"column":37},"end":{"line":94,"column":9}},"line":92},"2":{"name":"(anonymous_2)","decl":{"start":{"line":95,"column":8},"end":{"line":95,"column":9}},"loc":{"start":{"line":95,"column":35},"end":{"line":97,"column":9}},"line":95},"3":{"name":"(anonymous_3)","decl":{"start":{"line":98,"column":8},"end":{"line":98,"column":9}},"loc":{"start":{"line":98,"column":29},"end":{"line":102,"column":9}},"line":98},"4":{"name":"(anonymous_4)","decl":{"start":{"line":103,"column":8},"end":{"line":103,"column":9}},"loc":{"start":{"line":103,"column":35},"end":{"line":105,"column":9}},"line":103},"5":{"name":"(anonymous_5)","decl":{"start":{"line":106,"column":8},"end":{"line":106,"column":9}},"loc":{"start":{"line":106,"column":35},"end":{"line":108,"column":9}},"line":106},"6":{"name":"(anonymous_6)","decl":{"start":{"line":109,"column":8},"end":{"line":109,"column":9}},"loc":{"start":{"line":109,"column":35},"end":{"line":111,"column":9}},"line":109},"7":{"name":"(anonymous_7)","decl":{"start":{"line":112,"column":8},"end":{"line":112,"column":9}},"loc":{"start":{"line":112,"column":46},"end":{"line":114,"column":9}},"line":112},"8":{"name":"(anonymous_8)","decl":{"start":{"line":115,"column":8},"end":{"line":115,"column":9}},"loc":{"start":{"line":115,"column":42},"end":{"line":123,"column":9}},"line":115},"9":{"name":"(anonymous_9)","decl":{"start":{"line":126,"column":8},"end":{"line":126,"column":9}},"loc":{"start":{"line":126,"column":41},"end":{"line":145,"column":9}},"line":126},"10":{"name":"(anonymous_10)","decl":{"start":{"line":127,"column":31},"end":{"line":127,"column":32}},"loc":{"start":{"line":127,"column":52},"end":{"line":144,"column":13}},"line":127},"11":{"name":"(anonymous_11)","decl":{"start":{"line":129,"column":26},"end":{"line":129,"column":27}},"loc":{"start":{"line":129,"column":38},"end":{"line":138,"column":21}},"line":129},"12":{"name":"(anonymous_12)","decl":{"start":{"line":133,"column":61},"end":{"line":133,"column":62}},"loc":{"start":{"line":133,"column":69},"end":{"line":135,"column":29}},"line":133},"13":{"name":"(anonymous_13)","decl":{"start":{"line":139,"column":27},"end":{"line":139,"column":28}},"loc":{"start":{"line":139,"column":36},"end":{"line":143,"column":21}},"line":139},"14":{"name":"(anonymous_14)","decl":{"start":{"line":146,"column":8},"end":{"line":146,"column":9}},"loc":{"start":{"line":146,"column":33},"end":{"line":149,"column":9}},"line":146},"15":{"name":"(anonymous_15)","decl":{"start":{"line":150,"column":8},"end":{"line":150,"column":9}},"loc":{"start":{"line":150,"column":43},"end":{"line":157,"column":9}},"line":150},"16":{"name":"(anonymous_16)","decl":{"start":{"line":151,"column":31},"end":{"line":151,"column":32}},"loc":{"start":{"line":151,"column":52},"end":{"line":156,"column":13}},"line":151},"17":{"name":"(anonymous_17)","decl":{"start":{"line":152,"column":34},"end":{"line":152,"column":35}},"loc":{"start":{"line":152,"column":46},"end":{"line":155,"column":21}},"line":152},"18":{"name":"(anonymous_18)","decl":{"start":{"line":155,"column":29},"end":{"line":155,"column":30}},"loc":{"start":{"line":155,"column":38},"end":{"line":155,"column":61}},"line":155},"19":{"name":"(anonymous_19)","decl":{"start":{"line":158,"column":8},"end":{"line":158,"column":9}},"loc":{"start":{"line":158,"column":33},"end":{"line":166,"column":9}},"line":158},"20":{"name":"(anonymous_20)","decl":{"start":{"line":159,"column":31},"end":{"line":159,"column":32}},"loc":{"start":{"line":159,"column":52},"end":{"line":165,"column":13}},"line":159},"21":{"name":"(anonymous_21)","decl":{"start":{"line":161,"column":34},"end":{"line":161,"column":35}},"loc":{"start":{"line":161,"column":46},"end":{"line":161,"column":70}},"line":161},"22":{"name":"(anonymous_22)","decl":{"start":{"line":161,"column":78},"end":{"line":161,"column":79}},"loc":{"start":{"line":161,"column":87},"end":{"line":161,"column":109}},"line":161},"23":{"name":"(anonymous_23)","decl":{"start":{"line":167,"column":8},"end":{"line":167,"column":9}},"loc":{"start":{"line":167,"column":44},"end":{"line":170,"column":9}},"line":167},"24":{"name":"(anonymous_24)","decl":{"start":{"line":171,"column":8},"end":{"line":171,"column":9}},"loc":{"start":{"line":171,"column":40},"end":{"line":173,"column":9}},"line":171},"25":{"name":"(anonymous_25)","decl":{"start":{"line":174,"column":8},"end":{"line":174,"column":9}},"loc":{"start":{"line":174,"column":37},"end":{"line":176,"column":9}},"line":174},"26":{"name":"(anonymous_26)","decl":{"start":{"line":177,"column":8},"end":{"line":177,"column":9}},"loc":{"start":{"line":177,"column":38},"end":{"line":185,"column":9}},"line":177},"27":{"name":"(anonymous_27)","decl":{"start":{"line":189,"column":19},"end":{"line":189,"column":20}},"loc":{"start":{"line":189,"column":28},"end":{"line":189,"column":40}},"line":189},"28":{"name":"(anonymous_28)","decl":{"start":{"line":190,"column":20},"end":{"line":190,"column":21}},"loc":{"start":{"line":190,"column":29},"end":{"line":190,"column":47}},"line":190},"29":{"name":"(anonymous_29)","decl":{"start":{"line":191,"column":25},"end":{"line":191,"column":26}},"loc":{"start":{"line":191,"column":34},"end":{"line":191,"column":50}},"line":191},"30":{"name":"(anonymous_30)","decl":{"start":{"line":192,"column":25},"end":{"line":192,"column":26}},"loc":{"start":{"line":192,"column":34},"end":{"line":192,"column":52}},"line":192},"31":{"name":"(anonymous_31)","decl":{"start":{"line":193,"column":22},"end":{"line":193,"column":23}},"loc":{"start":{"line":193,"column":31},"end":{"line":193,"column":41}},"line":193},"32":{"name":"(anonymous_32)","decl":{"start":{"line":194,"column":22},"end":{"line":194,"column":23}},"loc":{"start":{"line":194,"column":31},"end":{"line":194,"column":46}},"line":194},"33":{"name":"(anonymous_33)","decl":{"start":{"line":195,"column":26},"end":{"line":195,"column":27}},"loc":{"start":{"line":195,"column":35},"end":{"line":195,"column":54}},"line":195},"34":{"name":"(anonymous_34)","decl":{"start":{"line":196,"column":26},"end":{"line":196,"column":27}},"loc":{"start":{"line":196,"column":35},"end":{"line":196,"column":54}},"line":196}},"branchMap":{"0":{"loc":{"start":{"line":130,"column":24},"end":{"line":136,"column":25}},"type":"if","locations":[{"start":{"line":130,"column":24},"end":{"line":136,"column":25}},{"start":{"line":130,"column":24},"end":{"line":136,"column":25}}],"line":130},"1":{"loc":{"start":{"line":179,"column":12},"end":{"line":179,"column":81}},"type":"if","locations":[{"start":{"line":179,"column":12},"end":{"line":179,"column":81}},{"start":{"line":179,"column":12},"end":{"line":179,"column":81}}],"line":179},"2":{"loc":{"start":{"line":181,"column":12},"end":{"line":183,"column":89}},"type":"if","locations":[{"start":{"line":181,"column":12},"end":{"line":183,"column":89}},{"start":{"line":181,"column":12},"end":{"line":183,"column":89}}],"line":181},"3":{"loc":{"start":{"line":182,"column":17},"end":{"line":183,"column":89}},"type":"if","locations":[{"start":{"line":182,"column":17},"end":{"line":183,"column":89}},{"start":{"line":182,"column":17},"end":{"line":183,"column":89}}],"line":182}},"s":{"0":0,"1":0,"2":0,"3":0,"4":0,"5":0,"6":0,"7":0,"8":0,"9":0,"10":0,"11":0,"12":0,"13":0,"14":0,"15":0,"16":0,"17":0,"18":0,"19":0,"20":0,"21":0,"22":0,"23":0,"24":0,"25":0,"26":0,"27":0,"28":0,"29":0,"30":0,"31":0,"32":0,"33":0,"34":0,"35":0,"36":0,"37":0,"38":0,"39":0,"40":0,"41":0,"42":0,"43":0,"44":0,"45":0,"46":0,"47":0,"48":0,"49":0,"50":0,"51":0,"52":0,"53":0,"54":0,"55":0,"56":0,"57":0,"58":0,"59":0,"60":0,"61":0,"62":0,"63":0,"64":0},"f":{"0":0,"1":0,"2":0,"3":0,"4":0,"5":0,"6":0,"7":0,"8":0,"9":0,"10":0,"11":0,"12":0,"13":0,"14":0,"15":0,"16":0,"17":0,"18":0,"19":0,"20":0,"21":0,"22":0,"23":0,"24":0,"25":0,"26":0,"27":0,"28":0,"29":0,"30":0,"31":0,"32":0,"33":0,"34":0},"b":{"0":[0,0],"1":[0,0],"2":[0,0],"3":[0,0]}}
,"/Users/gguibon/eclipse-workspace/arborator-frontend/src/store/module-example/actions.js": {"path":"/Users/gguibon/eclipse-workspace/arborator-frontend/src/store/module-example/actions.js","statementMap":{},"fnMap":{"0":{"name":"someAction","decl":{"start":{"line":1,"column":16},"end":{"line":1,"column":26}},"loc":{"start":{"line":1,"column":43},"end":{"line":2,"column":1}},"line":1}},"branchMap":{},"s":{},"f":{"0":0},"b":{}}
,"/Users/gguibon/eclipse-workspace/arborator-frontend/src/store/module-example/getters.js": {"path":"/Users/gguibon/eclipse-workspace/arborator-frontend/src/store/module-example/getters.js","statementMap":{},"fnMap":{"0":{"name":"someGetter","decl":{"start":{"line":1,"column":16},"end":{"line":1,"column":26}},"loc":{"start":{"line":1,"column":41},"end":{"line":2,"column":1}},"line":1}},"branchMap":{},"s":{},"f":{"0":0},"b":{}}
,"/Users/gguibon/eclipse-workspace/arborator-frontend/src/store/module-example/index.js": {"path":"/Users/gguibon/eclipse-workspace/arborator-frontend/src/store/module-example/index.js","statementMap":{},"fnMap":{},"branchMap":{},"s":{},"f":{},"b":{}}
,"/Users/gguibon/eclipse-workspace/arborator-frontend/src/store/module-example/mutations.js": {"path":"/Users/gguibon/eclipse-workspace/arborator-frontend/src/store/module-example/mutations.js","statementMap":{},"fnMap":{"0":{"name":"someMutation","decl":{"start":{"line":1,"column":16},"end":{"line":1,"column":28}},"loc":{"start":{"line":1,"column":43},"end":{"line":2,"column":1}},"line":1}},"branchMap":{},"s":{},"f":{"0":0},"b":{}}
,"/Users/gguibon/eclipse-workspace/arborator-frontend/src/store/module-example/state.js": {"path":"/Users/gguibon/eclipse-workspace/arborator-frontend/src/store/module-example/state.js","statementMap":{},"fnMap":{},"branchMap":{},"s":{},"f":{},"b":{}}
}
