TN:
SF:src/App.vue
FN:24,data
FN:35,mounted
FN:40,(anonymous_3)
FN:44,(anonymous_4)
FN:57,parseJwt
FN:60,(anonymous_6)
FN:65,showNotif
FNF:7
FNH:2
FNDA:1,data
FNDA:1,mounted
FNDA:0,(anonymous_3)
FNDA:0,(anonymous_4)
FNDA:0,parseJwt
FNDA:0,(anonymous_6)
FNDA:0,showNotif
DA:8,1
DA:9,1
DA:10,1
DA:11,1
DA:12,1
DA:14,1
DA:16,1
DA:18,1
DA:19,1
DA:25,1
DA:35,1
DA:36,1
DA:37,1
DA:38,1
DA:39,1
DA:40,0
DA:42,0
DA:44,0
DA:50,1
DA:51,1
DA:53,1
DA:58,0
DA:59,0
DA:60,0
DA:61,0
DA:63,0
DA:65,0
DA:67,0
DA:68,0
LF:29
LH:18
BRDA:38,0,0,0
BRDA:38,0,1,1
BRDA:39,1,0,0
BRDA:39,1,1,1
BRDA:67,2,0,0
BRDA:67,2,1,0
BRF:6
BRH:2
end_of_record
TN:
SF:src/boot/axios.js
FN:3,(anonymous_0)
FNF:1
FNH:0
FNDA:0,(anonymous_0)
DA:4,0
LF:1
LH:0
BRF:0
BRH:0
end_of_record
TN:
SF:src/boot/backend-api.js
FN:23,(anonymous_0)
FN:26,(anonymous_1)
FN:29,(anonymous_2)
FN:32,(anonymous_3)
FN:35,(anonymous_4)
FN:38,(anonymous_5)
FN:41,(anonymous_6)
FN:44,(anonymous_7)
FN:47,(anonymous_8)
FN:50,(anonymous_9)
FN:53,(anonymous_10)
FN:56,(anonymous_11)
FN:60,(anonymous_12)
FN:64,(anonymous_13)
FN:68,(anonymous_14)
FN:72,(anonymous_15)
FN:76,(anonymous_16)
FN:80,(anonymous_17)
FN:83,(anonymous_18)
FN:86,(anonymous_19)
FN:89,(anonymous_20)
FN:92,(anonymous_21)
FN:96,(anonymous_22)
FN:100,(anonymous_23)
FN:104,(anonymous_24)
FN:108,(anonymous_25)
FN:112,(anonymous_26)
FN:116,(anonymous_27)
FN:120,(anonymous_28)
FN:124,(anonymous_29)
FN:127,(anonymous_30)
FN:130,(anonymous_31)
FN:133,(anonymous_32)
FN:136,(anonymous_33)
FN:139,(anonymous_34)
FN:143,(anonymous_35)
FN:150,(anonymous_36)
FN:153,(anonymous_37)
FN:158,(anonymous_38)
FN:161,(anonymous_39)
FN:164,(anonymous_40)
FN:167,(anonymous_41)
FN:170,(anonymous_42)
FN:173,(anonymous_43)
FN:176,(anonymous_44)
FN:179,(anonymous_45)
FNF:46
FNH:0
FNDA:0,(anonymous_0)
FNDA:0,(anonymous_1)
FNDA:0,(anonymous_2)
FNDA:0,(anonymous_3)
FNDA:0,(anonymous_4)
FNDA:0,(anonymous_5)
FNDA:0,(anonymous_6)
FNDA:0,(anonymous_7)
FNDA:0,(anonymous_8)
FNDA:0,(anonymous_9)
FNDA:0,(anonymous_10)
FNDA:0,(anonymous_11)
FNDA:0,(anonymous_12)
FNDA:0,(anonymous_13)
FNDA:0,(anonymous_14)
FNDA:0,(anonymous_15)
FNDA:0,(anonymous_16)
FNDA:0,(anonymous_17)
FNDA:0,(anonymous_18)
FNDA:0,(anonymous_19)
FNDA:0,(anonymous_20)
FNDA:0,(anonymous_21)
FNDA:0,(anonymous_22)
FNDA:0,(anonymous_23)
FNDA:0,(anonymous_24)
FNDA:0,(anonymous_25)
FNDA:0,(anonymous_26)
FNDA:0,(anonymous_27)
FNDA:0,(anonymous_28)
FNDA:0,(anonymous_29)
FNDA:0,(anonymous_30)
FNDA:0,(anonymous_31)
FNDA:0,(anonymous_32)
FNDA:0,(anonymous_33)
FNDA:0,(anonymous_34)
FNDA:0,(anonymous_35)
FNDA:0,(anonymous_36)
FNDA:0,(anonymous_37)
FNDA:0,(anonymous_38)
FNDA:0,(anonymous_39)
FNDA:0,(anonymous_40)
FNDA:0,(anonymous_41)
FNDA:0,(anonymous_42)
FNDA:0,(anonymous_43)
FNDA:0,(anonymous_44)
FNDA:0,(anonymous_45)
DA:2,1
DA:4,1
DA:6,1
DA:14,1
DA:24,0
DA:27,0
DA:30,0
DA:33,0
DA:36,0
DA:39,0
DA:42,0
DA:45,0
DA:48,0
DA:51,0
DA:54,0
DA:57,0
DA:58,0
DA:61,0
DA:62,0
DA:65,0
DA:66,0
DA:69,0
DA:70,0
DA:73,0
DA:74,0
DA:77,0
DA:78,0
DA:81,0
DA:84,0
DA:87,0
DA:90,0
DA:93,0
DA:94,0
DA:97,0
DA:98,0
DA:101,0
DA:102,0
DA:105,0
DA:106,0
DA:109,0
DA:110,0
DA:113,0
DA:114,0
DA:117,0
DA:118,0
DA:121,0
DA:122,0
DA:125,0
DA:128,0
DA:131,0
DA:134,0
DA:137,0
DA:140,0
DA:141,0
DA:148,0
DA:151,0
DA:154,0
DA:155,0
DA:156,0
DA:159,0
DA:162,0
DA:165,0
DA:168,0
DA:171,0
DA:174,0
DA:177,0
DA:180,0
LF:67
LH:4
BRDA:9,0,0,0
BRDA:9,0,1,1
BRDA:17,1,0,0
BRDA:17,1,1,1
BRF:4
BRH:2
end_of_record
TN:
SF:src/boot/i18n.js
FN:13,(anonymous_0)
FNF:1
FNH:0
FNDA:0,(anonymous_0)
DA:5,0
DA:7,0
DA:15,0
LF:3
LH:0
BRF:0
BRH:0
end_of_record
TN:
SF:src/components/AttributeTable.vue
FN:119,data
FN:131,mounted
FN:138,addNewFeature
FN:145,deleteRow
FN:146,(anonymous_5)
FN:150,computeAttributeOptions
FN:155,(anonymous_7)
FN:157,computeValueOptions
FN:159,(anonymous_11)
FN:165,computeValueType
FN:166,(anonymous_13)
FN:172,oninput
FNF:12
FNH:0
FNDA:0,data
FNDA:0,mounted
FNDA:0,addNewFeature
FNDA:0,deleteRow
FNDA:0,(anonymous_5)
FNDA:0,computeAttributeOptions
FNDA:0,(anonymous_7)
FNDA:0,computeValueOptions
FNDA:0,(anonymous_11)
FNDA:0,computeValueType
FNDA:0,(anonymous_13)
FNDA:0,oninput
DA:106,0
DA:108,0
DA:109,0
DA:111,0
DA:120,0
DA:140,0
DA:146,0
DA:147,0
DA:150,0
DA:155,0
DA:159,0
DA:161,0
DA:162,0
DA:166,0
DA:168,0
DA:169,0
DA:174,0
LF:17
LH:0
BRDA:140,0,0,0
BRDA:140,0,1,0
BRDA:140,1,0,0
BRDA:140,1,1,0
BRDA:159,2,0,0
BRDA:159,2,1,0
BRDA:161,3,0,0
BRDA:161,3,1,0
BRDA:162,4,0,0
BRDA:162,4,1,0
BRDA:166,5,0,0
BRDA:166,5,1,0
BRDA:168,6,0,0
BRDA:168,6,1,0
BRDA:169,7,0,0
BRDA:169,7,1,0
BRF:16
BRH:0
end_of_record
TN:
SF:src/components/ConfirmAction.vue
FN:23,data
FN:29,confirm
FNF:2
FNH:0
FNDA:0,data
FNDA:0,confirm
DA:24,0
DA:30,0
LF:2
LH:0
BRF:0
BRH:0
end_of_record
TN:
SF:src/components/ConllGraph.vue
FN:211,data
FN:275,emptyCat
FN:278,mounted
FN:283,(anonymous_14)
FN:284,(anonymous_15)
FN:286,(anonymous_16)
FN:292,getProjectConfig
FN:309,up
FN:324,start
FN:349,toggleRelDialog
FN:352,toggleCatDialog
FN:355,toggleFeatureDialog
FN:358,toggleMetaDialog
FN:361,selectRel
FN:364,selectCat
FN:368,openRelationDialog
FN:377,(anonymous_27)
FN:394,openCategoryDialog
FN:402,onchangerel
FN:404,(anonymous_30)
FN:412,onchangecat
FN:418,openMetaDialog
FN:421,onMetaDialogOk
FN:422,(anonymous_34)
FN:433,openFeatureDialog
FN:447,onFeatureDialogOk
FN:450,(anonymous_37)
FN:453,(anonymous_38)
FN:463,featureUpdateNeeded
FN:480,informFeatureChanged
FN:484,ondialoghide
FN:491,openTokenDialog
FN:496,(anonymous_43)
FN:497,(anonymous_44)
FN:506,(anonymous_45)
FN:507,(anonymous_46)
FN:519,(anonymous_47)
FN:526,onTokenDialogOk
FN:530,(anonymous_49)
FNF:39
FNH:0
FNDA:0,data
FNDA:0,emptyCat
FNDA:0,mounted
FNDA:0,(anonymous_14)
FNDA:0,(anonymous_15)
FNDA:0,(anonymous_16)
FNDA:0,getProjectConfig
FNDA:0,up
FNDA:0,start
FNDA:0,toggleRelDialog
FNDA:0,toggleCatDialog
FNDA:0,toggleFeatureDialog
FNDA:0,toggleMetaDialog
FNDA:0,selectRel
FNDA:0,selectCat
FNDA:0,openRelationDialog
FNDA:0,(anonymous_27)
FNDA:0,openCategoryDialog
FNDA:0,onchangerel
FNDA:0,(anonymous_30)
FNDA:0,onchangecat
FNDA:0,openMetaDialog
FNDA:0,onMetaDialogOk
FNDA:0,(anonymous_34)
FNDA:0,openFeatureDialog
FNDA:0,onFeatureDialogOk
FNDA:0,(anonymous_37)
FNDA:0,(anonymous_38)
FNDA:0,featureUpdateNeeded
FNDA:0,informFeatureChanged
FNDA:0,ondialoghide
FNDA:0,openTokenDialog
FNDA:0,(anonymous_43)
FNDA:0,(anonymous_44)
FNDA:0,(anonymous_45)
FNDA:0,(anonymous_46)
FNDA:0,(anonymous_47)
FNDA:0,onTokenDialogOk
FNDA:0,(anonymous_49)
DA:195,0
DA:196,0
DA:197,0
DA:199,0
DA:212,0
DA:275,0
DA:279,0
DA:280,0
DA:283,0
DA:284,0
DA:286,0
DA:293,0
DA:304,0
DA:305,0
DA:306,0
DA:314,0
DA:315,0
DA:327,0
DA:330,0
DA:331,0
DA:332,0
DA:333,0
DA:334,0
DA:335,0
DA:336,0
DA:337,0
DA:338,0
DA:339,0
DA:340,0
DA:343,0
DA:344,0
DA:345,0
DA:347,0
DA:350,0
DA:353,0
DA:356,0
DA:359,0
DA:362,0
DA:365,0
DA:372,0
DA:373,0
DA:374,0
DA:375,0
DA:377,0
DA:379,0
DA:380,0
DA:381,0
DA:383,0
DA:384,0
DA:389,0
DA:390,0
DA:391,0
DA:392,0
DA:396,0
DA:397,0
DA:398,0
DA:399,0
DA:402,0
DA:403,0
DA:404,0
DA:408,0
DA:410,0
DA:413,0
DA:414,0
DA:415,0
DA:419,0
DA:422,0
DA:424,0
DA:426,0
DA:427,0
DA:428,0
DA:429,0
DA:436,0
DA:437,0
DA:438,0
DA:439,0
DA:441,0
DA:442,0
DA:443,0
DA:444,0
DA:449,0
DA:450,0
DA:453,0
DA:454,0
DA:457,0
DA:458,0
DA:459,0
DA:460,0
DA:463,0
DA:464,0
DA:465,0
DA:467,0
DA:468,0
DA:469,0
DA:471,0
DA:472,0
DA:473,0
DA:477,0
DA:481,0
DA:485,0
DA:486,0
DA:491,0
DA:494,0
DA:495,0
DA:496,0
DA:497,0
DA:498,0
DA:499,0
DA:500,0
DA:501,0
DA:502,0
DA:503,0
DA:504,0
DA:506,0
DA:507,0
DA:508,0
DA:509,0
DA:510,0
DA:514,0
DA:515,0
DA:519,0
DA:520,0
DA:521,0
DA:522,0
DA:523,0
DA:529,0
DA:530,0
DA:531,0
DA:538,0
DA:539,0
DA:540,0
LF:131
LH:0
BRDA:275,0,0,0
BRDA:275,0,1,0
BRDA:283,1,0,0
BRDA:283,1,1,0
BRDA:284,2,0,0
BRDA:284,2,1,0
BRDA:314,3,0,0
BRDA:314,3,1,0
BRDA:327,4,0,0
BRDA:327,4,1,0
BRDA:374,5,0,0
BRDA:374,5,1,0
BRDA:381,6,0,0
BRDA:381,6,1,0
BRDA:408,7,0,0
BRDA:408,7,1,0
BRDA:424,8,0,0
BRDA:424,8,1,0
BRDA:429,9,0,0
BRDA:429,9,1,0
BRDA:449,10,0,0
BRDA:449,10,1,0
BRDA:453,11,0,0
BRDA:453,11,1,0
BRDA:454,12,0,0
BRDA:454,12,1,0
BRDA:460,13,0,0
BRDA:460,13,1,0
BRDA:465,14,0,0
BRDA:465,14,1,0
BRDA:468,15,0,0
BRDA:468,15,1,0
BRDA:469,16,0,0
BRDA:469,16,1,0
BRDA:471,17,0,0
BRDA:471,17,1,0
BRDA:471,18,0,0
BRDA:471,18,1,0
BRDA:485,19,0,0
BRDA:485,19,1,0
BRDA:486,20,0,0
BRDA:486,20,1,0
BRDA:497,21,0,0
BRDA:497,21,1,0
BRDA:502,22,0,0
BRDA:502,22,1,0
BRDA:506,23,0,0
BRDA:506,23,1,0
BRDA:507,24,0,0
BRDA:507,24,1,0
BRDA:507,24,2,0
BRDA:507,24,3,0
BRDA:508,25,0,0
BRDA:508,25,1,0
BRDA:510,26,0,0
BRDA:510,26,1,0
BRDA:515,27,0,0
BRDA:515,27,1,0
BRDA:520,28,0,0
BRDA:520,28,1,0
BRDA:531,29,0,0
BRDA:531,29,1,0
BRF:62
BRH:0
end_of_record
TN:
SF:src/components/CreaProjectCard.vue
FN:44,data
FN:56,onSubmitInit
FN:62,(anonymous_13)
FN:65,onSubmit
FN:75,(anonymous_16)
FN:78,onReset
FN:81,onFileChange
FNF:7
FNH:0
FNDA:0,data
FNDA:0,onSubmitInit
FNDA:0,(anonymous_13)
FNDA:0,onSubmit
FNDA:0,(anonymous_16)
FNDA:0,onReset
FNDA:0,onFileChange
DA:40,1
DA:45,0
DA:56,0
DA:57,0
DA:58,0
DA:59,0
DA:60,0
DA:61,0
DA:62,0
DA:63,0
DA:65,0
DA:66,0
DA:67,0
DA:68,0
DA:69,0
DA:70,0
DA:71,0
DA:72,0
DA:73,0
DA:74,0
DA:75,0
DA:76,0
DA:81,0
LF:23
LH:1
BRF:0
BRH:0
end_of_record
TN:
SF:src/components/GrewRequestCard.vue
FN:44,(anonymous_1)
FN:51,tokenBase
FN:104,tokenString
FN:120,startState
FN:121,token
FN:134,data
FN:150,mounted
FN:155,onSearch
FN:156,changeSearchPattern
FN:157,onResetSearch
FNF:10
FNH:0
FNDA:0,(anonymous_1)
FNDA:0,tokenBase
FNDA:0,tokenString
FNDA:0,startState
FNDA:0,token
FNDA:0,data
FNDA:0,mounted
FNDA:0,onSearch
FNDA:0,changeSearchPattern
FNDA:0,onResetSearch
DA:38,0
DA:39,0
DA:40,0
DA:41,0
DA:42,0
DA:43,0
DA:44,0
DA:45,0
DA:52,0
DA:54,0
DA:55,0
DA:56,0
DA:59,0
DA:60,0
DA:61,0
DA:64,0
DA:65,0
DA:68,0
DA:69,0
DA:70,0
DA:74,0
DA:75,0
DA:76,0
DA:77,0
DA:81,0
DA:82,0
DA:83,0
DA:89,0
DA:90,0
DA:91,0
DA:92,0
DA:94,0
DA:96,0
DA:97,0
DA:99,0
DA:100,0
DA:101,0
DA:105,0
DA:106,0
DA:107,0
DA:108,0
DA:109,0
DA:111,0
DA:113,0
DA:114,0
DA:116,0
DA:119,0
DA:120,0
DA:122,0
DA:123,0
DA:135,0
DA:151,0
DA:152,0
DA:155,0
DA:156,0
DA:157,0
LF:56
LH:0
BRDA:54,0,0,0
BRDA:54,0,1,0
BRDA:59,1,0,0
BRDA:59,1,1,0
BRDA:64,2,0,0
BRDA:64,2,1,0
BRDA:68,3,0,0
BRDA:68,3,1,0
BRDA:69,4,0,0
BRDA:69,4,1,0
BRDA:74,5,0,0
BRDA:74,5,1,0
BRDA:76,6,0,0
BRDA:76,6,1,0
BRDA:76,7,0,0
BRDA:76,7,1,0
BRDA:81,8,0,0
BRDA:81,8,1,0
BRDA:82,9,0,0
BRDA:82,9,1,0
BRDA:82,10,0,0
BRDA:82,10,1,0
BRDA:89,11,0,0
BRDA:89,11,1,0
BRDA:91,12,0,0
BRDA:91,12,1,0
BRDA:96,13,0,0
BRDA:96,13,1,0
BRDA:101,14,0,0
BRDA:101,14,1,0
BRDA:107,15,0,0
BRDA:107,15,1,0
BRDA:107,16,0,0
BRDA:107,16,1,0
BRDA:111,17,0,0
BRDA:111,17,1,0
BRDA:113,18,0,0
BRDA:113,18,1,0
BRDA:113,19,0,0
BRDA:113,19,1,0
BRDA:122,20,0,0
BRDA:122,20,1,0
BRDA:151,21,0,0
BRDA:151,21,1,0
BRDA:152,22,0,0
BRDA:152,22,1,0
BRF:46
BRH:0
end_of_record
TN:
SF:src/components/ProjectCard.vue
FN:49,data
FN:59,imageEmpty
FN:67,imageCleaned
FN:73,visible
FN:84,goTo
FN:93,projectSettings
FN:94,deleteProject
FN:95,triggerConfirm
FNF:8
FNH:0
FNDA:0,data
FNDA:0,imageEmpty
FNDA:0,imageCleaned
FNDA:0,visible
FNDA:0,goTo
FNDA:0,projectSettings
FNDA:0,deleteProject
FNDA:0,triggerConfirm
DA:44,1
DA:50,0
DA:60,0
DA:61,0
DA:62,0
DA:64,0
DA:68,0
DA:69,0
DA:70,0
DA:71,0
DA:74,0
DA:76,0
DA:77,0
DA:78,0
DA:79,0
DA:85,0
DA:93,0
DA:94,0
DA:96,0
DA:97,0
DA:98,0
LF:21
LH:1
BRDA:60,0,0,0
BRDA:60,0,1,0
BRDA:61,1,0,0
BRDA:61,1,1,0
BRDA:74,2,0,0
BRDA:74,2,1,0
BRDA:76,3,0,0
BRDA:76,3,1,0
BRDA:77,4,0,0
BRDA:77,4,1,0
BRF:10
BRH:0
end_of_record
TN:
SF:src/components/ProjectItem.vue
FN:50,data
FN:59,imageEmpty
FN:65,imageCleaned
FN:71,visible
FN:82,goTo
FN:91,projectSettings
FN:92,deleteProject
FN:93,triggerConfirm
FNF:8
FNH:0
FNDA:0,data
FNDA:0,imageEmpty
FNDA:0,imageCleaned
FNDA:0,visible
FNDA:0,goTo
FNDA:0,projectSettings
FNDA:0,deleteProject
FNDA:0,triggerConfirm
DA:45,1
DA:46,1
DA:51,0
DA:60,0
DA:61,0
DA:62,0
DA:63,0
DA:66,0
DA:67,0
DA:68,0
DA:69,0
DA:72,0
DA:74,0
DA:75,0
DA:76,0
DA:77,0
DA:83,0
DA:91,0
DA:92,0
DA:94,0
DA:95,0
DA:96,0
LF:22
LH:2
BRDA:60,0,0,0
BRDA:60,0,1,0
BRDA:61,1,0,0
BRDA:61,1,1,0
BRDA:72,2,0,0
BRDA:72,2,1,0
BRDA:74,3,0,0
BRDA:74,3,1,0
BRDA:75,4,0,0
BRDA:75,4,1,0
BRF:10
BRH:0
end_of_record
TN:
SF:src/components/ProjectSettingsView.vue
FN:234,data
FN:266,mounted
FN:270,imageEmpty
FN:276,imageCleaned
FN:282,guest
FN:283,admin
FN:286,getProjectInfos
FN:288,(anonymous_9)
FN:294,addAdmin
FN:295,removeAdmin
FN:296,addGuest
FN:297,removeGuest
FN:298,addLabel
FN:299,removeLabel
FN:300,resetLabel
FN:301,addLabelColumn
FN:302,removeLabelColumn
FN:303,addCat
FN:304,removeCat
FN:305,resetCat
FN:307,addDefaultUserTree
FN:308,removeDefaultUserTree
FN:311,changeShowAllTrees
FN:312,changeOpenProject
FN:313,changeIsPrivate
FN:314,changeDescription
FN:315,uploadProjectImage
FN:320,(anonymous_61)
FN:324,(anonymous_62)
FN:328,saveTextCats
FN:329,(anonymous_64)
FN:331,saveTextLabels
FN:332,(anonymous_67)
FN:335,triggerConfirm
FNF:34
FNH:0
FNDA:0,data
FNDA:0,mounted
FNDA:0,imageEmpty
FNDA:0,imageCleaned
FNDA:0,guest
FNDA:0,admin
FNDA:0,getProjectInfos
FNDA:0,(anonymous_9)
FNDA:0,addAdmin
FNDA:0,removeAdmin
FNDA:0,addGuest
FNDA:0,removeGuest
FNDA:0,addLabel
FNDA:0,removeLabel
FNDA:0,resetLabel
FNDA:0,addLabelColumn
FNDA:0,removeLabelColumn
FNDA:0,addCat
FNDA:0,removeCat
FNDA:0,resetCat
FNDA:0,addDefaultUserTree
FNDA:0,removeDefaultUserTree
FNDA:0,changeShowAllTrees
FNDA:0,changeOpenProject
FNDA:0,changeIsPrivate
FNDA:0,changeDescription
FNDA:0,uploadProjectImage
FNDA:0,(anonymous_61)
FNDA:0,(anonymous_62)
FNDA:0,saveTextCats
FNDA:0,(anonymous_64)
FNDA:0,saveTextLabels
FNDA:0,(anonymous_67)
FNDA:0,triggerConfirm
DA:222,1
DA:223,1
DA:224,1
DA:225,1
DA:226,1
DA:227,1
DA:228,1
DA:235,0
DA:267,0
DA:271,0
DA:272,0
DA:273,0
DA:274,0
DA:277,0
DA:278,0
DA:279,0
DA:280,0
DA:282,0
DA:283,0
DA:286,0
DA:287,0
DA:288,0
DA:289,0
DA:290,0
DA:294,0
DA:295,0
DA:296,0
DA:297,0
DA:298,0
DA:299,0
DA:300,0
DA:301,0
DA:302,0
DA:303,0
DA:304,0
DA:305,0
DA:307,0
DA:308,0
DA:311,0
DA:312,0
DA:313,0
DA:314,0
DA:315,0
DA:316,0
DA:317,0
DA:318,0
DA:320,0
DA:321,0
DA:322,0
DA:323,0
DA:324,0
DA:328,0
DA:329,0
DA:331,0
DA:332,0
DA:336,0
DA:337,0
DA:338,0
LF:58
LH:7
BRDA:271,0,0,0
BRDA:271,0,1,0
BRDA:272,1,0,0
BRDA:272,1,1,0
BRDA:283,2,0,0
BRDA:283,2,1,0
BRF:6
BRH:0
end_of_record
TN:
SF:src/components/RelationTable.vue
FN:66,data
FN:86,createTable
FN:90,label
FN:107,select
FN:112,showTrees
FN:116,isString
FN:120,mounted
FNF:7
FNH:0
FNDA:0,data
FNDA:0,createTable
FNDA:0,label
FNDA:0,select
FNDA:0,showTrees
FNDA:0,isString
FNDA:0,mounted
DA:60,0
DA:67,0
DA:86,0
DA:87,0
DA:88,0
DA:90,0
DA:91,0
DA:92,0
DA:94,0
DA:95,0
DA:96,0
DA:97,0
DA:98,0
DA:99,0
DA:100,0
DA:102,0
DA:104,0
DA:105,0
DA:108,0
DA:109,0
DA:110,0
DA:113,0
DA:114,0
DA:117,0
DA:122,0
LF:25
LH:0
BRDA:98,0,0,0
BRDA:98,0,1,0
BRDA:99,1,0,0
BRDA:99,1,1,0
BRDA:117,2,0,0
BRDA:117,2,1,0
BRF:6
BRH:0
end_of_record
TN:
SF:src/components/ResultView.vue
FN:33,data
FN:39,sentenceCount
FN:40,mounted
FN:45,freezeSamples
FN:53,getProjectConfig
FN:54,(anonymous_6)
FNF:6
FNH:0
FNDA:0,data
FNDA:0,sentenceCount
FNDA:0,mounted
FNDA:0,freezeSamples
FNDA:0,getProjectConfig
FNDA:0,(anonymous_6)
DA:27,0
DA:28,0
DA:29,0
DA:34,0
DA:39,0
DA:41,0
DA:42,0
DA:46,0
DA:47,0
DA:48,0
DA:49,0
DA:50,0
DA:51,0
DA:53,0
DA:54,0
LF:15
LH:0
BRF:0
BRH:0
end_of_record
TN:
SF:src/components/SentenceCard.vue
FN:103,data
FN:122,cannotSave
FN:128,mounted
FN:134,ttselect
FN:136,(anonymous_5)
FN:144,undo
FN:169,save
FN:178,(anonymous_8)
FN:188,(anonymous_9)
FN:191,onConllGraphUpdate
FN:196,sentenceUpdate
FN:199,metaUpdate
FN:201,(anonymous_13)
FN:204,openMetaDialog
FN:206,(anonymous_16)
FN:208,autoopen
FN:214,(anonymous_18)
FN:219,(anonymous_19)
FN:225,showNotif
FNF:19
FNH:0
FNDA:0,data
FNDA:0,cannotSave
FNDA:0,mounted
FNDA:0,ttselect
FNDA:0,(anonymous_5)
FNDA:0,undo
FNDA:0,save
FNDA:0,(anonymous_8)
FNDA:0,(anonymous_9)
FNDA:0,onConllGraphUpdate
FNDA:0,sentenceUpdate
FNDA:0,metaUpdate
FNDA:0,(anonymous_13)
FNDA:0,openMetaDialog
FNDA:0,(anonymous_16)
FNDA:0,autoopen
FNDA:0,(anonymous_18)
FNDA:0,(anonymous_19)
FNDA:0,showNotif
DA:94,0
DA:95,0
DA:104,0
DA:123,0
DA:124,0
DA:125,0
DA:129,0
DA:134,0
DA:136,0
DA:137,0
DA:169,0
DA:171,0
DA:172,0
DA:173,0
DA:174,0
DA:175,0
DA:176,0
DA:178,0
DA:179,0
DA:180,0
DA:181,0
DA:182,0
DA:183,0
DA:184,0
DA:185,0
DA:186,0
DA:189,0
DA:194,0
DA:197,0
DA:199,0
DA:201,0
DA:204,0
DA:206,0
DA:210,0
DA:211,0
DA:213,0
DA:214,0
DA:215,0
DA:219,0
DA:220,0
DA:225,0
DA:227,0
DA:228,0
LF:43
LH:0
BRDA:125,0,0,0
BRDA:125,0,1,0
BRDA:136,1,0,0
BRDA:136,1,1,0
BRDA:137,2,0,0
BRDA:137,2,1,0
BRDA:179,3,0,0
BRDA:179,3,1,0
BRDA:210,4,0,0
BRDA:210,4,1,0
BRDA:220,5,0,0
BRDA:220,5,1,0
BRDA:227,6,0,0
BRDA:227,6,1,0
BRF:14
BRH:0
end_of_record
TN:
SF:src/components/TagInput.vue
FN:79,_default
FN:86,_default
FN:153,_default
FN:188,_default
FN:193,_default
FN:198,_default
FN:202,data
FN:218,created
FN:230,input
FN:262,tags
FN:270,value
FN:274,typeaheadAlwaysShow
FN:291,escapeRegExp
FN:301,tagFromInput
FN:351,tagFromSearchOnClick
FN:365,tagFromSearch
FN:369,(anonymous_27)
FN:381,addTag
FN:398,(anonymous_29)
FN:411,addTagInit
FN:433,removeLastTag
FN:445,removeTag
FN:455,(anonymous_33)
FN:470,searchTag
FN:498,(anonymous_35)
FN:524,hideTypeahead
FN:526,(anonymous_37)
FN:537,nextSearchResult
FN:548,prevSearchResult
FN:559,clearSearchResults
FN:564,(anonymous_41)
FN:575,clearTags
FN:584,tagsFromValue
FN:620,tagSelected
FN:651,clearInput
FN:661,onKeyUp
FN:671,onKeyDown
FN:681,onFocus
FN:693,onBlur
FNF:39
FNH:0
FNDA:0,_default
FNDA:0,_default
FNDA:0,_default
FNDA:0,_default
FNDA:0,_default
FNDA:0,_default
FNDA:0,data
FNDA:0,created
FNDA:0,input
FNDA:0,tags
FNDA:0,value
FNDA:0,typeaheadAlwaysShow
FNDA:0,escapeRegExp
FNDA:0,tagFromInput
FNDA:0,tagFromSearchOnClick
FNDA:0,tagFromSearch
FNDA:0,(anonymous_27)
FNDA:0,addTag
FNDA:0,(anonymous_29)
FNDA:0,addTagInit
FNDA:0,removeLastTag
FNDA:0,removeTag
FNDA:0,(anonymous_33)
FNDA:0,searchTag
FNDA:0,(anonymous_35)
FNDA:0,hideTypeahead
FNDA:0,(anonymous_37)
FNDA:0,nextSearchResult
FNDA:0,prevSearchResult
FNDA:0,clearSearchResults
FNDA:0,(anonymous_41)
FNDA:0,clearTags
FNDA:0,tagsFromValue
FNDA:0,tagSelected
FNDA:0,clearInput
FNDA:0,onKeyUp
FNDA:0,onKeyDown
FNDA:0,onFocus
FNDA:0,onBlur
DA:80,0
DA:87,0
DA:153,0
DA:188,0
DA:193,0
DA:203,0
DA:219,0
DA:221,0
DA:222,0
DA:226,0
DA:231,0
DA:233,0
DA:234,0
DA:236,0
DA:237,0
DA:239,0
DA:242,0
DA:246,0
DA:247,0
DA:249,0
DA:251,0
DA:254,0
DA:258,0
DA:264,0
DA:267,0
DA:271,0
DA:275,0
DA:276,0
DA:278,0
DA:292,0
DA:301,0
DA:303,0
DA:304,0
DA:306,0
DA:309,0
DA:312,0
DA:313,0
DA:317,0
DA:322,0
DA:328,0
DA:329,0
DA:333,0
DA:334,0
DA:336,0
DA:340,0
DA:352,0
DA:354,0
DA:365,0
DA:366,0
DA:367,0
DA:369,0
DA:370,0
DA:371,0
DA:381,0
DA:382,0
DA:383,0
DA:387,0
DA:388,0
DA:390,0
DA:394,0
DA:395,0
DA:398,0
DA:399,0
DA:400,0
DA:412,0
DA:413,0
DA:417,0
DA:418,0
DA:419,0
DA:423,0
DA:424,0
DA:434,0
DA:435,0
DA:445,0
DA:446,0
DA:448,0
DA:449,0
DA:452,0
DA:455,0
DA:456,0
DA:457,0
DA:459,0
DA:460,0
DA:471,0
DA:472,0
DA:475,0
DA:476,0
DA:477,0
DA:478,0
DA:480,0
DA:482,0
DA:486,0
DA:487,0
DA:491,0
DA:492,0
DA:497,0
DA:498,0
DA:499,0
DA:500,0
DA:502,0
DA:507,0
DA:508,0
DA:515,0
DA:524,0
DA:525,0
DA:526,0
DA:527,0
DA:538,0
DA:539,0
DA:549,0
DA:550,0
DA:559,0
DA:560,0
DA:561,0
DA:563,0
DA:564,0
DA:565,0
DA:576,0
DA:585,0
DA:586,0
DA:587,0
DA:589,0
DA:592,0
DA:595,0
DA:596,0
DA:599,0
DA:601,0
DA:603,0
DA:606,0
DA:607,0
DA:610,0
DA:620,0
DA:621,0
DA:622,0
DA:625,0
DA:626,0
DA:629,0
DA:633,0
DA:634,0
DA:638,0
DA:639,0
DA:643,0
DA:652,0
DA:662,0
DA:672,0
DA:682,0
DA:684,0
DA:694,0
DA:696,0
DA:698,0
DA:701,0
DA:702,0
DA:704,0
LF:153
LH:0
BRDA:221,0,0,0
BRDA:221,0,1,0
BRDA:233,1,0,0
BRDA:233,1,1,0
BRDA:233,2,0,0
BRDA:233,2,1,0
BRDA:236,3,0,0
BRDA:236,3,1,0
BRDA:237,4,0,0
BRDA:237,4,1,0
BRDA:246,5,0,0
BRDA:246,5,1,0
BRDA:249,6,0,0
BRDA:249,6,1,0
BRDA:275,7,0,0
BRDA:275,7,1,0
BRDA:301,8,0,0
BRDA:301,8,1,0
BRDA:303,9,0,0
BRDA:303,9,1,0
BRDA:303,10,0,0
BRDA:303,10,1,0
BRDA:303,10,2,0
BRDA:312,11,0,0
BRDA:312,11,1,0
BRDA:312,12,0,0
BRDA:312,12,1,0
BRDA:312,12,2,0
BRDA:322,13,0,0
BRDA:322,13,1,0
BRDA:329,14,0,0
BRDA:329,14,1,0
BRDA:333,15,0,0
BRDA:333,15,1,0
BRDA:382,16,0,0
BRDA:382,16,1,0
BRDA:387,17,0,0
BRDA:387,17,1,0
BRDA:387,18,0,0
BRDA:387,18,1,0
BRDA:394,19,0,0
BRDA:394,19,1,0
BRDA:412,20,0,0
BRDA:412,20,1,0
BRDA:417,21,0,0
BRDA:417,21,1,0
BRDA:417,22,0,0
BRDA:417,22,1,0
BRDA:423,23,0,0
BRDA:423,23,1,0
BRDA:434,24,0,0
BRDA:434,24,1,0
BRDA:434,25,0,0
BRDA:434,25,1,0
BRDA:434,25,2,0
BRDA:448,26,0,0
BRDA:448,26,1,0
BRDA:459,27,0,0
BRDA:459,27,1,0
BRDA:471,28,0,0
BRDA:471,28,1,0
BRDA:475,29,0,0
BRDA:475,29,1,0
BRDA:475,30,0,0
BRDA:475,30,1,0
BRDA:475,30,2,0
BRDA:475,30,3,0
BRDA:480,31,0,0
BRDA:480,31,1,0
BRDA:480,32,0,0
BRDA:480,32,1,0
BRDA:480,32,2,0
BRDA:480,32,3,0
BRDA:482,33,0,0
BRDA:482,33,1,0
BRDA:487,34,0,0
BRDA:487,34,1,0
BRDA:491,35,0,0
BRDA:491,35,1,0
BRDA:491,36,0,0
BRDA:491,36,1,0
BRDA:497,37,0,0
BRDA:497,37,1,0
BRDA:499,38,0,0
BRDA:499,38,1,0
BRDA:500,39,0,0
BRDA:500,39,1,0
BRDA:507,40,0,0
BRDA:507,40,1,0
BRDA:525,41,0,0
BRDA:525,41,1,0
BRDA:538,42,0,0
BRDA:538,42,1,0
BRDA:549,43,0,0
BRDA:549,43,1,0
BRDA:563,44,0,0
BRDA:563,44,1,0
BRDA:585,45,0,0
BRDA:585,45,1,0
BRDA:585,46,0,0
BRDA:585,46,1,0
BRDA:586,47,0,0
BRDA:586,47,1,0
BRDA:595,48,0,0
BRDA:595,48,1,0
BRDA:606,49,0,0
BRDA:606,49,1,0
BRDA:621,50,0,0
BRDA:621,50,1,0
BRDA:625,51,0,0
BRDA:625,51,1,0
BRDA:629,52,0,0
BRDA:629,52,1,0
BRDA:634,53,0,0
BRDA:634,53,1,0
BRDA:638,54,0,0
BRDA:638,54,1,0
BRDA:638,55,0,0
BRDA:638,55,1,0
BRDA:696,56,0,0
BRDA:696,56,1,0
BRDA:701,57,0,0
BRDA:701,57,1,0
BRF:123
BRH:0
end_of_record
TN:
SF:src/components/UserSelectTable.vue
FN:93,data
FN:113,mounted
FN:118,filterFields
FN:119,(anonymous_4)
FN:122,getUsers
FN:123,getUsersTreeFrom
FNF:6
FNH:0
FNDA:0,data
FNDA:0,mounted
FNDA:0,filterFields
FNDA:0,(anonymous_4)
FNDA:0,getUsers
FNDA:0,getUsersTreeFrom
DA:89,1
DA:94,0
DA:114,0
DA:115,0
DA:119,0
DA:120,0
DA:122,0
DA:123,0
LF:8
LH:1
BRDA:114,0,0,0
BRDA:114,0,1,0
BRDA:119,1,0,0
BRDA:119,1,1,0
BRDA:119,1,2,0
BRF:5
BRH:0
end_of_record
TN:
SF:src/components/UserTable.vue
FN:87,data
FN:107,mounted
FN:111,filterFields
FN:112,(anonymous_4)
FN:115,getUsers
FNF:5
FNH:0
FNDA:0,data
FNDA:0,mounted
FNDA:0,filterFields
FNDA:0,(anonymous_4)
FNDA:0,getUsers
DA:83,0
DA:88,0
DA:108,0
DA:112,0
DA:113,0
DA:115,0
LF:6
LH:0
BRDA:112,0,0,0
BRDA:112,0,1,0
BRDA:112,0,2,0
BRF:3
BRH:0
end_of_record
TN:
SF:src/i18n/index.js
FNF:0
FNH:0
LF:0
LH:0
BRF:0
BRH:0
end_of_record
TN:
SF:src/i18n/en-us/index.js
FNF:0
FNH:0
LF:0
LH:0
BRF:0
BRH:0
end_of_record
TN:
SF:src/layouts/AppLayout.vue
FN:173,data
FN:217,notHome
FN:221,toggleDarkMode
FN:222,login
FN:223,(anonymous_6)
FN:225,tologin
FN:232,logout
FN:233,(anonymous_10)
FNF:8
FNH:0
FNDA:0,data
FNDA:0,notHome
FNDA:0,toggleDarkMode
FNDA:0,login
FNDA:0,(anonymous_6)
FNDA:0,tologin
FNDA:0,logout
FNDA:0,(anonymous_10)
DA:167,1
DA:168,1
DA:169,1
DA:174,0
DA:217,0
DA:221,0
DA:222,0
DA:223,0
DA:226,0
DA:232,0
DA:233,0
LF:11
LH:3
BRF:0
BRH:0
end_of_record
TN:
SF:src/pages/Index.vue
FN:376,data
FN:392,mounted
FN:401,animate
FN:406,(anonymous_4)
FNF:4
FNH:0
FNDA:0,data
FNDA:0,mounted
FNDA:0,animate
FNDA:0,(anonymous_4)
DA:366,1
DA:367,1
DA:368,1
DA:369,1
DA:377,0
DA:394,0
DA:395,0
DA:401,0
DA:402,0
DA:404,0
DA:405,0
DA:406,0
LF:12
LH:4
BRDA:402,0,0,0
BRDA:402,0,1,0
BRF:2
BRH:0
end_of_record
TN:
SF:src/pages/IndexGG.vue
FN:118,data
FN:129,mounted
FNF:2
FNH:0
FNDA:0,data
FNDA:0,mounted
DA:108,0
DA:109,0
DA:110,0
DA:111,0
DA:119,0
LF:5
LH:0
BRF:0
BRH:0
end_of_record
TN:
SF:src/pages/IndexKim.vue
FN:376,data
FN:392,mounted
FN:401,animate
FN:406,(anonymous_4)
FNF:4
FNH:0
FNDA:0,data
FNDA:0,mounted
FNDA:0,animate
FNDA:0,(anonymous_4)
DA:366,0
DA:367,0
DA:368,0
DA:369,0
DA:377,0
DA:394,0
DA:395,0
DA:401,0
DA:402,0
DA:404,0
DA:405,0
DA:406,0
LF:12
LH:0
BRDA:402,0,0,0
BRDA:402,0,1,0
BRF:2
BRH:0
end_of_record
TN:
SF:src/pages/IndexKimGG.vue
FN:457,data
FN:473,mounted
FN:482,animate
FN:487,(anonymous_4)
FNF:4
FNH:0
FNDA:0,data
FNDA:0,mounted
FNDA:0,animate
FNDA:0,(anonymous_4)
DA:447,0
DA:448,0
DA:449,0
DA:450,0
DA:458,0
DA:475,0
DA:476,0
DA:482,0
DA:483,0
DA:485,0
DA:486,0
DA:487,0
LF:12
LH:0
BRDA:483,0,0,0
BRDA:483,0,1,0
BRF:2
BRH:0
end_of_record
TN:
SF:src/pages/Project.vue
FN:292,data
FN:366,created
FN:367,destroyed
FN:368,mounted
FN:373,routePath
FN:374,breakpoint
FN:375,guest
FN:376,admin
FN:377,super_admin
FN:380,noselect
FN:381,LoggedWithGithub
FN:387,handleResize
FN:388,goToRoute
FN:389,filterFields
FN:391,(anonymous_25)
FN:396,getProjectInfos
FN:397,getUsers
FN:399,(anonymous_32)
FN:401,upload
FN:408,(anonymous_34)
FN:411,onFileChange
FN:412,deleteSamples
FN:414,(anonymous_38)
FN:417,exportSamplesZip
FN:421,(anonymous_41)
FN:432,(anonymous_42)
FN:439,getRelationTable
FN:440,(anonymous_44)
FN:443,(anonymous_45)
FN:445,onSearch
FN:447,(anonymous_47)
FN:451,(anonymous_48)
FN:458,updateTags
FN:463,reverseTags
FN:466,(anonymous_51)
FN:472,addAnnotator
FN:473,(anonymous_53)
FN:475,removeAnnotator
FN:476,(anonymous_56)
FN:478,(anonymous_57)
FN:480,addValidator
FN:481,removeValidator
FN:482,addSuperValidator
FN:483,removeSuperValidator
FN:484,addProf
FN:485,removeProf
FN:486,triggerConfirm
FN:491,showNotif
FNF:48
FNH:0
FNDA:0,data
FNDA:0,created
FNDA:0,destroyed
FNDA:0,mounted
FNDA:0,routePath
FNDA:0,breakpoint
FNDA:0,guest
FNDA:0,admin
FNDA:0,super_admin
FNDA:0,noselect
FNDA:0,LoggedWithGithub
FNDA:0,handleResize
FNDA:0,goToRoute
FNDA:0,filterFields
FNDA:0,(anonymous_25)
FNDA:0,getProjectInfos
FNDA:0,getUsers
FNDA:0,(anonymous_32)
FNDA:0,upload
FNDA:0,(anonymous_34)
FNDA:0,onFileChange
FNDA:0,deleteSamples
FNDA:0,(anonymous_38)
FNDA:0,exportSamplesZip
FNDA:0,(anonymous_41)
FNDA:0,(anonymous_42)
FNDA:0,getRelationTable
FNDA:0,(anonymous_44)
FNDA:0,(anonymous_45)
FNDA:0,onSearch
FNDA:0,(anonymous_47)
FNDA:0,(anonymous_48)
FNDA:0,updateTags
FNDA:0,reverseTags
FNDA:0,(anonymous_51)
FNDA:0,addAnnotator
FNDA:0,(anonymous_53)
FNDA:0,removeAnnotator
FNDA:0,(anonymous_56)
FNDA:0,(anonymous_57)
FNDA:0,addValidator
FNDA:0,removeValidator
FNDA:0,addSuperValidator
FNDA:0,removeSuperValidator
FNDA:0,addProf
FNDA:0,removeProf
FNDA:0,triggerConfirm
FNDA:0,showNotif
DA:277,0
DA:278,0
DA:279,0
DA:280,0
DA:281,0
DA:282,0
DA:283,0
DA:284,0
DA:285,0
DA:286,0
DA:293,0
DA:366,0
DA:367,0
DA:369,0
DA:370,0
DA:373,0
DA:374,0
DA:375,0
DA:376,0
DA:377,0
DA:380,0
DA:382,0
DA:383,0
DA:387,0
DA:388,0
DA:391,0
DA:392,0
DA:394,0
DA:396,0
DA:397,0
DA:398,0
DA:399,0
DA:401,0
DA:402,0
DA:403,0
DA:404,0
DA:405,0
DA:406,0
DA:407,0
DA:408,0
DA:409,0
DA:411,0
DA:412,0
DA:413,0
DA:414,0
DA:417,0
DA:418,0
DA:419,0
DA:420,0
DA:421,0
DA:422,0
DA:423,0
DA:424,0
DA:425,0
DA:426,0
DA:427,0
DA:428,0
DA:429,0
DA:430,0
DA:431,0
DA:433,0
DA:435,0
DA:436,0
DA:439,0
DA:440,0
DA:441,0
DA:442,0
DA:443,0
DA:445,0
DA:446,0
DA:447,0
DA:449,0
DA:450,0
DA:451,0
DA:458,0
DA:459,0
DA:460,0
DA:463,0
DA:464,0
DA:465,0
DA:466,0
DA:467,0
DA:470,0
DA:472,0
DA:473,0
DA:475,0
DA:476,0
DA:477,0
DA:478,0
DA:480,0
DA:481,0
DA:482,0
DA:483,0
DA:484,0
DA:485,0
DA:487,0
DA:488,0
DA:489,0
DA:491,0
DA:493,0
DA:494,0
LF:101
LH:0
BRDA:295,0,0,0
BRDA:295,0,1,0
BRDA:392,1,0,0
BRDA:392,1,1,0
BRDA:392,1,2,0
BRDA:459,2,0,0
BRDA:459,2,1,0
BRDA:465,3,0,0
BRDA:465,3,1,0
BRDA:493,4,0,0
BRDA:493,4,1,0
BRF:11
BRH:0
end_of_record
TN:
SF:src/pages/ProjectsHub.vue
FN:108,data
FN:127,mounted
FN:134,getProjects
FN:135,searchProject
FN:136,(anonymous_7)
FN:143,toggleProjectView
FN:147,showProjectSettings
FN:151,deleteProject
FN:152,(anonymous_11)
FN:154,(anonymous_12)
FN:156,triggerConfirm
FNF:11
FNH:0
FNDA:0,data
FNDA:0,mounted
FNDA:0,getProjects
FNDA:0,searchProject
FNDA:0,(anonymous_7)
FNDA:0,toggleProjectView
FNDA:0,showProjectSettings
FNDA:0,deleteProject
FNDA:0,(anonymous_11)
FNDA:0,(anonymous_12)
FNDA:0,triggerConfirm
DA:94,1
DA:95,1
DA:96,1
DA:97,1
DA:98,1
DA:99,1
DA:100,1
DA:101,1
DA:109,0
DA:128,0
DA:129,0
DA:130,0
DA:134,0
DA:136,0
DA:137,0
DA:138,0
DA:141,0
DA:144,0
DA:145,0
DA:148,0
DA:149,0
DA:151,0
DA:152,0
DA:153,0
DA:154,0
DA:157,0
DA:158,0
DA:159,0
LF:28
LH:8
BRDA:137,0,0,0
BRDA:137,0,1,0
BRF:2
BRH:0
end_of_record
TN:
SF:src/pages/Sample.vue
FN:56,data
FN:72,sentenceCount
FN:73,breakpoint
FN:77,created
FN:78,destroyed
FN:79,mounted
FN:85,getProjectConfig
FN:86,(anonymous_8)
FN:88,handleResize
FN:89,getSampleTrees
FN:91,(anonymous_12)
FN:98,(anonymous_13)
FN:101,(anonymous_14)
FN:103,scrolala
FN:110,(anonymous_16)
FN:117,ooo
FN:120,onSearch
FN:122,(anonymous_19)
FN:123,(anonymous_20)
FN:126,closeSearchDialog
FN:127,commit
FN:128,(anonymous_23)
FN:129,(anonymous_24)
FN:132,pullSample
FN:133,(anonymous_26)
FN:134,(anonymous_27)
FN:137,freezeSamples
FNF:27
FNH:0
FNDA:0,data
FNDA:0,sentenceCount
FNDA:0,breakpoint
FNDA:0,created
FNDA:0,destroyed
FNDA:0,mounted
FNDA:0,getProjectConfig
FNDA:0,(anonymous_8)
FNDA:0,handleResize
FNDA:0,getSampleTrees
FNDA:0,(anonymous_12)
FNDA:0,(anonymous_13)
FNDA:0,(anonymous_14)
FNDA:0,scrolala
FNDA:0,(anonymous_16)
FNDA:0,ooo
FNDA:0,onSearch
FNDA:0,(anonymous_19)
FNDA:0,(anonymous_20)
FNDA:0,closeSearchDialog
FNDA:0,commit
FNDA:0,(anonymous_23)
FNDA:0,(anonymous_24)
FNDA:0,pullSample
FNDA:0,(anonymous_26)
FNDA:0,(anonymous_27)
FNDA:0,freezeSamples
DA:40,0
DA:41,0
DA:42,0
DA:43,0
DA:44,0
DA:45,0
DA:46,0
DA:47,0
DA:49,0
DA:57,0
DA:72,0
DA:73,0
DA:77,0
DA:78,0
DA:80,0
DA:81,0
DA:85,0
DA:86,0
DA:88,0
DA:89,0
DA:90,0
DA:91,0
DA:95,0
DA:96,0
DA:98,0
DA:99,0
DA:101,0
DA:103,0
DA:105,0
DA:107,0
DA:108,0
DA:109,0
DA:110,0
DA:111,0
DA:114,0
DA:115,0
DA:118,0
DA:120,0
DA:121,0
DA:122,0
DA:123,0
DA:124,0
DA:126,0
DA:127,0
DA:128,0
DA:129,0
DA:130,0
DA:132,0
DA:133,0
DA:134,0
DA:135,0
DA:138,0
DA:139,0
DA:140,0
DA:141,0
DA:142,0
LF:56
LH:0
BRDA:98,0,0,0
BRDA:98,0,1,0
BRDA:98,1,0,0
BRDA:98,1,1,0
BRDA:98,1,2,0
BRDA:105,2,0,0
BRDA:105,2,1,0
BRDA:105,3,0,0
BRDA:105,3,1,0
BRDA:105,3,2,0
BRDA:105,3,3,0
BRDA:105,3,4,0
BRDA:111,4,0,0
BRDA:111,4,1,0
BRDA:115,5,0,0
BRDA:115,5,1,0
BRF:16
BRH:0
end_of_record
TN:
SF:src/pages/Settings.vue
FN:57,data
FN:71,forceRerenderAvatar
FN:75,showNotif
FNF:3
FNH:0
FNDA:0,data
FNDA:0,forceRerenderAvatar
FNDA:0,showNotif
DA:52,0
DA:53,0
DA:58,0
DA:72,0
DA:73,0
DA:75,0
DA:77,0
DA:78,0
LF:8
LH:0
BRDA:77,0,0,0
BRDA:77,0,1,0
BRF:2
BRH:0
end_of_record
TN:
SF:src/router/index.js
FN:13,(anonymous_0)
FN:15,(anonymous_1)
FNF:2
FNH:0
FNDA:0,(anonymous_0)
FNDA:0,(anonymous_1)
DA:6,0
DA:14,0
DA:15,0
DA:25,0
LF:4
LH:0
BRF:0
BRH:0
end_of_record
TN:
SF:src/router/routes.js
FN:5,(anonymous_0)
FN:7,(anonymous_1)
FN:8,(anonymous_2)
FN:9,(anonymous_3)
FN:10,(anonymous_4)
FN:11,(anonymous_5)
FN:12,(anonymous_6)
FN:15,(anonymous_7)
FN:28,(anonymous_8)
FNF:9
FNH:3
FNDA:2,(anonymous_0)
FNDA:1,(anonymous_1)
FNDA:1,(anonymous_2)
FNDA:0,(anonymous_3)
FNDA:0,(anonymous_4)
FNDA:0,(anonymous_5)
FNDA:0,(anonymous_6)
FNDA:0,(anonymous_7)
FNDA:0,(anonymous_8)
DA:2,1
DA:5,2
DA:7,1
DA:8,1
DA:9,0
DA:10,0
DA:11,0
DA:12,0
DA:15,0
DA:25,1
DA:26,1
DA:28,0
LF:12
LH:6
BRDA:25,0,0,1
BRDA:25,0,1,0
BRF:2
BRH:1
end_of_record
TN:
SF:src/statics/js/arborator-draft-simple.js
FN:1,(anonymous_0)
FN:57,(anonymous_1)
FN:76,(anonymous_2)
FN:82,(anonymous_3)
FN:89,(anonymous_4)
FN:94,conllNodesToTree
FN:105,(anonymous_6)
FN:142,(anonymous_7)
FN:193,(anonymous_8)
FN:208,getSVGPath
FN:231,arrowhead
FN:242,draw
FN:260,(anonymous_12)
FN:277,(anonymous_13)
FN:278,(anonymous_14)
FN:279,(anonymous_15)
FN:294,(anonymous_16)
FN:300,(anonymous_17)
FN:315,(anonymous_18)
FN:327,(anonymous_19)
FN:328,(anonymous_20)
FN:332,(anonymous_21)
FN:361,(anonymous_22)
FN:362,(anonymous_23)
FN:363,(anonymous_24)
FN:376,(anonymous_25)
FN:377,(anonymous_26)
FN:378,(anonymous_27)
FN:405,bezierMinMax
FNF:29
FNH:0
FNDA:0,(anonymous_0)
FNDA:0,(anonymous_1)
FNDA:0,(anonymous_2)
FNDA:0,(anonymous_3)
FNDA:0,(anonymous_4)
FNDA:0,conllNodesToTree
FNDA:0,(anonymous_6)
FNDA:0,(anonymous_7)
FNDA:0,(anonymous_8)
FNDA:0,getSVGPath
FNDA:0,arrowhead
FNDA:0,draw
FNDA:0,(anonymous_12)
FNDA:0,(anonymous_13)
FNDA:0,(anonymous_14)
FNDA:0,(anonymous_15)
FNDA:0,(anonymous_16)
FNDA:0,(anonymous_17)
FNDA:0,(anonymous_18)
FNDA:0,(anonymous_19)
FNDA:0,(anonymous_20)
FNDA:0,(anonymous_21)
FNDA:0,(anonymous_22)
FNDA:0,(anonymous_23)
FNDA:0,(anonymous_24)
FNDA:0,(anonymous_25)
FNDA:0,(anonymous_26)
FNDA:0,(anonymous_27)
FNDA:0,bezierMinMax
DA:1,0
DA:20,0
DA:23,0
DA:24,0
DA:25,0
DA:26,0
DA:27,0
DA:28,0
DA:29,0
DA:30,0
DA:31,0
DA:32,0
DA:33,0
DA:34,0
DA:35,0
DA:36,0
DA:37,0
DA:42,0
DA:45,0
DA:48,0
DA:49,0
DA:52,0
DA:54,0
DA:57,0
DA:76,0
DA:77,0
DA:78,0
DA:79,0
DA:82,0
DA:83,0
DA:85,0
DA:86,0
DA:89,0
DA:90,0
DA:97,0
DA:98,0
DA:100,0
DA:101,0
DA:102,0
DA:103,0
DA:104,0
DA:105,0
DA:106,0
DA:107,0
DA:108,0
DA:109,0
DA:110,0
DA:112,0
DA:113,0
DA:115,0
DA:116,0
DA:117,0
DA:118,0
DA:119,0
DA:121,0
DA:122,0
DA:123,0
DA:124,0
DA:125,0
DA:126,0
DA:127,0
DA:128,0
DA:129,0
DA:130,0
DA:131,0
DA:132,0
DA:133,0
DA:134,0
DA:135,0
DA:136,0
DA:137,0
DA:139,0
DA:140,0
DA:141,0
DA:142,0
DA:144,0
DA:145,0
DA:147,0
DA:148,0
DA:149,0
DA:155,0
DA:156,0
DA:157,0
DA:158,0
DA:159,0
DA:162,0
DA:163,0
DA:167,0
DA:168,0
DA:170,0
DA:172,0
DA:174,0
DA:175,0
DA:177,0
DA:178,0
DA:179,0
DA:180,0
DA:182,0
DA:185,0
DA:192,0
DA:193,0
DA:194,0
DA:204,0
DA:211,0
DA:212,0
DA:213,0
DA:214,0
DA:215,0
DA:216,0
DA:217,0
DA:218,0
DA:219,0
DA:220,0
DA:221,0
DA:222,0
DA:223,0
DA:224,0
DA:225,0
DA:227,0
DA:233,0
DA:234,0
DA:235,0
DA:236,0
DA:237,0
DA:238,0
DA:251,0
DA:258,0
DA:259,0
DA:260,0
DA:261,0
DA:263,0
DA:265,0
DA:267,0
DA:268,0
DA:273,0
DA:275,0
DA:277,0
DA:278,0
DA:280,0
DA:281,0
DA:282,0
DA:283,0
DA:284,0
DA:285,0
DA:286,0
DA:287,0
DA:291,0
DA:294,0
DA:295,0
DA:296,0
DA:297,0
DA:298,0
DA:301,0
DA:303,0
DA:304,0
DA:308,0
DA:309,0
DA:313,0
DA:316,0
DA:318,0
DA:319,0
DA:323,0
DA:325,0
DA:327,0
DA:329,0
DA:330,0
DA:331,0
DA:333,0
DA:334,0
DA:337,0
DA:338,0
DA:339,0
DA:344,0
DA:345,0
DA:349,0
DA:350,0
DA:359,0
DA:361,0
DA:362,0
DA:364,0
DA:365,0
DA:366,0
DA:367,0
DA:368,0
DA:369,0
DA:374,0
DA:376,0
DA:377,0
DA:379,0
DA:380,0
DA:381,0
DA:382,0
DA:383,0
DA:385,0
DA:387,0
DA:388,0
DA:393,0
DA:394,0
DA:397,0
DA:398,0
DA:400,0
DA:406,0
DA:408,0
DA:409,0
DA:410,0
DA:411,0
DA:412,0
DA:414,0
DA:415,0
DA:416,0
DA:418,0
DA:419,0
DA:420,0
DA:422,0
DA:423,0
DA:424,0
DA:426,0
DA:428,0
DA:429,0
DA:430,0
DA:432,0
DA:433,0
DA:434,0
DA:435,0
DA:437,0
DA:438,0
DA:439,0
DA:443,0
DA:444,0
DA:445,0
DA:446,0
DA:447,0
DA:448,0
DA:451,0
DA:452,0
DA:454,0
LF:236
LH:0
BRDA:57,0,0,0
BRDA:57,1,0,0
BRDA:76,2,0,0
BRDA:76,3,0,0
BRDA:77,4,0,0
BRDA:77,4,1,0
BRDA:78,5,0,0
BRDA:78,5,1,0
BRDA:98,6,0,0
BRDA:98,6,1,0
BRDA:107,7,0,0
BRDA:107,7,1,0
BRDA:108,8,0,0
BRDA:108,8,1,0
BRDA:115,9,0,0
BRDA:115,9,1,0
BRDA:116,10,0,0
BRDA:116,10,1,0
BRDA:116,11,0,0
BRDA:116,11,1,0
BRDA:117,12,0,0
BRDA:117,12,1,0
BRDA:118,13,0,0
BRDA:118,13,1,0
BRDA:119,14,0,0
BRDA:119,14,1,0
BRDA:123,15,0,0
BRDA:123,15,1,0
BRDA:130,16,0,0
BRDA:130,16,1,0
BRDA:131,17,0,0
BRDA:131,17,1,0
BRDA:135,18,0,0
BRDA:135,18,1,0
BRDA:140,19,0,0
BRDA:140,19,1,0
BRDA:145,20,0,0
BRDA:145,20,1,0
BRDA:155,21,0,0
BRDA:155,21,1,0
BRDA:158,22,0,0
BRDA:158,22,1,0
BRDA:162,23,0,0
BRDA:162,23,1,0
BRDA:168,24,0,0
BRDA:168,24,1,0
BRDA:168,25,0,0
BRDA:168,25,1,0
BRDA:170,26,0,0
BRDA:170,26,1,0
BRDA:175,27,0,0
BRDA:175,27,1,0
BRDA:179,28,0,0
BRDA:179,28,1,0
BRDA:214,29,0,0
BRDA:214,29,1,0
BRDA:216,30,0,0
BRDA:216,30,1,0
BRDA:217,31,0,0
BRDA:217,31,1,0
BRDA:267,32,0,0
BRDA:267,32,1,0
BRDA:301,33,0,0
BRDA:301,33,1,0
BRDA:323,34,0,0
BRDA:323,34,1,0
BRDA:334,35,0,0
BRDA:334,35,1,0
BRDA:350,36,0,0
BRDA:350,36,1,0
BRDA:382,37,0,0
BRDA:382,37,1,0
BRDA:409,38,0,0
BRDA:409,38,1,0
BRDA:418,39,0,0
BRDA:418,39,1,0
BRDA:419,40,0,0
BRDA:419,40,1,0
BRDA:423,41,0,0
BRDA:423,41,1,0
BRDA:423,42,0,0
BRDA:423,42,1,0
BRDA:429,43,0,0
BRDA:429,43,1,0
BRDA:434,44,0,0
BRDA:434,44,1,0
BRDA:434,45,0,0
BRDA:434,45,1,0
BRDA:438,46,0,0
BRDA:438,46,1,0
BRDA:438,47,0,0
BRDA:438,47,1,0
BRF:92
BRH:0
end_of_record
TN:
SF:src/statics/js/arborator-draft-snap.js
FN:1,(anonymous_0)
FN:98,(anonymous_1)
FN:108,(anonymous_2)
FN:116,(anonymous_3)
FN:126,(anonymous_4)
FN:130,(anonymous_5)
FN:134,(anonymous_6)
FN:138,(anonymous_7)
FN:142,(anonymous_8)
FN:147,(anonymous_9)
FN:153,(anonymous_10)
FN:164,refresh
FN:180,getlevel
FN:204,dragging
FN:218,(anonymous_14)
FN:238,(anonymous_15)
FN:244,(anonymous_16)
FN:255,(anonymous_17)
FN:267,(anonymous_18)
FN:301,(anonymous_19)
FN:309,(anonymous_20)
FN:322,relationChanged
FN:339,catChanged
FN:347,featureChanged
FN:356,metaChanged
FN:367,drawsnap
FN:397,(anonymous_26)
FN:486,drawRelation
FN:527,arrowhead
FN:538,treeDataToConll
FN:569,replaceNodes
FN:609,(anonymous_31)
FN:610,(anonymous_32)
FN:632,conllToTree
FN:648,(anonymous_34)
FN:719,(anonymous_35)
FN:730,analyzeFeaturestring
FN:733,(anonymous_37)
FN:744,makeFeaturestring
FNF:39
FNH:0
FNDA:0,(anonymous_0)
FNDA:0,(anonymous_1)
FNDA:0,(anonymous_2)
FNDA:0,(anonymous_3)
FNDA:0,(anonymous_4)
FNDA:0,(anonymous_5)
FNDA:0,(anonymous_6)
FNDA:0,(anonymous_7)
FNDA:0,(anonymous_8)
FNDA:0,(anonymous_9)
FNDA:0,(anonymous_10)
FNDA:0,refresh
FNDA:0,getlevel
FNDA:0,dragging
FNDA:0,(anonymous_14)
FNDA:0,(anonymous_15)
FNDA:0,(anonymous_16)
FNDA:0,(anonymous_17)
FNDA:0,(anonymous_18)
FNDA:0,(anonymous_19)
FNDA:0,(anonymous_20)
FNDA:0,relationChanged
FNDA:0,catChanged
FNDA:0,featureChanged
FNDA:0,metaChanged
FNDA:0,drawsnap
FNDA:0,(anonymous_26)
FNDA:0,drawRelation
FNDA:0,arrowhead
FNDA:0,treeDataToConll
FNDA:0,replaceNodes
FNDA:0,(anonymous_31)
FNDA:0,(anonymous_32)
FNDA:0,conllToTree
FNDA:0,(anonymous_34)
FNDA:0,(anonymous_35)
FNDA:0,analyzeFeaturestring
FNDA:0,(anonymous_37)
FNDA:0,makeFeaturestring
DA:1,0
DA:22,0
DA:23,0
DA:24,0
DA:26,0
DA:27,0
DA:28,0
DA:30,0
DA:31,0
DA:32,0
DA:33,0
DA:34,0
DA:35,0
DA:36,0
DA:38,0
DA:57,0
DA:61,0
DA:76,0
DA:77,0
DA:78,0
DA:79,0
DA:80,0
DA:81,0
DA:82,0
DA:83,0
DA:89,0
DA:92,0
DA:93,0
DA:95,0
DA:98,0
DA:108,0
DA:109,0
DA:111,0
DA:112,0
DA:113,0
DA:116,0
DA:117,0
DA:126,0
DA:127,0
DA:130,0
DA:131,0
DA:134,0
DA:135,0
DA:138,0
DA:139,0
DA:142,0
DA:144,0
DA:147,0
DA:148,0
DA:150,0
DA:153,0
DA:154,0
DA:156,0
DA:170,0
DA:172,0
DA:173,0
DA:175,0
DA:177,0
DA:183,0
DA:184,0
DA:185,0
DA:186,0
DA:187,0
DA:188,0
DA:189,0
DA:190,0
DA:191,0
DA:192,0
DA:193,0
DA:194,0
DA:199,0
DA:200,0
DA:206,0
DA:207,0
DA:208,0
DA:209,0
DA:210,0
DA:211,0
DA:212,0
DA:213,0
DA:214,0
DA:215,0
DA:218,0
DA:220,0
DA:222,0
DA:223,0
DA:224,0
DA:225,0
DA:226,0
DA:228,0
DA:230,0
DA:231,0
DA:233,0
DA:235,0
DA:237,0
DA:240,0
DA:241,0
DA:243,0
DA:246,0
DA:247,0
DA:249,0
DA:255,0
DA:256,0
DA:258,0
DA:266,0
DA:269,0
DA:270,0
DA:273,0
DA:275,0
DA:276,0
DA:277,0
DA:279,0
DA:280,0
DA:282,0
DA:284,0
DA:285,0
DA:286,0
DA:287,0
DA:297,0
DA:298,0
DA:301,0
DA:303,0
DA:305,0
DA:309,0
DA:310,0
DA:311,0
DA:325,0
DA:327,0
DA:328,0
DA:331,0
DA:332,0
DA:333,0
DA:335,0
DA:336,0
DA:342,0
DA:343,0
DA:344,0
DA:350,0
DA:351,0
DA:352,0
DA:353,0
DA:354,0
DA:362,0
DA:363,0
DA:364,0
DA:375,0
DA:377,0
DA:378,0
DA:379,0
DA:380,0
DA:381,0
DA:382,0
DA:383,0
DA:384,0
DA:385,0
DA:386,0
DA:389,0
DA:390,0
DA:391,0
DA:392,0
DA:393,0
DA:394,0
DA:395,0
DA:396,0
DA:397,0
DA:398,0
DA:399,0
DA:400,0
DA:401,0
DA:402,0
DA:403,0
DA:404,0
DA:405,0
DA:406,0
DA:407,0
DA:408,0
DA:409,0
DA:415,0
DA:416,0
DA:417,0
DA:419,0
DA:420,0
DA:422,0
DA:423,0
DA:424,0
DA:425,0
DA:428,0
DA:430,0
DA:431,0
DA:432,0
DA:435,0
DA:436,0
DA:437,0
DA:438,0
DA:439,0
DA:440,0
DA:443,0
DA:444,0
DA:445,0
DA:447,0
DA:449,0
DA:450,0
DA:451,0
DA:452,0
DA:453,0
DA:454,0
DA:455,0
DA:456,0
DA:461,0
DA:462,0
DA:463,0
DA:464,0
DA:466,0
DA:467,0
DA:468,0
DA:469,0
DA:472,0
DA:476,0
DA:477,0
DA:478,0
DA:479,0
DA:480,0
DA:481,0
DA:490,0
DA:492,0
DA:493,0
DA:494,0
DA:495,0
DA:496,0
DA:497,0
DA:499,0
DA:500,0
DA:502,0
DA:503,0
DA:504,0
DA:505,0
DA:506,0
DA:507,0
DA:508,0
DA:510,0
DA:511,0
DA:512,0
DA:514,0
DA:515,0
DA:516,0
DA:517,0
DA:518,0
DA:520,0
DA:530,0
DA:531,0
DA:532,0
DA:533,0
DA:534,0
DA:541,0
DA:542,0
DA:543,0
DA:544,0
DA:545,0
DA:547,0
DA:548,0
DA:549,0
DA:563,0
DA:565,0
DA:570,0
DA:571,0
DA:572,0
DA:573,0
DA:574,0
DA:575,0
DA:576,0
DA:578,0
DA:580,0
DA:581,0
DA:582,0
DA:583,0
DA:584,0
DA:585,0
DA:586,0
DA:587,0
DA:588,0
DA:589,0
DA:590,0
DA:591,0
DA:593,0
DA:596,0
DA:597,0
DA:598,0
DA:599,0
DA:600,0
DA:601,0
DA:602,0
DA:603,0
DA:604,0
DA:605,0
DA:607,0
DA:608,0
DA:609,0
DA:610,0
DA:611,0
DA:612,0
DA:613,0
DA:614,0
DA:615,0
DA:616,0
DA:617,0
DA:638,0
DA:639,0
DA:641,0
DA:642,0
DA:643,0
DA:644,0
DA:645,0
DA:646,0
DA:647,0
DA:648,0
DA:651,0
DA:652,0
DA:654,0
DA:655,0
DA:656,0
DA:657,0
DA:659,0
DA:660,0
DA:661,0
DA:663,0
DA:664,0
DA:665,0
DA:666,0
DA:667,0
DA:668,0
DA:669,0
DA:670,0
DA:671,0
DA:672,0
DA:673,0
DA:674,0
DA:675,0
DA:676,0
DA:677,0
DA:678,0
DA:680,0
DA:681,0
DA:683,0
DA:684,0
DA:685,0
DA:686,0
DA:690,0
DA:691,0
DA:692,0
DA:693,0
DA:694,0
DA:697,0
DA:698,0
DA:702,0
DA:703,0
DA:704,0
DA:705,0
DA:706,0
DA:708,0
DA:709,0
DA:712,0
DA:715,0
DA:717,0
DA:719,0
DA:720,0
DA:721,0
DA:727,0
DA:731,0
DA:732,0
DA:733,0
DA:735,0
DA:736,0
DA:737,0
DA:741,0
DA:745,0
DA:746,0
DA:748,0
DA:750,0
DA:751,0
LF:379
LH:0
BRDA:98,0,0,0
BRDA:98,1,0,0
BRDA:183,2,0,0
BRDA:183,2,1,0
BRDA:184,3,0,0
BRDA:184,3,1,0
BRDA:185,4,0,0
BRDA:185,4,1,0
BRDA:188,5,0,0
BRDA:188,5,1,0
BRDA:192,6,0,0
BRDA:192,6,1,0
BRDA:192,7,0,0
BRDA:192,7,1,0
BRDA:193,8,0,0
BRDA:193,8,1,0
BRDA:210,9,0,0
BRDA:210,9,1,0
BRDA:214,10,0,0
BRDA:214,10,1,0
BRDA:214,11,0,0
BRDA:214,11,1,0
BRDA:214,12,0,0
BRDA:214,12,1,0
BRDA:215,13,0,0
BRDA:215,13,1,0
BRDA:235,14,0,0
BRDA:235,14,1,0
BRDA:256,15,0,0
BRDA:256,15,1,0
BRDA:282,16,0,0
BRDA:282,16,1,0
BRDA:282,17,0,0
BRDA:282,17,1,0
BRDA:282,17,2,0
BRDA:282,17,3,0
BRDA:285,18,0,0
BRDA:285,18,1,0
BRDA:292,19,0,0
BRDA:292,19,1,0
BRDA:297,20,0,0
BRDA:297,20,1,0
BRDA:316,21,0,0
BRDA:316,21,1,0
BRDA:325,22,0,0
BRDA:325,22,1,0
BRDA:327,23,0,0
BRDA:327,23,1,0
BRDA:331,24,0,0
BRDA:331,24,1,0
BRDA:403,25,0,0
BRDA:403,25,1,0
BRDA:406,26,0,0
BRDA:406,26,1,0
BRDA:409,27,0,0
BRDA:409,27,1,0
BRDA:415,28,0,0
BRDA:415,28,1,0
BRDA:419,29,0,0
BRDA:419,29,1,0
BRDA:423,30,0,0
BRDA:423,30,1,0
BRDA:424,31,0,0
BRDA:424,31,1,0
BRDA:490,32,0,0
BRDA:490,32,1,0
BRDA:490,33,0,0
BRDA:490,33,1,0
BRDA:495,34,0,0
BRDA:495,34,1,0
BRDA:496,35,0,0
BRDA:496,35,1,0
BRDA:499,36,0,0
BRDA:499,36,1,0
BRDA:508,37,0,0
BRDA:508,37,1,0
BRDA:517,38,0,0
BRDA:517,38,1,0
BRDA:544,39,0,0
BRDA:544,39,1,0
BRDA:552,40,0,0
BRDA:552,40,1,0
BRDA:553,41,0,0
BRDA:553,41,1,0
BRDA:554,42,0,0
BRDA:554,42,1,0
BRDA:555,43,0,0
BRDA:555,43,1,0
BRDA:557,44,0,0
BRDA:557,44,1,0
BRDA:558,45,0,0
BRDA:558,45,1,0
BRDA:573,46,0,0
BRDA:573,46,1,0
BRDA:574,47,0,0
BRDA:574,47,1,0
BRDA:575,48,0,0
BRDA:575,48,1,0
BRDA:583,49,0,0
BRDA:583,49,1,0
BRDA:583,50,0,0
BRDA:583,50,1,0
BRDA:590,51,0,0
BRDA:590,51,1,0
BRDA:604,52,0,0
BRDA:604,52,1,0
BRDA:607,53,0,0
BRDA:607,53,1,0
BRDA:610,54,0,0
BRDA:610,54,1,0
BRDA:610,55,0,0
BRDA:610,55,1,0
BRDA:612,56,0,0
BRDA:612,56,1,0
BRDA:639,57,0,0
BRDA:639,57,1,0
BRDA:652,58,0,0
BRDA:652,58,1,0
BRDA:655,59,0,0
BRDA:655,59,1,0
BRDA:661,60,0,0
BRDA:661,60,1,0
BRDA:663,61,0,0
BRDA:663,61,1,0
BRDA:663,62,0,0
BRDA:663,62,1,0
BRDA:664,63,0,0
BRDA:664,63,1,0
BRDA:665,64,0,0
BRDA:665,64,1,0
BRDA:668,65,0,0
BRDA:668,65,1,0
BRDA:680,66,0,0
BRDA:680,66,1,0
BRDA:681,67,0,0
BRDA:681,67,1,0
BRDA:690,68,0,0
BRDA:690,68,1,0
BRDA:693,69,0,0
BRDA:693,69,1,0
BRDA:697,70,0,0
BRDA:697,70,1,0
BRDA:702,71,0,0
BRDA:702,71,1,0
BRDA:704,72,0,0
BRDA:704,72,1,0
BRDA:717,73,0,0
BRDA:717,73,1,0
BRDA:721,74,0,0
BRDA:721,74,1,0
BRDA:721,75,0,0
BRDA:721,75,1,0
BRDA:732,76,0,0
BRDA:732,76,1,0
BRDA:736,77,0,0
BRDA:736,77,1,0
BRDA:751,78,0,0
BRDA:751,78,1,0
BRF:158
BRH:0
end_of_record
TN:
SF:src/statics/js/arborator-draft.js
FN:1,(anonymous_0)
FN:57,(anonymous_1)
FN:61,(anonymous_2)
FN:76,(anonymous_3)
FN:83,refresh
FN:91,sleep
FN:100,empty
FN:111,progressiveReadConll
FN:115,waitBetweenElements
FN:116,(anonymous_9)
FN:129,progressiveReadInsideConll
FN:132,waitBetweenElements
FN:133,(anonymous_12)
FN:146,pushAndDrawSVG
FN:155,(anonymous_14)
FN:163,(anonymous_15)
FN:182,readConll
FN:194,(anonymous_17)
FN:210,drawConll
FN:225,(anonymous_19)
FN:246,conllNodesToTree
FN:257,(anonymous_21)
FN:293,(anonymous_22)
FN:340,(anonymous_23)
FN:352,getSVGPath
FN:375,arrowhead
FN:386,draw
FN:391,(anonymous_27)
FN:407,(anonymous_28)
FN:408,(anonymous_29)
FN:409,(anonymous_30)
FN:424,(anonymous_31)
FN:430,(anonymous_32)
FN:445,(anonymous_33)
FN:457,(anonymous_34)
FN:458,(anonymous_35)
FN:462,(anonymous_36)
FN:486,(anonymous_37)
FN:510,(anonymous_38)
FN:519,update
FN:535,draggable
FN:539,(anonymous_41)
FN:546,dragSubject
FN:547,(anonymous_43)
FN:562,(anonymous_44)
FN:570,(anonymous_45)
FN:577,(anonymous_46)
FN:581,(anonymous_47)
FN:587,(anonymous_48)
FN:644,update
FN:652,(anonymous_50)
FN:656,(anonymous_51)
FN:659,(anonymous_52)
FN:660,(anonymous_53)
FN:663,(anonymous_54)
FN:669,(anonymous_55)
FN:670,(anonymous_56)
FN:671,(anonymous_57)
FN:672,(anonymous_58)
FN:684,draggable
FN:687,(anonymous_60)
FN:694,dragSubject
FN:695,(anonymous_62)
FN:711,(anonymous_63)
FN:718,(anonymous_64)
FN:724,(anonymous_65)
FN:727,(anonymous_66)
FN:737,(anonymous_67)
FN:738,(anonymous_68)
FN:739,(anonymous_69)
FN:752,(anonymous_70)
FN:753,(anonymous_71)
FN:754,(anonymous_72)
FN:779,bezierMinMax
FN:834,svg2Data
FN:841,png2Data
FN:861,savePng
FN:877,(anonymous_77)
FN:897,saveSvg
FN:924,exportPngZip
FN:930,(anonymous_80)
FN:936,(anonymous_81)
FN:941,exportSvgZip
FN:945,(anonymous_83)
FN:960,(anonymous_84)
FN:965,(anonymous_85)
FN:969,(anonymous_86)
FN:978,started
FN:992,(anonymous_88)
FN:998,clickTest
FNF:90
FNH:0
FNDA:0,(anonymous_0)
FNDA:0,(anonymous_1)
FNDA:0,(anonymous_2)
FNDA:0,(anonymous_3)
FNDA:0,refresh
FNDA:0,sleep
FNDA:0,empty
FNDA:0,progressiveReadConll
FNDA:0,waitBetweenElements
FNDA:0,(anonymous_9)
FNDA:0,progressiveReadInsideConll
FNDA:0,waitBetweenElements
FNDA:0,(anonymous_12)
FNDA:0,pushAndDrawSVG
FNDA:0,(anonymous_14)
FNDA:0,(anonymous_15)
FNDA:0,readConll
FNDA:0,(anonymous_17)
FNDA:0,drawConll
FNDA:0,(anonymous_19)
FNDA:0,conllNodesToTree
FNDA:0,(anonymous_21)
FNDA:0,(anonymous_22)
FNDA:0,(anonymous_23)
FNDA:0,getSVGPath
FNDA:0,arrowhead
FNDA:0,draw
FNDA:0,(anonymous_27)
FNDA:0,(anonymous_28)
FNDA:0,(anonymous_29)
FNDA:0,(anonymous_30)
FNDA:0,(anonymous_31)
FNDA:0,(anonymous_32)
FNDA:0,(anonymous_33)
FNDA:0,(anonymous_34)
FNDA:0,(anonymous_35)
FNDA:0,(anonymous_36)
FNDA:0,(anonymous_37)
FNDA:0,(anonymous_38)
FNDA:0,update
FNDA:0,draggable
FNDA:0,(anonymous_41)
FNDA:0,dragSubject
FNDA:0,(anonymous_43)
FNDA:0,(anonymous_44)
FNDA:0,(anonymous_45)
FNDA:0,(anonymous_46)
FNDA:0,(anonymous_47)
FNDA:0,(anonymous_48)
FNDA:0,update
FNDA:0,(anonymous_50)
FNDA:0,(anonymous_51)
FNDA:0,(anonymous_52)
FNDA:0,(anonymous_53)
FNDA:0,(anonymous_54)
FNDA:0,(anonymous_55)
FNDA:0,(anonymous_56)
FNDA:0,(anonymous_57)
FNDA:0,(anonymous_58)
FNDA:0,draggable
FNDA:0,(anonymous_60)
FNDA:0,dragSubject
FNDA:0,(anonymous_62)
FNDA:0,(anonymous_63)
FNDA:0,(anonymous_64)
FNDA:0,(anonymous_65)
FNDA:0,(anonymous_66)
FNDA:0,(anonymous_67)
FNDA:0,(anonymous_68)
FNDA:0,(anonymous_69)
FNDA:0,(anonymous_70)
FNDA:0,(anonymous_71)
FNDA:0,(anonymous_72)
FNDA:0,bezierMinMax
FNDA:0,svg2Data
FNDA:0,png2Data
FNDA:0,savePng
FNDA:0,(anonymous_77)
FNDA:0,saveSvg
FNDA:0,exportPngZip
FNDA:0,(anonymous_80)
FNDA:0,(anonymous_81)
FNDA:0,exportSvgZip
FNDA:0,(anonymous_83)
FNDA:0,(anonymous_84)
FNDA:0,(anonymous_85)
FNDA:0,(anonymous_86)
FNDA:0,started
FNDA:0,(anonymous_88)
FNDA:0,clickTest
DA:1,0
DA:20,0
DA:23,0
DA:24,0
DA:25,0
DA:26,0
DA:27,0
DA:28,0
DA:29,0
DA:30,0
DA:31,0
DA:32,0
DA:33,0
DA:34,0
DA:35,0
DA:36,0
DA:37,0
DA:42,0
DA:45,0
DA:48,0
DA:49,0
DA:52,0
DA:54,0
DA:57,0
DA:59,0
DA:60,0
DA:61,0
DA:62,0
DA:63,0
DA:64,0
DA:66,0
DA:67,0
DA:68,0
DA:69,0
DA:70,0
DA:71,0
DA:76,0
DA:77,0
DA:78,0
DA:79,0
DA:84,0
DA:85,0
DA:86,0
DA:87,0
DA:88,0
DA:92,0
DA:93,0
DA:94,0
DA:95,0
DA:101,0
DA:102,0
DA:103,0
DA:104,0
DA:105,0
DA:106,0
DA:107,0
DA:113,0
DA:114,0
DA:116,0
DA:118,0
DA:119,0
DA:120,0
DA:121,0
DA:126,0
DA:131,0
DA:133,0
DA:135,0
DA:137,0
DA:138,0
DA:139,0
DA:143,0
DA:147,0
DA:148,0
DA:149,0
DA:150,0
DA:153,0
DA:154,0
DA:155,0
DA:156,0
DA:157,0
DA:161,0
DA:162,0
DA:163,0
DA:164,0
DA:165,0
DA:171,0
DA:172,0
DA:173,0
DA:175,0
DA:185,0
DA:186,0
DA:187,0
DA:189,0
DA:191,0
DA:192,0
DA:194,0
DA:211,0
DA:212,0
DA:213,0
DA:214,0
DA:215,0
DA:216,0
DA:220,0
DA:221,0
DA:222,0
DA:225,0
DA:226,0
DA:227,0
DA:228,0
DA:229,0
DA:233,0
DA:235,0
DA:236,0
DA:238,0
DA:239,0
DA:249,0
DA:250,0
DA:252,0
DA:253,0
DA:254,0
DA:255,0
DA:256,0
DA:257,0
DA:258,0
DA:259,0
DA:260,0
DA:261,0
DA:262,0
DA:264,0
DA:265,0
DA:267,0
DA:268,0
DA:269,0
DA:270,0
DA:272,0
DA:273,0
DA:274,0
DA:275,0
DA:276,0
DA:277,0
DA:278,0
DA:279,0
DA:280,0
DA:281,0
DA:282,0
DA:283,0
DA:284,0
DA:285,0
DA:286,0
DA:287,0
DA:288,0
DA:290,0
DA:291,0
DA:292,0
DA:293,0
DA:295,0
DA:296,0
DA:298,0
DA:299,0
DA:300,0
DA:306,0
DA:307,0
DA:308,0
DA:309,0
DA:310,0
DA:313,0
DA:314,0
DA:317,0
DA:318,0
DA:320,0
DA:322,0
DA:324,0
DA:325,0
DA:327,0
DA:328,0
DA:329,0
DA:330,0
DA:332,0
DA:335,0
DA:339,0
DA:340,0
DA:341,0
DA:342,0
DA:343,0
DA:345,0
DA:348,0
DA:355,0
DA:356,0
DA:357,0
DA:358,0
DA:359,0
DA:360,0
DA:361,0
DA:362,0
DA:363,0
DA:364,0
DA:365,0
DA:366,0
DA:367,0
DA:368,0
DA:369,0
DA:371,0
DA:377,0
DA:378,0
DA:379,0
DA:380,0
DA:381,0
DA:382,0
DA:389,0
DA:390,0
DA:391,0
DA:392,0
DA:395,0
DA:397,0
DA:398,0
DA:403,0
DA:405,0
DA:407,0
DA:408,0
DA:410,0
DA:411,0
DA:412,0
DA:413,0
DA:414,0
DA:415,0
DA:416,0
DA:417,0
DA:421,0
DA:424,0
DA:425,0
DA:426,0
DA:427,0
DA:428,0
DA:431,0
DA:433,0
DA:434,0
DA:438,0
DA:439,0
DA:443,0
DA:446,0
DA:448,0
DA:449,0
DA:453,0
DA:455,0
DA:457,0
DA:459,0
DA:460,0
DA:461,0
DA:463,0
DA:464,0
DA:467,0
DA:468,0
DA:469,0
DA:474,0
DA:475,0
DA:479,0
DA:480,0
DA:484,0
DA:485,0
DA:486,0
DA:487,0
DA:488,0
DA:490,0
DA:491,0
DA:492,0
DA:493,0
DA:494,0
DA:495,0
DA:496,0
DA:497,0
DA:504,0
DA:509,0
DA:510,0
DA:512,0
DA:513,0
DA:514,0
DA:516,0
DA:520,0
DA:521,0
DA:536,0
DA:537,0
DA:539,0
DA:540,0
DA:541,0
DA:547,0
DA:548,0
DA:549,0
DA:550,0
DA:553,0
DA:554,0
DA:557,0
DA:563,0
DA:564,0
DA:565,0
DA:566,0
DA:567,0
DA:571,0
DA:572,0
DA:573,0
DA:574,0
DA:578,0
DA:579,0
DA:582,0
DA:587,0
DA:588,0
DA:589,0
DA:590,0
DA:591,0
DA:592,0
DA:593,0
DA:645,0
DA:649,0
DA:653,0
DA:657,0
DA:658,0
DA:659,0
DA:660,0
DA:663,0
DA:665,0
DA:669,0
DA:670,0
DA:671,0
DA:672,0
DA:685,0
DA:687,0
DA:688,0
DA:689,0
DA:695,0
DA:696,0
DA:697,0
DA:698,0
DA:701,0
DA:702,0
DA:705,0
DA:712,0
DA:713,0
DA:714,0
DA:715,0
DA:719,0
DA:720,0
DA:721,0
DA:725,0
DA:729,0
DA:735,0
DA:737,0
DA:738,0
DA:740,0
DA:741,0
DA:742,0
DA:743,0
DA:744,0
DA:745,0
DA:750,0
DA:752,0
DA:753,0
DA:755,0
DA:756,0
DA:757,0
DA:758,0
DA:759,0
DA:761,0
DA:763,0
DA:764,0
DA:769,0
DA:770,0
DA:772,0
DA:773,0
DA:774,0
DA:780,0
DA:782,0
DA:783,0
DA:784,0
DA:785,0
DA:786,0
DA:788,0
DA:789,0
DA:790,0
DA:792,0
DA:793,0
DA:794,0
DA:796,0
DA:797,0
DA:798,0
DA:800,0
DA:802,0
DA:803,0
DA:804,0
DA:806,0
DA:807,0
DA:808,0
DA:809,0
DA:811,0
DA:812,0
DA:813,0
DA:817,0
DA:818,0
DA:819,0
DA:820,0
DA:821,0
DA:822,0
DA:825,0
DA:826,0
DA:828,0
DA:835,0
DA:836,0
DA:837,0
DA:838,0
DA:842,0
DA:843,0
DA:844,0
DA:845,0
DA:847,0
DA:854,0
DA:855,0
DA:856,0
DA:857,0
DA:862,0
DA:863,0
DA:864,0
DA:865,0
DA:866,0
DA:867,0
DA:868,0
DA:869,0
DA:870,0
DA:871,0
DA:872,0
DA:873,0
DA:874,0
DA:875,0
DA:876,0
DA:877,0
DA:878,0
DA:879,0
DA:880,0
DA:883,0
DA:888,0
DA:889,0
DA:890,0
DA:891,0
DA:892,0
DA:894,0
DA:898,0
DA:899,0
DA:900,0
DA:901,0
DA:904,0
DA:905,0
DA:907,0
DA:909,0
DA:911,0
DA:912,0
DA:913,0
DA:914,0
DA:915,0
DA:916,0
DA:917,0
DA:918,0
DA:919,0
DA:925,0
DA:926,0
DA:927,0
DA:928,0
DA:929,0
DA:930,0
DA:931,0
DA:932,0
DA:933,0
DA:935,0
DA:937,0
DA:942,0
DA:943,0
DA:944,0
DA:945,0
DA:946,0
DA:947,0
DA:959,0
DA:961,0
DA:965,0
DA:966,0
DA:969,0
DA:970,0
DA:978,0
DA:992,0
DA:993,0
DA:994,0
DA:996,0
DA:1000,0
LF:488
LH:0
BRDA:57,0,0,0
BRDA:57,1,0,0
BRDA:59,2,0,0
BRDA:59,2,1,0
BRDA:60,3,0,0
BRDA:60,3,1,0
BRDA:76,4,0,0
BRDA:76,5,0,0
BRDA:77,6,0,0
BRDA:77,6,1,0
BRDA:78,7,0,0
BRDA:78,7,1,0
BRDA:94,8,0,0
BRDA:94,8,1,0
BRDA:120,9,0,0
BRDA:120,9,1,0
BRDA:138,10,0,0
BRDA:138,10,1,0
BRDA:153,11,0,0
BRDA:153,11,1,0
BRDA:161,12,0,0
BRDA:161,12,1,0
BRDA:191,13,0,0
BRDA:191,13,1,0
BRDA:227,14,0,0
BRDA:227,14,1,0
BRDA:228,15,0,0
BRDA:228,15,1,0
BRDA:235,16,0,0
BRDA:235,16,1,0
BRDA:250,17,0,0
BRDA:250,17,1,0
BRDA:259,18,0,0
BRDA:259,18,1,0
BRDA:260,19,0,0
BRDA:260,19,1,0
BRDA:267,20,0,0
BRDA:267,20,1,0
BRDA:267,21,0,0
BRDA:267,21,1,0
BRDA:268,22,0,0
BRDA:268,22,1,0
BRDA:269,23,0,0
BRDA:269,23,1,0
BRDA:270,24,0,0
BRDA:270,24,1,0
BRDA:274,25,0,0
BRDA:274,25,1,0
BRDA:281,26,0,0
BRDA:281,26,1,0
BRDA:282,27,0,0
BRDA:282,27,1,0
BRDA:286,28,0,0
BRDA:286,28,1,0
BRDA:291,29,0,0
BRDA:291,29,1,0
BRDA:296,30,0,0
BRDA:296,30,1,0
BRDA:306,31,0,0
BRDA:306,31,1,0
BRDA:309,32,0,0
BRDA:309,32,1,0
BRDA:313,33,0,0
BRDA:313,33,1,0
BRDA:318,34,0,0
BRDA:318,34,1,0
BRDA:318,35,0,0
BRDA:318,35,1,0
BRDA:320,36,0,0
BRDA:320,36,1,0
BRDA:325,37,0,0
BRDA:325,37,1,0
BRDA:329,38,0,0
BRDA:329,38,1,0
BRDA:342,39,0,0
BRDA:342,39,1,0
BRDA:343,40,0,0
BRDA:343,40,1,0
BRDA:343,41,0,0
BRDA:343,41,1,0
BRDA:343,42,0,0
BRDA:343,42,1,0
BRDA:358,43,0,0
BRDA:358,43,1,0
BRDA:360,44,0,0
BRDA:360,44,1,0
BRDA:361,45,0,0
BRDA:361,45,1,0
BRDA:397,46,0,0
BRDA:397,46,1,0
BRDA:431,47,0,0
BRDA:431,47,1,0
BRDA:453,48,0,0
BRDA:453,48,1,0
BRDA:464,49,0,0
BRDA:464,49,1,0
BRDA:480,50,0,0
BRDA:480,50,1,0
BRDA:548,51,0,0
BRDA:548,51,1,0
BRDA:549,52,0,0
BRDA:549,52,1,0
BRDA:564,53,0,0
BRDA:564,53,1,0
BRDA:572,54,0,0
BRDA:572,54,1,0
BRDA:660,55,0,0
BRDA:660,55,1,0
BRDA:696,56,0,0
BRDA:696,56,1,0
BRDA:697,57,0,0
BRDA:697,57,1,0
BRDA:712,58,0,0
BRDA:712,58,1,0
BRDA:719,59,0,0
BRDA:719,59,1,0
BRDA:758,60,0,0
BRDA:758,60,1,0
BRDA:783,61,0,0
BRDA:783,61,1,0
BRDA:792,62,0,0
BRDA:792,62,1,0
BRDA:793,63,0,0
BRDA:793,63,1,0
BRDA:797,64,0,0
BRDA:797,64,1,0
BRDA:797,65,0,0
BRDA:797,65,1,0
BRDA:803,66,0,0
BRDA:803,66,1,0
BRDA:808,67,0,0
BRDA:808,67,1,0
BRDA:808,68,0,0
BRDA:808,68,1,0
BRDA:812,69,0,0
BRDA:812,69,1,0
BRDA:812,70,0,0
BRDA:812,70,1,0
BRDA:873,71,0,0
BRDA:873,71,1,0
BRDA:873,71,2,0
BRF:141
BRH:0
end_of_record
TN:
SF:src/statics/js/snap.svg-min.js
FN:19,(anonymous_0)
FN:19,(anonymous_1)
FN:19,(anonymous_2)
FN:19,(anonymous_3)
FN:19,(anonymous_4)
FN:19,(anonymous_5)
FN:19,(anonymous_6)
FN:19,(anonymous_7)
FN:19,(anonymous_8)
FN:19,(anonymous_9)
FN:19,(anonymous_10)
FN:19,(anonymous_11)
FN:19,(anonymous_12)
FN:19,(anonymous_13)
FN:19,(anonymous_14)
FN:19,(anonymous_15)
FN:19,(anonymous_16)
FN:19,(anonymous_17)
FN:19,(anonymous_18)
FN:19,(anonymous_19)
FN:19,(anonymous_20)
FN:19,(anonymous_21)
FN:19,(anonymous_22)
FN:19,(anonymous_23)
FN:19,(anonymous_24)
FN:19,(anonymous_25)
FN:19,(anonymous_26)
FN:19,(anonymous_27)
FN:19,(anonymous_28)
FN:19,(anonymous_29)
FN:19,(anonymous_30)
FN:19,(anonymous_31)
FN:19,(anonymous_32)
FN:19,(anonymous_33)
FN:19,(anonymous_34)
FN:19,(anonymous_35)
FN:19,(anonymous_36)
FN:19,(anonymous_37)
FN:19,(anonymous_38)
FN:19,(anonymous_39)
FN:19,(anonymous_40)
FN:19,(anonymous_41)
FN:19,(anonymous_42)
FN:19,(anonymous_43)
FN:19,(anonymous_44)
FN:19,(anonymous_45)
FN:19,(anonymous_46)
FN:19,(anonymous_47)
FN:19,(anonymous_48)
FN:19,(anonymous_49)
FN:19,(anonymous_50)
FN:19,(anonymous_51)
FN:19,c
FN:19,d
FN:19,e
FN:19,f
FN:19,h
FN:19,i
FN:19,d
FN:19,j
FN:19,k
FN:19,l
FN:19,m
FN:19,(anonymous_63)
FN:19,n
FN:19,o
FN:19,p
FN:19,q
FN:19,e
FN:19,f
FN:19,g
FN:19,r
FN:19,(anonymous_72)
FN:19,s
FN:19,t
FN:19,u
FN:19,v
FN:19,w
FN:19,x
FN:19,(anonymous_79)
FN:19,(anonymous_80)
FN:19,(anonymous_81)
FN:19,(anonymous_82)
FN:19,(anonymous_83)
FN:19,(anonymous_84)
FN:19,(anonymous_85)
FN:19,(anonymous_86)
FN:19,(anonymous_87)
FN:19,(anonymous_88)
FN:19,(anonymous_89)
FN:19,(anonymous_90)
FN:19,(anonymous_91)
FN:19,(anonymous_92)
FN:19,(anonymous_93)
FN:19,(anonymous_94)
FN:19,(anonymous_95)
FN:19,(anonymous_96)
FN:19,d
FN:19,(anonymous_98)
FN:19,(anonymous_99)
FN:19,(anonymous_100)
FN:19,(anonymous_101)
FN:19,(anonymous_102)
FN:19,(anonymous_103)
FN:19,(anonymous_104)
FN:19,(anonymous_105)
FN:19,(anonymous_106)
FN:19,(anonymous_107)
FN:19,(anonymous_108)
FN:19,(anonymous_109)
FN:19,(anonymous_110)
FN:19,(anonymous_111)
FN:19,(anonymous_112)
FN:19,(anonymous_113)
FN:19,(anonymous_114)
FN:19,(anonymous_115)
FN:19,(anonymous_116)
FN:19,(anonymous_117)
FN:19,(anonymous_118)
FN:19,(anonymous_119)
FN:19,(anonymous_120)
FN:19,(anonymous_121)
FN:19,(anonymous_122)
FN:19,(anonymous_123)
FN:19,(anonymous_124)
FN:19,(anonymous_125)
FN:19,(anonymous_126)
FN:19,(anonymous_127)
FN:19,(anonymous_128)
FN:19,(anonymous_129)
FN:19,(anonymous_130)
FN:19,(anonymous_131)
FN:19,(anonymous_132)
FN:19,(anonymous_133)
FN:19,(anonymous_134)
FN:19,(anonymous_135)
FN:19,(anonymous_136)
FN:19,(anonymous_137)
FN:19,(anonymous_138)
FN:19,(anonymous_139)
FN:19,(anonymous_140)
FN:19,(anonymous_141)
FN:19,(anonymous_142)
FN:19,(anonymous_143)
FN:19,(anonymous_144)
FN:19,(anonymous_145)
FN:19,h
FN:19,i
FN:19,b
FN:19,(anonymous_149)
FN:19,d
FN:19,(anonymous_151)
FN:19,j
FN:19,(anonymous_153)
FN:19,(anonymous_154)
FN:19,(anonymous_155)
FN:19,(anonymous_156)
FN:19,(anonymous_157)
FN:19,(anonymous_158)
FN:19,(anonymous_159)
FN:19,(anonymous_160)
FN:19,(anonymous_161)
FN:19,(anonymous_162)
FN:19,(anonymous_163)
FN:19,(anonymous_164)
FN:19,(anonymous_165)
FN:19,(anonymous_166)
FN:19,(anonymous_167)
FN:19,(anonymous_168)
FN:19,(anonymous_169)
FN:19,(anonymous_170)
FN:19,(anonymous_171)
FN:19,(anonymous_172)
FN:19,(anonymous_173)
FN:19,(anonymous_174)
FN:19,(anonymous_175)
FN:19,(anonymous_176)
FN:19,(anonymous_177)
FN:19,(anonymous_178)
FN:19,(anonymous_179)
FN:19,(anonymous_180)
FN:20,(anonymous_181)
FN:20,h
FN:20,(anonymous_183)
FN:20,(anonymous_184)
FN:20,(anonymous_185)
FN:20,(anonymous_186)
FN:20,(anonymous_187)
FN:20,(anonymous_188)
FN:20,(anonymous_189)
FN:20,(anonymous_190)
FN:20,(anonymous_191)
FN:20,(anonymous_192)
FN:20,(anonymous_193)
FN:20,(anonymous_194)
FN:20,(anonymous_195)
FN:20,(anonymous_196)
FN:20,f
FN:20,(anonymous_198)
FN:20,c
FN:20,d
FN:20,(anonymous_201)
FN:20,(anonymous_202)
FN:20,(anonymous_203)
FN:20,(anonymous_204)
FN:20,(anonymous_205)
FN:20,(anonymous_206)
FN:20,(anonymous_207)
FN:20,(anonymous_208)
FN:20,(anonymous_209)
FN:20,(anonymous_210)
FN:20,(anonymous_211)
FN:20,(anonymous_212)
FN:20,(anonymous_213)
FN:20,(anonymous_214)
FN:20,(anonymous_215)
FN:20,(anonymous_216)
FN:20,(anonymous_217)
FN:20,(anonymous_218)
FN:20,(anonymous_219)
FN:20,(anonymous_220)
FN:20,g
FN:20,(anonymous_222)
FN:20,h
FN:20,i
FN:20,j
FN:20,(anonymous_226)
FN:20,(anonymous_227)
FN:20,(anonymous_228)
FN:20,(anonymous_229)
FN:20,(anonymous_230)
FN:20,b
FN:20,(anonymous_232)
FN:20,(anonymous_233)
FN:20,(anonymous_234)
FN:20,(anonymous_235)
FN:20,(anonymous_236)
FN:20,(anonymous_237)
FN:20,(anonymous_238)
FN:20,(anonymous_239)
FN:20,(anonymous_240)
FN:20,(anonymous_241)
FN:20,(anonymous_242)
FN:20,(anonymous_243)
FN:20,(anonymous_244)
FN:20,(anonymous_245)
FN:20,(anonymous_246)
FN:20,c
FN:20,(anonymous_248)
FN:20,d
FN:20,(anonymous_250)
FN:20,(anonymous_251)
FN:20,(anonymous_252)
FN:20,(anonymous_253)
FN:20,(anonymous_254)
FN:20,(anonymous_255)
FN:20,(anonymous_256)
FN:20,(anonymous_257)
FN:20,(anonymous_258)
FN:20,(anonymous_259)
FN:20,(anonymous_260)
FN:20,(anonymous_261)
FN:20,(anonymous_262)
FN:20,(anonymous_263)
FN:20,(anonymous_264)
FN:20,(anonymous_265)
FN:20,g
FN:20,h
FN:20,(anonymous_268)
FN:20,(anonymous_269)
FN:20,(anonymous_270)
FN:20,(anonymous_271)
FN:20,(anonymous_272)
FN:20,(anonymous_273)
FN:20,(anonymous_274)
FN:20,(anonymous_275)
FN:20,(anonymous_276)
FN:20,(anonymous_277)
FN:20,(anonymous_278)
FN:20,a
FN:20,(anonymous_280)
FN:20,(anonymous_281)
FN:20,(anonymous_282)
FN:20,(anonymous_283)
FN:20,(anonymous_284)
FN:20,(anonymous_285)
FN:20,(anonymous_286)
FN:20,(anonymous_287)
FN:20,(anonymous_288)
FN:20,(anonymous_289)
FN:20,(anonymous_290)
FN:20,(anonymous_291)
FN:20,(anonymous_292)
FN:20,(anonymous_293)
FN:20,(anonymous_294)
FN:20,(anonymous_295)
FN:20,(anonymous_296)
FN:20,d
FN:20,e
FN:20,f
FN:20,g
FN:20,i
FN:20,j
FN:20,k
FN:20,(anonymous_304)
FN:20,(anonymous_305)
FN:20,(anonymous_306)
FN:20,(anonymous_307)
FN:20,(anonymous_308)
FN:20,(anonymous_309)
FN:20,(anonymous_310)
FN:20,e
FN:20,(anonymous_312)
FN:20,f
FN:20,g
FN:20,h
FN:20,i
FN:20,j
FN:20,e
FN:20,(anonymous_319)
FN:20,k
FN:20,l
FN:20,m
FN:20,n
FN:20,o
FN:20,p
FN:20,q
FN:20,r
FN:20,s
FN:20,t
FN:20,u
FN:20,v
FN:20,w
FN:20,x
FN:20,y
FN:20,z
FN:20,A
FN:20,B
FN:20,C
FN:20,D
FN:20,E
FN:20,(anonymous_341)
FN:20,F
FN:20,G
FN:20,(anonymous_344)
FN:20,(anonymous_345)
FN:20,(anonymous_346)
FN:20,H
FN:20,I
FN:20,(anonymous_349)
FN:20,(anonymous_350)
FN:20,(anonymous_351)
FN:21,(anonymous_352)
FN:21,(anonymous_353)
FN:21,(anonymous_354)
FN:21,(anonymous_355)
FN:21,(anonymous_356)
FN:21,(anonymous_357)
FN:21,(anonymous_358)
FN:21,(anonymous_359)
FN:21,(anonymous_360)
FN:21,(anonymous_361)
FN:21,(anonymous_362)
FN:21,(anonymous_363)
FN:21,(anonymous_364)
FN:21,(anonymous_365)
FN:21,(anonymous_366)
FN:21,(anonymous_367)
FN:21,(anonymous_368)
FN:21,(anonymous_369)
FN:21,(anonymous_370)
FN:21,(anonymous_371)
FN:21,(anonymous_372)
FN:21,(anonymous_373)
FN:21,(anonymous_374)
FN:21,(anonymous_375)
FN:21,(anonymous_376)
FN:21,(anonymous_377)
FN:21,(anonymous_378)
FN:21,(anonymous_379)
FN:21,(anonymous_380)
FN:21,(anonymous_381)
FN:21,(anonymous_382)
FN:21,(anonymous_383)
FN:21,(anonymous_384)
FN:21,(anonymous_385)
FN:21,(anonymous_386)
FN:21,f
FN:21,g
FN:21,h
FN:21,i
FN:21,(anonymous_391)
FN:21,j
FN:21,k
FN:21,l
FN:21,m
FN:21,n
FN:21,o
FN:21,(anonymous_398)
FN:21,(anonymous_399)
FN:21,(anonymous_400)
FN:21,(anonymous_401)
FN:21,(anonymous_402)
FN:21,(anonymous_403)
FN:21,(anonymous_404)
FN:21,(anonymous_405)
FN:21,(anonymous_406)
FN:21,(anonymous_407)
FN:21,(anonymous_408)
FN:21,(anonymous_409)
FN:21,(anonymous_410)
FN:21,(anonymous_411)
FN:21,(anonymous_412)
FN:21,(anonymous_413)
FN:21,(anonymous_414)
FN:21,(anonymous_415)
FN:21,(anonymous_416)
FN:21,i
FN:21,j
FN:21,(anonymous_419)
FN:21,(anonymous_420)
FN:21,(anonymous_421)
FN:21,(anonymous_422)
FN:21,(anonymous_423)
FN:21,(anonymous_424)
FN:21,(anonymous_425)
FN:21,(anonymous_426)
FN:21,(anonymous_427)
FN:21,(anonymous_428)
FN:21,(anonymous_429)
FN:21,(anonymous_430)
FN:21,(anonymous_431)
FN:21,(anonymous_432)
FN:21,(anonymous_433)
FN:21,(anonymous_434)
FN:21,(anonymous_435)
FN:21,(anonymous_436)
FN:21,(anonymous_437)
FN:21,(anonymous_438)
FN:21,(anonymous_439)
FN:21,(anonymous_440)
FN:21,(anonymous_441)
FN:21,(anonymous_442)
FN:21,(anonymous_443)
FN:21,(anonymous_444)
FN:21,(anonymous_445)
FN:21,(anonymous_446)
FN:21,(anonymous_447)
FN:21,(anonymous_448)
FN:21,f
FN:21,(anonymous_450)
FNF:451
FNH:0
FNDA:0,(anonymous_0)
FNDA:0,(anonymous_1)
FNDA:0,(anonymous_2)
FNDA:0,(anonymous_3)
FNDA:0,(anonymous_4)
FNDA:0,(anonymous_5)
FNDA:0,(anonymous_6)
FNDA:0,(anonymous_7)
FNDA:0,(anonymous_8)
FNDA:0,(anonymous_9)
FNDA:0,(anonymous_10)
FNDA:0,(anonymous_11)
FNDA:0,(anonymous_12)
FNDA:0,(anonymous_13)
FNDA:0,(anonymous_14)
FNDA:0,(anonymous_15)
FNDA:0,(anonymous_16)
FNDA:0,(anonymous_17)
FNDA:0,(anonymous_18)
FNDA:0,(anonymous_19)
FNDA:0,(anonymous_20)
FNDA:0,(anonymous_21)
FNDA:0,(anonymous_22)
FNDA:0,(anonymous_23)
FNDA:0,(anonymous_24)
FNDA:0,(anonymous_25)
FNDA:0,(anonymous_26)
FNDA:0,(anonymous_27)
FNDA:0,(anonymous_28)
FNDA:0,(anonymous_29)
FNDA:0,(anonymous_30)
FNDA:0,(anonymous_31)
FNDA:0,(anonymous_32)
FNDA:0,(anonymous_33)
FNDA:0,(anonymous_34)
FNDA:0,(anonymous_35)
FNDA:0,(anonymous_36)
FNDA:0,(anonymous_37)
FNDA:0,(anonymous_38)
FNDA:0,(anonymous_39)
FNDA:0,(anonymous_40)
FNDA:0,(anonymous_41)
FNDA:0,(anonymous_42)
FNDA:0,(anonymous_43)
FNDA:0,(anonymous_44)
FNDA:0,(anonymous_45)
FNDA:0,(anonymous_46)
FNDA:0,(anonymous_47)
FNDA:0,(anonymous_48)
FNDA:0,(anonymous_49)
FNDA:0,(anonymous_50)
FNDA:0,(anonymous_51)
FNDA:0,c
FNDA:0,d
FNDA:0,e
FNDA:0,f
FNDA:0,h
FNDA:0,i
FNDA:0,d
FNDA:0,j
FNDA:0,k
FNDA:0,l
FNDA:0,m
FNDA:0,(anonymous_63)
FNDA:0,n
FNDA:0,o
FNDA:0,p
FNDA:0,q
FNDA:0,e
FNDA:0,f
FNDA:0,g
FNDA:0,r
FNDA:0,(anonymous_72)
FNDA:0,s
FNDA:0,t
FNDA:0,u
FNDA:0,v
FNDA:0,w
FNDA:0,x
FNDA:0,(anonymous_79)
FNDA:0,(anonymous_80)
FNDA:0,(anonymous_81)
FNDA:0,(anonymous_82)
FNDA:0,(anonymous_83)
FNDA:0,(anonymous_84)
FNDA:0,(anonymous_85)
FNDA:0,(anonymous_86)
FNDA:0,(anonymous_87)
FNDA:0,(anonymous_88)
FNDA:0,(anonymous_89)
FNDA:0,(anonymous_90)
FNDA:0,(anonymous_91)
FNDA:0,(anonymous_92)
FNDA:0,(anonymous_93)
FNDA:0,(anonymous_94)
FNDA:0,(anonymous_95)
FNDA:0,(anonymous_96)
FNDA:0,d
FNDA:0,(anonymous_98)
FNDA:0,(anonymous_99)
FNDA:0,(anonymous_100)
FNDA:0,(anonymous_101)
FNDA:0,(anonymous_102)
FNDA:0,(anonymous_103)
FNDA:0,(anonymous_104)
FNDA:0,(anonymous_105)
FNDA:0,(anonymous_106)
FNDA:0,(anonymous_107)
FNDA:0,(anonymous_108)
FNDA:0,(anonymous_109)
FNDA:0,(anonymous_110)
FNDA:0,(anonymous_111)
FNDA:0,(anonymous_112)
FNDA:0,(anonymous_113)
FNDA:0,(anonymous_114)
FNDA:0,(anonymous_115)
FNDA:0,(anonymous_116)
FNDA:0,(anonymous_117)
FNDA:0,(anonymous_118)
FNDA:0,(anonymous_119)
FNDA:0,(anonymous_120)
FNDA:0,(anonymous_121)
FNDA:0,(anonymous_122)
FNDA:0,(anonymous_123)
FNDA:0,(anonymous_124)
FNDA:0,(anonymous_125)
FNDA:0,(anonymous_126)
FNDA:0,(anonymous_127)
FNDA:0,(anonymous_128)
FNDA:0,(anonymous_129)
FNDA:0,(anonymous_130)
FNDA:0,(anonymous_131)
FNDA:0,(anonymous_132)
FNDA:0,(anonymous_133)
FNDA:0,(anonymous_134)
FNDA:0,(anonymous_135)
FNDA:0,(anonymous_136)
FNDA:0,(anonymous_137)
FNDA:0,(anonymous_138)
FNDA:0,(anonymous_139)
FNDA:0,(anonymous_140)
FNDA:0,(anonymous_141)
FNDA:0,(anonymous_142)
FNDA:0,(anonymous_143)
FNDA:0,(anonymous_144)
FNDA:0,(anonymous_145)
FNDA:0,h
FNDA:0,i
FNDA:0,b
FNDA:0,(anonymous_149)
FNDA:0,d
FNDA:0,(anonymous_151)
FNDA:0,j
FNDA:0,(anonymous_153)
FNDA:0,(anonymous_154)
FNDA:0,(anonymous_155)
FNDA:0,(anonymous_156)
FNDA:0,(anonymous_157)
FNDA:0,(anonymous_158)
FNDA:0,(anonymous_159)
FNDA:0,(anonymous_160)
FNDA:0,(anonymous_161)
FNDA:0,(anonymous_162)
FNDA:0,(anonymous_163)
FNDA:0,(anonymous_164)
FNDA:0,(anonymous_165)
FNDA:0,(anonymous_166)
FNDA:0,(anonymous_167)
FNDA:0,(anonymous_168)
FNDA:0,(anonymous_169)
FNDA:0,(anonymous_170)
FNDA:0,(anonymous_171)
FNDA:0,(anonymous_172)
FNDA:0,(anonymous_173)
FNDA:0,(anonymous_174)
FNDA:0,(anonymous_175)
FNDA:0,(anonymous_176)
FNDA:0,(anonymous_177)
FNDA:0,(anonymous_178)
FNDA:0,(anonymous_179)
FNDA:0,(anonymous_180)
FNDA:0,(anonymous_181)
FNDA:0,h
FNDA:0,(anonymous_183)
FNDA:0,(anonymous_184)
FNDA:0,(anonymous_185)
FNDA:0,(anonymous_186)
FNDA:0,(anonymous_187)
FNDA:0,(anonymous_188)
FNDA:0,(anonymous_189)
FNDA:0,(anonymous_190)
FNDA:0,(anonymous_191)
FNDA:0,(anonymous_192)
FNDA:0,(anonymous_193)
FNDA:0,(anonymous_194)
FNDA:0,(anonymous_195)
FNDA:0,(anonymous_196)
FNDA:0,f
FNDA:0,(anonymous_198)
FNDA:0,c
FNDA:0,d
FNDA:0,(anonymous_201)
FNDA:0,(anonymous_202)
FNDA:0,(anonymous_203)
FNDA:0,(anonymous_204)
FNDA:0,(anonymous_205)
FNDA:0,(anonymous_206)
FNDA:0,(anonymous_207)
FNDA:0,(anonymous_208)
FNDA:0,(anonymous_209)
FNDA:0,(anonymous_210)
FNDA:0,(anonymous_211)
FNDA:0,(anonymous_212)
FNDA:0,(anonymous_213)
FNDA:0,(anonymous_214)
FNDA:0,(anonymous_215)
FNDA:0,(anonymous_216)
FNDA:0,(anonymous_217)
FNDA:0,(anonymous_218)
FNDA:0,(anonymous_219)
FNDA:0,(anonymous_220)
FNDA:0,g
FNDA:0,(anonymous_222)
FNDA:0,h
FNDA:0,i
FNDA:0,j
FNDA:0,(anonymous_226)
FNDA:0,(anonymous_227)
FNDA:0,(anonymous_228)
FNDA:0,(anonymous_229)
FNDA:0,(anonymous_230)
FNDA:0,b
FNDA:0,(anonymous_232)
FNDA:0,(anonymous_233)
FNDA:0,(anonymous_234)
FNDA:0,(anonymous_235)
FNDA:0,(anonymous_236)
FNDA:0,(anonymous_237)
FNDA:0,(anonymous_238)
FNDA:0,(anonymous_239)
FNDA:0,(anonymous_240)
FNDA:0,(anonymous_241)
FNDA:0,(anonymous_242)
FNDA:0,(anonymous_243)
FNDA:0,(anonymous_244)
FNDA:0,(anonymous_245)
FNDA:0,(anonymous_246)
FNDA:0,c
FNDA:0,(anonymous_248)
FNDA:0,d
FNDA:0,(anonymous_250)
FNDA:0,(anonymous_251)
FNDA:0,(anonymous_252)
FNDA:0,(anonymous_253)
FNDA:0,(anonymous_254)
FNDA:0,(anonymous_255)
FNDA:0,(anonymous_256)
FNDA:0,(anonymous_257)
FNDA:0,(anonymous_258)
FNDA:0,(anonymous_259)
FNDA:0,(anonymous_260)
FNDA:0,(anonymous_261)
FNDA:0,(anonymous_262)
FNDA:0,(anonymous_263)
FNDA:0,(anonymous_264)
FNDA:0,(anonymous_265)
FNDA:0,g
FNDA:0,h
FNDA:0,(anonymous_268)
FNDA:0,(anonymous_269)
FNDA:0,(anonymous_270)
FNDA:0,(anonymous_271)
FNDA:0,(anonymous_272)
FNDA:0,(anonymous_273)
FNDA:0,(anonymous_274)
FNDA:0,(anonymous_275)
FNDA:0,(anonymous_276)
FNDA:0,(anonymous_277)
FNDA:0,(anonymous_278)
FNDA:0,a
FNDA:0,(anonymous_280)
FNDA:0,(anonymous_281)
FNDA:0,(anonymous_282)
FNDA:0,(anonymous_283)
FNDA:0,(anonymous_284)
FNDA:0,(anonymous_285)
FNDA:0,(anonymous_286)
FNDA:0,(anonymous_287)
FNDA:0,(anonymous_288)
FNDA:0,(anonymous_289)
FNDA:0,(anonymous_290)
FNDA:0,(anonymous_291)
FNDA:0,(anonymous_292)
FNDA:0,(anonymous_293)
FNDA:0,(anonymous_294)
FNDA:0,(anonymous_295)
FNDA:0,(anonymous_296)
FNDA:0,d
FNDA:0,e
FNDA:0,f
FNDA:0,g
FNDA:0,i
FNDA:0,j
FNDA:0,k
FNDA:0,(anonymous_304)
FNDA:0,(anonymous_305)
FNDA:0,(anonymous_306)
FNDA:0,(anonymous_307)
FNDA:0,(anonymous_308)
FNDA:0,(anonymous_309)
FNDA:0,(anonymous_310)
FNDA:0,e
FNDA:0,(anonymous_312)
FNDA:0,f
FNDA:0,g
FNDA:0,h
FNDA:0,i
FNDA:0,j
FNDA:0,e
FNDA:0,(anonymous_319)
FNDA:0,k
FNDA:0,l
FNDA:0,m
FNDA:0,n
FNDA:0,o
FNDA:0,p
FNDA:0,q
FNDA:0,r
FNDA:0,s
FNDA:0,t
FNDA:0,u
FNDA:0,v
FNDA:0,w
FNDA:0,x
FNDA:0,y
FNDA:0,z
FNDA:0,A
FNDA:0,B
FNDA:0,C
FNDA:0,D
FNDA:0,E
FNDA:0,(anonymous_341)
FNDA:0,F
FNDA:0,G
FNDA:0,(anonymous_344)
FNDA:0,(anonymous_345)
FNDA:0,(anonymous_346)
FNDA:0,H
FNDA:0,I
FNDA:0,(anonymous_349)
FNDA:0,(anonymous_350)
FNDA:0,(anonymous_351)
FNDA:0,(anonymous_352)
FNDA:0,(anonymous_353)
FNDA:0,(anonymous_354)
FNDA:0,(anonymous_355)
FNDA:0,(anonymous_356)
FNDA:0,(anonymous_357)
FNDA:0,(anonymous_358)
FNDA:0,(anonymous_359)
FNDA:0,(anonymous_360)
FNDA:0,(anonymous_361)
FNDA:0,(anonymous_362)
FNDA:0,(anonymous_363)
FNDA:0,(anonymous_364)
FNDA:0,(anonymous_365)
FNDA:0,(anonymous_366)
FNDA:0,(anonymous_367)
FNDA:0,(anonymous_368)
FNDA:0,(anonymous_369)
FNDA:0,(anonymous_370)
FNDA:0,(anonymous_371)
FNDA:0,(anonymous_372)
FNDA:0,(anonymous_373)
FNDA:0,(anonymous_374)
FNDA:0,(anonymous_375)
FNDA:0,(anonymous_376)
FNDA:0,(anonymous_377)
FNDA:0,(anonymous_378)
FNDA:0,(anonymous_379)
FNDA:0,(anonymous_380)
FNDA:0,(anonymous_381)
FNDA:0,(anonymous_382)
FNDA:0,(anonymous_383)
FNDA:0,(anonymous_384)
FNDA:0,(anonymous_385)
FNDA:0,(anonymous_386)
FNDA:0,f
FNDA:0,g
FNDA:0,h
FNDA:0,i
FNDA:0,(anonymous_391)
FNDA:0,j
FNDA:0,k
FNDA:0,l
FNDA:0,m
FNDA:0,n
FNDA:0,o
FNDA:0,(anonymous_398)
FNDA:0,(anonymous_399)
FNDA:0,(anonymous_400)
FNDA:0,(anonymous_401)
FNDA:0,(anonymous_402)
FNDA:0,(anonymous_403)
FNDA:0,(anonymous_404)
FNDA:0,(anonymous_405)
FNDA:0,(anonymous_406)
FNDA:0,(anonymous_407)
FNDA:0,(anonymous_408)
FNDA:0,(anonymous_409)
FNDA:0,(anonymous_410)
FNDA:0,(anonymous_411)
FNDA:0,(anonymous_412)
FNDA:0,(anonymous_413)
FNDA:0,(anonymous_414)
FNDA:0,(anonymous_415)
FNDA:0,(anonymous_416)
FNDA:0,i
FNDA:0,j
FNDA:0,(anonymous_419)
FNDA:0,(anonymous_420)
FNDA:0,(anonymous_421)
FNDA:0,(anonymous_422)
FNDA:0,(anonymous_423)
FNDA:0,(anonymous_424)
FNDA:0,(anonymous_425)
FNDA:0,(anonymous_426)
FNDA:0,(anonymous_427)
FNDA:0,(anonymous_428)
FNDA:0,(anonymous_429)
FNDA:0,(anonymous_430)
FNDA:0,(anonymous_431)
FNDA:0,(anonymous_432)
FNDA:0,(anonymous_433)
FNDA:0,(anonymous_434)
FNDA:0,(anonymous_435)
FNDA:0,(anonymous_436)
FNDA:0,(anonymous_437)
FNDA:0,(anonymous_438)
FNDA:0,(anonymous_439)
FNDA:0,(anonymous_440)
FNDA:0,(anonymous_441)
FNDA:0,(anonymous_442)
FNDA:0,(anonymous_443)
FNDA:0,(anonymous_444)
FNDA:0,(anonymous_445)
FNDA:0,(anonymous_446)
FNDA:0,(anonymous_447)
FNDA:0,(anonymous_448)
FNDA:0,f
FNDA:0,(anonymous_450)
DA:19,0
DA:20,0
DA:21,0
LF:3
LH:0
BRDA:19,0,0,0
BRDA:19,0,1,0
BRDA:19,1,0,0
BRDA:19,1,1,0
BRDA:19,2,0,0
BRDA:19,2,1,0
BRDA:19,3,0,0
BRDA:19,3,1,0
BRDA:19,4,0,0
BRDA:19,4,1,0
BRDA:19,5,0,0
BRDA:19,5,1,0
BRDA:19,6,0,0
BRDA:19,6,1,0
BRDA:19,7,0,0
BRDA:19,7,1,0
BRDA:19,8,0,0
BRDA:19,8,1,0
BRDA:19,9,0,0
BRDA:19,9,1,0
BRDA:19,10,0,0
BRDA:19,10,1,0
BRDA:19,11,0,0
BRDA:19,11,1,0
BRDA:19,12,0,0
BRDA:19,12,1,0
BRDA:19,13,0,0
BRDA:19,13,1,0
BRDA:19,14,0,0
BRDA:19,14,1,0
BRDA:19,15,0,0
BRDA:19,15,1,0
BRDA:19,16,0,0
BRDA:19,16,1,0
BRDA:19,17,0,0
BRDA:19,17,1,0
BRDA:19,18,0,0
BRDA:19,18,1,0
BRDA:19,19,0,0
BRDA:19,19,1,0
BRDA:19,20,0,0
BRDA:19,20,1,0
BRDA:19,21,0,0
BRDA:19,21,1,0
BRDA:19,21,2,0
BRDA:19,22,0,0
BRDA:19,22,1,0
BRDA:19,23,0,0
BRDA:19,23,1,0
BRDA:19,24,0,0
BRDA:19,24,1,0
BRDA:19,25,0,0
BRDA:19,25,1,0
BRDA:19,26,0,0
BRDA:19,26,1,0
BRDA:19,27,0,0
BRDA:19,27,1,0
BRDA:19,28,0,0
BRDA:19,28,1,0
BRDA:19,29,0,0
BRDA:19,29,1,0
BRDA:19,30,0,0
BRDA:19,30,1,0
BRDA:19,31,0,0
BRDA:19,31,1,0
BRDA:19,32,0,0
BRDA:19,32,1,0
BRDA:19,33,0,0
BRDA:19,33,1,0
BRDA:19,34,0,0
BRDA:19,34,1,0
BRDA:19,35,0,0
BRDA:19,35,1,0
BRDA:19,36,0,0
BRDA:19,36,1,0
BRDA:19,37,0,0
BRDA:19,37,1,0
BRDA:19,38,0,0
BRDA:19,38,1,0
BRDA:19,39,0,0
BRDA:19,39,1,0
BRDA:19,40,0,0
BRDA:19,40,1,0
BRDA:19,41,0,0
BRDA:19,41,1,0
BRDA:19,42,0,0
BRDA:19,42,1,0
BRDA:19,43,0,0
BRDA:19,43,1,0
BRDA:19,44,0,0
BRDA:19,44,1,0
BRDA:19,45,0,0
BRDA:19,45,1,0
BRDA:19,45,2,0
BRDA:19,46,0,0
BRDA:19,46,1,0
BRDA:19,47,0,0
BRDA:19,47,1,0
BRDA:19,48,0,0
BRDA:19,48,1,0
BRDA:19,49,0,0
BRDA:19,49,1,0
BRDA:19,50,0,0
BRDA:19,50,1,0
BRDA:19,51,0,0
BRDA:19,51,1,0
BRDA:19,52,0,0
BRDA:19,52,1,0
BRDA:19,53,0,0
BRDA:19,53,1,0
BRDA:19,54,0,0
BRDA:19,54,1,0
BRDA:19,54,2,0
BRDA:19,54,3,0
BRDA:19,54,4,0
BRDA:19,54,5,0
BRDA:19,55,0,0
BRDA:19,55,1,0
BRDA:19,56,0,0
BRDA:19,56,1,0
BRDA:19,57,0,0
BRDA:19,57,1,0
BRDA:19,58,0,0
BRDA:19,58,1,0
BRDA:19,59,0,0
BRDA:19,59,1,0
BRDA:19,60,0,0
BRDA:19,60,1,0
BRDA:19,61,0,0
BRDA:19,61,1,0
BRDA:19,62,0,0
BRDA:19,62,1,0
BRDA:19,63,0,0
BRDA:19,63,1,0
BRDA:19,64,0,0
BRDA:19,64,1,0
BRDA:19,65,0,0
BRDA:19,65,1,0
BRDA:19,66,0,0
BRDA:19,66,1,0
BRDA:19,67,0,0
BRDA:19,67,1,0
BRDA:19,68,0,0
BRDA:19,68,1,0
BRDA:19,69,0,0
BRDA:19,69,1,0
BRDA:19,70,0,0
BRDA:19,70,1,0
BRDA:19,71,0,0
BRDA:19,71,1,0
BRDA:19,72,0,0
BRDA:19,72,1,0
BRDA:19,73,0,0
BRDA:19,73,1,0
BRDA:19,74,0,0
BRDA:19,74,1,0
BRDA:19,75,0,0
BRDA:19,75,1,0
BRDA:19,76,0,0
BRDA:19,76,1,0
BRDA:19,77,0,0
BRDA:19,77,1,0
BRDA:19,78,0,0
BRDA:19,78,1,0
BRDA:19,79,0,0
BRDA:19,79,1,0
BRDA:19,80,0,0
BRDA:19,80,1,0
BRDA:19,81,0,0
BRDA:19,81,1,0
BRDA:19,82,0,0
BRDA:19,82,1,0
BRDA:19,83,0,0
BRDA:19,83,1,0
BRDA:19,84,0,0
BRDA:19,84,1,0
BRDA:19,85,0,0
BRDA:19,85,1,0
BRDA:19,86,0,0
BRDA:19,86,1,0
BRDA:19,87,0,0
BRDA:19,87,1,0
BRDA:19,88,0,0
BRDA:19,88,1,0
BRDA:19,89,0,0
BRDA:19,89,1,0
BRDA:19,90,0,0
BRDA:19,90,1,0
BRDA:19,91,0,0
BRDA:19,91,1,0
BRDA:19,92,0,0
BRDA:19,92,1,0
BRDA:19,93,0,0
BRDA:19,93,1,0
BRDA:19,94,0,0
BRDA:19,94,1,0
BRDA:19,95,0,0
BRDA:19,95,1,0
BRDA:19,96,0,0
BRDA:19,96,1,0
BRDA:19,96,2,0
BRDA:19,97,0,0
BRDA:19,97,1,0
BRDA:19,98,0,0
BRDA:19,98,1,0
BRDA:19,98,2,0
BRDA:19,99,0,0
BRDA:19,99,1,0
BRDA:19,100,0,0
BRDA:19,100,1,0
BRDA:19,101,0,0
BRDA:19,101,1,0
BRDA:19,102,0,0
BRDA:19,102,1,0
BRDA:19,103,0,0
BRDA:19,103,1,0
BRDA:19,104,0,0
BRDA:19,104,1,0
BRDA:19,105,0,0
BRDA:19,105,1,0
BRDA:19,106,0,0
BRDA:19,106,1,0
BRDA:19,107,0,0
BRDA:19,107,1,0
BRDA:19,108,0,0
BRDA:19,108,1,0
BRDA:19,109,0,0
BRDA:19,109,1,0
BRDA:19,110,0,0
BRDA:19,110,1,0
BRDA:19,111,0,0
BRDA:19,111,1,0
BRDA:19,112,0,0
BRDA:19,112,1,0
BRDA:19,112,2,0
BRDA:19,112,3,0
BRDA:19,113,0,0
BRDA:19,113,1,0
BRDA:19,113,2,0
BRDA:19,113,3,0
BRDA:19,113,4,0
BRDA:19,113,5,0
BRDA:19,113,6,0
BRDA:19,114,0,0
BRDA:19,114,1,0
BRDA:19,115,0,0
BRDA:19,115,1,0
BRDA:19,116,0,0
BRDA:19,116,1,0
BRDA:19,117,0,0
BRDA:19,117,1,0
BRDA:19,118,0,0
BRDA:19,118,1,0
BRDA:19,119,0,0
BRDA:19,119,1,0
BRDA:19,120,0,0
BRDA:19,120,1,0
BRDA:19,121,0,0
BRDA:19,121,1,0
BRDA:19,122,0,0
BRDA:19,122,1,0
BRDA:19,123,0,0
BRDA:19,123,1,0
BRDA:19,124,0,0
BRDA:19,124,1,0
BRDA:19,125,0,0
BRDA:19,125,1,0
BRDA:19,126,0,0
BRDA:19,126,1,0
BRDA:19,127,0,0
BRDA:19,127,1,0
BRDA:19,127,2,0
BRDA:19,128,0,0
BRDA:19,128,1,0
BRDA:19,129,0,0
BRDA:19,129,1,0
BRDA:19,130,0,0
BRDA:19,130,1,0
BRDA:19,131,0,0
BRDA:19,131,1,0
BRDA:19,132,0,0
BRDA:19,132,1,0
BRDA:19,133,0,0
BRDA:19,133,1,0
BRDA:19,134,0,0
BRDA:19,134,1,0
BRDA:19,135,0,0
BRDA:19,135,1,0
BRDA:19,136,0,0
BRDA:19,136,1,0
BRDA:19,137,0,0
BRDA:19,137,1,0
BRDA:19,138,0,0
BRDA:19,138,1,0
BRDA:19,139,0,0
BRDA:19,139,1,0
BRDA:19,140,0,0
BRDA:19,140,1,0
BRDA:19,141,0,0
BRDA:19,141,1,0
BRDA:19,142,0,0
BRDA:19,142,1,0
BRDA:19,143,0,0
BRDA:19,143,1,0
BRDA:19,144,0,0
BRDA:19,144,1,0
BRDA:19,145,0,0
BRDA:19,145,1,0
BRDA:19,146,0,0
BRDA:19,146,1,0
BRDA:19,147,0,0
BRDA:19,147,1,0
BRDA:19,148,0,0
BRDA:19,148,1,0
BRDA:19,149,0,0
BRDA:19,149,1,0
BRDA:19,150,0,0
BRDA:19,150,1,0
BRDA:19,151,0,0
BRDA:19,151,1,0
BRDA:19,152,0,0
BRDA:19,152,1,0
BRDA:19,153,0,0
BRDA:19,153,1,0
BRDA:19,154,0,0
BRDA:19,154,1,0
BRDA:19,154,2,0
BRDA:19,155,0,0
BRDA:19,155,1,0
BRDA:19,155,2,0
BRDA:19,155,3,0
BRDA:19,155,4,0
BRDA:19,155,5,0
BRDA:19,156,0,0
BRDA:19,156,1,0
BRDA:19,157,0,0
BRDA:19,157,1,0
BRDA:19,158,0,0
BRDA:19,158,1,0
BRDA:19,158,2,0
BRDA:19,159,0,0
BRDA:19,159,1,0
BRDA:19,160,0,0
BRDA:19,160,1,0
BRDA:19,161,0,0
BRDA:19,161,1,0
BRDA:19,162,0,0
BRDA:19,162,1,0
BRDA:19,163,0,0
BRDA:19,163,1,0
BRDA:19,164,0,0
BRDA:19,164,1,0
BRDA:19,165,0,0
BRDA:19,165,1,0
BRDA:19,166,0,0
BRDA:19,166,1,0
BRDA:19,167,0,0
BRDA:19,167,1,0
BRDA:19,168,0,0
BRDA:19,168,1,0
BRDA:19,168,2,0
BRDA:19,168,3,0
BRDA:19,168,4,0
BRDA:19,168,5,0
BRDA:19,168,6,0
BRDA:19,168,7,0
BRDA:19,168,8,0
BRDA:19,168,9,0
BRDA:19,169,0,0
BRDA:19,169,1,0
BRDA:19,170,0,0
BRDA:19,170,1,0
BRDA:19,171,0,0
BRDA:19,171,1,0
BRDA:19,172,0,0
BRDA:19,172,1,0
BRDA:19,173,0,0
BRDA:19,173,1,0
BRDA:19,174,0,0
BRDA:19,174,1,0
BRDA:19,175,0,0
BRDA:19,175,1,0
BRDA:19,176,0,0
BRDA:19,176,1,0
BRDA:19,177,0,0
BRDA:19,177,1,0
BRDA:19,178,0,0
BRDA:19,178,1,0
BRDA:19,179,0,0
BRDA:19,179,1,0
BRDA:19,179,2,0
BRDA:19,180,0,0
BRDA:19,180,1,0
BRDA:19,181,0,0
BRDA:19,181,1,0
BRDA:19,182,0,0
BRDA:19,182,1,0
BRDA:19,183,0,0
BRDA:19,183,1,0
BRDA:19,184,0,0
BRDA:19,184,1,0
BRDA:19,185,0,0
BRDA:19,185,1,0
BRDA:19,186,0,0
BRDA:19,186,1,0
BRDA:19,187,0,0
BRDA:19,187,1,0
BRDA:19,188,0,0
BRDA:19,188,1,0
BRDA:19,189,0,0
BRDA:19,189,1,0
BRDA:19,190,0,0
BRDA:19,190,1,0
BRDA:19,190,2,0
BRDA:19,191,0,0
BRDA:19,191,1,0
BRDA:19,192,0,0
BRDA:19,192,1,0
BRDA:19,193,0,0
BRDA:19,193,1,0
BRDA:19,194,0,0
BRDA:19,194,1,0
BRDA:19,195,0,0
BRDA:19,195,1,0
BRDA:19,196,0,0
BRDA:19,196,1,0
BRDA:19,197,0,0
BRDA:19,197,1,0
BRDA:19,197,2,0
BRDA:19,198,0,0
BRDA:19,198,1,0
BRDA:19,199,0,0
BRDA:19,199,1,0
BRDA:19,200,0,0
BRDA:19,200,1,0
BRDA:19,201,0,0
BRDA:19,201,1,0
BRDA:19,202,0,0
BRDA:19,202,1,0
BRDA:19,203,0,0
BRDA:19,203,1,0
BRDA:19,204,0,0
BRDA:19,204,1,0
BRDA:19,205,0,0
BRDA:19,205,1,0
BRDA:19,206,0,0
BRDA:19,206,1,0
BRDA:19,207,0,0
BRDA:19,207,1,0
BRDA:19,208,0,0
BRDA:19,208,1,0
BRDA:19,209,0,0
BRDA:19,209,1,0
BRDA:19,210,0,0
BRDA:19,210,1,0
BRDA:19,211,0,0
BRDA:19,211,1,0
BRDA:19,212,0,0
BRDA:19,212,1,0
BRDA:19,213,0,0
BRDA:19,213,1,0
BRDA:19,214,0,0
BRDA:19,214,1,0
BRDA:19,215,0,0
BRDA:19,215,1,0
BRDA:19,216,0,0
BRDA:19,216,1,0
BRDA:19,217,0,0
BRDA:19,217,1,0
BRDA:19,218,0,0
BRDA:19,218,1,0
BRDA:19,219,0,0
BRDA:19,219,1,0
BRDA:19,220,0,0
BRDA:19,220,1,0
BRDA:19,221,0,0
BRDA:19,221,1,0
BRDA:19,222,0,0
BRDA:19,222,1,0
BRDA:19,223,0,0
BRDA:19,223,1,0
BRDA:19,224,0,0
BRDA:19,224,1,0
BRDA:19,224,2,0
BRDA:19,225,0,0
BRDA:19,225,1,0
BRDA:19,226,0,0
BRDA:19,226,1,0
BRDA:19,227,0,0
BRDA:19,227,1,0
BRDA:19,228,0,0
BRDA:19,228,1,0
BRDA:19,229,0,0
BRDA:19,229,1,0
BRDA:19,229,2,0
BRDA:19,230,0,0
BRDA:19,230,1,0
BRDA:19,231,0,0
BRDA:19,231,1,0
BRDA:19,231,2,0
BRDA:19,232,0,0
BRDA:19,232,1,0
BRDA:19,233,0,0
BRDA:19,233,1,0
BRDA:19,234,0,0
BRDA:19,234,1,0
BRDA:19,235,0,0
BRDA:19,235,1,0
BRDA:19,236,0,0
BRDA:19,236,1,0
BRDA:19,236,2,0
BRDA:19,237,0,0
BRDA:19,237,1,0
BRDA:19,238,0,0
BRDA:19,238,1,0
BRDA:19,238,2,0
BRDA:19,239,0,0
BRDA:19,239,1,0
BRDA:19,240,0,0
BRDA:19,240,1,0
BRDA:19,241,0,0
BRDA:19,241,1,0
BRDA:19,242,0,0
BRDA:19,242,1,0
BRDA:19,243,0,0
BRDA:19,243,1,0
BRDA:19,244,0,0
BRDA:19,244,1,0
BRDA:19,245,0,0
BRDA:19,245,1,0
BRDA:19,246,0,0
BRDA:19,246,1,0
BRDA:19,247,0,0
BRDA:19,247,1,0
BRDA:19,247,2,0
BRDA:19,247,3,0
BRDA:19,247,4,0
BRDA:19,247,5,0
BRDA:19,248,0,0
BRDA:19,248,1,0
BRDA:19,249,0,0
BRDA:19,249,1,0
BRDA:19,249,2,0
BRDA:19,249,3,0
BRDA:19,250,0,0
BRDA:19,250,1,0
BRDA:19,251,0,0
BRDA:19,251,1,0
BRDA:19,252,0,0
BRDA:19,252,1,0
BRDA:19,253,0,0
BRDA:19,253,1,0
BRDA:19,253,2,0
BRDA:19,253,3,0
BRDA:19,254,0,0
BRDA:19,254,1,0
BRDA:19,255,0,0
BRDA:19,255,1,0
BRDA:19,255,2,0
BRDA:19,255,3,0
BRDA:19,256,0,0
BRDA:19,256,1,0
BRDA:19,257,0,0
BRDA:19,257,1,0
BRDA:19,258,0,0
BRDA:19,258,1,0
BRDA:19,258,2,0
[...]
BRDA:20,452,0,0
BRDA:20,452,1,0
BRDA:20,453,0,0
BRDA:20,453,1,0
BRDA:20,454,0,0
BRDA:20,454,1,0
BRDA:20,455,0,0
BRDA:20,455,1,0
BRDA:20,456,0,0
BRDA:20,456,1,0
BRDA:20,457,0,0
BRDA:20,457,1,0
BRDA:20,458,0,0
BRDA:20,458,1,0
BRDA:20,459,0,0
BRDA:20,459,1,0
BRDA:20,459,2,0
BRDA:20,460,0,0
BRDA:20,460,1,0
BRDA:20,460,2,0
BRDA:20,461,0,0
BRDA:20,461,1,0
BRDA:20,462,0,0
BRDA:20,462,1,0
BRDA:20,463,0,0
BRDA:20,463,1,0
BRDA:20,464,0,0
BRDA:20,464,1,0
BRDA:20,465,0,0
BRDA:20,465,1,0
BRDA:20,466,0,0
BRDA:20,466,1,0
BRDA:20,467,0,0
BRDA:20,467,1,0
BRDA:20,468,0,0
BRDA:20,468,1,0
BRDA:20,469,0,0
BRDA:20,469,1,0
BRDA:20,470,0,0
BRDA:20,470,1,0
BRDA:20,470,2,0
BRDA:20,470,3,0
BRDA:20,470,4,0
BRDA:20,470,5,0
BRDA:20,471,0,0
BRDA:20,471,1,0
BRDA:20,472,0,0
BRDA:20,472,1,0
BRDA:20,472,2,0
BRDA:20,473,0,0
BRDA:20,473,1,0
BRDA:20,474,0,0
BRDA:20,474,1,0
BRDA:20,475,0,0
BRDA:20,475,1,0
BRDA:20,476,0,0
BRDA:20,476,1,0
BRDA:20,477,0,0
BRDA:20,477,1,0
BRDA:20,478,0,0
BRDA:20,478,1,0
BRDA:20,479,0,0
BRDA:20,479,1,0
BRDA:20,480,0,0
BRDA:20,480,1,0
BRDA:20,481,0,0
BRDA:20,481,1,0
BRDA:20,482,0,0
BRDA:20,482,1,0
BRDA:20,483,0,0
BRDA:20,483,1,0
BRDA:20,484,0,0
BRDA:20,484,1,0
BRDA:20,485,0,0
BRDA:20,485,1,0
BRDA:20,486,0,0
BRDA:20,486,1,0
BRDA:20,486,2,0
BRDA:20,487,0,0
BRDA:20,487,1,0
BRDA:20,488,0,0
BRDA:20,488,1,0
BRDA:20,489,0,0
BRDA:20,489,1,0
BRDA:20,490,0,0
BRDA:20,490,1,0
BRDA:20,491,0,0
BRDA:20,491,1,0
BRDA:20,492,0,0
BRDA:20,492,1,0
BRDA:20,493,0,0
BRDA:20,493,1,0
BRDA:20,494,0,0
BRDA:20,494,1,0
BRDA:20,495,0,0
BRDA:20,495,1,0
BRDA:20,496,0,0
BRDA:20,496,1,0
BRDA:20,497,0,0
BRDA:20,497,1,0
BRDA:20,497,2,0
BRDA:20,498,0,0
BRDA:20,498,1,0
BRDA:20,499,0,0
BRDA:20,499,1,0
BRDA:20,500,0,0
BRDA:20,500,1,0
BRDA:20,501,0,0
BRDA:20,501,1,0
BRDA:20,501,2,0
BRDA:20,502,0,0
BRDA:20,502,1,0
BRDA:20,503,0,0
BRDA:20,503,1,0
BRDA:20,504,0,0
BRDA:20,504,1,0
BRDA:20,505,0,0
BRDA:20,505,1,0
BRDA:20,506,0,0
BRDA:20,506,1,0
BRDA:20,507,0,0
BRDA:20,507,1,0
BRDA:20,508,0,0
BRDA:20,508,1,0
BRDA:20,509,0,0
BRDA:20,509,1,0
BRDA:20,510,0,0
BRDA:20,510,1,0
BRDA:20,511,0,0
BRDA:20,511,1,0
BRDA:20,512,0,0
BRDA:20,512,1,0
BRDA:20,513,0,0
BRDA:20,513,1,0
BRDA:20,514,0,0
BRDA:20,514,1,0
BRDA:20,515,0,0
BRDA:20,515,1,0
BRDA:20,516,0,0
BRDA:20,516,1,0
BRDA:20,517,0,0
BRDA:20,517,1,0
BRDA:20,518,0,0
BRDA:20,518,1,0
BRDA:20,519,0,0
BRDA:20,519,1,0
BRDA:20,520,0,0
BRDA:20,520,1,0
BRDA:20,521,0,0
BRDA:20,521,1,0
BRDA:20,522,0,0
BRDA:20,522,1,0
BRDA:20,523,0,0
BRDA:20,523,1,0
BRDA:20,524,0,0
BRDA:20,524,1,0
BRDA:20,525,0,0
BRDA:20,525,1,0
BRDA:20,526,0,0
BRDA:20,526,1,0
BRDA:20,527,0,0
BRDA:20,527,1,0
BRDA:20,528,0,0
BRDA:20,528,1,0
BRDA:20,529,0,0
BRDA:20,529,1,0
BRDA:20,530,0,0
BRDA:20,530,1,0
BRDA:20,531,0,0
BRDA:20,531,1,0
BRDA:20,532,0,0
BRDA:20,532,1,0
BRDA:20,533,0,0
BRDA:20,533,1,0
BRDA:20,534,0,0
BRDA:20,534,1,0
BRDA:20,535,0,0
BRDA:20,535,1,0
BRDA:20,536,0,0
BRDA:20,536,1,0
BRDA:20,537,0,0
BRDA:20,537,1,0
BRDA:20,538,0,0
BRDA:20,538,1,0
BRDA:20,539,0,0
BRDA:20,539,1,0
BRDA:20,540,0,0
BRDA:20,540,1,0
BRDA:20,541,0,0
BRDA:20,541,1,0
BRDA:20,542,0,0
BRDA:20,542,1,0
BRDA:20,543,0,0
BRDA:20,543,1,0
BRDA:20,544,0,0
BRDA:20,544,1,0
BRDA:20,545,0,0
BRDA:20,545,1,0
BRDA:20,546,0,0
BRDA:20,546,1,0
BRDA:20,547,0,0
BRDA:20,547,1,0
BRDA:20,548,0,0
BRDA:20,548,1,0
BRDA:20,549,0,0
BRDA:20,549,1,0
BRDA:20,550,0,0
BRDA:20,550,1,0
BRDA:20,551,0,0
BRDA:20,551,1,0
BRDA:20,552,0,0
BRDA:20,552,1,0
BRDA:20,553,0,0
BRDA:20,553,1,0
BRDA:20,554,0,0
BRDA:20,554,1,0
BRDA:20,555,0,0
BRDA:20,555,1,0
BRDA:20,556,0,0
BRDA:20,556,1,0
BRDA:20,557,0,0
BRDA:20,557,1,0
BRDA:20,558,0,0
BRDA:20,558,1,0
BRDA:20,559,0,0
BRDA:20,559,1,0
BRDA:20,560,0,0
BRDA:20,560,1,0
BRDA:20,561,0,0
BRDA:20,561,1,0
BRDA:20,562,0,0
BRDA:20,562,1,0
BRDA:20,563,0,0
BRDA:20,563,1,0
BRDA:20,564,0,0
BRDA:20,564,1,0
BRDA:20,565,0,0
BRDA:20,565,1,0
BRDA:20,566,0,0
BRDA:20,566,1,0
BRDA:20,567,0,0
BRDA:20,567,1,0
BRDA:20,568,0,0
BRDA:20,568,1,0
BRDA:20,569,0,0
BRDA:20,569,1,0
BRDA:20,570,0,0
BRDA:20,570,1,0
BRDA:20,571,0,0
BRDA:20,571,1,0
BRDA:20,572,0,0
BRDA:20,572,1,0
BRDA:20,573,0,0
BRDA:20,573,1,0
BRDA:20,574,0,0
BRDA:20,574,1,0
BRDA:20,575,0,0
BRDA:20,575,1,0
BRDA:20,576,0,0
BRDA:20,576,1,0
BRDA:20,576,2,0
BRDA:20,577,0,0
BRDA:20,577,1,0
BRDA:20,578,0,0
BRDA:20,578,1,0
BRDA:20,579,0,0
BRDA:20,579,1,0
BRDA:20,580,0,0
BRDA:20,580,1,0
BRDA:20,581,0,0
BRDA:20,581,1,0
BRDA:20,582,0,0
BRDA:20,582,1,0
BRDA:20,583,0,0
BRDA:20,583,1,0
BRDA:20,584,0,0
BRDA:20,584,1,0
BRDA:20,585,0,0
BRDA:20,585,1,0
BRDA:20,586,0,0
BRDA:20,586,1,0
BRDA:20,586,2,0
BRDA:20,587,0,0
BRDA:20,587,1,0
BRDA:20,588,0,0
BRDA:20,588,1,0
BRDA:20,589,0,0
BRDA:20,589,1,0
BRDA:20,590,0,0
BRDA:20,590,1,0
BRDA:20,591,0,0
BRDA:20,591,1,0
BRDA:20,592,0,0
BRDA:20,592,1,0
BRDA:20,593,0,0
BRDA:20,593,1,0
BRDA:20,594,0,0
BRDA:20,594,1,0
BRDA:20,594,2,0
BRDA:20,594,3,0
BRDA:20,594,4,0
BRDA:20,595,0,0
BRDA:20,595,1,0
BRDA:20,596,0,0
BRDA:20,596,1,0
BRDA:20,596,2,0
BRDA:20,597,0,0
BRDA:20,597,1,0
BRDA:20,598,0,0
BRDA:20,598,1,0
BRDA:20,599,0,0
BRDA:20,599,1,0
BRDA:20,600,0,0
BRDA:20,600,1,0
BRDA:20,601,0,0
BRDA:20,601,1,0
BRDA:20,602,0,0
BRDA:20,602,1,0
BRDA:20,603,0,0
BRDA:20,603,1,0
BRDA:20,604,0,0
BRDA:20,604,1,0
BRDA:20,604,2,0
BRDA:20,604,3,0
BRDA:20,605,0,0
BRDA:20,605,1,0
BRDA:20,606,0,0
BRDA:20,606,1,0
BRDA:20,607,0,0
BRDA:20,607,1,0
BRDA:20,608,0,0
BRDA:20,608,1,0
BRDA:20,609,0,0
BRDA:20,609,1,0
BRDA:20,610,0,0
BRDA:20,610,1,0
BRDA:20,611,0,0
BRDA:20,611,1,0
BRDA:20,612,0,0
BRDA:20,612,1,0
BRDA:20,613,0,0
BRDA:20,613,1,0
BRDA:20,613,2,0
BRDA:20,613,3,0
BRDA:20,613,4,0
BRDA:20,614,0,0
BRDA:20,614,1,0
BRDA:20,615,0,0
BRDA:20,615,1,0
BRDA:20,616,0,0
BRDA:20,616,1,0
BRDA:20,617,0,0
BRDA:20,617,1,0
BRDA:20,618,0,0
BRDA:20,618,1,0
BRDA:20,619,0,0
BRDA:20,619,1,0
BRDA:20,620,0,0
BRDA:20,620,1,0
BRDA:20,621,0,0
BRDA:20,621,1,0
BRDA:20,622,0,0
BRDA:20,622,1,0
BRDA:20,623,0,0
BRDA:20,623,1,0
BRDA:20,624,0,0
BRDA:20,624,1,0
BRDA:20,625,0,0
BRDA:20,625,1,0
BRDA:20,626,0,0
BRDA:20,626,1,0
BRDA:20,627,0,0
BRDA:20,627,1,0
BRDA:20,628,0,0
BRDA:20,628,1,0
BRDA:20,629,0,0
BRDA:20,629,1,0
BRDA:20,630,0,0
BRDA:20,630,1,0
BRDA:20,631,0,0
BRDA:20,631,1,0
BRDA:20,632,0,0
BRDA:20,632,1,0
BRDA:20,633,0,0
BRDA:20,633,1,0
BRDA:20,634,0,0
BRDA:20,634,1,0
BRDA:20,635,0,0
BRDA:20,635,1,0
BRDA:20,636,0,0
BRDA:20,636,1,0
BRDA:20,637,0,0
BRDA:20,637,1,0
BRDA:20,638,0,0
BRDA:20,638,1,0
BRDA:20,639,0,0
BRDA:20,639,1,0
BRDA:20,640,0,0
BRDA:20,640,1,0
BRDA:20,641,0,0
BRDA:20,641,1,0
BRDA:20,642,0,0
BRDA:20,642,1,0
BRDA:20,643,0,0
BRDA:20,643,1,0
BRDA:20,644,0,0
BRDA:20,644,1,0
BRDA:20,645,0,0
BRDA:20,645,1,0
BRDA:20,646,0,0
BRDA:20,646,1,0
BRDA:20,647,0,0
BRDA:20,647,1,0
BRDA:20,647,2,0
BRDA:20,648,0,0
BRDA:20,648,1,0
BRDA:20,649,0,0
BRDA:20,649,1,0
BRDA:20,650,0,0
BRDA:20,650,1,0
BRDA:20,651,0,0
BRDA:20,651,1,0
BRDA:20,652,0,0
BRDA:20,652,1,0
BRDA:20,653,0,0
BRDA:20,653,1,0
BRDA:20,653,2,0
BRDA:20,654,0,0
BRDA:20,654,1,0
BRDA:20,655,0,0
BRDA:20,655,1,0
BRDA:20,656,0,0
BRDA:20,656,1,0
BRDA:20,657,0,0
BRDA:20,657,1,0
BRDA:20,658,0,0
BRDA:20,658,1,0
BRDA:20,659,0,0
BRDA:20,659,1,0
BRDA:20,660,0,0
BRDA:20,660,1,0
BRDA:20,661,0,0
BRDA:20,661,1,0
BRDA:20,662,0,0
BRDA:20,662,1,0
BRDA:20,663,0,0
BRDA:20,663,1,0
BRDA:20,664,0,0
BRDA:20,664,1,0
BRDA:20,665,0,0
BRDA:20,665,1,0
BRDA:20,666,0,0
BRDA:20,666,1,0
BRDA:20,667,0,0
BRDA:20,667,1,0
BRDA:20,668,0,0
BRDA:20,668,1,0
BRDA:20,669,0,0
BRDA:20,669,1,0
BRDA:20,669,2,0
BRDA:20,669,3,0
BRDA:20,670,0,0
BRDA:20,670,1,0
BRDA:20,670,2,0
BRDA:20,670,3,0
BRDA:20,670,4,0
BRDA:20,670,5,0
BRDA:20,670,6,0
BRDA:20,670,7,0
BRDA:20,670,8,0
BRDA:20,670,9,0
BRDA:20,670,10,0
BRDA:20,670,11,0
BRDA:20,670,12,0
BRDA:20,670,13,0
BRDA:20,670,14,0
BRDA:20,670,15,0
BRDA:20,671,0,0
BRDA:20,671,1,0
BRDA:20,672,0,0
BRDA:20,672,1,0
BRDA:20,673,0,0
BRDA:20,673,1,0
BRDA:20,674,0,0
BRDA:20,674,1,0
BRDA:20,675,0,0
BRDA:20,675,1,0
BRDA:20,676,0,0
BRDA:20,676,1,0
BRDA:20,677,0,0
BRDA:20,677,1,0
BRDA:20,678,0,0
BRDA:20,678,1,0
BRDA:20,678,2,0
BRDA:20,678,3,0
BRDA:20,679,0,0
BRDA:20,679,1,0
BRDA:20,680,0,0
BRDA:20,680,1,0
BRDA:20,681,0,0
BRDA:20,681,1,0
BRDA:20,681,2,0
BRDA:20,681,3,0
BRDA:20,681,4,0
BRDA:20,681,5,0
BRDA:20,681,6,0
BRDA:20,681,7,0
BRDA:20,682,0,0
BRDA:20,682,1,0
BRDA:20,683,0,0
BRDA:20,683,1,0
BRDA:20,684,0,0
BRDA:20,684,1,0
BRDA:20,685,0,0
BRDA:20,685,1,0
BRDA:20,686,0,0
BRDA:20,686,1,0
BRDA:20,687,0,0
BRDA:20,687,1,0
BRDA:20,688,0,0
BRDA:20,688,1,0
BRDA:20,689,0,0
BRDA:20,689,1,0
BRDA:20,689,2,0
BRDA:20,689,3,0
BRDA:20,689,4,0
BRDA:20,690,0,0
BRDA:20,690,1,0
BRDA:20,691,0,0
BRDA:20,691,1,0
BRDA:20,692,0,0
BRDA:20,692,1,0
BRDA:20,693,0,0
BRDA:20,693,1,0
BRDA:20,694,0,0
BRDA:20,694,1,0
BRDA:20,695,0,0
BRDA:20,695,1,0
BRDA:20,696,0,0
BRDA:20,696,1,0
BRDA:20,697,0,0
BRDA:20,697,1,0
BRDA:20,698,0,0
BRDA:20,698,1,0
BRDA:20,699,0,0
BRDA:20,699,1,0
BRDA:20,700,0,0
BRDA:20,700,1,0
BRDA:20,701,0,0
BRDA:20,701,1,0
BRDA:20,702,0,0
BRDA:20,702,1,0
BRDA:20,703,0,0
BRDA:20,703,1,0
BRDA:20,703,2,0
BRDA:20,704,0,0
BRDA:20,704,1,0
BRDA:20,705,0,0
BRDA:20,705,1,0
BRDA:20,705,2,0
BRDA:20,706,0,0
BRDA:20,706,1,0
BRDA:20,707,0,0
BRDA:20,707,1,0
BRDA:20,708,0,0
BRDA:20,708,1,0
BRDA:20,709,0,0
BRDA:20,709,1,0
BRDA:20,709,2,0
BRDA:20,709,3,0
BRDA:20,710,0,0
BRDA:20,710,1,0
BRDA:20,711,0,0
BRDA:20,711,1,0
BRDA:20,712,0,0
BRDA:20,712,1,0
BRDA:20,712,2,0
BRDA:20,712,3,0
BRDA:20,713,0,0
BRDA:20,713,1,0
BRDA:20,714,0,0
BRDA:20,714,1,0
BRDA:20,715,0,0
BRDA:20,715,1,0
BRDA:20,715,2,0
BRDA:20,716,0,0
BRDA:20,716,1,0
BRDA:20,717,0,0
BRDA:20,717,1,0
BRDA:20,718,0,0
BRDA:20,718,1,0
BRDA:20,719,0,0
BRDA:20,719,1,0
BRDA:20,719,2,0
BRDA:20,719,3,0
BRDA:20,720,0,0
BRDA:20,720,1,0
BRDA:20,721,0,0
BRDA:20,721,1,0
BRDA:20,721,2,0
BRDA:20,721,3,0
BRDA:20,721,4,0
BRDA:20,721,5,0
BRDA:20,721,6,0
BRDA:20,721,7,0
BRDA:20,722,0,0
BRDA:20,722,1,0
BRDA:20,723,0,0
BRDA:20,723,1,0
BRDA:20,724,0,0
BRDA:20,724,1,0
BRDA:20,725,0,0
BRDA:20,725,1,0
BRDA:20,726,0,0
BRDA:20,726,1,0
BRDA:20,727,0,0
BRDA:20,727,1,0
BRDA:20,727,2,0
BRDA:20,727,3,0
BRDA:20,727,4,0
BRDA:20,728,0,0
BRDA:20,728,1,0
BRDA:20,729,0,0
BRDA:20,729,1,0
BRDA:20,730,0,0
BRDA:20,730,1,0
BRDA:20,731,0,0
BRDA:20,731,1,0
BRDA:20,732,0,0
BRDA:20,732,1,0
BRDA:20,733,0,0
BRDA:20,733,1,0
BRDA:20,734,0,0
BRDA:20,734,1,0
BRDA:20,735,0,0
BRDA:20,735,1,0
BRDA:20,736,0,0
BRDA:20,736,1,0
BRDA:20,737,0,0
BRDA:20,737,1,0
BRDA:20,738,0,0
BRDA:20,738,1,0
BRDA:20,738,2,0
BRDA:20,739,0,0
BRDA:20,739,1,0
BRDA:20,739,2,0
BRDA:20,740,0,0
BRDA:20,740,1,0
BRDA:20,741,0,0
BRDA:20,741,1,0
BRDA:20,742,0,0
BRDA:20,742,1,0
BRDA:20,743,0,0
BRDA:20,743,1,0
BRDA:20,744,0,0
BRDA:20,744,1,0
BRDA:20,745,0,0
BRDA:20,745,1,0
BRDA:20,746,0,0
BRDA:20,746,1,0
BRDA:20,747,0,0
BRDA:20,747,1,0
BRDA:20,748,0,0
BRDA:20,748,1,0
BRDA:20,748,2,0
BRDA:20,749,0,0
BRDA:20,749,1,0
BRDA:20,750,0,0
BRDA:20,750,1,0
BRDA:20,750,2,0
BRDA:20,751,0,0
BRDA:20,751,1,0
BRDA:20,751,2,0
BRDA:20,752,0,0
BRDA:20,752,1,0
BRDA:20,753,0,0
BRDA:20,753,1,0
BRDA:20,754,0,0
BRDA:20,754,1,0
BRDA:20,755,0,0
BRDA:20,755,1,0
BRDA:20,756,0,0
BRDA:20,756,1,0
BRDA:20,757,0,0
BRDA:20,757,1,0
BRDA:20,757,2,0
BRDA:20,757,3,0
BRDA:20,757,4,0
BRDA:20,757,5,0
BRDA:20,757,6,0
BRDA:20,757,7,0
BRDA:20,757,8,0
BRDA:20,758,0,0
BRDA:20,758,1,0
BRDA:20,759,0,0
BRDA:20,759,1,0
BRDA:20,760,0,0
BRDA:20,760,1,0
BRDA:20,761,0,0
BRDA:20,761,1,0
BRDA:20,762,0,0
BRDA:20,762,1,0
BRDA:20,763,0,0
BRDA:20,763,1,0
BRDA:20,764,0,0
BRDA:20,764,1,0
BRDA:20,765,0,0
BRDA:20,765,1,0
BRDA:20,765,2,0
BRDA:20,766,0,0
BRDA:20,766,1,0
BRDA:20,766,2,0
BRDA:20,766,3,0
BRDA:20,766,4,0
BRDA:20,767,0,0
BRDA:20,767,1,0
BRDA:20,767,2,0
BRDA:20,768,0,0
BRDA:20,768,1,0
BRDA:20,768,2,0
BRDA:20,769,0,0
BRDA:20,769,1,0
BRDA:20,770,0,0
BRDA:20,770,1,0
BRDA:20,771,0,0
BRDA:20,771,1,0
BRDA:20,772,0,0
BRDA:20,772,1,0
BRDA:20,772,2,0
BRDA:20,773,0,0
BRDA:20,773,1,0
BRDA:20,774,0,0
BRDA:20,774,1,0
BRDA:20,775,0,0
BRDA:20,775,1,0
BRDA:20,776,0,0
BRDA:20,776,1,0
BRDA:20,777,0,0
BRDA:20,777,1,0
BRDA:20,777,2,0
BRDA:20,778,0,0
BRDA:20,778,1,0
BRDA:20,779,0,0
BRDA:20,779,1,0
BRDA:20,780,0,0
BRDA:20,780,1,0
BRDA:20,781,0,0
BRDA:20,781,1,0
BRDA:20,782,0,0
BRDA:20,782,1,0
BRDA:20,782,2,0
BRDA:20,783,0,0
BRDA:20,783,1,0
BRDA:20,783,2,0
BRDA:20,784,0,0
BRDA:20,784,1,0
BRDA:20,785,0,0
BRDA:20,785,1,0
BRDA:20,786,0,0
BRDA:20,786,1,0
BRDA:20,787,0,0
BRDA:20,787,1,0
BRDA:20,788,0,0
BRDA:20,788,1,0
BRDA:20,789,0,0
BRDA:20,789,1,0
BRDA:20,790,0,0
BRDA:20,790,1,0
BRDA:20,791,0,0
BRDA:20,791,1,0
BRDA:20,792,0,0
BRDA:20,792,1,0
BRDA:20,793,0,0
BRDA:20,793,1,0
BRDA:20,794,0,0
BRDA:20,794,1,0
BRDA:21,795,0,0
BRDA:21,795,1,0
BRDA:21,796,0,0
BRDA:21,796,1,0
BRDA:21,797,0,0
BRDA:21,797,1,0
BRDA:21,798,0,0
BRDA:21,798,1,0
BRDA:21,799,0,0
BRDA:21,799,1,0
BRDA:21,800,0,0
BRDA:21,800,1,0
BRDA:21,801,0,0
BRDA:21,801,1,0
BRDA:21,802,0,0
BRDA:21,802,1,0
BRDA:21,803,0,0
BRDA:21,803,1,0
BRDA:21,804,0,0
BRDA:21,804,1,0
BRDA:21,805,0,0
BRDA:21,805,1,0
BRDA:21,806,0,0
BRDA:21,806,1,0
BRDA:21,807,0,0
BRDA:21,807,1,0
BRDA:21,808,0,0
BRDA:21,808,1,0
BRDA:21,809,0,0
BRDA:21,809,1,0
BRDA:21,810,0,0
BRDA:21,810,1,0
BRDA:21,811,0,0
BRDA:21,811,1,0
BRDA:21,812,0,0
BRDA:21,812,1,0
BRDA:21,813,0,0
BRDA:21,813,1,0
BRDA:21,814,0,0
BRDA:21,814,1,0
BRDA:21,815,0,0
BRDA:21,815,1,0
BRDA:21,816,0,0
BRDA:21,816,1,0
BRDA:21,817,0,0
BRDA:21,817,1,0
BRDA:21,817,2,0
BRDA:21,818,0,0
BRDA:21,818,1,0
BRDA:21,819,0,0
BRDA:21,819,1,0
BRDA:21,820,0,0
BRDA:21,820,1,0
BRDA:21,821,0,0
BRDA:21,821,1,0
BRDA:21,822,0,0
BRDA:21,822,1,0
BRDA:21,823,0,0
BRDA:21,823,1,0
BRDA:21,824,0,0
BRDA:21,824,1,0
BRDA:21,825,0,0
BRDA:21,825,1,0
BRDA:21,826,0,0
BRDA:21,826,1,0
BRDA:21,827,0,0
BRDA:21,827,1,0
BRDA:21,828,0,0
BRDA:21,828,1,0
BRDA:21,829,0,0
BRDA:21,829,1,0
BRDA:21,830,0,0
BRDA:21,830,1,0
BRDA:21,831,0,0
BRDA:21,831,1,0
BRDA:21,832,0,0
BRDA:21,832,1,0
BRDA:21,833,0,0
BRDA:21,833,1,0
BRDA:21,834,0,0
BRDA:21,834,1,0
BRDA:21,834,2,0
BRDA:21,834,3,0
BRDA:21,835,0,0
BRDA:21,835,1,0
BRDA:21,836,0,0
BRDA:21,836,1,0
BRDA:21,837,0,0
BRDA:21,837,1,0
BRDA:21,838,0,0
BRDA:21,838,1,0
BRDA:21,839,0,0
BRDA:21,839,1,0
BRDA:21,840,0,0
BRDA:21,840,1,0
BRDA:21,841,0,0
BRDA:21,841,1,0
BRDA:21,842,0,0
BRDA:21,842,1,0
BRDA:21,843,0,0
BRDA:21,843,1,0
BRDA:21,844,0,0
BRDA:21,844,1,0
BRDA:21,845,0,0
BRDA:21,845,1,0
BRDA:21,845,2,0
BRDA:21,845,3,0
BRDA:21,845,4,0
BRDA:21,845,5,0
BRDA:21,845,6,0
BRDA:21,846,0,0
BRDA:21,846,1,0
BRDA:21,847,0,0
BRDA:21,847,1,0
BRDA:21,848,0,0
BRDA:21,848,1,0
BRDA:21,849,0,0
BRDA:21,849,1,0
BRDA:21,850,0,0
BRDA:21,850,1,0
BRDA:21,851,0,0
BRDA:21,851,1,0
BRDA:21,852,0,0
BRDA:21,852,1,0
BRDA:21,853,0,0
BRDA:21,853,1,0
BRDA:21,854,0,0
BRDA:21,854,1,0
BRDA:21,854,2,0
BRDA:21,855,0,0
BRDA:21,855,1,0
BRDA:21,856,0,0
BRDA:21,856,1,0
BRDA:21,857,0,0
BRDA:21,857,1,0
BRDA:21,858,0,0
BRDA:21,858,1,0
BRDA:21,859,0,0
BRDA:21,859,1,0
BRDA:21,860,0,0
BRDA:21,860,1,0
BRDA:21,861,0,0
BRDA:21,861,1,0
BRDA:21,862,0,0
BRDA:21,862,1,0
BRDA:21,863,0,0
BRDA:21,863,1,0
BRDA:21,864,0,0
BRDA:21,864,1,0
BRDA:21,865,0,0
BRDA:21,865,1,0
BRDA:21,866,0,0
BRDA:21,866,1,0
BRDA:21,867,0,0
BRDA:21,867,1,0
BRDA:21,868,0,0
BRDA:21,868,1,0
BRDA:21,869,0,0
BRDA:21,869,1,0
BRDA:21,870,0,0
BRDA:21,870,1,0
BRDA:21,871,0,0
BRDA:21,871,1,0
BRDA:21,872,0,0
BRDA:21,872,1,0
BRDA:21,873,0,0
BRDA:21,873,1,0
BRDA:21,874,0,0
BRDA:21,874,1,0
BRDA:21,875,0,0
BRDA:21,875,1,0
BRDA:21,876,0,0
BRDA:21,876,1,0
BRDA:21,877,0,0
BRDA:21,877,1,0
BRDA:21,878,0,0
BRDA:21,878,1,0
BRDA:21,879,0,0
BRDA:21,879,1,0
BRDA:21,880,0,0
BRDA:21,880,1,0
BRDA:21,881,0,0
BRDA:21,881,1,0
BRDA:21,882,0,0
BRDA:21,882,1,0
BRDA:21,883,0,0
BRDA:21,883,1,0
BRDA:21,883,2,0
BRDA:21,883,3,0
BRDA:21,884,0,0
BRDA:21,884,1,0
BRDA:21,885,0,0
BRDA:21,885,1,0
BRDA:21,886,0,0
BRDA:21,886,1,0
BRDA:21,887,0,0
BRDA:21,887,1,0
BRDA:21,888,0,0
BRDA:21,888,1,0
BRDA:21,889,0,0
BRDA:21,889,1,0
BRDA:21,890,0,0
BRDA:21,890,1,0
BRDA:21,891,0,0
BRDA:21,891,1,0
BRDA:21,891,2,0
BRDA:21,892,0,0
BRDA:21,892,1,0
BRDA:21,893,0,0
BRDA:21,893,1,0
BRDA:21,894,0,0
BRDA:21,894,1,0
BRDA:21,895,0,0
BRDA:21,895,1,0
BRDA:21,896,0,0
BRDA:21,896,1,0
BRDA:21,897,0,0
BRDA:21,897,1,0
BRDA:21,898,0,0
BRDA:21,898,1,0
BRDA:21,899,0,0
BRDA:21,899,1,0
BRDA:21,899,2,0
BRDA:21,900,0,0
BRDA:21,900,1,0
BRDA:21,901,0,0
BRDA:21,901,1,0
BRDA:21,902,0,0
BRDA:21,902,1,0
BRDA:21,903,0,0
BRDA:21,903,1,0
BRDA:21,904,0,0
BRDA:21,904,1,0
BRDA:21,905,0,0
BRDA:21,905,1,0
BRDA:21,906,0,0
BRDA:21,906,1,0
BRDA:21,907,0,0
BRDA:21,907,1,0
BRDA:21,908,0,0
BRDA:21,908,1,0
BRDA:21,909,0,0
BRDA:21,909,1,0
BRDA:21,910,0,0
BRDA:21,910,1,0
BRDA:21,910,2,0
BRDA:21,911,0,0
BRDA:21,911,1,0
BRDA:21,912,0,0
BRDA:21,912,1,0
BRDA:21,913,0,0
BRDA:21,913,1,0
BRDA:21,914,0,0
BRDA:21,914,1,0
BRDA:21,915,0,0
BRDA:21,915,1,0
BRDA:21,916,0,0
BRDA:21,916,1,0
BRDA:21,917,0,0
BRDA:21,917,1,0
BRDA:21,918,0,0
BRDA:21,918,1,0
BRDA:21,919,0,0
BRDA:21,919,1,0
BRDA:21,920,0,0
BRDA:21,920,1,0
BRDA:21,921,0,0
BRDA:21,921,1,0
BRDA:21,922,0,0
BRDA:21,922,1,0
BRDA:21,923,0,0
BRDA:21,923,1,0
BRDA:21,924,0,0
BRDA:21,924,1,0
BRDA:21,925,0,0
BRDA:21,925,1,0
BRDA:21,926,0,0
BRDA:21,926,1,0
BRDA:21,926,2,0
BRDA:21,927,0,0
BRDA:21,927,1,0
BRDA:21,928,0,0
BRDA:21,928,1,0
BRDA:21,929,0,0
BRDA:21,929,1,0
BRDA:21,929,2,0
BRDA:21,929,3,0
BRDA:21,929,4,0
BRDA:21,929,5,0
BRDA:21,930,0,0
BRDA:21,930,1,0
BRDA:21,931,0,0
BRDA:21,931,1,0
BRDA:21,932,0,0
BRDA:21,932,1,0
BRDA:21,933,0,0
BRDA:21,933,1,0
BRF:2061
BRH:0
end_of_record
TN:
SF:src/store/index.js
FN:89,(anonymous_0)
FN:92,(anonymous_1)
FN:95,(anonymous_2)
FN:98,(anonymous_3)
FN:103,(anonymous_4)
FN:106,(anonymous_5)
FN:109,(anonymous_6)
FN:112,(anonymous_7)
FN:115,(anonymous_8)
FN:126,(anonymous_9)
FN:127,(anonymous_10)
FN:129,(anonymous_11)
FN:133,(anonymous_12)
FN:139,(anonymous_13)
FN:146,(anonymous_14)
FN:150,(anonymous_15)
FN:151,(anonymous_16)
FN:152,(anonymous_17)
FN:155,(anonymous_18)
FN:158,(anonymous_19)
FN:159,(anonymous_20)
FN:161,(anonymous_21)
FN:161,(anonymous_22)
FN:167,(anonymous_23)
FN:171,(anonymous_24)
FN:174,(anonymous_25)
FN:177,(anonymous_26)
FN:189,(anonymous_27)
FN:190,(anonymous_28)
FN:191,(anonymous_29)
FN:192,(anonymous_30)
FN:193,(anonymous_31)
FN:194,(anonymous_32)
FN:195,(anonymous_33)
FN:196,(anonymous_34)
FNF:35
FNH:0
FNDA:0,(anonymous_0)
FNDA:0,(anonymous_1)
FNDA:0,(anonymous_2)
FNDA:0,(anonymous_3)
FNDA:0,(anonymous_4)
FNDA:0,(anonymous_5)
FNDA:0,(anonymous_6)
FNDA:0,(anonymous_7)
FNDA:0,(anonymous_8)
FNDA:0,(anonymous_9)
FNDA:0,(anonymous_10)
FNDA:0,(anonymous_11)
FNDA:0,(anonymous_12)
FNDA:0,(anonymous_13)
FNDA:0,(anonymous_14)
FNDA:0,(anonymous_15)
FNDA:0,(anonymous_16)
FNDA:0,(anonymous_17)
FNDA:0,(anonymous_18)
FNDA:0,(anonymous_19)
FNDA:0,(anonymous_20)
FNDA:0,(anonymous_21)
FNDA:0,(anonymous_22)
FNDA:0,(anonymous_23)
FNDA:0,(anonymous_24)
FNDA:0,(anonymous_25)
FNDA:0,(anonymous_26)
FNDA:0,(anonymous_27)
FNDA:0,(anonymous_28)
FNDA:0,(anonymous_29)
FNDA:0,(anonymous_30)
FNDA:0,(anonymous_31)
FNDA:0,(anonymous_32)
FNDA:0,(anonymous_33)
FNDA:0,(anonymous_34)
DA:5,1
DA:8,1
DA:9,1
DA:90,0
DA:93,0
DA:96,0
DA:99,0
DA:100,0
DA:101,0
DA:104,0
DA:107,0
DA:110,0
DA:113,0
DA:116,0
DA:117,0
DA:118,0
DA:119,0
DA:121,0
DA:127,0
DA:128,0
DA:130,0
DA:131,0
DA:132,0
DA:133,0
DA:134,0
DA:137,0
DA:140,0
DA:141,0
DA:142,0
DA:148,0
DA:151,0
DA:152,0
DA:153,0
DA:154,0
DA:155,0
DA:159,0
DA:160,0
DA:161,0
DA:162,0
DA:163,0
DA:164,0
DA:168,0
DA:169,0
DA:172,0
DA:175,0
DA:178,0
DA:179,0
DA:181,0
DA:182,0
DA:183,0
DA:184,0
DA:189,0
DA:190,0
DA:191,0
DA:192,0
DA:193,0
DA:194,0
DA:195,0
DA:196,0
LF:59
LH:3
BRDA:130,0,0,0
BRDA:130,0,1,0
BRDA:179,1,0,0
BRDA:179,1,1,0
BRDA:181,2,0,0
BRDA:181,2,1,0
BRDA:182,3,0,0
BRDA:182,3,1,0
BRF:8
BRH:0
end_of_record
TN:
SF:src/store/module-example/actions.js
FN:1,someAction
FNF:1
FNH:0
FNDA:0,someAction
LF:0
LH:0
BRF:0
BRH:0
end_of_record
TN:
SF:src/store/module-example/getters.js
FN:1,someGetter
FNF:1
FNH:0
FNDA:0,someGetter
LF:0
LH:0
BRF:0
BRH:0
end_of_record
TN:
SF:src/store/module-example/index.js
FNF:0
FNH:0
LF:0
LH:0
BRF:0
BRH:0
end_of_record
TN:
SF:src/store/module-example/mutations.js
FN:1,someMutation
FNF:1
FNH:0
FNDA:0,someMutation
LF:0
LH:0
BRF:0
BRH:0
end_of_record
TN:
SF:src/store/module-example/state.js
FNF:0
FNH:0
LF:0
LH:0
BRF:0
BRH:0
end_of_record
