TN:
SF:src/App.vue
FN:23,data
FN:36,mounted
FN:57,parseJwt
FN:60,(anonymous_4)
FN:70,showNotif
FNF:5
FNH:0
FNDA:0,data
FNDA:0,mounted
FNDA:0,parseJwt
FNDA:0,(anonymous_4)
FNDA:0,showNotif
DA:8,0
DA:9,0
DA:10,0
DA:11,0
DA:12,0
DA:14,0
DA:16,0
DA:18,0
DA:19,0
DA:24,0
DA:37,0
DA:43,0
DA:44,0
DA:46,0
DA:49,0
DA:50,0
DA:52,0
DA:53,0
DA:58,0
DA:59,0
DA:60,0
DA:64,0
DA:68,0
DA:70,0
DA:81,0
DA:82,0
LF:26
LH:0
BRDA:81,0,0,0
BRDA:81,0,1,0
BRF:2
BRH:0
end_of_record
TN:
SF:src/boot/axios.js
FN:3,(anonymous_0)
FNF:1
FNH:0
FNDA:0,(anonymous_0)
DA:4,0
LF:1
LH:0
BRF:0
BRH:0
end_of_record
TN:
SF:src/boot/backend-api.js
FN:27,(anonymous_0)
FN:34,(anonymous_1)
FN:42,(anonymous_2)
FN:45,(anonymous_3)
FN:52,(anonymous_4)
FN:55,(anonymous_5)
FN:58,(anonymous_6)
FN:61,(anonymous_7)
FN:64,(anonymous_8)
FN:67,(anonymous_9)
FN:70,(anonymous_10)
FN:73,(anonymous_11)
FN:76,(anonymous_12)
FN:80,(anonymous_13)
FN:83,(anonymous_14)
FN:87,(anonymous_15)
FN:92,(anonymous_16)
FN:97,(anonymous_17)
FN:102,(anonymous_18)
FN:105,(anonymous_19)
FN:115,(anonymous_20)
FN:119,(anonymous_21)
FN:123,(anonymous_22)
FN:129,(anonymous_23)
FN:132,(anonymous_24)
FN:139,(anonymous_25)
FN:150,(anonymous_26)
FN:153,(anonymous_27)
FN:163,(anonymous_28)
FN:166,(anonymous_29)
FN:169,(anonymous_30)
FN:172,(anonymous_31)
FN:181,(anonymous_32)
FN:185,(anonymous_33)
FN:190,(anonymous_34)
FN:195,(anonymous_35)
FN:198,(anonymous_36)
FN:201,(anonymous_37)
FN:208,(anonymous_38)
FN:211,(anonymous_39)
FN:215,(anonymous_40)
FN:222,(anonymous_41)
FN:227,(anonymous_42)
FN:230,(anonymous_43)
FNF:44
FNH:0
FNDA:0,(anonymous_0)
FNDA:0,(anonymous_1)
FNDA:0,(anonymous_2)
FNDA:0,(anonymous_3)
FNDA:0,(anonymous_4)
FNDA:0,(anonymous_5)
FNDA:0,(anonymous_6)
FNDA:0,(anonymous_7)
FNDA:0,(anonymous_8)
FNDA:0,(anonymous_9)
FNDA:0,(anonymous_10)
FNDA:0,(anonymous_11)
FNDA:0,(anonymous_12)
FNDA:0,(anonymous_13)
FNDA:0,(anonymous_14)
FNDA:0,(anonymous_15)
FNDA:0,(anonymous_16)
FNDA:0,(anonymous_17)
FNDA:0,(anonymous_18)
FNDA:0,(anonymous_19)
FNDA:0,(anonymous_20)
FNDA:0,(anonymous_21)
FNDA:0,(anonymous_22)
FNDA:0,(anonymous_23)
FNDA:0,(anonymous_24)
FNDA:0,(anonymous_25)
FNDA:0,(anonymous_26)
FNDA:0,(anonymous_27)
FNDA:0,(anonymous_28)
FNDA:0,(anonymous_29)
FNDA:0,(anonymous_30)
FNDA:0,(anonymous_31)
FNDA:0,(anonymous_32)
FNDA:0,(anonymous_33)
FNDA:0,(anonymous_34)
FNDA:0,(anonymous_35)
FNDA:0,(anonymous_36)
FNDA:0,(anonymous_37)
FNDA:0,(anonymous_38)
FNDA:0,(anonymous_39)
FNDA:0,(anonymous_40)
FNDA:0,(anonymous_41)
FNDA:0,(anonymous_42)
FNDA:0,(anonymous_43)
DA:2,0
DA:4,0
DA:7,0
DA:15,0
DA:32,0
DA:35,0
DA:43,0
DA:46,0
DA:53,0
DA:56,0
DA:59,0
DA:62,0
DA:65,0
DA:68,0
DA:71,0
DA:74,0
DA:77,0
DA:78,0
DA:81,0
DA:84,0
DA:85,0
DA:88,0
DA:93,0
DA:98,0
DA:103,0
DA:106,0
DA:117,0
DA:120,0
DA:121,0
DA:124,0
DA:125,0
DA:130,0
DA:133,0
DA:140,0
DA:141,0
DA:151,0
DA:154,0
DA:164,0
DA:167,0
DA:170,0
DA:173,0
DA:182,0
DA:186,0
DA:191,0
DA:196,0
DA:199,0
DA:202,0
DA:209,0
DA:212,0
DA:213,0
DA:216,0
DA:217,0
DA:223,0
DA:228,0
DA:231,0
LF:55
LH:0
BRDA:10,0,0,0
BRDA:10,0,1,0
BRDA:18,1,0,0
BRDA:18,1,1,0
BRF:4
BRH:0
end_of_record
TN:
SF:src/boot/i18n.js
FN:13,(anonymous_0)
FNF:1
FNH:0
FNDA:0,(anonymous_0)
DA:5,0
DA:7,0
DA:15,0
LF:3
LH:0
BRF:0
BRH:0
end_of_record
TN:
SF:src/components/CompareLexicon.vue
FN:41,data
FN:66,mounted
FNF:2
FNH:0
FNDA:0,data
FNDA:0,mounted
DA:35,0
DA:42,0
LF:2
LH:0
BRF:0
BRH:0
end_of_record
TN:
SF:src/components/ConfirmAction.vue
FN:23,data
FN:34,confirm
FNF:2
FNH:0
FNDA:0,data
FNDA:0,confirm
DA:24,0
DA:35,0
LF:2
LH:0
BRF:0
BRH:0
end_of_record
TN:
SF:src/components/CreaProjectCard.vue
FN:76,data
FN:91,getUserInfos
FN:102,onSubmit
FN:109,(anonymous_9)
FN:118,(anonymous_10)
FN:127,onReset
FN:134,onFileChange
FNF:7
FNH:0
FNDA:0,data
FNDA:0,getUserInfos
FNDA:0,onSubmit
FNDA:0,(anonymous_9)
FNDA:0,(anonymous_10)
FNDA:0,onReset
FNDA:0,onFileChange
DA:72,0
DA:77,0
DA:92,0
DA:102,0
DA:103,0
DA:104,0
DA:105,0
DA:109,0
DA:112,0
DA:113,0
DA:114,0
DA:115,0
DA:120,0
DA:121,0
DA:135,0
LF:15
LH:0
BRF:0
BRH:0
end_of_record
TN:
SF:src/components/GrewRequestCard.vue
FN:75,(anonymous_1)
FN:83,tokenBase
FN:136,tokenString
FN:152,startState
FN:153,token
FN:166,data
FN:184,mounted
FN:196,onSearch
FN:207,tryRule
FN:221,changeSearchPattern
FN:232,onResetSearch
FN:241,getgrewlink
FN:244,(anonymous_13)
FN:251,checkgrewquery
FN:253,(anonymous_15)
FN:268,zip
FN:303,unzip
FN:338,utoa
FN:347,atou
FNF:19
FNH:0
FNDA:0,(anonymous_1)
FNDA:0,tokenBase
FNDA:0,tokenString
FNDA:0,startState
FNDA:0,token
FNDA:0,data
FNDA:0,mounted
FNDA:0,onSearch
FNDA:0,tryRule
FNDA:0,changeSearchPattern
FNDA:0,onResetSearch
FNDA:0,getgrewlink
FNDA:0,(anonymous_13)
FNDA:0,checkgrewquery
FNDA:0,(anonymous_15)
FNDA:0,zip
FNDA:0,unzip
FNDA:0,utoa
FNDA:0,atou
DA:69,0
DA:70,0
DA:71,0
DA:73,0
DA:74,0
DA:75,0
DA:76,0
DA:84,0
DA:86,0
DA:87,0
DA:88,0
DA:91,0
DA:92,0
DA:93,0
DA:96,0
DA:97,0
DA:100,0
DA:101,0
DA:102,0
DA:106,0
DA:107,0
DA:108,0
DA:109,0
DA:113,0
DA:114,0
DA:115,0
DA:121,0
DA:122,0
DA:123,0
DA:124,0
DA:126,0
DA:128,0
DA:129,0
DA:131,0
DA:132,0
DA:133,0
DA:137,0
DA:138,0
DA:139,0
DA:140,0
DA:141,0
DA:143,0
DA:145,0
DA:146,0
DA:148,0
DA:151,0
DA:152,0
DA:154,0
DA:155,0
DA:167,0
DA:185,0
DA:186,0
DA:187,0
DA:188,0
DA:197,0
DA:198,0
DA:199,0
DA:200,0
DA:208,0
DA:209,0
DA:222,0
DA:223,0
DA:224,0
DA:233,0
DA:234,0
DA:241,0
DA:242,0
DA:243,0
DA:244,0
DA:252,0
DA:253,0
DA:255,0
DA:256,0
DA:257,0
DA:258,0
DA:269,0
DA:270,0
DA:271,0
DA:272,0
DA:274,0
DA:275,0
DA:276,0
DA:277,0
DA:278,0
DA:279,0
DA:281,0
DA:282,0
DA:283,0
DA:284,0
DA:287,0
DA:288,0
DA:289,0
DA:291,0
DA:293,0
DA:294,0
DA:304,0
DA:305,0
DA:306,0
DA:307,0
DA:308,0
DA:309,0
DA:310,0
DA:311,0
DA:313,0
DA:314,0
DA:315,0
DA:316,0
DA:318,0
DA:320,0
DA:321,0
DA:322,0
DA:323,0
DA:324,0
DA:326,0
DA:328,0
DA:329,0
DA:339,0
DA:348,0
LF:118
LH:0
BRDA:86,0,0,0
BRDA:86,0,1,0
BRDA:91,1,0,0
BRDA:91,1,1,0
BRDA:96,2,0,0
BRDA:96,2,1,0
BRDA:100,3,0,0
BRDA:100,3,1,0
BRDA:101,4,0,0
BRDA:101,4,1,0
BRDA:106,5,0,0
BRDA:106,5,1,0
BRDA:108,6,0,0
BRDA:108,6,1,0
BRDA:108,7,0,0
BRDA:108,7,1,0
BRDA:113,8,0,0
BRDA:113,8,1,0
BRDA:114,9,0,0
BRDA:114,9,1,0
BRDA:114,10,0,0
BRDA:114,10,1,0
BRDA:121,11,0,0
BRDA:121,11,1,0
BRDA:123,12,0,0
BRDA:123,12,1,0
BRDA:128,13,0,0
BRDA:128,13,1,0
BRDA:133,14,0,0
BRDA:133,14,1,0
BRDA:139,15,0,0
BRDA:139,15,1,0
BRDA:139,16,0,0
BRDA:139,16,1,0
BRDA:143,17,0,0
BRDA:143,17,1,0
BRDA:145,18,0,0
BRDA:145,18,1,0
BRDA:145,19,0,0
BRDA:145,19,1,0
BRDA:154,20,0,0
BRDA:154,20,1,0
BRDA:178,21,0,0
BRDA:178,21,1,0
BRDA:185,22,0,0
BRDA:185,22,1,0
BRDA:186,23,0,0
BRDA:186,23,1,0
BRDA:187,24,0,0
BRDA:187,24,1,0
BRDA:243,25,0,0
BRDA:243,25,1,0
BRDA:252,26,0,0
BRDA:252,26,1,0
BRDA:253,27,0,0
BRDA:253,27,1,0
BRDA:278,28,0,0
BRDA:278,28,1,0
BRDA:281,29,0,0
BRDA:281,29,1,0
BRDA:287,30,0,0
BRDA:287,30,1,0
BRDA:315,31,0,0
BRDA:315,31,1,0
BRDA:318,32,0,0
BRDA:318,32,1,0
BRF:66
BRH:0
end_of_record
TN:
SF:src/components/LexiconTable.vue
FN:172,data
FN:260,mounted
FN:265,addValidator
FN:274,(anonymous_14)
FN:279,(anonymous_15)
FN:286,upload
FN:293,(anonymous_17)
FN:297,(anonymous_18)
FN:314,getRulesGrew
FN:318,(anonymous_20)
FN:354,ondialoghide
FN:355,onSearch
FN:357,(anonymous_23)
FN:361,(anonymous_24)
FN:363,onTryRule
FN:367,(anonymous_26)
FN:371,(anonymous_27)
FN:379,addEntry
FN:403,informFeatureChanged
FN:423,replaceEntry
FN:457,deleteSelected
FN:459,(anonymous_32)
FN:465,onRowClick
FN:496,exportLexiconTSV
FN:504,(anonymous_35)
FN:516,(anonymous_36)
FN:523,exportLexiconJSON
FN:533,(anonymous_38)
FN:545,(anonymous_39)
FN:553,showNotif
FNF:30
FNH:0
FNDA:0,data
FNDA:0,mounted
FNDA:0,addValidator
FNDA:0,(anonymous_14)
FNDA:0,(anonymous_15)
FNDA:0,upload
FNDA:0,(anonymous_17)
FNDA:0,(anonymous_18)
FNDA:0,getRulesGrew
FNDA:0,(anonymous_20)
FNDA:0,ondialoghide
FNDA:0,onSearch
FNDA:0,(anonymous_23)
FNDA:0,(anonymous_24)
FNDA:0,onTryRule
FNDA:0,(anonymous_26)
FNDA:0,(anonymous_27)
FNDA:0,addEntry
FNDA:0,informFeatureChanged
FNDA:0,replaceEntry
FNDA:0,deleteSelected
FNDA:0,(anonymous_32)
FNDA:0,onRowClick
FNDA:0,exportLexiconTSV
FNDA:0,(anonymous_35)
FNDA:0,(anonymous_36)
FNDA:0,exportLexiconJSON
FNDA:0,(anonymous_38)
FNDA:0,(anonymous_39)
FNDA:0,showNotif
DA:156,0
DA:157,0
DA:158,0
DA:159,0
DA:160,0
DA:161,0
DA:173,0
DA:261,0
DA:262,0
DA:265,0
DA:266,0
DA:267,0
DA:268,0
DA:269,0
DA:272,0
DA:274,0
DA:276,0
DA:277,0
DA:278,0
DA:281,0
DA:282,0
DA:284,0
DA:286,0
DA:287,0
DA:288,0
DA:289,0
DA:290,0
DA:291,0
DA:292,0
DA:293,0
DA:294,0
DA:295,0
DA:296,0
DA:297,0
DA:299,0
DA:301,0
DA:302,0
DA:304,0
DA:305,0
DA:306,0
DA:307,0
DA:308,0
DA:310,0
DA:312,0
DA:314,0
DA:315,0
DA:316,0
DA:318,0
DA:320,0
DA:321,0
DA:324,0
DA:325,0
DA:326,0
DA:327,0
DA:332,0
DA:333,0
DA:338,0
DA:339,0
DA:340,0
DA:343,0
DA:344,0
DA:349,0
DA:352,0
DA:355,0
DA:356,0
DA:357,0
DA:359,0
DA:360,0
DA:361,0
DA:363,0
DA:364,0
DA:365,0
DA:366,0
DA:367,0
DA:369,0
DA:370,0
DA:371,0
DA:372,0
DA:373,0
DA:374,0
DA:375,0
DA:380,0
DA:381,0
DA:382,0
DA:391,0
DA:392,0
DA:393,0
DA:404,0
DA:408,0
DA:410,0
DA:411,0
DA:412,0
DA:413,0
DA:414,0
DA:415,0
DA:416,0
DA:418,0
DA:424,0
DA:425,0
DA:426,0
DA:437,0
DA:438,0
DA:439,0
DA:443,0
DA:458,0
DA:459,0
DA:460,0
DA:461,0
DA:463,0
DA:466,0
DA:467,0
DA:468,0
DA:469,0
DA:470,0
DA:471,0
DA:472,0
DA:473,0
DA:474,0
DA:475,0
DA:476,0
DA:477,0
DA:479,0
DA:480,0
DA:489,0
DA:491,0
DA:496,0
DA:497,0
DA:498,0
DA:499,0
DA:500,0
DA:503,0
DA:504,0
DA:506,0
DA:507,0
DA:508,0
DA:509,0
DA:510,0
DA:511,0
DA:512,0
DA:513,0
DA:514,0
DA:515,0
DA:518,0
DA:519,0
DA:521,0
DA:523,0
DA:524,0
DA:525,0
DA:526,0
DA:527,0
DA:530,0
DA:533,0
DA:535,0
DA:536,0
DA:537,0
DA:538,0
DA:539,0
DA:540,0
DA:541,0
DA:542,0
DA:543,0
DA:544,0
DA:547,0
DA:548,0
DA:550,0
DA:553,0
DA:555,0
DA:556,0
LF:168
LH:0
BRDA:267,0,0,0
BRDA:267,0,1,0
BRDA:268,1,0,0
BRDA:268,1,1,0
BRDA:289,2,0,0
BRDA:289,2,1,0
BRDA:291,3,0,0
BRDA:291,3,1,0
BRDA:292,4,0,0
BRDA:292,4,1,0
BRDA:299,5,0,0
BRDA:299,5,1,0
BRDA:315,6,0,0
BRDA:315,6,1,0
BRDA:324,7,0,0
BRDA:324,7,1,0
BRDA:325,8,0,0
BRDA:325,8,1,0
BRDA:326,9,0,0
BRDA:326,9,1,0
BRDA:326,10,0,0
BRDA:326,10,1,0
BRDA:332,11,0,0
BRDA:332,11,1,0
BRDA:332,12,0,0
BRDA:332,12,1,0
BRDA:338,13,0,0
BRDA:338,13,1,0
BRDA:380,14,0,0
BRDA:380,14,1,0
BRDA:408,15,0,0
BRDA:408,15,1,0
BRDA:410,16,0,0
BRDA:410,16,1,0
BRDA:414,17,0,0
BRDA:414,17,1,0
BRDA:424,18,0,0
BRDA:424,18,1,0
BRDA:438,19,0,0
BRDA:438,19,1,0
BRDA:477,20,0,0
BRDA:477,20,1,0
BRDA:489,21,0,0
BRDA:489,21,1,0
BRDA:498,22,0,0
BRDA:498,22,1,0
BRDA:499,23,0,0
BRDA:499,23,1,0
BRDA:525,24,0,0
BRDA:525,24,1,0
BRDA:526,25,0,0
BRDA:526,25,1,0
BRDA:555,26,0,0
BRDA:555,26,1,0
BRF:54
BRH:0
end_of_record
TN:
SF:src/components/ProjectCard.vue
FN:54,data
FN:64,canSeeSettings
FN:71,imageEmpty
FN:79,imageCleaned
FN:85,visible
FN:105,goTo
FN:119,projectSettings
FN:127,deleteProject
FN:137,triggerConfirm
FNF:9
FNH:0
FNDA:0,data
FNDA:0,canSeeSettings
FNDA:0,imageEmpty
FNDA:0,imageCleaned
FNDA:0,visible
FNDA:0,goTo
FNDA:0,projectSettings
FNDA:0,deleteProject
FNDA:0,triggerConfirm
DA:49,0
DA:55,0
DA:65,0
DA:66,0
DA:67,0
DA:68,0
DA:72,0
DA:73,0
DA:74,0
DA:76,0
DA:80,0
DA:81,0
DA:82,0
DA:83,0
DA:87,0
DA:106,0
DA:120,0
DA:128,0
DA:138,0
DA:139,0
DA:140,0
LF:21
LH:0
BRDA:65,0,0,0
BRDA:65,0,1,0
BRDA:66,1,0,0
BRDA:66,1,1,0
BRDA:72,2,0,0
BRDA:72,2,1,0
BRDA:73,3,0,0
BRDA:73,3,1,0
BRF:8
BRH:0
end_of_record
TN:
SF:src/components/ProjectItem.vue
FN:56,data
FN:65,imageEmpty
FN:71,imageCleaned
FN:77,visible
FN:93,goTo
FN:107,projectSettings
FN:115,deleteProject
FN:125,triggerConfirm
FNF:8
FNH:0
FNDA:0,data
FNDA:0,imageEmpty
FNDA:0,imageCleaned
FNDA:0,visible
FNDA:0,goTo
FNDA:0,projectSettings
FNDA:0,deleteProject
FNDA:0,triggerConfirm
DA:51,0
DA:52,0
DA:57,0
DA:66,0
DA:67,0
DA:68,0
DA:69,0
DA:72,0
DA:73,0
DA:74,0
DA:75,0
DA:78,0
DA:80,0
DA:81,0
DA:82,0
DA:83,0
DA:94,0
DA:108,0
DA:116,0
DA:126,0
DA:127,0
DA:128,0
LF:22
LH:0
BRDA:66,0,0,0
BRDA:66,0,1,0
BRDA:67,1,0,0
BRDA:67,1,1,0
BRDA:78,2,0,0
BRDA:78,2,1,0
BRDA:80,3,0,0
BRDA:80,3,1,0
BRDA:81,4,0,0
BRDA:81,4,1,0
BRF:10
BRH:0
end_of_record
TN:
SF:src/components/ProjectSettingsView.vue
FN:424,data
FN:461,mounted
FN:467,admins
FN:470,guests
FN:474,get
FN:477,set
FN:485,get
FN:488,set
FN:495,shownfeatureschoices
FN:499,get
FN:502,set
FN:509,shownmetachoices
FN:513,get
FN:516,set
FN:523,imageEmpty
FN:535,imageCleaned
FN:541,guest
FN:546,admin
FN:554,isAdmin
FN:560,isGuest
FN:570,getProjectInfos
FN:587,checkAnnotationFeatures
FN:602,saveAnnotationSettings
FN:606,(anonymous_34)
FN:612,(anonymous_35)
FN:622,resetAnnotationFeatures
FN:635,updateAdminsOrGuests
FN:640,(anonymous_38)
FN:652,(anonymous_39)
FN:658,removeAdmin
FN:659,(anonymous_41)
FN:667,(anonymous_42)
FN:678,removeGuest
FN:679,(anonymous_44)
FN:687,(anonymous_45)
FN:708,addDefaultUserTree
FN:709,(anonymous_47)
FN:714,(anonymous_48)
FN:725,removeDefaultUserTree
FN:726,(anonymous_50)
FN:731,(anonymous_51)
FN:741,changeShowAllTrees
FN:743,(anonymous_53)
FN:749,(anonymous_54)
FN:760,changeIsPrivate
FN:762,(anonymous_56)
FN:769,(anonymous_57)
FN:779,changeDescription
FN:781,(anonymous_59)
FN:787,(anonymous_60)
FN:797,uploadProjectImage
FN:802,(anonymous_62)
FN:809,(anonymous_63)
FN:830,triggerConfirm
FNF:54
FNH:0
FNDA:0,data
FNDA:0,mounted
FNDA:0,admins
FNDA:0,guests
FNDA:0,get
FNDA:0,set
FNDA:0,get
FNDA:0,set
FNDA:0,shownfeatureschoices
FNDA:0,get
FNDA:0,set
FNDA:0,shownmetachoices
FNDA:0,get
FNDA:0,set
FNDA:0,imageEmpty
FNDA:0,imageCleaned
FNDA:0,guest
FNDA:0,admin
FNDA:0,isAdmin
FNDA:0,isGuest
FNDA:0,getProjectInfos
FNDA:0,checkAnnotationFeatures
FNDA:0,saveAnnotationSettings
FNDA:0,(anonymous_34)
FNDA:0,(anonymous_35)
FNDA:0,resetAnnotationFeatures
FNDA:0,updateAdminsOrGuests
FNDA:0,(anonymous_38)
FNDA:0,(anonymous_39)
FNDA:0,removeAdmin
FNDA:0,(anonymous_41)
FNDA:0,(anonymous_42)
FNDA:0,removeGuest
FNDA:0,(anonymous_44)
FNDA:0,(anonymous_45)
FNDA:0,addDefaultUserTree
FNDA:0,(anonymous_47)
FNDA:0,(anonymous_48)
FNDA:0,removeDefaultUserTree
FNDA:0,(anonymous_50)
FNDA:0,(anonymous_51)
FNDA:0,changeShowAllTrees
FNDA:0,(anonymous_53)
FNDA:0,(anonymous_54)
FNDA:0,changeIsPrivate
FNDA:0,(anonymous_56)
FNDA:0,(anonymous_57)
FNDA:0,changeDescription
FNDA:0,(anonymous_59)
FNDA:0,(anonymous_60)
FNDA:0,uploadProjectImage
FNDA:0,(anonymous_62)
FNDA:0,(anonymous_63)
FNDA:0,triggerConfirm
DA:412,0
DA:413,0
DA:414,0
DA:415,0
DA:416,0
DA:417,0
DA:418,0
DA:425,0
DA:464,0
DA:468,0
DA:471,0
DA:475,0
DA:478,0
DA:486,0
DA:489,0
DA:496,0
DA:500,0
DA:503,0
DA:510,0
DA:514,0
DA:517,0
DA:524,0
DA:525,0
DA:527,0
DA:528,0
DA:529,0
DA:530,0
DA:532,0
DA:536,0
DA:537,0
DA:538,0
DA:539,0
DA:542,0
DA:547,0
DA:555,0
DA:561,0
DA:588,0
DA:589,0
DA:590,0
DA:591,0
DA:593,0
DA:594,0
DA:602,0
DA:605,0
DA:611,0
DA:614,0
DA:615,0
DA:623,0
DA:626,0
DA:635,0
DA:636,0
DA:637,0
DA:638,0
DA:640,0
DA:647,0
DA:648,0
DA:654,0
DA:658,0
DA:659,0
DA:662,0
DA:663,0
DA:669,0
DA:678,0
DA:679,0
DA:682,0
DA:683,0
DA:689,0
DA:708,0
DA:709,0
DA:712,0
DA:713,0
DA:716,0
DA:725,0
DA:726,0
DA:729,0
DA:730,0
DA:733,0
DA:741,0
DA:742,0
DA:747,0
DA:748,0
DA:751,0
DA:760,0
DA:761,0
DA:766,0
DA:767,0
DA:768,0
DA:771,0
DA:779,0
DA:780,0
DA:785,0
DA:786,0
DA:789,0
DA:797,0
DA:798,0
DA:799,0
DA:800,0
DA:802,0
DA:805,0
DA:806,0
DA:807,0
DA:808,0
DA:811,0
DA:812,0
DA:831,0
DA:832,0
DA:833,0
LF:107
LH:0
BRDA:524,0,0,0
BRDA:524,0,1,0
BRDA:527,1,0,0
BRDA:527,1,1,0
BRDA:529,2,0,0
BRDA:529,2,1,0
BRDA:547,3,0,0
BRDA:547,3,1,0
BRDA:555,4,0,0
BRDA:555,4,1,0
BRF:10
BRH:0
end_of_record
TN:
SF:src/components/RelationTable.vue
FN:84,data
FN:117,getTable
FN:126,field
FN:176,resetFilter
FN:192,showTrees
FN:203,isString
FN:207,mounted
FN:208,(anonymous_18)
FN:214,_loop
FN:217,(anonymous_20)
FN:231,(anonymous_21)
FNF:11
FNH:0
FNDA:0,data
FNDA:0,getTable
FNDA:0,field
FNDA:0,resetFilter
FNDA:0,showTrees
FNDA:0,isString
FNDA:0,mounted
FNDA:0,(anonymous_18)
FNDA:0,_loop
FNDA:0,(anonymous_20)
FNDA:0,(anonymous_21)
DA:77,0
DA:78,0
DA:85,0
DA:117,0
DA:119,0
DA:121,0
DA:122,0
DA:126,0
DA:127,0
DA:128,0
DA:129,0
DA:131,0
DA:132,0
DA:133,0
DA:134,0
DA:135,0
DA:136,0
DA:137,0
DA:138,0
DA:140,0
DA:142,0
DA:143,0
DA:177,0
DA:193,0
DA:194,0
DA:195,0
DA:204,0
DA:207,0
DA:208,0
DA:209,0
DA:211,0
DA:212,0
DA:214,0
DA:215,0
DA:216,0
DA:217,0
DA:218,0
DA:220,0
DA:221,0
DA:222,0
DA:223,0
DA:224,0
DA:226,0
DA:228,0
DA:231,0
LF:45
LH:0
BRDA:135,0,0,0
BRDA:135,0,1,0
BRDA:136,1,0,0
BRDA:136,1,1,0
BRDA:204,2,0,0
BRDA:204,2,1,0
BRDA:218,3,0,0
BRDA:218,3,1,0
BRDA:222,4,0,0
BRDA:222,4,1,0
BRF:10
BRH:0
end_of_record
TN:
SF:src/components/ResultView.vue
FN:65,data
FN:73,sentenceCount
FN:74,(anonymous_3)
FN:79,mounted
FN:89,freezeSamples
FNF:5
FNH:0
FNDA:0,data
FNDA:0,sentenceCount
FNDA:0,(anonymous_3)
FNDA:0,mounted
FNDA:0,freezeSamples
DA:57,0
DA:58,0
DA:66,0
DA:73,0
DA:74,0
DA:75,0
DA:80,0
DA:91,0
DA:92,0
DA:93,0
DA:95,0
DA:96,0
DA:97,0
DA:98,0
DA:99,0
DA:100,0
DA:104,0
DA:105,0
LF:18
LH:0
BRF:0
BRH:0
end_of_record
TN:
SF:src/components/TagInput.vue
FN:108,_default
FN:115,_default
FN:182,_default
FN:217,_default
FN:222,_default
FN:227,_default
FN:231,data
FN:247,created
FN:259,input
FN:291,tags
FN:299,value
FN:303,typeaheadAlwaysShow
FN:320,escapeRegExp
FN:330,tagFromInput
FN:382,tagFromSearchOnClick
FN:396,tagFromSearch
FN:400,(anonymous_27)
FN:412,addTag
FN:429,(anonymous_29)
FN:448,addTagInit
FN:470,removeLastTag
FN:482,removeTag
FN:492,(anonymous_33)
FN:513,searchTag
FN:553,(anonymous_35)
FN:579,hideTypeahead
FN:581,(anonymous_37)
FN:592,nextSearchResult
FN:603,prevSearchResult
FN:614,clearSearchResults
FN:619,(anonymous_41)
FN:630,clearTags
FN:639,tagsFromValue
FN:677,tagSelected
FN:711,clearInput
FN:721,onKeyUp
FN:731,onKeyDown
FN:741,onFocus
FN:753,onBlur
FNF:39
FNH:0
FNDA:0,_default
FNDA:0,_default
FNDA:0,_default
FNDA:0,_default
FNDA:0,_default
FNDA:0,_default
FNDA:0,data
FNDA:0,created
FNDA:0,input
FNDA:0,tags
FNDA:0,value
FNDA:0,typeaheadAlwaysShow
FNDA:0,escapeRegExp
FNDA:0,tagFromInput
FNDA:0,tagFromSearchOnClick
FNDA:0,tagFromSearch
FNDA:0,(anonymous_27)
FNDA:0,addTag
FNDA:0,(anonymous_29)
FNDA:0,addTagInit
FNDA:0,removeLastTag
FNDA:0,removeTag
FNDA:0,(anonymous_33)
FNDA:0,searchTag
FNDA:0,(anonymous_35)
FNDA:0,hideTypeahead
FNDA:0,(anonymous_37)
FNDA:0,nextSearchResult
FNDA:0,prevSearchResult
FNDA:0,clearSearchResults
FNDA:0,(anonymous_41)
FNDA:0,clearTags
FNDA:0,tagsFromValue
FNDA:0,tagSelected
FNDA:0,clearInput
FNDA:0,onKeyUp
FNDA:0,onKeyDown
FNDA:0,onFocus
FNDA:0,onBlur
DA:109,0
DA:116,0
DA:182,0
DA:217,0
DA:222,0
DA:232,0
DA:248,0
DA:250,0
DA:251,0
DA:255,0
DA:260,0
DA:262,0
DA:263,0
DA:265,0
DA:266,0
DA:268,0
DA:271,0
DA:275,0
DA:276,0
DA:278,0
DA:280,0
DA:283,0
DA:287,0
DA:293,0
DA:296,0
DA:300,0
DA:304,0
DA:305,0
DA:307,0
DA:321,0
DA:330,0
DA:332,0
DA:337,0
DA:339,0
DA:342,0
DA:345,0
DA:346,0
DA:350,0
DA:355,0
DA:359,0
DA:360,0
DA:364,0
DA:365,0
DA:367,0
DA:371,0
DA:383,0
DA:385,0
DA:396,0
DA:397,0
DA:398,0
DA:400,0
DA:401,0
DA:402,0
DA:412,0
DA:413,0
DA:414,0
DA:418,0
DA:419,0
DA:421,0
DA:425,0
DA:426,0
DA:429,0
DA:430,0
DA:437,0
DA:449,0
DA:450,0
DA:454,0
DA:455,0
DA:456,0
DA:460,0
DA:461,0
DA:471,0
DA:472,0
DA:482,0
DA:483,0
DA:485,0
DA:486,0
DA:489,0
DA:492,0
DA:493,0
DA:500,0
DA:502,0
DA:503,0
DA:514,0
DA:515,0
DA:518,0
DA:524,0
DA:525,0
DA:526,0
DA:528,0
DA:532,0
DA:534,0
DA:538,0
DA:539,0
DA:543,0
DA:547,0
DA:552,0
DA:553,0
DA:554,0
DA:555,0
DA:557,0
DA:562,0
DA:563,0
DA:570,0
DA:579,0
DA:580,0
DA:581,0
DA:582,0
DA:593,0
DA:594,0
DA:604,0
DA:605,0
DA:614,0
DA:615,0
DA:616,0
DA:618,0
DA:619,0
DA:620,0
DA:631,0
DA:640,0
DA:641,0
DA:642,0
DA:646,0
DA:649,0
DA:652,0
DA:653,0
DA:656,0
DA:658,0
DA:660,0
DA:663,0
DA:664,0
DA:667,0
DA:677,0
DA:678,0
DA:679,0
DA:682,0
DA:683,0
DA:686,0
DA:690,0
DA:691,0
DA:695,0
DA:699,0
DA:703,0
DA:712,0
DA:722,0
DA:732,0
DA:742,0
DA:744,0
DA:754,0
DA:756,0
DA:758,0
DA:761,0
DA:762,0
DA:764,0
LF:154
LH:0
BRDA:250,0,0,0
BRDA:250,0,1,0
BRDA:262,1,0,0
BRDA:262,1,1,0
BRDA:262,2,0,0
BRDA:262,2,1,0
BRDA:265,3,0,0
BRDA:265,3,1,0
BRDA:266,4,0,0
BRDA:266,4,1,0
BRDA:275,5,0,0
BRDA:275,5,1,0
BRDA:278,6,0,0
BRDA:278,6,1,0
BRDA:304,7,0,0
BRDA:304,7,1,0
BRDA:330,8,0,0
BRDA:330,8,1,0
BRDA:332,9,0,0
BRDA:332,9,1,0
BRDA:332,10,0,0
BRDA:332,10,1,0
BRDA:332,10,2,0
BRDA:345,11,0,0
BRDA:345,11,1,0
BRDA:345,12,0,0
BRDA:345,12,1,0
BRDA:345,12,2,0
BRDA:355,13,0,0
BRDA:355,13,1,0
BRDA:360,14,0,0
BRDA:360,14,1,0
BRDA:364,15,0,0
BRDA:364,15,1,0
BRDA:413,16,0,0
BRDA:413,16,1,0
BRDA:418,17,0,0
BRDA:418,17,1,0
BRDA:418,18,0,0
BRDA:418,18,1,0
BRDA:425,19,0,0
BRDA:425,19,1,0
BRDA:449,20,0,0
BRDA:449,20,1,0
BRDA:454,21,0,0
BRDA:454,21,1,0
BRDA:454,22,0,0
BRDA:454,22,1,0
BRDA:460,23,0,0
BRDA:460,23,1,0
BRDA:471,24,0,0
BRDA:471,24,1,0
BRDA:471,25,0,0
BRDA:471,25,1,0
BRDA:471,25,2,0
BRDA:485,26,0,0
BRDA:485,26,1,0
BRDA:502,27,0,0
BRDA:502,27,1,0
BRDA:514,28,0,0
BRDA:514,28,1,0
BRDA:518,29,0,0
BRDA:518,29,1,0
BRDA:518,30,0,0
BRDA:518,30,1,0
BRDA:518,30,2,0
BRDA:518,30,3,0
BRDA:528,31,0,0
BRDA:528,31,1,0
BRDA:528,32,0,0
BRDA:528,32,1,0
BRDA:528,32,2,0
BRDA:528,32,3,0
BRDA:534,33,0,0
BRDA:534,33,1,0
BRDA:539,34,0,0
BRDA:539,34,1,0
BRDA:543,35,0,0
BRDA:543,35,1,0
BRDA:543,36,0,0
BRDA:543,36,1,0
BRDA:552,37,0,0
BRDA:552,37,1,0
BRDA:554,38,0,0
BRDA:554,38,1,0
BRDA:555,39,0,0
BRDA:555,39,1,0
BRDA:562,40,0,0
BRDA:562,40,1,0
BRDA:580,41,0,0
BRDA:580,41,1,0
BRDA:593,42,0,0
BRDA:593,42,1,0
BRDA:604,43,0,0
BRDA:604,43,1,0
BRDA:618,44,0,0
BRDA:618,44,1,0
BRDA:640,45,0,0
BRDA:640,45,1,0
BRDA:640,46,0,0
BRDA:640,46,1,0
BRDA:641,47,0,0
BRDA:641,47,1,0
BRDA:652,48,0,0
BRDA:652,48,1,0
BRDA:663,49,0,0
BRDA:663,49,1,0
BRDA:678,50,0,0
BRDA:678,50,1,0
BRDA:682,51,0,0
BRDA:682,51,1,0
BRDA:686,52,0,0
BRDA:686,52,1,0
BRDA:691,53,0,0
BRDA:691,53,1,0
BRDA:695,54,0,0
BRDA:695,54,1,0
BRDA:695,55,0,0
BRDA:695,55,1,0
BRDA:756,56,0,0
BRDA:756,56,1,0
BRDA:761,57,0,0
BRDA:761,57,1,0
BRF:123
BRH:0
end_of_record
TN:
SF:src/components/UserSelectTable.vue
FN:93,data
FN:114,mounted
FN:126,filterFields
FN:127,(anonymous_4)
FN:135,getUsers
FN:136,(anonymous_6)
FN:139,(anonymous_7)
FN:140,(anonymous_8)
FN:148,getUsersTreeFrom
FN:149,(anonymous_10)
FN:152,(anonymous_11)
FNF:11
FNH:0
FNDA:0,data
FNDA:0,mounted
FNDA:0,filterFields
FNDA:0,(anonymous_4)
FNDA:0,getUsers
FNDA:0,(anonymous_6)
FNDA:0,(anonymous_7)
FNDA:0,(anonymous_8)
FNDA:0,getUsersTreeFrom
FNDA:0,(anonymous_10)
FNDA:0,(anonymous_11)
DA:89,0
DA:94,0
DA:115,0
DA:116,0
DA:127,0
DA:128,0
DA:135,0
DA:136,0
DA:138,0
DA:139,0
DA:141,0
DA:148,0
DA:149,0
DA:151,0
DA:154,0
LF:15
LH:0
BRDA:115,0,0,0
BRDA:115,0,1,0
BRDA:127,1,0,0
BRDA:127,1,1,0
BRDA:127,1,2,0
BRF:5
BRH:0
end_of_record
TN:
SF:src/components/UserTable.vue
FN:87,data
FN:107,mounted
FN:117,filterFields
FN:118,(anonymous_4)
FN:126,getUsers
FN:127,(anonymous_6)
FN:130,(anonymous_7)
FNF:7
FNH:0
FNDA:0,data
FNDA:0,mounted
FNDA:0,filterFields
FNDA:0,(anonymous_4)
FNDA:0,getUsers
FNDA:0,(anonymous_6)
FNDA:0,(anonymous_7)
DA:83,0
DA:88,0
DA:108,0
DA:118,0
DA:119,0
DA:126,0
DA:127,0
DA:129,0
DA:132,0
LF:9
LH:0
BRDA:118,0,0,0
BRDA:118,0,1,0
BRDA:118,0,2,0
BRF:3
BRH:0
end_of_record
TN:
SF:src/components/project/UploadDialog.vue
FN:126,data
FN:163,get
FN:166,set
FN:172,aFunction
FN:175,preprocess
FN:183,(anonymous_17)
FN:191,(anonymous_18)
FN:203,upload
FN:220,(anonymous_20)
FN:232,(anonymous_21)
FN:247,showNotif
FNF:11
FNH:0
FNDA:0,data
FNDA:0,get
FNDA:0,set
FNDA:0,aFunction
FNDA:0,preprocess
FNDA:0,(anonymous_17)
FNDA:0,(anonymous_18)
FNDA:0,upload
FNDA:0,(anonymous_20)
FNDA:0,(anonymous_21)
FNDA:0,showNotif
DA:122,0
DA:127,0
DA:164,0
DA:167,0
DA:173,0
DA:175,0
DA:176,0
DA:177,0
DA:179,0
DA:180,0
DA:181,0
DA:182,0
DA:183,0
DA:184,0
DA:186,0
DA:187,0
DA:188,0
DA:189,0
DA:190,0
DA:191,0
DA:192,0
DA:199,0
DA:201,0
DA:203,0
DA:204,0
DA:205,0
DA:206,0
DA:207,0
DA:209,0
DA:210,0
DA:211,0
DA:212,0
DA:213,0
DA:215,0
DA:219,0
DA:220,0
DA:223,0
DA:228,0
DA:229,0
DA:230,0
DA:231,0
DA:234,0
DA:235,0
DA:236,0
DA:238,0
DA:240,0
DA:241,0
DA:242,0
DA:243,0
DA:247,0
DA:257,0
DA:258,0
LF:52
LH:0
BRDA:176,0,0,0
BRDA:176,0,1,0
BRDA:187,1,0,0
BRDA:187,1,1,0
BRDA:188,2,0,0
BRDA:188,2,1,0
BRDA:191,3,0,0
BRDA:191,3,1,0
BRDA:205,4,0,0
BRDA:205,4,1,0
BRDA:234,5,0,0
BRDA:234,5,1,0
BRDA:257,6,0,0
BRDA:257,6,1,0
BRF:14
BRH:0
end_of_record
TN:
SF:src/components/sentence/AttributeTable.vue
FN:128,data
FN:141,mounted
FN:147,addNewFeature
FN:154,deleteRow
FN:155,(anonymous_5)
FN:158,thisdate
FN:170,computeAttributeOptions
FN:175,(anonymous_8)
FN:177,computeValueOptions
FN:179,(anonymous_12)
FN:185,computeValueType
FN:186,(anonymous_14)
FN:192,oninput
FNF:13
FNH:0
FNDA:0,data
FNDA:0,mounted
FNDA:0,addNewFeature
FNDA:0,deleteRow
FNDA:0,(anonymous_5)
FNDA:0,thisdate
FNDA:0,computeAttributeOptions
FNDA:0,(anonymous_8)
FNDA:0,computeValueOptions
FNDA:0,(anonymous_12)
FNDA:0,computeValueType
FNDA:0,(anonymous_14)
FNDA:0,oninput
DA:115,0
DA:116,0
DA:117,0
DA:118,0
DA:119,0
DA:129,0
DA:149,0
DA:155,0
DA:156,0
DA:159,0
DA:160,0
DA:161,0
DA:162,0
DA:163,0
DA:164,0
DA:165,0
DA:168,0
DA:170,0
DA:175,0
DA:179,0
DA:181,0
DA:182,0
DA:186,0
DA:188,0
DA:189,0
DA:193,0
DA:194,0
DA:195,0
LF:28
LH:0
BRDA:149,0,0,0
BRDA:149,0,1,0
BRDA:149,1,0,0
BRDA:149,1,1,0
BRDA:159,2,0,0
BRDA:159,2,1,0
BRDA:165,3,0,0
BRDA:165,3,1,0
BRDA:179,4,0,0
BRDA:179,4,1,0
BRDA:181,5,0,0
BRDA:181,5,1,0
BRDA:182,6,0,0
BRDA:182,6,1,0
BRDA:186,7,0,0
BRDA:186,7,1,0
BRDA:188,8,0,0
BRDA:188,8,1,0
BRDA:189,9,0,0
BRDA:189,9,1,0
BRF:20
BRH:0
end_of_record
TN:
SF:src/components/sentence/ConllGraph.vue
FN:321,(anonymous_11)
FN:322,tokenBase
FN:348,startState
FN:351,token
FN:368,data
FN:460,conllSavedCounter
FN:464,mounted
FN:470,(anonymous_18)
FN:478,(anonymous_19)
FN:482,(anonymous_20)
FN:488,myKKfunction
FN:496,up
FN:518,cleanSvgTree
FN:522,start
FN:550,codefocus
FN:555,openRelationDialog
FN:575,(anonymous_27)
FN:603,onchangerel
FN:605,(anonymous_29)
FN:621,openCategoryDialog
FN:630,onchangecat
FN:641,openMetaDialog
FN:645,onMetaDialogOk
FN:646,(anonymous_34)
FN:665,openFeatureDialog
FN:691,onFeatureDialogOk
FN:693,(anonymous_37)
FN:699,(anonymous_38)
FN:703,(anonymous_39)
FN:718,featureUpdateNeeded
FN:735,informFeatureChanged
FN:739,ondialoghide
FN:750,openTokenDialog
FN:760,(anonymous_44)
FN:761,(anonymous_45)
FN:777,(anonymous_46)
FN:778,(anonymous_47)
FN:806,(anonymous_48)
FN:816,onTokenDialogOk
FN:818,(anonymous_50)
FN:819,(anonymous_51)
FN:832,openConllDialog
FN:837,onConllDialogOk
FNF:43
FNH:0
FNDA:0,(anonymous_11)
FNDA:0,tokenBase
FNDA:0,startState
FNDA:0,token
FNDA:0,data
FNDA:0,conllSavedCounter
FNDA:0,mounted
FNDA:0,(anonymous_18)
FNDA:0,(anonymous_19)
FNDA:0,(anonymous_20)
FNDA:0,myKKfunction
FNDA:0,up
FNDA:0,cleanSvgTree
FNDA:0,start
FNDA:0,codefocus
FNDA:0,openRelationDialog
FNDA:0,(anonymous_27)
FNDA:0,onchangerel
FNDA:0,(anonymous_29)
FNDA:0,openCategoryDialog
FNDA:0,onchangecat
FNDA:0,openMetaDialog
FNDA:0,onMetaDialogOk
FNDA:0,(anonymous_34)
FNDA:0,openFeatureDialog
FNDA:0,onFeatureDialogOk
FNDA:0,(anonymous_37)
FNDA:0,(anonymous_38)
FNDA:0,(anonymous_39)
FNDA:0,featureUpdateNeeded
FNDA:0,informFeatureChanged
FNDA:0,ondialoghide
FNDA:0,openTokenDialog
FNDA:0,(anonymous_44)
FNDA:0,(anonymous_45)
FNDA:0,(anonymous_46)
FNDA:0,(anonymous_47)
FNDA:0,(anonymous_48)
FNDA:0,onTokenDialogOk
FNDA:0,(anonymous_50)
FNDA:0,(anonymous_51)
FNDA:0,openConllDialog
FNDA:0,onConllDialogOk
DA:310,0
DA:313,0
DA:314,0
DA:315,0
DA:316,0
DA:319,0
DA:321,0
DA:323,0
DA:324,0
DA:325,0
DA:328,0
DA:330,0
DA:331,0
DA:332,0
DA:333,0
DA:335,0
DA:337,0
DA:338,0
DA:340,0
DA:341,0
DA:342,0
DA:347,0
DA:349,0
DA:352,0
DA:353,0
DA:359,0
DA:369,0
DA:461,0
DA:465,0
DA:466,0
DA:467,0
DA:468,0
DA:470,0
DA:474,0
DA:475,0
DA:478,0
DA:479,0
DA:480,0
DA:482,0
DA:483,0
DA:489,0
DA:503,0
DA:504,0
DA:519,0
DA:524,0
DA:525,0
DA:527,0
DA:530,0
DA:531,0
DA:537,0
DA:539,0
DA:540,0
DA:541,0
DA:542,0
DA:543,0
DA:544,0
DA:545,0
DA:547,0
DA:551,0
DA:552,0
DA:568,0
DA:570,0
DA:571,0
DA:572,0
DA:573,0
DA:575,0
DA:581,0
DA:582,0
DA:583,0
DA:584,0
DA:589,0
DA:594,0
DA:595,0
DA:596,0
DA:597,0
DA:599,0
DA:600,0
DA:601,0
DA:603,0
DA:604,0
DA:605,0
DA:610,0
DA:618,0
DA:623,0
DA:624,0
DA:625,0
DA:626,0
DA:627,0
DA:628,0
DA:631,0
DA:632,0
DA:637,0
DA:638,0
DA:643,0
DA:646,0
DA:649,0
DA:650,0
DA:654,0
DA:655,0
DA:656,0
DA:657,0
DA:662,0
DA:675,0
DA:676,0
DA:677,0
DA:678,0
DA:679,0
DA:681,0
DA:682,0
DA:683,0
DA:685,0
DA:686,0
DA:687,0
DA:689,0
DA:692,0
DA:693,0
DA:697,0
DA:698,0
DA:701,0
DA:702,0
DA:705,0
DA:706,0
DA:710,0
DA:711,0
DA:712,0
DA:713,0
DA:718,0
DA:719,0
DA:720,0
DA:722,0
DA:723,0
DA:724,0
DA:725,0
DA:726,0
DA:727,0
DA:728,0
DA:730,0
DA:733,0
DA:736,0
DA:740,0
DA:742,0
DA:744,0
DA:746,0
DA:750,0
DA:752,0
DA:753,0
DA:754,0
DA:756,0
DA:757,0
DA:758,0
DA:760,0
DA:761,0
DA:764,0
DA:765,0
DA:766,0
DA:767,0
DA:768,0
DA:769,0
DA:775,0
DA:777,0
DA:778,0
DA:779,0
DA:781,0
DA:782,0
DA:783,0
DA:788,0
DA:789,0
DA:790,0
DA:806,0
DA:807,0
DA:808,0
DA:812,0
DA:813,0
DA:817,0
DA:818,0
DA:819,0
DA:820,0
DA:821,0
DA:829,0
DA:830,0
DA:833,0
DA:834,0
DA:835,0
DA:839,0
DA:840,0
DA:841,0
DA:842,0
DA:844,0
DA:845,0
DA:846,0
DA:847,0
DA:848,0
DA:849,0
LF:193
LH:0
BRDA:323,0,0,0
BRDA:323,0,1,0
BRDA:330,1,0,0
BRDA:330,1,1,0
BRDA:332,2,0,0
BRDA:332,2,1,0
BRDA:337,3,0,0
BRDA:337,3,1,0
BRDA:352,4,0,0
BRDA:352,4,1,0
BRDA:474,5,0,0
BRDA:474,5,1,0
BRDA:479,6,0,0
BRDA:479,6,1,0
BRDA:503,7,0,0
BRDA:503,7,1,0
BRDA:524,8,0,0
BRDA:524,8,1,0
BRDA:572,9,0,0
BRDA:572,9,1,0
BRDA:583,10,0,0
BRDA:583,10,1,0
BRDA:610,11,0,0
BRDA:610,11,1,0
BRDA:649,12,0,0
BRDA:649,12,1,0
BRDA:656,13,0,0
BRDA:656,13,1,0
BRDA:692,14,0,0
BRDA:692,14,1,0
BRDA:697,15,0,0
BRDA:697,15,1,0
BRDA:701,16,0,0
BRDA:701,16,1,0
BRDA:705,17,0,0
BRDA:705,17,1,0
BRDA:712,18,0,0
BRDA:712,18,1,0
BRDA:720,19,0,0
BRDA:720,19,1,0
BRDA:723,20,0,0
BRDA:723,20,1,0
BRDA:724,21,0,0
BRDA:724,21,1,0
BRDA:725,22,0,0
BRDA:725,22,1,0
BRDA:727,23,0,0
BRDA:727,23,1,0
BRDA:727,24,0,0
BRDA:727,24,1,0
BRDA:740,25,0,0
BRDA:740,25,1,0
BRDA:744,26,0,0
BRDA:744,26,1,0
BRDA:761,27,0,0
BRDA:761,27,1,0
BRDA:768,28,0,0
BRDA:768,28,1,0
BRDA:777,29,0,0
BRDA:777,29,1,0
BRDA:779,30,0,0
BRDA:779,30,1,0
BRDA:779,30,2,0
BRDA:779,30,3,0
BRDA:781,31,0,0
BRDA:781,31,1,0
BRDA:783,32,0,0
BRDA:783,32,1,0
BRDA:790,33,0,0
BRDA:790,33,1,0
BRDA:807,34,0,0
BRDA:807,34,1,0
BRDA:821,35,0,0
BRDA:821,35,1,0
BRF:74
BRH:0
end_of_record
TN:
SF:src/components/sentence/ConlluDialog.vue
FN:47,(anonymous_1)
FN:48,tokenBase
FN:74,startState
FN:77,token
FN:88,data
FN:106,mounted
FN:107,(anonymous_7)
FN:115,codefocus
FN:119,onConllDialogOk
FNF:9
FNH:0
FNDA:0,(anonymous_1)
FNDA:0,tokenBase
FNDA:0,startState
FNDA:0,token
FNDA:0,data
FNDA:0,mounted
FNDA:0,(anonymous_7)
FNDA:0,codefocus
FNDA:0,onConllDialogOk
DA:43,0
DA:44,0
DA:45,0
DA:47,0
DA:49,0
DA:50,0
DA:51,0
DA:54,0
DA:56,0
DA:57,0
DA:58,0
DA:59,0
DA:61,0
DA:63,0
DA:64,0
DA:66,0
DA:67,0
DA:68,0
DA:73,0
DA:75,0
DA:78,0
DA:79,0
DA:89,0
DA:106,0
DA:107,0
DA:108,0
DA:109,0
DA:110,0
DA:111,0
DA:116,0
DA:117,0
DA:120,0
DA:121,0
DA:122,0
DA:124,0
DA:125,0
DA:126,0
DA:127,0
DA:130,0
DA:131,0
DA:132,0
DA:133,0
DA:134,0
DA:138,0
LF:44
LH:0
BRDA:49,0,0,0
BRDA:49,0,1,0
BRDA:56,1,0,0
BRDA:56,1,1,0
BRDA:58,2,0,0
BRDA:58,2,1,0
BRDA:63,3,0,0
BRDA:63,3,1,0
BRDA:78,4,0,0
BRDA:78,4,1,0
BRDA:126,5,0,0
BRDA:126,5,1,0
BRDA:130,6,0,0
BRDA:130,6,1,0
BRF:14
BRH:0
end_of_record
TN:
SF:src/components/sentence/ExportSVG.vue
FN:7,data
FN:12,mounted
FN:13,(anonymous_3)
FN:18,beforeDestroy
FN:28,getSVG
FN:133,ttselect
FN:135,(anonymous_7)
FNF:7
FNH:0
FNDA:0,data
FNDA:0,mounted
FNDA:0,(anonymous_3)
FNDA:0,beforeDestroy
FNDA:0,getSVG
FNDA:0,ttselect
FNDA:0,(anonymous_7)
DA:8,0
DA:12,0
DA:13,0
DA:14,0
DA:15,0
DA:19,0
DA:31,0
DA:32,0
DA:33,0
DA:109,0
DA:113,0
DA:114,0
DA:115,0
DA:118,0
DA:119,0
DA:120,0
DA:121,0
DA:122,0
DA:123,0
DA:125,0
DA:133,0
DA:135,0
DA:136,0
DA:137,0
LF:24
LH:0
BRDA:135,0,0,0
BRDA:135,0,1,0
BRDA:137,1,0,0
BRDA:137,1,1,0
BRF:4
BRH:0
end_of_record
TN:
SF:src/components/sentence/FeaturesDialog.vue
FN:72,data
FN:104,annotationFeatures
FN:108,mounted
FN:109,(anonymous_4)
FN:124,beforeDestroy
FN:128,informFeatureChanged
FN:129,ondialoghide
FN:130,onFeatureDialogOk
FN:131,(anonymous_9)
FN:135,(anonymous_10)
FN:139,(anonymous_11)
FNF:11
FNH:0
FNDA:0,data
FNDA:0,annotationFeatures
FNDA:0,mounted
FNDA:0,(anonymous_4)
FNDA:0,beforeDestroy
FNDA:0,informFeatureChanged
FNDA:0,ondialoghide
FNDA:0,onFeatureDialogOk
FNDA:0,(anonymous_9)
FNDA:0,(anonymous_10)
FNDA:0,(anonymous_11)
DA:65,0
DA:73,0
DA:105,0
DA:108,0
DA:109,0
DA:110,0
DA:111,0
DA:112,0
DA:114,0
DA:115,0
DA:117,0
DA:118,0
DA:119,0
DA:121,0
DA:125,0
DA:131,0
DA:132,0
DA:133,0
DA:135,0
DA:136,0
DA:137,0
DA:139,0
DA:140,0
DA:141,0
DA:143,0
LF:25
LH:0
BRDA:132,0,0,0
BRDA:132,0,1,0
BRDA:136,1,0,0
BRDA:136,1,1,0
BRDA:140,2,0,0
BRDA:140,2,1,0
BRF:6
BRH:0
end_of_record
TN:
SF:src/components/sentence/MetaDialog.vue
FN:49,data
FN:79,annotationFeatures
FN:82,someFeatureChanged
FN:86,mounted
FN:87,(anonymous_5)
FN:97,beforeDestroy
FN:101,onChangeUpos
FN:108,onMetaDialogOk
FN:109,(anonymous_9)
FN:117,informFeatureChanged
FNF:10
FNH:0
FNDA:0,data
FNDA:0,annotationFeatures
FNDA:0,someFeatureChanged
FNDA:0,mounted
FNDA:0,(anonymous_5)
FNDA:0,beforeDestroy
FNDA:0,onChangeUpos
FNDA:0,onMetaDialogOk
FNDA:0,(anonymous_9)
FNDA:0,informFeatureChanged
DA:44,0
DA:50,0
DA:80,0
DA:83,0
DA:86,0
DA:87,0
DA:88,0
DA:89,0
DA:90,0
DA:91,0
DA:92,0
DA:94,0
DA:98,0
DA:102,0
DA:103,0
DA:109,0
DA:110,0
DA:111,0
LF:18
LH:0
BRDA:110,0,0,0
BRDA:110,0,1,0
BRF:2
BRH:0
end_of_record
TN:
SF:src/components/sentence/RelationDialog.vue
FN:61,data
FN:103,created
FN:108,(anonymous_3)
FN:116,(anonymous_4)
FN:120,(anonymous_5)
FN:125,mounted
FN:126,(anonymous_7)
FN:137,(anonymous_8)
FN:162,beforeDestroy
FN:166,onChangeRelation
FN:168,(anonymous_11)
FN:183,onDeleteRelation
FNF:12
FNH:0
FNDA:0,data
FNDA:0,created
FNDA:0,(anonymous_3)
FNDA:0,(anonymous_4)
FNDA:0,(anonymous_5)
FNDA:0,mounted
FNDA:0,(anonymous_7)
FNDA:0,(anonymous_8)
FNDA:0,beforeDestroy
FNDA:0,onChangeRelation
FNDA:0,(anonymous_11)
FNDA:0,onDeleteRelation
DA:56,0
DA:62,0
DA:104,0
DA:105,0
DA:106,0
DA:108,0
DA:112,0
DA:113,0
DA:116,0
DA:117,0
DA:118,0
DA:120,0
DA:121,0
DA:125,0
DA:126,0
DA:127,0
DA:128,0
DA:129,0
DA:130,0
DA:131,0
DA:134,0
DA:135,0
DA:137,0
DA:143,0
DA:144,0
DA:145,0
DA:148,0
DA:153,0
DA:157,0
DA:163,0
DA:166,0
DA:167,0
DA:168,0
DA:169,0
DA:175,0
DA:176,0
DA:177,0
DA:184,0
DA:185,0
DA:186,0
LF:40
LH:0
BRDA:112,0,0,0
BRDA:112,0,1,0
BRDA:117,1,0,0
BRDA:117,1,1,0
BRDA:145,2,0,0
BRDA:145,2,1,0
BRDA:169,3,0,0
BRDA:169,3,1,0
BRF:8
BRH:0
end_of_record
TN:
SF:src/components/sentence/SentenceCard.vue
FN:313,data
FN:355,cannotSave
FN:363,isLoggedIn
FN:366,filteredConlls
FN:367,(anonymous_10)
FN:371,(anonymous_11)
FN:379,userId
FN:382,isBernardCaron
FN:390,created
FN:403,refresh
FN:412,getlink
FN:425,(anonymous_17)
FN:430,openStatisticsDialog
FN:438,openConllDialog
FN:447,exportSVG
FN:457,ttselect
FN:469,undo
FN:479,redo
FN:490,handleStatusChange
FN:500,save
FN:525,(anonymous_26)
FN:560,(anonymous_27)
FN:565,transitioned
FN:578,onConllGraphUpdate
FN:584,openMetaDialog
FN:596,changeMetaText
FN:600,toggleDiffMode
FN:615,showNotif
FNF:28
FNH:0
FNDA:0,data
FNDA:0,cannotSave
FNDA:0,isLoggedIn
FNDA:0,filteredConlls
FNDA:0,(anonymous_10)
FNDA:0,(anonymous_11)
FNDA:0,userId
FNDA:0,isBernardCaron
FNDA:0,created
FNDA:0,refresh
FNDA:0,getlink
FNDA:0,(anonymous_17)
FNDA:0,openStatisticsDialog
FNDA:0,openConllDialog
FNDA:0,exportSVG
FNDA:0,ttselect
FNDA:0,undo
FNDA:0,redo
FNDA:0,handleStatusChange
FNDA:0,save
FNDA:0,(anonymous_26)
FNDA:0,(anonymous_27)
FNDA:0,transitioned
FNDA:0,onConllGraphUpdate
FNDA:0,openMetaDialog
FNDA:0,changeMetaText
FNDA:0,toggleDiffMode
FNDA:0,showNotif
DA:278,0
DA:280,0
DA:282,0
DA:284,0
DA:286,0
DA:288,0
DA:289,0
DA:290,0
DA:291,0
DA:292,0
DA:293,0
DA:294,0
DA:295,0
DA:296,0
DA:297,0
DA:314,0
DA:356,0
DA:357,0
DA:364,0
DA:367,0
DA:370,0
DA:371,0
DA:373,0
DA:376,0
DA:380,0
DA:383,0
DA:391,0
DA:395,0
DA:396,0
DA:397,0
DA:398,0
DA:404,0
DA:405,0
DA:412,0
DA:413,0
DA:425,0
DA:426,0
DA:427,0
DA:431,0
DA:439,0
DA:449,0
DA:459,0
DA:460,0
DA:470,0
DA:471,0
DA:480,0
DA:481,0
DA:491,0
DA:492,0
DA:493,0
DA:500,0
DA:501,0
DA:504,0
DA:505,0
DA:506,0
DA:508,0
DA:509,0
DA:511,0
DA:516,0
DA:520,0
DA:525,0
DA:528,0
DA:529,0
DA:532,0
DA:533,0
DA:534,0
DA:538,0
DA:539,0
DA:540,0
DA:541,0
DA:544,0
DA:545,0
DA:546,0
DA:548,0
DA:549,0
DA:554,0
DA:555,0
DA:557,0
DA:558,0
DA:562,0
DA:566,0
DA:567,0
DA:570,0
DA:579,0
DA:580,0
DA:586,0
DA:597,0
DA:601,0
DA:602,0
DA:603,0
DA:604,0
DA:605,0
DA:610,0
DA:615,0
DA:625,0
DA:626,0
LF:96
LH:0
BRDA:370,0,0,0
BRDA:370,0,1,0
BRDA:370,1,0,0
BRDA:370,1,1,0
BRDA:383,2,0,0
BRDA:383,2,1,0
BRDA:459,3,0,0
BRDA:459,3,1,0
BRDA:470,4,0,0
BRDA:470,4,1,0
BRDA:480,5,0,0
BRDA:480,5,1,0
BRDA:505,6,0,0
BRDA:505,6,1,0
BRDA:508,7,0,0
BRDA:508,7,1,0
BRDA:528,8,0,0
BRDA:528,8,1,0
BRDA:532,9,0,0
BRDA:532,9,1,0
BRDA:544,10,0,0
BRDA:544,10,1,0
BRDA:548,11,0,0
BRDA:548,11,1,0
BRDA:566,12,0,0
BRDA:566,12,1,0
BRDA:580,13,0,0
BRDA:580,13,1,0
BRDA:603,14,0,0
BRDA:603,14,1,0
BRDA:604,15,0,0
BRDA:604,15,1,0
BRDA:605,16,0,0
BRDA:605,16,1,0
BRDA:625,17,0,0
BRDA:625,17,1,0
BRF:36
BRH:0
end_of_record
TN:
SF:src/components/sentence/StatisticsDialog.vue
FN:43,data
FN:52,uposCorrect
FN:56,mounted
FN:57,(anonymous_4)
FN:70,beforeDestroy
FNF:5
FNH:0
FNDA:0,data
FNDA:0,uposCorrect
FNDA:0,mounted
FNDA:0,(anonymous_4)
FNDA:0,beforeDestroy
DA:44,0
DA:53,0
DA:56,0
DA:57,0
DA:58,0
DA:59,0
DA:64,0
DA:65,0
DA:67,0
DA:71,0
LF:10
LH:0
BRF:0
BRH:0
end_of_record
TN:
SF:src/components/sentence/TokenDialog.vue
FN:57,data
FN:90,annotationFeatures
FN:94,mounted
FN:95,(anonymous_14)
FN:106,beforeDestroy
FN:110,openTokenDialog
FN:123,(anonymous_17)
FN:124,(anonymous_18)
FN:140,(anonymous_19)
FN:141,(anonymous_20)
FN:169,(anonymous_21)
FN:179,onTokenDialogOk
FN:181,(anonymous_23)
FN:182,(anonymous_24)
FNF:14
FNH:0
FNDA:0,data
FNDA:0,annotationFeatures
FNDA:0,mounted
FNDA:0,(anonymous_14)
FNDA:0,beforeDestroy
FNDA:0,openTokenDialog
FNDA:0,(anonymous_17)
FNDA:0,(anonymous_18)
FNDA:0,(anonymous_19)
FNDA:0,(anonymous_20)
FNDA:0,(anonymous_21)
FNDA:0,onTokenDialogOk
FNDA:0,(anonymous_23)
FNDA:0,(anonymous_24)
DA:52,0
DA:58,0
DA:91,0
DA:94,0
DA:95,0
DA:96,0
DA:97,0
DA:98,0
DA:99,0
DA:103,0
DA:107,0
DA:110,0
DA:111,0
DA:114,0
DA:115,0
DA:116,0
DA:118,0
DA:119,0
DA:120,0
DA:122,0
DA:123,0
DA:124,0
DA:127,0
DA:128,0
DA:129,0
DA:130,0
DA:131,0
DA:132,0
DA:138,0
DA:140,0
DA:141,0
DA:142,0
DA:144,0
DA:145,0
DA:146,0
DA:151,0
DA:152,0
DA:153,0
DA:169,0
DA:170,0
DA:171,0
DA:175,0
DA:180,0
DA:181,0
DA:182,0
DA:183,0
DA:184,0
DA:191,0
LF:48
LH:0
BRDA:124,0,0,0
BRDA:124,0,1,0
BRDA:131,1,0,0
BRDA:131,1,1,0
BRDA:140,2,0,0
BRDA:140,2,1,0
BRDA:142,3,0,0
BRDA:142,3,1,0
BRDA:142,3,2,0
BRDA:142,3,3,0
BRDA:144,4,0,0
BRDA:144,4,1,0
BRDA:146,5,0,0
BRDA:146,5,1,0
BRDA:153,6,0,0
BRDA:153,6,1,0
BRDA:170,7,0,0
BRDA:170,7,1,0
BRDA:184,8,0,0
BRDA:184,8,1,0
BRF:20
BRH:0
end_of_record
TN:
SF:src/components/sentence/UposDialog.vue
FN:52,data
FN:60,annotationFeatures
FN:64,mounted
FN:65,(anonymous_4)
FN:71,beforeDestroy
FN:75,onChangeUpos
FNF:6
FNH:0
FNDA:0,data
FNDA:0,annotationFeatures
FNDA:0,mounted
FNDA:0,(anonymous_4)
FNDA:0,beforeDestroy
FNDA:0,onChangeUpos
DA:53,0
DA:61,0
DA:64,0
DA:65,0
DA:66,0
DA:67,0
DA:68,0
DA:72,0
DA:76,0
DA:77,0
LF:10
LH:0
BRF:0
BRH:0
end_of_record
TN:
SF:src/components/sentence/VueDepTree.vue
FN:26,conllSavedCounter
FN:30,data
FN:42,svgID
FN:45,shownFeatures
FN:49,mounted
FN:63,(anonymous_6)
FN:67,(anonymous_7)
FN:71,(anonymous_8)
FN:84,(anonymous_9)
FN:92,(anonymous_10)
FN:99,(anonymous_11)
FN:108,svgClickHandler
FN:140,svgDropHandler
FN:167,statusChangeHadler
FN:183,checkSaveStatus
FN:192,(anonymous_16)
FN:199,(anonymous_17)
FNF:17
FNH:0
FNDA:0,conllSavedCounter
FNDA:0,data
FNDA:0,svgID
FNDA:0,shownFeatures
FNDA:0,mounted
FNDA:0,(anonymous_6)
FNDA:0,(anonymous_7)
FNDA:0,(anonymous_8)
FNDA:0,(anonymous_9)
FNDA:0,(anonymous_10)
FNDA:0,(anonymous_11)
FNDA:0,svgClickHandler
FNDA:0,svgDropHandler
FNDA:0,statusChangeHadler
FNDA:0,checkSaveStatus
FNDA:0,(anonymous_16)
FNDA:0,(anonymous_17)
DA:10,0
DA:11,0
DA:12,0
DA:27,0
DA:31,0
DA:43,0
DA:46,0
DA:49,0
DA:50,0
DA:52,0
DA:59,0
DA:61,0
DA:63,0
DA:64,0
DA:67,0
DA:68,0
DA:71,0
DA:72,0
DA:73,0
DA:75,0
DA:79,0
DA:80,0
DA:81,0
DA:84,0
DA:85,0
DA:86,0
DA:87,0
DA:88,0
DA:89,0
DA:92,0
DA:93,0
DA:94,0
DA:95,0
DA:96,0
DA:99,0
DA:100,0
DA:101,0
DA:102,0
DA:105,0
DA:109,0
DA:110,0
DA:111,0
DA:113,0
DA:114,0
DA:115,0
DA:119,0
DA:124,0
DA:128,0
DA:133,0
DA:141,0
DA:142,0
DA:144,0
DA:145,0
DA:147,0
DA:148,0
DA:149,0
DA:151,0
DA:152,0
DA:156,0
DA:157,0
DA:168,0
DA:169,0
DA:170,0
DA:171,0
DA:172,0
DA:173,0
DA:175,0
DA:176,0
DA:178,0
DA:179,0
DA:180,0
DA:181,0
DA:184,0
DA:185,0
DA:186,0
DA:187,0
DA:188,0
DA:189,0
DA:190,0
DA:191,0
DA:192,0
DA:193,0
DA:195,0
DA:199,0
DA:200,0
LF:85
LH:0
BRDA:72,0,0,0
BRDA:72,0,1,0
BRDA:85,1,0,0
BRDA:85,1,1,0
BRDA:85,2,0,0
BRDA:85,2,1,0
BRDA:93,3,0,0
BRDA:93,3,1,0
BRDA:93,4,0,0
BRDA:93,4,1,0
BRDA:100,5,0,0
BRDA:100,5,1,0
BRDA:113,6,0,0
BRDA:113,6,1,0
BRDA:115,7,0,0
BRDA:115,7,1,0
BRDA:124,8,0,0
BRDA:124,8,1,0
BRDA:124,9,0,0
BRDA:124,9,1,0
BRDA:147,10,0,0
BRDA:147,10,1,0
BRDA:156,11,0,0
BRDA:156,11,1,0
BRDA:172,12,0,0
BRDA:172,12,1,0
BRDA:176,13,0,0
BRDA:176,13,1,0
BRDA:191,14,0,0
BRDA:191,14,1,0
BRF:30
BRH:0
end_of_record
TN:
SF:src/i18n/index.js
FNF:0
FNH:0
LF:0
LH:0
BRF:0
BRH:0
end_of_record
TN:
SF:src/i18n/en-us/index.js
FNF:0
FNH:0
LF:0
LH:0
BRF:0
BRH:0
end_of_record
TN:
SF:src/i18n/fr-fra/index.js
FNF:0
FNH:0
LF:0
LH:0
BRF:0
BRH:0
end_of_record
TN:
SF:src/layouts/AppLayout.vue
FN:120,data
FN:169,lang
FN:175,notHome
FN:178,toggleDarkMode
FN:179,login
FN:180,(anonymous_7)
FN:182,tologin
FN:189,logout
FN:190,(anonymous_11)
FNF:9
FNH:0
FNDA:0,data
FNDA:0,lang
FNDA:0,notHome
FNDA:0,toggleDarkMode
FNDA:0,login
FNDA:0,(anonymous_7)
FNDA:0,tologin
FNDA:0,logout
FNDA:0,(anonymous_11)
DA:115,0
DA:116,0
DA:117,0
DA:121,0
DA:170,0
DA:171,0
DA:175,0
DA:178,0
DA:179,0
DA:180,0
DA:183,0
DA:189,0
DA:190,0
LF:13
LH:0
BRF:0
BRH:0
end_of_record
TN:
SF:src/pages/Index.vue
FN:285,data
FN:299,mounted
FN:303,copy
FN:304,(anonymous_4)
FN:317,(anonymous_5)
FNF:5
FNH:0
FNDA:0,data
FNDA:0,mounted
FNDA:0,copy
FNDA:0,(anonymous_4)
FNDA:0,(anonymous_5)
DA:273,0
DA:275,0
DA:276,0
DA:277,0
DA:279,0
DA:286,0
DA:303,0
DA:304,0
DA:316,0
DA:319,0
LF:10
LH:0
BRF:0
BRH:0
end_of_record
TN:
SF:src/pages/Project.vue
FN:776,data
FN:934,routePath
FN:937,breakpoint
FN:940,noselect
FN:944,created
FN:948,destroyed
FN:951,mounted
FN:962,handleResize
FN:967,goToRoute
FN:973,filterFields
FN:975,(anonymous_26)
FN:985,getProjectInfos
FN:1005,getProjectSamples
FN:1006,(anonymous_29)
FN:1010,getUsers
FN:1013,(anonymous_31)
FN:1015,(anonymous_32)
FN:1019,(anonymous_33)
FN:1025,onFileChange
FN:1029,deleteSamples
FN:1031,(anonymous_36)
FN:1038,(anonymous_37)
FN:1045,commit
FN:1052,(anonymous_39)
FN:1059,(anonymous_40)
FN:1079,pull
FN:1086,(anonymous_42)
FN:1090,(anonymous_43)
FN:1102,upload
FN:1112,(anonymous_45)
FN:1120,(anonymous_46)
FN:1133,exportSamplesZip
FN:1139,(anonymous_48)
FN:1157,(anonymous_49)
FN:1166,getRelationTable
FN:1170,(anonymous_51)
FN:1175,(anonymous_52)
FN:1181,getLexicon
FN:1189,(anonymous_54)
FN:1195,(anonymous_55)
FN:1215,onSearch
FN:1217,(anonymous_57)
FN:1222,(anonymous_58)
FN:1227,onTryRule
FN:1230,(anonymous_60)
FN:1235,(anonymous_61)
FN:1253,updateTags
FN:1263,reverseTags
FN:1266,(anonymous_64)
FN:1277,modifyRole
FN:1278,(anonymous_66)
FN:1289,(anonymous_67)
FN:1380,updateExerciseLevel
FN:1387,triggerConfirm
FN:1393,showNotif
FNF:55
FNH:0
FNDA:0,data
FNDA:0,routePath
FNDA:0,breakpoint
FNDA:0,noselect
FNDA:0,created
FNDA:0,destroyed
FNDA:0,mounted
FNDA:0,handleResize
FNDA:0,goToRoute
FNDA:0,filterFields
FNDA:0,(anonymous_26)
FNDA:0,getProjectInfos
FNDA:0,getProjectSamples
FNDA:0,(anonymous_29)
FNDA:0,getUsers
FNDA:0,(anonymous_31)
FNDA:0,(anonymous_32)
FNDA:0,(anonymous_33)
FNDA:0,onFileChange
FNDA:0,deleteSamples
FNDA:0,(anonymous_36)
FNDA:0,(anonymous_37)
FNDA:0,commit
FNDA:0,(anonymous_39)
FNDA:0,(anonymous_40)
FNDA:0,pull
FNDA:0,(anonymous_42)
FNDA:0,(anonymous_43)
FNDA:0,upload
FNDA:0,(anonymous_45)
FNDA:0,(anonymous_46)
FNDA:0,exportSamplesZip
FNDA:0,(anonymous_48)
FNDA:0,(anonymous_49)
FNDA:0,getRelationTable
FNDA:0,(anonymous_51)
FNDA:0,(anonymous_52)
FNDA:0,getLexicon
FNDA:0,(anonymous_54)
FNDA:0,(anonymous_55)
FNDA:0,onSearch
FNDA:0,(anonymous_57)
FNDA:0,(anonymous_58)
FNDA:0,onTryRule
FNDA:0,(anonymous_60)
FNDA:0,(anonymous_61)
FNDA:0,updateTags
FNDA:0,reverseTags
FNDA:0,(anonymous_64)
FNDA:0,modifyRole
FNDA:0,(anonymous_66)
FNDA:0,(anonymous_67)
FNDA:0,updateExerciseLevel
FNDA:0,triggerConfirm
FNDA:0,showNotif
DA:750,0
DA:751,0
DA:752,0
DA:753,0
DA:754,0
DA:755,0
DA:756,0
DA:757,0
DA:758,0
DA:759,0
DA:760,0
DA:761,0
DA:762,0
DA:777,0
DA:935,0
DA:938,0
DA:941,0
DA:945,0
DA:946,0
DA:949,0
DA:954,0
DA:955,0
DA:957,0
DA:958,0
DA:963,0
DA:964,0
DA:968,0
DA:975,0
DA:976,0
DA:982,0
DA:986,0
DA:1005,0
DA:1006,0
DA:1007,0
DA:1010,0
DA:1013,0
DA:1015,0
DA:1016,0
DA:1017,0
DA:1021,0
DA:1026,0
DA:1029,0
DA:1030,0
DA:1031,0
DA:1035,0
DA:1036,0
DA:1037,0
DA:1040,0
DA:1045,0
DA:1046,0
DA:1047,0
DA:1048,0
DA:1050,0
DA:1052,0
DA:1056,0
DA:1057,0
DA:1062,0
DA:1066,0
DA:1067,0
DA:1068,0
DA:1069,0
DA:1072,0
DA:1075,0
DA:1079,0
DA:1080,0
DA:1081,0
DA:1082,0
DA:1084,0
DA:1086,0
DA:1089,0
DA:1094,0
DA:1098,0
DA:1102,0
DA:1103,0
DA:1104,0
DA:1105,0
DA:1106,0
DA:1107,0
DA:1108,0
DA:1110,0
DA:1111,0
DA:1112,0
DA:1115,0
DA:1116,0
DA:1117,0
DA:1118,0
DA:1119,0
DA:1122,0
DA:1123,0
DA:1124,0
DA:1126,0
DA:1127,0
DA:1128,0
DA:1129,0
DA:1133,0
DA:1134,0
DA:1135,0
DA:1136,0
DA:1137,0
DA:1139,0
DA:1142,0
DA:1145,0
DA:1146,0
DA:1147,0
DA:1151,0
DA:1152,0
DA:1153,0
DA:1154,0
DA:1155,0
DA:1156,0
DA:1159,0
DA:1161,0
DA:1162,0
DA:1166,0
DA:1169,0
DA:1170,0
DA:1173,0
DA:1174,0
DA:1177,0
DA:1181,0
DA:1182,0
DA:1183,0
DA:1184,0
DA:1185,0
DA:1187,0
DA:1189,0
DA:1193,0
DA:1194,0
DA:1198,0
DA:1202,0
DA:1203,0
DA:1204,0
DA:1205,0
DA:1208,0
DA:1211,0
DA:1215,0
DA:1216,0
DA:1217,0
DA:1220,0
DA:1221,0
DA:1224,0
DA:1227,0
DA:1228,0
DA:1229,0
DA:1230,0
DA:1233,0
DA:1234,0
DA:1237,0
DA:1253,0
DA:1254,0
DA:1255,0
DA:1256,0
DA:1259,0
DA:1263,0
DA:1264,0
DA:1265,0
DA:1266,0
DA:1267,0
DA:1269,0
DA:1272,0
DA:1277,0
DA:1278,0
DA:1287,0
DA:1288,0
DA:1291,0
DA:1292,0
DA:1381,0
DA:1388,0
DA:1389,0
DA:1390,0
DA:1393,0
DA:1403,0
DA:1404,0
LF:173
LH:0
BRDA:779,0,0,0
BRDA:779,0,1,0
BRDA:958,1,0,0
BRDA:958,1,1,0
BRDA:976,2,0,0
BRDA:976,2,1,0
BRDA:976,2,2,0
BRDA:1062,3,0,0
BRDA:1062,3,1,0
BRDA:1069,4,0,0
BRDA:1069,4,1,0
BRDA:1122,5,0,0
BRDA:1122,5,1,0
BRDA:1198,6,0,0
BRDA:1198,6,1,0
BRDA:1205,7,0,0
BRDA:1205,7,1,0
BRDA:1255,8,0,0
BRDA:1255,8,1,0
BRDA:1265,9,0,0
BRDA:1265,9,1,0
BRDA:1403,10,0,0
BRDA:1403,10,1,0
BRF:23
BRH:0
end_of_record
TN:
SF:src/pages/ProjectsHub.vue
FN:190,data
FN:211,mounted
FN:217,isLoggedIn
FN:223,getProjects
FN:225,(anonymous_5)
FN:240,(anonymous_6)
FN:246,searchProject
FN:247,(anonymous_8)
FN:256,toggleProjectView
FN:260,showProjectSettings
FN:264,deleteProject
FN:265,(anonymous_12)
FN:270,(anonymous_13)
FN:275,triggerConfirm
FNF:14
FNH:0
FNDA:0,data
FNDA:0,mounted
FNDA:0,isLoggedIn
FNDA:0,getProjects
FNDA:0,(anonymous_5)
FNDA:0,(anonymous_6)
FNDA:0,searchProject
FNDA:0,(anonymous_8)
FNDA:0,toggleProjectView
FNDA:0,showProjectSettings
FNDA:0,deleteProject
FNDA:0,(anonymous_12)
FNDA:0,(anonymous_13)
FNDA:0,triggerConfirm
DA:172,0
DA:173,0
DA:174,0
DA:175,0
DA:176,0
DA:177,0
DA:178,0
DA:179,0
DA:191,0
DA:212,0
DA:213,0
DA:214,0
DA:218,0
DA:223,0
DA:224,0
DA:225,0
DA:228,0
DA:229,0
DA:230,0
DA:232,0
DA:233,0
DA:242,0
DA:243,0
DA:247,0
DA:248,0
DA:251,0
DA:254,0
DA:257,0
DA:258,0
DA:261,0
DA:262,0
DA:264,0
DA:265,0
DA:268,0
DA:269,0
DA:272,0
DA:276,0
DA:277,0
DA:278,0
LF:39
LH:0
BRDA:248,0,0,0
BRDA:248,0,1,0
BRF:2
BRH:0
end_of_record
TN:
SF:src/pages/Sample.vue
FN:177,data
FN:211,sentenceCount
FN:214,breakpoint
FN:218,created
FN:222,destroyed
FN:225,mounted
FN:235,beforeRouteLeave
FN:251,handleResize
FN:255,getSampleTrees
FN:257,(anonymous_15)
FN:266,(anonymous_16)
FN:270,(anonymous_17)
FN:276,getRelationTable
FN:280,(anonymous_19)
FN:285,(anonymous_20)
FN:290,scrolala
FN:302,(anonymous_22)
FN:311,onSearch
FN:313,(anonymous_24)
FN:319,(anonymous_25)
FN:335,freezesentences
FNF:21
FNH:0
FNDA:0,data
FNDA:0,sentenceCount
FNDA:0,breakpoint
FNDA:0,created
FNDA:0,destroyed
FNDA:0,mounted
FNDA:0,beforeRouteLeave
FNDA:0,handleResize
FNDA:0,getSampleTrees
FNDA:0,(anonymous_15)
FNDA:0,(anonymous_16)
FNDA:0,(anonymous_17)
FNDA:0,getRelationTable
FNDA:0,(anonymous_19)
FNDA:0,(anonymous_20)
FNDA:0,scrolala
FNDA:0,(anonymous_22)
FNDA:0,onSearch
FNDA:0,(anonymous_24)
FNDA:0,(anonymous_25)
FNDA:0,freezesentences
DA:155,0
DA:157,0
DA:158,0
DA:159,0
DA:160,0
DA:161,0
DA:162,0
DA:163,0
DA:165,0
DA:167,0
DA:178,0
DA:212,0
DA:215,0
DA:219,0
DA:220,0
DA:223,0
DA:226,0
DA:228,0
DA:230,0
DA:232,0
DA:236,0
DA:237,0
DA:240,0
DA:241,0
DA:242,0
DA:244,0
DA:247,0
DA:252,0
DA:253,0
DA:255,0
DA:256,0
DA:257,0
DA:260,0
DA:261,0
DA:262,0
DA:263,0
DA:264,0
DA:266,0
DA:268,0
DA:272,0
DA:273,0
DA:276,0
DA:279,0
DA:280,0
DA:283,0
DA:284,0
DA:287,0
DA:290,0
DA:292,0
DA:299,0
DA:300,0
DA:301,0
DA:302,0
DA:303,0
DA:307,0
DA:308,0
DA:311,0
DA:312,0
DA:313,0
DA:317,0
DA:318,0
DA:321,0
DA:336,0
DA:337,0
DA:338,0
DA:339,0
DA:340,0
DA:341,0
DA:342,0
DA:344,0
DA:345,0
DA:346,0
LF:72
LH:0
BRDA:230,0,0,0
BRDA:230,0,1,0
BRDA:236,1,0,0
BRDA:236,1,1,0
BRDA:240,2,0,0
BRDA:240,2,1,0
BRDA:266,3,0,0
BRDA:266,3,1,0
BRDA:266,4,0,0
BRDA:266,4,1,0
BRDA:266,4,2,0
BRDA:292,5,0,0
BRDA:292,5,1,0
BRDA:292,6,0,0
BRDA:292,6,1,0
BRDA:292,6,2,0
BRDA:292,6,3,0
BRDA:292,6,4,0
BRDA:303,7,0,0
BRDA:303,7,1,0
BRDA:308,8,0,0
BRDA:308,8,1,0
BRF:22
BRH:0
end_of_record
TN:
SF:src/pages/Settings.vue
FN:57,data
FN:71,forceRerenderAvatar
FN:75,showNotif
FNF:3
FNH:0
FNDA:0,data
FNDA:0,forceRerenderAvatar
FNDA:0,showNotif
DA:52,0
DA:53,0
DA:58,0
DA:72,0
DA:73,0
DA:75,0
DA:77,0
DA:78,0
LF:8
LH:0
BRDA:77,0,0,0
BRDA:77,0,1,0
BRF:2
BRH:0
end_of_record
TN:
SF:src/router/index.js
FN:14,(anonymous_0)
FN:16,(anonymous_1)
FN:26,(anonymous_2)
FN:43,(anonymous_3)
FNF:4
FNH:0
FNDA:0,(anonymous_0)
FNDA:0,(anonymous_1)
FNDA:0,(anonymous_2)
FNDA:0,(anonymous_3)
DA:8,0
DA:15,0
DA:16,0
DA:43,0
DA:44,0
DA:46,0
DA:50,0
LF:7
LH:0
BRDA:44,0,0,0
BRDA:44,0,1,0
BRDA:44,1,0,0
BRDA:44,1,1,0
BRF:4
BRH:0
end_of_record
TN:
SF:src/router/routes.js
FN:8,(anonymous_0)
FN:10,(anonymous_1)
FN:11,(anonymous_2)
FN:12,(anonymous_3)
FN:13,(anonymous_4)
FN:14,(anonymous_5)
FN:15,(anonymous_6)
FN:16,(anonymous_7)
FN:25,(anonymous_8)
FNF:9
FNH:0
FNDA:0,(anonymous_0)
FNDA:0,(anonymous_1)
FNDA:0,(anonymous_2)
FNDA:0,(anonymous_3)
FNDA:0,(anonymous_4)
FNDA:0,(anonymous_5)
FNDA:0,(anonymous_6)
FNDA:0,(anonymous_7)
FNDA:0,(anonymous_8)
DA:5,0
DA:8,0
DA:10,0
DA:11,0
DA:12,0
DA:13,0
DA:14,0
DA:15,0
DA:16,0
DA:21,0
DA:22,0
DA:25,0
LF:12
LH:0
BRDA:21,0,0,0
BRDA:21,0,1,0
BRF:2
BRH:0
end_of_record
TN:
SF:src/statics/js/arborator-draft-snap.js
FN:1,(anonymous_0)
FN:105,(anonymous_1)
FN:114,(anonymous_2)
FN:122,(anonymous_3)
FN:127,(anonymous_4)
FN:137,(anonymous_5)
FN:147,(anonymous_6)
FN:151,(anonymous_7)
FN:161,(anonymous_8)
FN:165,(anonymous_9)
FN:170,(anonymous_10)
FN:177,(anonymous_11)
FN:207,getlevel
FN:231,(anonymous_13)
FN:263,(anonymous_14)
FN:268,(anonymous_15)
FN:278,dragging
FN:319,(anonymous_17)
FN:336,(anonymous_18)
FN:377,(anonymous_19)
FN:388,(anonymous_20)
FN:404,relationChanged
FN:423,catChanged
FN:431,featureChanged
FN:441,metaChanged
FN:452,drawsnap
FN:481,(anonymous_26)
FN:484,(anonymous_27)
FN:501,(anonymous_28)
FN:669,cleanSnap
FN:674,drawRelation
FN:744,arrowhead
FN:772,treeDataToConll
FN:804,replaceNodes
FN:851,treeToSentence
FN:852,(anonymous_35)
FN:853,(anonymous_36)
FN:868,conllToJson
FN:883,(anonymous_38)
FN:969,(anonymous_39)
FN:986,analyzeFeaturestring
FN:989,(anonymous_41)
FN:1002,makeFeaturestring
FNF:43
FNH:0
FNDA:0,(anonymous_0)
FNDA:0,(anonymous_1)
FNDA:0,(anonymous_2)
FNDA:0,(anonymous_3)
FNDA:0,(anonymous_4)
FNDA:0,(anonymous_5)
FNDA:0,(anonymous_6)
FNDA:0,(anonymous_7)
FNDA:0,(anonymous_8)
FNDA:0,(anonymous_9)
FNDA:0,(anonymous_10)
FNDA:0,(anonymous_11)
FNDA:0,getlevel
FNDA:0,(anonymous_13)
FNDA:0,(anonymous_14)
FNDA:0,(anonymous_15)
FNDA:0,dragging
FNDA:0,(anonymous_17)
FNDA:0,(anonymous_18)
FNDA:0,(anonymous_19)
FNDA:0,(anonymous_20)
FNDA:0,relationChanged
FNDA:0,catChanged
FNDA:0,featureChanged
FNDA:0,metaChanged
FNDA:0,drawsnap
FNDA:0,(anonymous_26)
FNDA:0,(anonymous_27)
FNDA:0,(anonymous_28)
FNDA:0,cleanSnap
FNDA:0,drawRelation
FNDA:0,arrowhead
FNDA:0,treeDataToConll
FNDA:0,replaceNodes
FNDA:0,treeToSentence
FNDA:0,(anonymous_35)
FNDA:0,(anonymous_36)
FNDA:0,conllToJson
FNDA:0,(anonymous_38)
FNDA:0,(anonymous_39)
FNDA:0,analyzeFeaturestring
FNDA:0,(anonymous_41)
FNDA:0,makeFeaturestring
DA:1,0
DA:21,0
DA:22,0
DA:23,0
DA:25,0
DA:26,0
DA:27,0
DA:29,0
DA:30,0
DA:31,0
DA:32,0
DA:33,0
DA:34,0
DA:35,0
DA:37,0
DA:55,0
DA:57,0
DA:83,0
DA:84,0
DA:85,0
DA:86,0
DA:87,0
DA:88,0
DA:89,0
DA:90,0
DA:96,0
DA:99,0
DA:100,0
DA:102,0
DA:105,0
DA:114,0
DA:115,0
DA:117,0
DA:118,0
DA:119,0
DA:122,0
DA:123,0
DA:127,0
DA:128,0
DA:137,0
DA:144,0
DA:147,0
DA:148,0
DA:151,0
DA:158,0
DA:161,0
DA:162,0
DA:165,0
DA:167,0
DA:170,0
DA:171,0
DA:172,0
DA:173,0
DA:174,0
DA:177,0
DA:184,0
DA:186,0
DA:210,0
DA:211,0
DA:212,0
DA:213,0
DA:214,0
DA:216,0
DA:217,0
DA:218,0
DA:219,0
DA:220,0
DA:221,0
DA:222,0
DA:223,0
DA:227,0
DA:228,0
DA:231,0
DA:233,0
DA:234,0
DA:235,0
DA:236,0
DA:237,0
DA:238,0
DA:240,0
DA:256,0
DA:257,0
DA:261,0
DA:262,0
DA:263,0
DA:265,0
DA:266,0
DA:268,0
DA:270,0
DA:271,0
DA:273,0
DA:280,0
DA:283,0
DA:284,0
DA:285,0
DA:286,0
DA:288,0
DA:304,0
DA:305,0
DA:306,0
DA:307,0
DA:308,0
DA:312,0
DA:313,0
DA:314,0
DA:319,0
DA:320,0
DA:322,0
DA:332,0
DA:337,0
DA:338,0
DA:341,0
DA:342,0
DA:343,0
DA:344,0
DA:346,0
DA:347,0
DA:349,0
DA:353,0
DA:354,0
DA:355,0
DA:356,0
DA:358,0
DA:359,0
DA:370,0
DA:371,0
DA:372,0
DA:374,0
DA:377,0
DA:378,0
DA:379,0
DA:388,0
DA:389,0
DA:390,0
DA:408,0
DA:409,0
DA:410,0
DA:412,0
DA:413,0
DA:415,0
DA:416,0
DA:418,0
DA:419,0
DA:420,0
DA:426,0
DA:427,0
DA:428,0
DA:429,0
DA:434,0
DA:435,0
DA:436,0
DA:437,0
DA:438,0
DA:439,0
DA:443,0
DA:444,0
DA:447,0
DA:448,0
DA:449,0
DA:462,0
DA:464,0
DA:465,0
DA:466,0
DA:468,0
DA:469,0
DA:472,0
DA:473,0
DA:474,0
DA:475,0
DA:476,0
DA:480,0
DA:481,0
DA:483,0
DA:485,0
DA:489,0
DA:490,0
DA:491,0
DA:492,0
DA:493,0
DA:494,0
DA:495,0
DA:496,0
DA:497,0
DA:501,0
DA:504,0
DA:505,0
DA:506,0
DA:507,0
DA:508,0
DA:509,0
DA:511,0
DA:514,0
DA:515,0
DA:516,0
DA:517,0
DA:518,0
DA:520,0
DA:521,0
DA:524,0
DA:526,0
DA:527,0
DA:529,0
DA:531,0
DA:532,0
DA:534,0
DA:535,0
DA:537,0
DA:540,0
DA:541,0
DA:542,0
DA:544,0
DA:548,0
DA:549,0
DA:551,0
DA:552,0
DA:553,0
DA:556,0
DA:557,0
DA:558,0
DA:559,0
DA:560,0
DA:561,0
DA:568,0
DA:569,0
DA:570,0
DA:572,0
DA:573,0
DA:574,0
DA:575,0
DA:578,0
DA:581,0
DA:582,0
DA:583,0
DA:584,0
DA:589,0
DA:590,0
DA:591,0
DA:592,0
DA:593,0
DA:594,0
DA:596,0
DA:600,0
DA:601,0
DA:604,0
DA:622,0
DA:623,0
DA:625,0
DA:626,0
DA:627,0
DA:628,0
DA:630,0
DA:634,0
DA:635,0
DA:638,0
DA:657,0
DA:661,0
DA:662,0
DA:663,0
DA:664,0
DA:665,0
DA:666,0
DA:670,0
DA:671,0
DA:692,0
DA:694,0
DA:695,0
DA:696,0
DA:697,0
DA:699,0
DA:702,0
DA:704,0
DA:706,0
DA:722,0
DA:723,0
DA:724,0
DA:725,0
DA:726,0
DA:727,0
DA:731,0
DA:732,0
DA:733,0
DA:734,0
DA:736,0
DA:737,0
DA:738,0
DA:739,0
DA:740,0
DA:747,0
DA:749,0
DA:758,0
DA:768,0
DA:769,0
DA:775,0
DA:776,0
DA:777,0
DA:778,0
DA:779,0
DA:781,0
DA:783,0
DA:784,0
DA:785,0
DA:800,0
DA:801,0
DA:805,0
DA:806,0
DA:807,0
DA:808,0
DA:809,0
DA:810,0
DA:811,0
DA:812,0
DA:814,0
DA:815,0
DA:816,0
DA:817,0
DA:818,0
DA:819,0
DA:820,0
DA:821,0
DA:822,0
DA:823,0
DA:824,0
DA:825,0
DA:826,0
DA:828,0
DA:831,0
DA:832,0
DA:833,0
DA:834,0
DA:835,0
DA:836,0
DA:837,0
DA:838,0
DA:839,0
DA:840,0
DA:842,0
DA:843,0
DA:845,0
DA:846,0
DA:847,0
DA:848,0
DA:852,0
DA:853,0
DA:854,0
DA:856,0
DA:857,0
DA:858,0
DA:859,0
DA:873,0
DA:874,0
DA:876,0
DA:877,0
DA:878,0
DA:879,0
DA:880,0
DA:881,0
DA:882,0
DA:883,0
DA:885,0
DA:888,0
DA:890,0
DA:894,0
DA:895,0
DA:896,0
DA:898,0
DA:899,0
DA:900,0
DA:901,0
DA:902,0
DA:903,0
DA:904,0
DA:905,0
DA:906,0
DA:908,0
DA:909,0
DA:910,0
DA:911,0
DA:912,0
DA:913,0
DA:914,0
DA:915,0
DA:916,0
DA:917,0
DA:919,0
DA:920,0
DA:921,0
DA:922,0
DA:927,0
DA:932,0
DA:938,0
DA:940,0
DA:941,0
DA:942,0
DA:943,0
DA:945,0
DA:946,0
DA:951,0
DA:952,0
DA:953,0
DA:955,0
DA:956,0
DA:958,0
DA:959,0
DA:962,0
DA:968,0
DA:969,0
DA:970,0
DA:971,0
DA:977,0
DA:982,0
DA:983,0
DA:987,0
DA:988,0
DA:989,0
DA:992,0
DA:993,0
DA:995,0
DA:999,0
DA:1003,0
DA:1004,0
DA:1005,0
DA:1007,0
DA:1008,0
LF:423
LH:0
BRDA:105,0,0,0
BRDA:105,1,0,0
BRDA:210,2,0,0
BRDA:210,2,1,0
BRDA:211,3,0,0
BRDA:211,3,1,0
BRDA:212,4,0,0
BRDA:212,4,1,0
BRDA:216,5,0,0
BRDA:216,5,1,0
BRDA:220,6,0,0
BRDA:220,6,1,0
BRDA:220,7,0,0
BRDA:220,7,1,0
BRDA:221,8,0,0
BRDA:221,8,1,0
BRDA:262,9,0,0
BRDA:262,9,1,0
BRDA:286,10,0,0
BRDA:286,10,1,0
BRDA:306,11,0,0
BRDA:306,11,1,0
BRDA:306,12,0,0
BRDA:306,12,1,0
BRDA:307,13,0,0
BRDA:307,13,1,0
BRDA:312,14,0,0
BRDA:312,14,1,0
BRDA:320,15,0,0
BRDA:320,15,1,0
BRDA:349,16,0,0
BRDA:349,16,1,0
BRDA:350,17,0,0
BRDA:350,17,1,0
BRDA:350,17,2,0
BRDA:350,17,3,0
BRDA:354,18,0,0
BRDA:354,18,1,0
BRDA:364,19,0,0
BRDA:364,19,1,0
BRDA:370,20,0,0
BRDA:370,20,1,0
BRDA:395,21,0,0
BRDA:395,21,1,0
BRDA:408,22,0,0
BRDA:408,22,1,0
BRDA:409,23,0,0
BRDA:409,23,1,0
BRDA:412,24,0,0
BRDA:412,24,1,0
BRDA:485,25,0,0
BRDA:485,25,1,0
BRDA:509,26,0,0
BRDA:509,26,1,0
BRDA:515,27,0,0
BRDA:515,27,1,0
BRDA:520,28,0,0
BRDA:520,28,1,0
BRDA:524,29,0,0
BRDA:524,29,1,0
BRDA:529,30,0,0
BRDA:529,30,1,0
BRDA:534,31,0,0
BRDA:534,31,1,0
BRDA:540,32,0,0
BRDA:540,32,1,0
BRDA:545,33,0,0
BRDA:545,33,1,0
BRDA:594,34,0,0
BRDA:594,34,1,0
BRDA:596,35,0,0
BRDA:596,35,1,0
BRDA:597,36,0,0
BRDA:597,36,1,0
BRDA:628,37,0,0
BRDA:628,37,1,0
BRDA:630,38,0,0
BRDA:630,38,1,0
BRDA:631,39,0,0
BRDA:631,39,1,0
BRDA:692,40,0,0
BRDA:692,40,1,0
BRDA:692,41,0,0
BRDA:692,41,1,0
BRDA:697,42,0,0
BRDA:697,42,1,0
BRDA:699,43,0,0
BRDA:699,43,1,0
BRDA:704,44,0,0
BRDA:704,44,1,0
BRDA:731,45,0,0
BRDA:731,45,1,0
BRDA:739,46,0,0
BRDA:739,46,1,0
BRDA:775,47,0,0
BRDA:775,47,1,0
BRDA:779,48,0,0
BRDA:779,48,1,0
BRDA:788,49,0,0
BRDA:788,49,1,0
BRDA:789,50,0,0
BRDA:789,50,1,0
BRDA:790,51,0,0
BRDA:790,51,1,0
BRDA:791,52,0,0
BRDA:791,52,1,0
BRDA:793,53,0,0
BRDA:793,53,1,0
BRDA:794,54,0,0
BRDA:794,54,1,0
BRDA:808,55,0,0
BRDA:808,55,1,0
BRDA:809,56,0,0
BRDA:809,56,1,0
BRDA:810,57,0,0
BRDA:810,57,1,0
BRDA:817,58,0,0
BRDA:817,58,1,0
BRDA:817,59,0,0
BRDA:817,59,1,0
BRDA:825,60,0,0
BRDA:825,60,1,0
BRDA:839,61,0,0
BRDA:839,61,1,0
BRDA:842,62,0,0
BRDA:842,62,1,0
BRDA:854,63,0,0
BRDA:854,63,1,0
BRDA:854,64,0,0
BRDA:854,64,1,0
BRDA:858,65,0,0
BRDA:858,65,1,0
BRDA:874,66,0,0
BRDA:874,66,1,0
BRDA:888,67,0,0
BRDA:888,67,1,0
BRDA:894,68,0,0
BRDA:894,68,1,0
BRDA:900,69,0,0
BRDA:900,69,1,0
BRDA:901,70,0,0
BRDA:901,70,1,0
BRDA:901,71,0,0
BRDA:901,71,1,0
BRDA:902,72,0,0
BRDA:902,72,1,0
BRDA:903,73,0,0
BRDA:903,73,1,0
BRDA:906,74,0,0
BRDA:906,74,1,0
BRDA:919,75,0,0
BRDA:919,75,1,0
BRDA:920,76,0,0
BRDA:920,76,1,0
BRDA:938,77,0,0
BRDA:938,77,1,0
BRDA:942,78,0,0
BRDA:942,78,1,0
BRDA:945,79,0,0
BRDA:945,79,1,0
BRDA:951,80,0,0
BRDA:951,80,1,0
BRDA:953,81,0,0
BRDA:953,81,1,0
BRDA:971,82,0,0
BRDA:971,82,1,0
BRDA:973,83,0,0
BRDA:973,83,1,0
BRDA:988,84,0,0
BRDA:988,84,1,0
BRDA:993,85,0,0
BRDA:993,85,1,0
BRDA:1008,86,0,0
BRDA:1008,86,1,0
BRF:174
BRH:0
end_of_record
TN:
SF:src/statics/js/snap.svg-min.js
FN:19,(anonymous_0)
FN:19,(anonymous_1)
FN:19,(anonymous_2)
FN:19,(anonymous_3)
FN:19,(anonymous_4)
FN:19,(anonymous_5)
FN:19,(anonymous_6)
FN:19,(anonymous_7)
FN:19,(anonymous_8)
FN:19,(anonymous_9)
FN:19,(anonymous_10)
FN:19,(anonymous_11)
FN:19,(anonymous_12)
FN:19,(anonymous_13)
FN:19,(anonymous_14)
FN:19,(anonymous_15)
FN:19,(anonymous_16)
FN:19,(anonymous_17)
FN:19,(anonymous_18)
FN:19,(anonymous_19)
FN:19,(anonymous_20)
FN:19,(anonymous_21)
FN:19,(anonymous_22)
FN:19,(anonymous_23)
FN:19,(anonymous_24)
FN:19,(anonymous_25)
FN:19,(anonymous_26)
FN:19,(anonymous_27)
FN:19,(anonymous_28)
FN:19,(anonymous_29)
FN:19,(anonymous_30)
FN:19,(anonymous_31)
FN:19,(anonymous_32)
FN:19,(anonymous_33)
FN:19,(anonymous_34)
FN:19,(anonymous_35)
FN:19,(anonymous_36)
FN:19,(anonymous_37)
FN:19,(anonymous_38)
FN:19,(anonymous_39)
FN:19,(anonymous_40)
FN:19,(anonymous_41)
FN:19,(anonymous_42)
FN:19,(anonymous_43)
FN:19,(anonymous_44)
FN:19,(anonymous_45)
FN:19,(anonymous_46)
FN:19,(anonymous_47)
FN:19,(anonymous_48)
FN:19,(anonymous_49)
FN:19,(anonymous_50)
FN:19,(anonymous_51)
FN:19,c
FN:19,d
FN:19,e
FN:19,f
FN:19,h
FN:19,i
FN:19,d
FN:19,j
FN:19,k
FN:19,l
FN:19,m
FN:19,(anonymous_63)
FN:19,n
FN:19,o
FN:19,p
FN:19,q
FN:19,e
FN:19,f
FN:19,g
FN:19,r
FN:19,(anonymous_72)
FN:19,s
FN:19,t
FN:19,u
FN:19,v
FN:19,w
FN:19,x
FN:19,(anonymous_79)
FN:19,(anonymous_80)
FN:19,(anonymous_81)
FN:19,(anonymous_82)
FN:19,(anonymous_83)
FN:19,(anonymous_84)
FN:19,(anonymous_85)
FN:19,(anonymous_86)
FN:19,(anonymous_87)
FN:19,(anonymous_88)
FN:19,(anonymous_89)
FN:19,(anonymous_90)
FN:19,(anonymous_91)
FN:19,(anonymous_92)
FN:19,(anonymous_93)
FN:19,(anonymous_94)
FN:19,(anonymous_95)
FN:19,(anonymous_96)
FN:19,d
FN:19,(anonymous_98)
FN:19,(anonymous_99)
FN:19,(anonymous_100)
FN:19,(anonymous_101)
FN:19,(anonymous_102)
FN:19,(anonymous_103)
FN:19,(anonymous_104)
FN:19,(anonymous_105)
FN:19,(anonymous_106)
FN:19,(anonymous_107)
FN:19,(anonymous_108)
FN:19,(anonymous_109)
FN:19,(anonymous_110)
FN:19,(anonymous_111)
FN:19,(anonymous_112)
FN:19,(anonymous_113)
FN:19,(anonymous_114)
FN:19,(anonymous_115)
FN:19,(anonymous_116)
FN:19,(anonymous_117)
FN:19,(anonymous_118)
FN:19,(anonymous_119)
FN:19,(anonymous_120)
FN:19,(anonymous_121)
FN:19,(anonymous_122)
FN:19,(anonymous_123)
FN:19,(anonymous_124)
FN:19,(anonymous_125)
FN:19,(anonymous_126)
FN:19,(anonymous_127)
FN:19,(anonymous_128)
FN:19,(anonymous_129)
FN:19,(anonymous_130)
FN:19,(anonymous_131)
FN:19,(anonymous_132)
FN:19,(anonymous_133)
FN:19,(anonymous_134)
FN:19,(anonymous_135)
FN:19,(anonymous_136)
FN:19,(anonymous_137)
FN:19,(anonymous_138)
FN:19,(anonymous_139)
FN:19,(anonymous_140)
FN:19,(anonymous_141)
FN:19,(anonymous_142)
FN:19,(anonymous_143)
FN:19,(anonymous_144)
FN:19,(anonymous_145)
FN:19,h
FN:19,i
FN:19,b
FN:19,(anonymous_149)
FN:19,d
FN:19,(anonymous_151)
FN:19,j
FN:19,(anonymous_153)
FN:19,(anonymous_154)
FN:19,(anonymous_155)
FN:19,(anonymous_156)
FN:19,(anonymous_157)
FN:19,(anonymous_158)
FN:19,(anonymous_159)
FN:19,(anonymous_160)
FN:19,(anonymous_161)
FN:19,(anonymous_162)
FN:19,(anonymous_163)
FN:19,(anonymous_164)
FN:19,(anonymous_165)
FN:19,(anonymous_166)
FN:19,(anonymous_167)
FN:19,(anonymous_168)
FN:19,(anonymous_169)
FN:19,(anonymous_170)
FN:19,(anonymous_171)
FN:19,(anonymous_172)
FN:19,(anonymous_173)
FN:19,(anonymous_174)
FN:19,(anonymous_175)
FN:19,(anonymous_176)
FN:19,(anonymous_177)
FN:19,(anonymous_178)
FN:19,(anonymous_179)
FN:19,(anonymous_180)
FN:20,(anonymous_181)
FN:20,h
FN:20,(anonymous_183)
FN:20,(anonymous_184)
FN:20,(anonymous_185)
FN:20,(anonymous_186)
FN:20,(anonymous_187)
FN:20,(anonymous_188)
FN:20,(anonymous_189)
FN:20,(anonymous_190)
FN:20,(anonymous_191)
FN:20,(anonymous_192)
FN:20,(anonymous_193)
FN:20,(anonymous_194)
FN:20,(anonymous_195)
FN:20,(anonymous_196)
FN:20,f
FN:20,(anonymous_198)
FN:20,c
FN:20,d
FN:20,(anonymous_201)
FN:20,(anonymous_202)
FN:20,(anonymous_203)
FN:20,(anonymous_204)
FN:20,(anonymous_205)
FN:20,(anonymous_206)
FN:20,(anonymous_207)
FN:20,(anonymous_208)
FN:20,(anonymous_209)
FN:20,(anonymous_210)
FN:20,(anonymous_211)
FN:20,(anonymous_212)
FN:20,(anonymous_213)
FN:20,(anonymous_214)
FN:20,(anonymous_215)
FN:20,(anonymous_216)
FN:20,(anonymous_217)
FN:20,(anonymous_218)
FN:20,(anonymous_219)
FN:20,(anonymous_220)
FN:20,g
FN:20,(anonymous_222)
FN:20,h
FN:20,i
FN:20,j
FN:20,(anonymous_226)
FN:20,(anonymous_227)
FN:20,(anonymous_228)
FN:20,(anonymous_229)
FN:20,(anonymous_230)
FN:20,b
FN:20,(anonymous_232)
FN:20,(anonymous_233)
FN:20,(anonymous_234)
FN:20,(anonymous_235)
FN:20,(anonymous_236)
FN:20,(anonymous_237)
FN:20,(anonymous_238)
FN:20,(anonymous_239)
FN:20,(anonymous_240)
FN:20,(anonymous_241)
FN:20,(anonymous_242)
FN:20,(anonymous_243)
FN:20,(anonymous_244)
FN:20,(anonymous_245)
FN:20,(anonymous_246)
FN:20,c
FN:20,(anonymous_248)
FN:20,d
FN:20,(anonymous_250)
FN:20,(anonymous_251)
FN:20,(anonymous_252)
FN:20,(anonymous_253)
FN:20,(anonymous_254)
FN:20,(anonymous_255)
FN:20,(anonymous_256)
FN:20,(anonymous_257)
FN:20,(anonymous_258)
FN:20,(anonymous_259)
FN:20,(anonymous_260)
FN:20,(anonymous_261)
FN:20,(anonymous_262)
FN:20,(anonymous_263)
FN:20,(anonymous_264)
FN:20,(anonymous_265)
FN:20,g
FN:20,h
FN:20,(anonymous_268)
FN:20,(anonymous_269)
FN:20,(anonymous_270)
FN:20,(anonymous_271)
FN:20,(anonymous_272)
FN:20,(anonymous_273)
FN:20,(anonymous_274)
FN:20,(anonymous_275)
FN:20,(anonymous_276)
FN:20,(anonymous_277)
FN:20,(anonymous_278)
FN:20,a
FN:20,(anonymous_280)
FN:20,(anonymous_281)
FN:20,(anonymous_282)
FN:20,(anonymous_283)
FN:20,(anonymous_284)
FN:20,(anonymous_285)
FN:20,(anonymous_286)
FN:20,(anonymous_287)
FN:20,(anonymous_288)
FN:20,(anonymous_289)
FN:20,(anonymous_290)
FN:20,(anonymous_291)
FN:20,(anonymous_292)
FN:20,(anonymous_293)
FN:20,(anonymous_294)
FN:20,(anonymous_295)
FN:20,(anonymous_296)
FN:20,d
FN:20,e
FN:20,f
FN:20,g
FN:20,i
FN:20,j
FN:20,k
FN:20,(anonymous_304)
FN:20,(anonymous_305)
FN:20,(anonymous_306)
FN:20,(anonymous_307)
FN:20,(anonymous_308)
FN:20,(anonymous_309)
FN:20,(anonymous_310)
FN:20,e
FN:20,(anonymous_312)
FN:20,f
FN:20,g
FN:20,h
FN:20,i
FN:20,j
FN:20,e
FN:20,(anonymous_319)
FN:20,k
FN:20,l
FN:20,m
FN:20,n
FN:20,o
FN:20,p
FN:20,q
FN:20,r
FN:20,s
FN:20,t
FN:20,u
FN:20,v
FN:20,w
FN:20,x
FN:20,y
FN:20,z
FN:20,A
FN:20,B
FN:20,C
FN:20,D
FN:20,E
FN:20,(anonymous_341)
FN:20,F
FN:20,G
FN:20,(anonymous_344)
FN:20,(anonymous_345)
FN:20,(anonymous_346)
FN:20,H
FN:20,I
FN:20,(anonymous_349)
FN:20,(anonymous_350)
FN:20,(anonymous_351)
FN:21,(anonymous_352)
FN:21,(anonymous_353)
FN:21,(anonymous_354)
FN:21,(anonymous_355)
FN:21,(anonymous_356)
FN:21,(anonymous_357)
FN:21,(anonymous_358)
FN:21,(anonymous_359)
FN:21,(anonymous_360)
FN:21,(anonymous_361)
FN:21,(anonymous_362)
FN:21,(anonymous_363)
FN:21,(anonymous_364)
FN:21,(anonymous_365)
FN:21,(anonymous_366)
FN:21,(anonymous_367)
FN:21,(anonymous_368)
FN:21,(anonymous_369)
FN:21,(anonymous_370)
FN:21,(anonymous_371)
FN:21,(anonymous_372)
FN:21,(anonymous_373)
FN:21,(anonymous_374)
FN:21,(anonymous_375)
FN:21,(anonymous_376)
FN:21,(anonymous_377)
FN:21,(anonymous_378)
FN:21,(anonymous_379)
FN:21,(anonymous_380)
FN:21,(anonymous_381)
FN:21,(anonymous_382)
FN:21,(anonymous_383)
FN:21,(anonymous_384)
FN:21,(anonymous_385)
FN:21,(anonymous_386)
FN:21,f
FN:21,g
FN:21,h
FN:21,i
FN:21,(anonymous_391)
FN:21,j
FN:21,k
FN:21,l
FN:21,m
FN:21,n
FN:21,o
FN:21,(anonymous_398)
FN:21,(anonymous_399)
FN:21,(anonymous_400)
FN:21,(anonymous_401)
FN:21,(anonymous_402)
FN:21,(anonymous_403)
FN:21,(anonymous_404)
FN:21,(anonymous_405)
FN:21,(anonymous_406)
FN:21,(anonymous_407)
FN:21,(anonymous_408)
FN:21,(anonymous_409)
FN:21,(anonymous_410)
FN:21,(anonymous_411)
FN:21,(anonymous_412)
FN:21,(anonymous_413)
FN:21,(anonymous_414)
FN:21,(anonymous_415)
FN:21,(anonymous_416)
FN:21,i
FN:21,j
FN:21,(anonymous_419)
FN:21,(anonymous_420)
FN:21,(anonymous_421)
FN:21,(anonymous_422)
FN:21,(anonymous_423)
FN:21,(anonymous_424)
FN:21,(anonymous_425)
FN:21,(anonymous_426)
FN:21,(anonymous_427)
FN:21,(anonymous_428)
FN:21,(anonymous_429)
FN:21,(anonymous_430)
FN:21,(anonymous_431)
FN:21,(anonymous_432)
FN:21,(anonymous_433)
FN:21,(anonymous_434)
FN:21,(anonymous_435)
FN:21,(anonymous_436)
FN:21,(anonymous_437)
FN:21,(anonymous_438)
FN:21,(anonymous_439)
FN:21,(anonymous_440)
FN:21,(anonymous_441)
FN:21,(anonymous_442)
FN:21,(anonymous_443)
FN:21,(anonymous_444)
FN:21,(anonymous_445)
FN:21,(anonymous_446)
FN:21,(anonymous_447)
FN:21,(anonymous_448)
FN:21,f
FN:21,(anonymous_450)
FNF:451
FNH:0
FNDA:0,(anonymous_0)
FNDA:0,(anonymous_1)
FNDA:0,(anonymous_2)
FNDA:0,(anonymous_3)
FNDA:0,(anonymous_4)
FNDA:0,(anonymous_5)
FNDA:0,(anonymous_6)
FNDA:0,(anonymous_7)
FNDA:0,(anonymous_8)
FNDA:0,(anonymous_9)
FNDA:0,(anonymous_10)
FNDA:0,(anonymous_11)
FNDA:0,(anonymous_12)
FNDA:0,(anonymous_13)
FNDA:0,(anonymous_14)
FNDA:0,(anonymous_15)
FNDA:0,(anonymous_16)
FNDA:0,(anonymous_17)
FNDA:0,(anonymous_18)
FNDA:0,(anonymous_19)
FNDA:0,(anonymous_20)
FNDA:0,(anonymous_21)
FNDA:0,(anonymous_22)
FNDA:0,(anonymous_23)
FNDA:0,(anonymous_24)
FNDA:0,(anonymous_25)
FNDA:0,(anonymous_26)
FNDA:0,(anonymous_27)
FNDA:0,(anonymous_28)
FNDA:0,(anonymous_29)
FNDA:0,(anonymous_30)
FNDA:0,(anonymous_31)
FNDA:0,(anonymous_32)
FNDA:0,(anonymous_33)
FNDA:0,(anonymous_34)
FNDA:0,(anonymous_35)
FNDA:0,(anonymous_36)
FNDA:0,(anonymous_37)
FNDA:0,(anonymous_38)
FNDA:0,(anonymous_39)
FNDA:0,(anonymous_40)
FNDA:0,(anonymous_41)
FNDA:0,(anonymous_42)
FNDA:0,(anonymous_43)
FNDA:0,(anonymous_44)
FNDA:0,(anonymous_45)
FNDA:0,(anonymous_46)
FNDA:0,(anonymous_47)
FNDA:0,(anonymous_48)
FNDA:0,(anonymous_49)
FNDA:0,(anonymous_50)
FNDA:0,(anonymous_51)
FNDA:0,c
FNDA:0,d
FNDA:0,e
FNDA:0,f
FNDA:0,h
FNDA:0,i
FNDA:0,d
FNDA:0,j
FNDA:0,k
FNDA:0,l
FNDA:0,m
FNDA:0,(anonymous_63)
FNDA:0,n
FNDA:0,o
FNDA:0,p
FNDA:0,q
FNDA:0,e
FNDA:0,f
FNDA:0,g
FNDA:0,r
FNDA:0,(anonymous_72)
FNDA:0,s
FNDA:0,t
FNDA:0,u
FNDA:0,v
FNDA:0,w
FNDA:0,x
FNDA:0,(anonymous_79)
FNDA:0,(anonymous_80)
FNDA:0,(anonymous_81)
FNDA:0,(anonymous_82)
FNDA:0,(anonymous_83)
FNDA:0,(anonymous_84)
FNDA:0,(anonymous_85)
FNDA:0,(anonymous_86)
FNDA:0,(anonymous_87)
FNDA:0,(anonymous_88)
FNDA:0,(anonymous_89)
FNDA:0,(anonymous_90)
FNDA:0,(anonymous_91)
FNDA:0,(anonymous_92)
FNDA:0,(anonymous_93)
FNDA:0,(anonymous_94)
FNDA:0,(anonymous_95)
FNDA:0,(anonymous_96)
FNDA:0,d
FNDA:0,(anonymous_98)
FNDA:0,(anonymous_99)
FNDA:0,(anonymous_100)
FNDA:0,(anonymous_101)
FNDA:0,(anonymous_102)
FNDA:0,(anonymous_103)
FNDA:0,(anonymous_104)
FNDA:0,(anonymous_105)
FNDA:0,(anonymous_106)
FNDA:0,(anonymous_107)
FNDA:0,(anonymous_108)
FNDA:0,(anonymous_109)
FNDA:0,(anonymous_110)
FNDA:0,(anonymous_111)
FNDA:0,(anonymous_112)
FNDA:0,(anonymous_113)
FNDA:0,(anonymous_114)
FNDA:0,(anonymous_115)
FNDA:0,(anonymous_116)
FNDA:0,(anonymous_117)
FNDA:0,(anonymous_118)
FNDA:0,(anonymous_119)
FNDA:0,(anonymous_120)
FNDA:0,(anonymous_121)
FNDA:0,(anonymous_122)
FNDA:0,(anonymous_123)
FNDA:0,(anonymous_124)
FNDA:0,(anonymous_125)
FNDA:0,(anonymous_126)
FNDA:0,(anonymous_127)
FNDA:0,(anonymous_128)
FNDA:0,(anonymous_129)
FNDA:0,(anonymous_130)
FNDA:0,(anonymous_131)
FNDA:0,(anonymous_132)
FNDA:0,(anonymous_133)
FNDA:0,(anonymous_134)
FNDA:0,(anonymous_135)
FNDA:0,(anonymous_136)
FNDA:0,(anonymous_137)
FNDA:0,(anonymous_138)
FNDA:0,(anonymous_139)
FNDA:0,(anonymous_140)
FNDA:0,(anonymous_141)
FNDA:0,(anonymous_142)
FNDA:0,(anonymous_143)
FNDA:0,(anonymous_144)
FNDA:0,(anonymous_145)
FNDA:0,h
FNDA:0,i
FNDA:0,b
FNDA:0,(anonymous_149)
FNDA:0,d
FNDA:0,(anonymous_151)
FNDA:0,j
FNDA:0,(anonymous_153)
FNDA:0,(anonymous_154)
FNDA:0,(anonymous_155)
FNDA:0,(anonymous_156)
FNDA:0,(anonymous_157)
FNDA:0,(anonymous_158)
FNDA:0,(anonymous_159)
FNDA:0,(anonymous_160)
FNDA:0,(anonymous_161)
FNDA:0,(anonymous_162)
FNDA:0,(anonymous_163)
FNDA:0,(anonymous_164)
FNDA:0,(anonymous_165)
FNDA:0,(anonymous_166)
FNDA:0,(anonymous_167)
FNDA:0,(anonymous_168)
FNDA:0,(anonymous_169)
FNDA:0,(anonymous_170)
FNDA:0,(anonymous_171)
FNDA:0,(anonymous_172)
FNDA:0,(anonymous_173)
FNDA:0,(anonymous_174)
FNDA:0,(anonymous_175)
FNDA:0,(anonymous_176)
FNDA:0,(anonymous_177)
FNDA:0,(anonymous_178)
FNDA:0,(anonymous_179)
FNDA:0,(anonymous_180)
FNDA:0,(anonymous_181)
FNDA:0,h
FNDA:0,(anonymous_183)
FNDA:0,(anonymous_184)
FNDA:0,(anonymous_185)
FNDA:0,(anonymous_186)
FNDA:0,(anonymous_187)
FNDA:0,(anonymous_188)
FNDA:0,(anonymous_189)
FNDA:0,(anonymous_190)
FNDA:0,(anonymous_191)
FNDA:0,(anonymous_192)
FNDA:0,(anonymous_193)
FNDA:0,(anonymous_194)
FNDA:0,(anonymous_195)
FNDA:0,(anonymous_196)
FNDA:0,f
FNDA:0,(anonymous_198)
FNDA:0,c
FNDA:0,d
FNDA:0,(anonymous_201)
FNDA:0,(anonymous_202)
FNDA:0,(anonymous_203)
FNDA:0,(anonymous_204)
FNDA:0,(anonymous_205)
FNDA:0,(anonymous_206)
FNDA:0,(anonymous_207)
FNDA:0,(anonymous_208)
FNDA:0,(anonymous_209)
FNDA:0,(anonymous_210)
FNDA:0,(anonymous_211)
FNDA:0,(anonymous_212)
FNDA:0,(anonymous_213)
FNDA:0,(anonymous_214)
FNDA:0,(anonymous_215)
FNDA:0,(anonymous_216)
FNDA:0,(anonymous_217)
FNDA:0,(anonymous_218)
FNDA:0,(anonymous_219)
FNDA:0,(anonymous_220)
FNDA:0,g
FNDA:0,(anonymous_222)
FNDA:0,h
FNDA:0,i
FNDA:0,j
FNDA:0,(anonymous_226)
FNDA:0,(anonymous_227)
FNDA:0,(anonymous_228)
FNDA:0,(anonymous_229)
FNDA:0,(anonymous_230)
FNDA:0,b
FNDA:0,(anonymous_232)
FNDA:0,(anonymous_233)
FNDA:0,(anonymous_234)
FNDA:0,(anonymous_235)
FNDA:0,(anonymous_236)
FNDA:0,(anonymous_237)
FNDA:0,(anonymous_238)
FNDA:0,(anonymous_239)
FNDA:0,(anonymous_240)
FNDA:0,(anonymous_241)
FNDA:0,(anonymous_242)
FNDA:0,(anonymous_243)
FNDA:0,(anonymous_244)
FNDA:0,(anonymous_245)
FNDA:0,(anonymous_246)
FNDA:0,c
FNDA:0,(anonymous_248)
FNDA:0,d
FNDA:0,(anonymous_250)
FNDA:0,(anonymous_251)
FNDA:0,(anonymous_252)
FNDA:0,(anonymous_253)
FNDA:0,(anonymous_254)
FNDA:0,(anonymous_255)
FNDA:0,(anonymous_256)
FNDA:0,(anonymous_257)
FNDA:0,(anonymous_258)
FNDA:0,(anonymous_259)
FNDA:0,(anonymous_260)
FNDA:0,(anonymous_261)
FNDA:0,(anonymous_262)
FNDA:0,(anonymous_263)
FNDA:0,(anonymous_264)
FNDA:0,(anonymous_265)
FNDA:0,g
FNDA:0,h
FNDA:0,(anonymous_268)
FNDA:0,(anonymous_269)
FNDA:0,(anonymous_270)
FNDA:0,(anonymous_271)
FNDA:0,(anonymous_272)
FNDA:0,(anonymous_273)
FNDA:0,(anonymous_274)
FNDA:0,(anonymous_275)
FNDA:0,(anonymous_276)
FNDA:0,(anonymous_277)
FNDA:0,(anonymous_278)
FNDA:0,a
FNDA:0,(anonymous_280)
FNDA:0,(anonymous_281)
FNDA:0,(anonymous_282)
FNDA:0,(anonymous_283)
FNDA:0,(anonymous_284)
FNDA:0,(anonymous_285)
FNDA:0,(anonymous_286)
FNDA:0,(anonymous_287)
FNDA:0,(anonymous_288)
FNDA:0,(anonymous_289)
FNDA:0,(anonymous_290)
FNDA:0,(anonymous_291)
FNDA:0,(anonymous_292)
FNDA:0,(anonymous_293)
FNDA:0,(anonymous_294)
FNDA:0,(anonymous_295)
FNDA:0,(anonymous_296)
FNDA:0,d
FNDA:0,e
FNDA:0,f
FNDA:0,g
FNDA:0,i
FNDA:0,j
FNDA:0,k
FNDA:0,(anonymous_304)
FNDA:0,(anonymous_305)
FNDA:0,(anonymous_306)
FNDA:0,(anonymous_307)
FNDA:0,(anonymous_308)
FNDA:0,(anonymous_309)
FNDA:0,(anonymous_310)
FNDA:0,e
FNDA:0,(anonymous_312)
FNDA:0,f
FNDA:0,g
FNDA:0,h
FNDA:0,i
FNDA:0,j
FNDA:0,e
FNDA:0,(anonymous_319)
FNDA:0,k
FNDA:0,l
FNDA:0,m
FNDA:0,n
FNDA:0,o
FNDA:0,p
FNDA:0,q
FNDA:0,r
FNDA:0,s
FNDA:0,t
FNDA:0,u
FNDA:0,v
FNDA:0,w
FNDA:0,x
FNDA:0,y
FNDA:0,z
FNDA:0,A
FNDA:0,B
FNDA:0,C
FNDA:0,D
FNDA:0,E
FNDA:0,(anonymous_341)
FNDA:0,F
FNDA:0,G
FNDA:0,(anonymous_344)
FNDA:0,(anonymous_345)
FNDA:0,(anonymous_346)
FNDA:0,H
FNDA:0,I
FNDA:0,(anonymous_349)
FNDA:0,(anonymous_350)
FNDA:0,(anonymous_351)
FNDA:0,(anonymous_352)
FNDA:0,(anonymous_353)
FNDA:0,(anonymous_354)
FNDA:0,(anonymous_355)
FNDA:0,(anonymous_356)
FNDA:0,(anonymous_357)
FNDA:0,(anonymous_358)
FNDA:0,(anonymous_359)
FNDA:0,(anonymous_360)
FNDA:0,(anonymous_361)
FNDA:0,(anonymous_362)
FNDA:0,(anonymous_363)
FNDA:0,(anonymous_364)
FNDA:0,(anonymous_365)
FNDA:0,(anonymous_366)
FNDA:0,(anonymous_367)
FNDA:0,(anonymous_368)
FNDA:0,(anonymous_369)
FNDA:0,(anonymous_370)
FNDA:0,(anonymous_371)
FNDA:0,(anonymous_372)
FNDA:0,(anonymous_373)
FNDA:0,(anonymous_374)
FNDA:0,(anonymous_375)
FNDA:0,(anonymous_376)
FNDA:0,(anonymous_377)
FNDA:0,(anonymous_378)
FNDA:0,(anonymous_379)
FNDA:0,(anonymous_380)
FNDA:0,(anonymous_381)
FNDA:0,(anonymous_382)
FNDA:0,(anonymous_383)
FNDA:0,(anonymous_384)
FNDA:0,(anonymous_385)
FNDA:0,(anonymous_386)
FNDA:0,f
FNDA:0,g
FNDA:0,h
FNDA:0,i
FNDA:0,(anonymous_391)
FNDA:0,j
FNDA:0,k
FNDA:0,l
FNDA:0,m
FNDA:0,n
FNDA:0,o
FNDA:0,(anonymous_398)
FNDA:0,(anonymous_399)
FNDA:0,(anonymous_400)
FNDA:0,(anonymous_401)
FNDA:0,(anonymous_402)
FNDA:0,(anonymous_403)
FNDA:0,(anonymous_404)
FNDA:0,(anonymous_405)
FNDA:0,(anonymous_406)
FNDA:0,(anonymous_407)
FNDA:0,(anonymous_408)
FNDA:0,(anonymous_409)
FNDA:0,(anonymous_410)
FNDA:0,(anonymous_411)
FNDA:0,(anonymous_412)
FNDA:0,(anonymous_413)
FNDA:0,(anonymous_414)
FNDA:0,(anonymous_415)
FNDA:0,(anonymous_416)
FNDA:0,i
FNDA:0,j
FNDA:0,(anonymous_419)
FNDA:0,(anonymous_420)
FNDA:0,(anonymous_421)
FNDA:0,(anonymous_422)
FNDA:0,(anonymous_423)
FNDA:0,(anonymous_424)
FNDA:0,(anonymous_425)
FNDA:0,(anonymous_426)
FNDA:0,(anonymous_427)
FNDA:0,(anonymous_428)
FNDA:0,(anonymous_429)
FNDA:0,(anonymous_430)
FNDA:0,(anonymous_431)
FNDA:0,(anonymous_432)
FNDA:0,(anonymous_433)
FNDA:0,(anonymous_434)
FNDA:0,(anonymous_435)
FNDA:0,(anonymous_436)
FNDA:0,(anonymous_437)
FNDA:0,(anonymous_438)
FNDA:0,(anonymous_439)
FNDA:0,(anonymous_440)
FNDA:0,(anonymous_441)
FNDA:0,(anonymous_442)
FNDA:0,(anonymous_443)
FNDA:0,(anonymous_444)
FNDA:0,(anonymous_445)
FNDA:0,(anonymous_446)
FNDA:0,(anonymous_447)
FNDA:0,(anonymous_448)
FNDA:0,f
FNDA:0,(anonymous_450)
DA:19,0
DA:20,0
DA:21,0
LF:3
LH:0
BRDA:19,0,0,0
BRDA:19,0,1,0
BRDA:19,1,0,0
BRDA:19,1,1,0
BRDA:19,2,0,0
BRDA:19,2,1,0
BRDA:19,3,0,0
BRDA:19,3,1,0
BRDA:19,4,0,0
BRDA:19,4,1,0
BRDA:19,5,0,0
BRDA:19,5,1,0
BRDA:19,6,0,0
BRDA:19,6,1,0
BRDA:19,7,0,0
BRDA:19,7,1,0
BRDA:19,8,0,0
BRDA:19,8,1,0
BRDA:19,9,0,0
BRDA:19,9,1,0
BRDA:19,10,0,0
BRDA:19,10,1,0
BRDA:19,11,0,0
BRDA:19,11,1,0
BRDA:19,12,0,0
BRDA:19,12,1,0
BRDA:19,13,0,0
BRDA:19,13,1,0
BRDA:19,14,0,0
BRDA:19,14,1,0
BRDA:19,15,0,0
BRDA:19,15,1,0
BRDA:19,16,0,0
BRDA:19,16,1,0
BRDA:19,17,0,0
BRDA:19,17,1,0
BRDA:19,18,0,0
BRDA:19,18,1,0
BRDA:19,19,0,0
BRDA:19,19,1,0
BRDA:19,20,0,0
BRDA:19,20,1,0
BRDA:19,21,0,0
BRDA:19,21,1,0
BRDA:19,21,2,0
BRDA:19,22,0,0
BRDA:19,22,1,0
BRDA:19,23,0,0
BRDA:19,23,1,0
BRDA:19,24,0,0
BRDA:19,24,1,0
BRDA:19,25,0,0
BRDA:19,25,1,0
BRDA:19,26,0,0
BRDA:19,26,1,0
BRDA:19,27,0,0
BRDA:19,27,1,0
BRDA:19,28,0,0
BRDA:19,28,1,0
BRDA:19,29,0,0
BRDA:19,29,1,0
BRDA:19,30,0,0
BRDA:19,30,1,0
BRDA:19,31,0,0
BRDA:19,31,1,0
BRDA:19,32,0,0
BRDA:19,32,1,0
BRDA:19,33,0,0
BRDA:19,33,1,0
BRDA:19,34,0,0
BRDA:19,34,1,0
BRDA:19,35,0,0
BRDA:19,35,1,0
BRDA:19,36,0,0
BRDA:19,36,1,0
BRDA:19,37,0,0
BRDA:19,37,1,0
BRDA:19,38,0,0
BRDA:19,38,1,0
BRDA:19,39,0,0
BRDA:19,39,1,0
BRDA:19,40,0,0
BRDA:19,40,1,0
BRDA:19,41,0,0
BRDA:19,41,1,0
BRDA:19,42,0,0
BRDA:19,42,1,0
BRDA:19,43,0,0
BRDA:19,43,1,0
BRDA:19,44,0,0
BRDA:19,44,1,0
BRDA:19,45,0,0
BRDA:19,45,1,0
BRDA:19,45,2,0
BRDA:19,46,0,0
BRDA:19,46,1,0
BRDA:19,47,0,0
BRDA:19,47,1,0
BRDA:19,48,0,0
BRDA:19,48,1,0
BRDA:19,49,0,0
BRDA:19,49,1,0
BRDA:19,50,0,0
BRDA:19,50,1,0
BRDA:19,51,0,0
BRDA:19,51,1,0
BRDA:19,52,0,0
BRDA:19,52,1,0
BRDA:19,53,0,0
BRDA:19,53,1,0
BRDA:19,54,0,0
BRDA:19,54,1,0
BRDA:19,54,2,0
BRDA:19,54,3,0
BRDA:19,54,4,0
BRDA:19,54,5,0
BRDA:19,55,0,0
BRDA:19,55,1,0
BRDA:19,56,0,0
BRDA:19,56,1,0
BRDA:19,57,0,0
BRDA:19,57,1,0
BRDA:19,58,0,0
BRDA:19,58,1,0
BRDA:19,59,0,0
BRDA:19,59,1,0
BRDA:19,60,0,0
BRDA:19,60,1,0
BRDA:19,61,0,0
BRDA:19,61,1,0
BRDA:19,62,0,0
BRDA:19,62,1,0
BRDA:19,63,0,0
BRDA:19,63,1,0
BRDA:19,64,0,0
BRDA:19,64,1,0
BRDA:19,65,0,0
BRDA:19,65,1,0
BRDA:19,66,0,0
BRDA:19,66,1,0
BRDA:19,67,0,0
BRDA:19,67,1,0
BRDA:19,68,0,0
BRDA:19,68,1,0
BRDA:19,69,0,0
BRDA:19,69,1,0
BRDA:19,70,0,0
BRDA:19,70,1,0
BRDA:19,71,0,0
BRDA:19,71,1,0
BRDA:19,72,0,0
BRDA:19,72,1,0
BRDA:19,73,0,0
BRDA:19,73,1,0
BRDA:19,74,0,0
BRDA:19,74,1,0
BRDA:19,75,0,0
BRDA:19,75,1,0
BRDA:19,76,0,0
BRDA:19,76,1,0
BRDA:19,77,0,0
BRDA:19,77,1,0
BRDA:19,78,0,0
BRDA:19,78,1,0
BRDA:19,79,0,0
BRDA:19,79,1,0
BRDA:19,80,0,0
BRDA:19,80,1,0
BRDA:19,81,0,0
BRDA:19,81,1,0
BRDA:19,82,0,0
BRDA:19,82,1,0
BRDA:19,83,0,0
BRDA:19,83,1,0
BRDA:19,84,0,0
BRDA:19,84,1,0
BRDA:19,85,0,0
BRDA:19,85,1,0
BRDA:19,86,0,0
BRDA:19,86,1,0
BRDA:19,87,0,0
BRDA:19,87,1,0
BRDA:19,88,0,0
BRDA:19,88,1,0
BRDA:19,89,0,0
BRDA:19,89,1,0
BRDA:19,90,0,0
BRDA:19,90,1,0
BRDA:19,91,0,0
BRDA:19,91,1,0
BRDA:19,92,0,0
BRDA:19,92,1,0
BRDA:19,93,0,0
BRDA:19,93,1,0
BRDA:19,94,0,0
BRDA:19,94,1,0
BRDA:19,95,0,0
BRDA:19,95,1,0
BRDA:19,96,0,0
BRDA:19,96,1,0
BRDA:19,96,2,0
BRDA:19,97,0,0
BRDA:19,97,1,0
BRDA:19,98,0,0
BRDA:19,98,1,0
BRDA:19,98,2,0
BRDA:19,99,0,0
BRDA:19,99,1,0
BRDA:19,100,0,0
BRDA:19,100,1,0
BRDA:19,101,0,0
BRDA:19,101,1,0
BRDA:19,102,0,0
BRDA:19,102,1,0
BRDA:19,103,0,0
BRDA:19,103,1,0
BRDA:19,104,0,0
BRDA:19,104,1,0
BRDA:19,105,0,0
BRDA:19,105,1,0
BRDA:19,106,0,0
BRDA:19,106,1,0
BRDA:19,107,0,0
BRDA:19,107,1,0
BRDA:19,108,0,0
BRDA:19,108,1,0
BRDA:19,109,0,0
BRDA:19,109,1,0
BRDA:19,110,0,0
BRDA:19,110,1,0
BRDA:19,111,0,0
BRDA:19,111,1,0
BRDA:19,112,0,0
BRDA:19,112,1,0
BRDA:19,112,2,0
BRDA:19,112,3,0
BRDA:19,113,0,0
BRDA:19,113,1,0
BRDA:19,113,2,0
BRDA:19,113,3,0
BRDA:19,113,4,0
BRDA:19,113,5,0
[...]
BRDA:20,589,1,0
BRDA:20,590,0,0
BRDA:20,590,1,0
BRDA:20,591,0,0
BRDA:20,591,1,0
BRDA:20,592,0,0
BRDA:20,592,1,0
BRDA:20,593,0,0
BRDA:20,593,1,0
BRDA:20,594,0,0
BRDA:20,594,1,0
BRDA:20,594,2,0
BRDA:20,594,3,0
BRDA:20,594,4,0
BRDA:20,595,0,0
BRDA:20,595,1,0
BRDA:20,596,0,0
BRDA:20,596,1,0
BRDA:20,596,2,0
BRDA:20,597,0,0
BRDA:20,597,1,0
BRDA:20,598,0,0
BRDA:20,598,1,0
BRDA:20,599,0,0
BRDA:20,599,1,0
BRDA:20,600,0,0
BRDA:20,600,1,0
BRDA:20,601,0,0
BRDA:20,601,1,0
BRDA:20,602,0,0
BRDA:20,602,1,0
BRDA:20,603,0,0
BRDA:20,603,1,0
BRDA:20,604,0,0
BRDA:20,604,1,0
BRDA:20,604,2,0
BRDA:20,604,3,0
BRDA:20,605,0,0
BRDA:20,605,1,0
BRDA:20,606,0,0
BRDA:20,606,1,0
BRDA:20,607,0,0
BRDA:20,607,1,0
BRDA:20,608,0,0
BRDA:20,608,1,0
BRDA:20,609,0,0
BRDA:20,609,1,0
BRDA:20,610,0,0
BRDA:20,610,1,0
BRDA:20,611,0,0
BRDA:20,611,1,0
BRDA:20,612,0,0
BRDA:20,612,1,0
BRDA:20,613,0,0
BRDA:20,613,1,0
BRDA:20,613,2,0
BRDA:20,613,3,0
BRDA:20,613,4,0
BRDA:20,614,0,0
BRDA:20,614,1,0
BRDA:20,615,0,0
BRDA:20,615,1,0
BRDA:20,616,0,0
BRDA:20,616,1,0
BRDA:20,617,0,0
BRDA:20,617,1,0
BRDA:20,618,0,0
BRDA:20,618,1,0
BRDA:20,619,0,0
BRDA:20,619,1,0
BRDA:20,620,0,0
BRDA:20,620,1,0
BRDA:20,621,0,0
BRDA:20,621,1,0
BRDA:20,622,0,0
BRDA:20,622,1,0
BRDA:20,623,0,0
BRDA:20,623,1,0
BRDA:20,624,0,0
BRDA:20,624,1,0
BRDA:20,625,0,0
BRDA:20,625,1,0
BRDA:20,626,0,0
BRDA:20,626,1,0
BRDA:20,627,0,0
BRDA:20,627,1,0
BRDA:20,628,0,0
BRDA:20,628,1,0
BRDA:20,629,0,0
BRDA:20,629,1,0
BRDA:20,630,0,0
BRDA:20,630,1,0
BRDA:20,631,0,0
BRDA:20,631,1,0
BRDA:20,632,0,0
BRDA:20,632,1,0
BRDA:20,633,0,0
BRDA:20,633,1,0
BRDA:20,634,0,0
BRDA:20,634,1,0
BRDA:20,635,0,0
BRDA:20,635,1,0
BRDA:20,636,0,0
BRDA:20,636,1,0
BRDA:20,637,0,0
BRDA:20,637,1,0
BRDA:20,638,0,0
BRDA:20,638,1,0
BRDA:20,639,0,0
BRDA:20,639,1,0
BRDA:20,640,0,0
BRDA:20,640,1,0
BRDA:20,641,0,0
BRDA:20,641,1,0
BRDA:20,642,0,0
BRDA:20,642,1,0
BRDA:20,643,0,0
BRDA:20,643,1,0
BRDA:20,644,0,0
BRDA:20,644,1,0
BRDA:20,645,0,0
BRDA:20,645,1,0
BRDA:20,646,0,0
BRDA:20,646,1,0
BRDA:20,647,0,0
BRDA:20,647,1,0
BRDA:20,647,2,0
BRDA:20,648,0,0
BRDA:20,648,1,0
BRDA:20,649,0,0
BRDA:20,649,1,0
BRDA:20,650,0,0
BRDA:20,650,1,0
BRDA:20,651,0,0
BRDA:20,651,1,0
BRDA:20,652,0,0
BRDA:20,652,1,0
BRDA:20,653,0,0
BRDA:20,653,1,0
BRDA:20,653,2,0
BRDA:20,654,0,0
BRDA:20,654,1,0
BRDA:20,655,0,0
BRDA:20,655,1,0
BRDA:20,656,0,0
BRDA:20,656,1,0
BRDA:20,657,0,0
BRDA:20,657,1,0
BRDA:20,658,0,0
BRDA:20,658,1,0
BRDA:20,659,0,0
BRDA:20,659,1,0
BRDA:20,660,0,0
BRDA:20,660,1,0
BRDA:20,661,0,0
BRDA:20,661,1,0
BRDA:20,662,0,0
BRDA:20,662,1,0
BRDA:20,663,0,0
BRDA:20,663,1,0
BRDA:20,664,0,0
BRDA:20,664,1,0
BRDA:20,665,0,0
BRDA:20,665,1,0
BRDA:20,666,0,0
BRDA:20,666,1,0
BRDA:20,667,0,0
BRDA:20,667,1,0
BRDA:20,668,0,0
BRDA:20,668,1,0
BRDA:20,669,0,0
BRDA:20,669,1,0
BRDA:20,669,2,0
BRDA:20,669,3,0
BRDA:20,670,0,0
BRDA:20,670,1,0
BRDA:20,670,2,0
BRDA:20,670,3,0
BRDA:20,670,4,0
BRDA:20,670,5,0
BRDA:20,670,6,0
BRDA:20,670,7,0
BRDA:20,670,8,0
BRDA:20,670,9,0
BRDA:20,670,10,0
BRDA:20,670,11,0
BRDA:20,670,12,0
BRDA:20,670,13,0
BRDA:20,670,14,0
BRDA:20,670,15,0
BRDA:20,671,0,0
BRDA:20,671,1,0
BRDA:20,672,0,0
BRDA:20,672,1,0
BRDA:20,673,0,0
BRDA:20,673,1,0
BRDA:20,674,0,0
BRDA:20,674,1,0
BRDA:20,675,0,0
BRDA:20,675,1,0
BRDA:20,676,0,0
BRDA:20,676,1,0
BRDA:20,677,0,0
BRDA:20,677,1,0
BRDA:20,678,0,0
BRDA:20,678,1,0
BRDA:20,678,2,0
BRDA:20,678,3,0
BRDA:20,679,0,0
BRDA:20,679,1,0
BRDA:20,680,0,0
BRDA:20,680,1,0
BRDA:20,681,0,0
BRDA:20,681,1,0
BRDA:20,681,2,0
BRDA:20,681,3,0
BRDA:20,681,4,0
BRDA:20,681,5,0
BRDA:20,681,6,0
BRDA:20,681,7,0
BRDA:20,682,0,0
BRDA:20,682,1,0
BRDA:20,683,0,0
BRDA:20,683,1,0
BRDA:20,684,0,0
BRDA:20,684,1,0
BRDA:20,685,0,0
BRDA:20,685,1,0
BRDA:20,686,0,0
BRDA:20,686,1,0
BRDA:20,687,0,0
BRDA:20,687,1,0
BRDA:20,688,0,0
BRDA:20,688,1,0
BRDA:20,689,0,0
BRDA:20,689,1,0
BRDA:20,689,2,0
BRDA:20,689,3,0
BRDA:20,689,4,0
BRDA:20,690,0,0
BRDA:20,690,1,0
BRDA:20,691,0,0
BRDA:20,691,1,0
BRDA:20,692,0,0
BRDA:20,692,1,0
BRDA:20,693,0,0
BRDA:20,693,1,0
BRDA:20,694,0,0
BRDA:20,694,1,0
BRDA:20,695,0,0
BRDA:20,695,1,0
BRDA:20,696,0,0
BRDA:20,696,1,0
BRDA:20,697,0,0
BRDA:20,697,1,0
BRDA:20,698,0,0
BRDA:20,698,1,0
BRDA:20,699,0,0
BRDA:20,699,1,0
BRDA:20,700,0,0
BRDA:20,700,1,0
BRDA:20,701,0,0
BRDA:20,701,1,0
BRDA:20,702,0,0
BRDA:20,702,1,0
BRDA:20,703,0,0
BRDA:20,703,1,0
BRDA:20,703,2,0
BRDA:20,704,0,0
BRDA:20,704,1,0
BRDA:20,705,0,0
BRDA:20,705,1,0
BRDA:20,705,2,0
BRDA:20,706,0,0
BRDA:20,706,1,0
BRDA:20,707,0,0
BRDA:20,707,1,0
BRDA:20,708,0,0
BRDA:20,708,1,0
BRDA:20,709,0,0
BRDA:20,709,1,0
BRDA:20,709,2,0
BRDA:20,709,3,0
BRDA:20,710,0,0
BRDA:20,710,1,0
BRDA:20,711,0,0
BRDA:20,711,1,0
BRDA:20,712,0,0
BRDA:20,712,1,0
BRDA:20,712,2,0
BRDA:20,712,3,0
BRDA:20,713,0,0
BRDA:20,713,1,0
BRDA:20,714,0,0
BRDA:20,714,1,0
BRDA:20,715,0,0
BRDA:20,715,1,0
BRDA:20,715,2,0
BRDA:20,716,0,0
BRDA:20,716,1,0
BRDA:20,717,0,0
BRDA:20,717,1,0
BRDA:20,718,0,0
BRDA:20,718,1,0
BRDA:20,719,0,0
BRDA:20,719,1,0
BRDA:20,719,2,0
BRDA:20,719,3,0
BRDA:20,720,0,0
BRDA:20,720,1,0
BRDA:20,721,0,0
BRDA:20,721,1,0
BRDA:20,721,2,0
BRDA:20,721,3,0
BRDA:20,721,4,0
BRDA:20,721,5,0
BRDA:20,721,6,0
BRDA:20,721,7,0
BRDA:20,722,0,0
BRDA:20,722,1,0
BRDA:20,723,0,0
BRDA:20,723,1,0
BRDA:20,724,0,0
BRDA:20,724,1,0
BRDA:20,725,0,0
BRDA:20,725,1,0
BRDA:20,726,0,0
BRDA:20,726,1,0
BRDA:20,727,0,0
BRDA:20,727,1,0
BRDA:20,727,2,0
BRDA:20,727,3,0
BRDA:20,727,4,0
BRDA:20,728,0,0
BRDA:20,728,1,0
BRDA:20,729,0,0
BRDA:20,729,1,0
BRDA:20,730,0,0
BRDA:20,730,1,0
BRDA:20,731,0,0
BRDA:20,731,1,0
BRDA:20,732,0,0
BRDA:20,732,1,0
BRDA:20,733,0,0
BRDA:20,733,1,0
BRDA:20,734,0,0
BRDA:20,734,1,0
BRDA:20,735,0,0
BRDA:20,735,1,0
BRDA:20,736,0,0
BRDA:20,736,1,0
BRDA:20,737,0,0
BRDA:20,737,1,0
BRDA:20,738,0,0
BRDA:20,738,1,0
BRDA:20,738,2,0
BRDA:20,739,0,0
BRDA:20,739,1,0
BRDA:20,739,2,0
BRDA:20,740,0,0
BRDA:20,740,1,0
BRDA:20,741,0,0
BRDA:20,741,1,0
BRDA:20,742,0,0
BRDA:20,742,1,0
BRDA:20,743,0,0
BRDA:20,743,1,0
BRDA:20,744,0,0
BRDA:20,744,1,0
BRDA:20,745,0,0
BRDA:20,745,1,0
BRDA:20,746,0,0
BRDA:20,746,1,0
BRDA:20,747,0,0
BRDA:20,747,1,0
BRDA:20,748,0,0
BRDA:20,748,1,0
BRDA:20,748,2,0
BRDA:20,749,0,0
BRDA:20,749,1,0
BRDA:20,750,0,0
BRDA:20,750,1,0
BRDA:20,750,2,0
BRDA:20,751,0,0
BRDA:20,751,1,0
BRDA:20,751,2,0
BRDA:20,752,0,0
BRDA:20,752,1,0
BRDA:20,753,0,0
BRDA:20,753,1,0
BRDA:20,754,0,0
BRDA:20,754,1,0
BRDA:20,755,0,0
BRDA:20,755,1,0
BRDA:20,756,0,0
BRDA:20,756,1,0
BRDA:20,757,0,0
BRDA:20,757,1,0
BRDA:20,757,2,0
BRDA:20,757,3,0
BRDA:20,757,4,0
BRDA:20,757,5,0
BRDA:20,757,6,0
BRDA:20,757,7,0
BRDA:20,757,8,0
BRDA:20,758,0,0
BRDA:20,758,1,0
BRDA:20,759,0,0
BRDA:20,759,1,0
BRDA:20,760,0,0
BRDA:20,760,1,0
BRDA:20,761,0,0
BRDA:20,761,1,0
BRDA:20,762,0,0
BRDA:20,762,1,0
BRDA:20,763,0,0
BRDA:20,763,1,0
BRDA:20,764,0,0
BRDA:20,764,1,0
BRDA:20,765,0,0
BRDA:20,765,1,0
BRDA:20,765,2,0
BRDA:20,766,0,0
BRDA:20,766,1,0
BRDA:20,766,2,0
BRDA:20,766,3,0
BRDA:20,766,4,0
BRDA:20,767,0,0
BRDA:20,767,1,0
BRDA:20,767,2,0
BRDA:20,768,0,0
BRDA:20,768,1,0
BRDA:20,768,2,0
BRDA:20,769,0,0
BRDA:20,769,1,0
BRDA:20,770,0,0
BRDA:20,770,1,0
BRDA:20,771,0,0
BRDA:20,771,1,0
BRDA:20,772,0,0
BRDA:20,772,1,0
BRDA:20,772,2,0
BRDA:20,773,0,0
BRDA:20,773,1,0
BRDA:20,774,0,0
BRDA:20,774,1,0
BRDA:20,775,0,0
BRDA:20,775,1,0
BRDA:20,776,0,0
BRDA:20,776,1,0
BRDA:20,777,0,0
BRDA:20,777,1,0
BRDA:20,777,2,0
BRDA:20,778,0,0
BRDA:20,778,1,0
BRDA:20,779,0,0
BRDA:20,779,1,0
BRDA:20,780,0,0
BRDA:20,780,1,0
BRDA:20,781,0,0
BRDA:20,781,1,0
BRDA:20,782,0,0
BRDA:20,782,1,0
BRDA:20,782,2,0
BRDA:20,783,0,0
BRDA:20,783,1,0
BRDA:20,783,2,0
BRDA:20,784,0,0
BRDA:20,784,1,0
BRDA:20,785,0,0
BRDA:20,785,1,0
BRDA:20,786,0,0
BRDA:20,786,1,0
BRDA:20,787,0,0
BRDA:20,787,1,0
BRDA:20,788,0,0
BRDA:20,788,1,0
BRDA:20,789,0,0
BRDA:20,789,1,0
BRDA:20,790,0,0
BRDA:20,790,1,0
BRDA:20,791,0,0
BRDA:20,791,1,0
BRDA:20,792,0,0
BRDA:20,792,1,0
BRDA:20,793,0,0
BRDA:20,793,1,0
BRDA:20,794,0,0
BRDA:20,794,1,0
BRDA:21,795,0,0
BRDA:21,795,1,0
BRDA:21,796,0,0
BRDA:21,796,1,0
BRDA:21,797,0,0
BRDA:21,797,1,0
BRDA:21,798,0,0
BRDA:21,798,1,0
BRDA:21,799,0,0
BRDA:21,799,1,0
BRDA:21,800,0,0
BRDA:21,800,1,0
BRDA:21,801,0,0
BRDA:21,801,1,0
BRDA:21,802,0,0
BRDA:21,802,1,0
BRDA:21,803,0,0
BRDA:21,803,1,0
BRDA:21,804,0,0
BRDA:21,804,1,0
BRDA:21,805,0,0
BRDA:21,805,1,0
BRDA:21,806,0,0
BRDA:21,806,1,0
BRDA:21,807,0,0
BRDA:21,807,1,0
BRDA:21,808,0,0
BRDA:21,808,1,0
BRDA:21,809,0,0
BRDA:21,809,1,0
BRDA:21,810,0,0
BRDA:21,810,1,0
BRDA:21,811,0,0
BRDA:21,811,1,0
BRDA:21,812,0,0
BRDA:21,812,1,0
BRDA:21,813,0,0
BRDA:21,813,1,0
BRDA:21,814,0,0
BRDA:21,814,1,0
BRDA:21,815,0,0
BRDA:21,815,1,0
BRDA:21,816,0,0
BRDA:21,816,1,0
BRDA:21,817,0,0
BRDA:21,817,1,0
BRDA:21,817,2,0
BRDA:21,818,0,0
BRDA:21,818,1,0
BRDA:21,819,0,0
BRDA:21,819,1,0
BRDA:21,820,0,0
BRDA:21,820,1,0
BRDA:21,821,0,0
BRDA:21,821,1,0
BRDA:21,822,0,0
BRDA:21,822,1,0
BRDA:21,823,0,0
BRDA:21,823,1,0
BRDA:21,824,0,0
BRDA:21,824,1,0
BRDA:21,825,0,0
BRDA:21,825,1,0
BRDA:21,826,0,0
BRDA:21,826,1,0
BRDA:21,827,0,0
BRDA:21,827,1,0
BRDA:21,828,0,0
BRDA:21,828,1,0
BRDA:21,829,0,0
BRDA:21,829,1,0
BRDA:21,830,0,0
BRDA:21,830,1,0
BRDA:21,831,0,0
BRDA:21,831,1,0
BRDA:21,832,0,0
BRDA:21,832,1,0
BRDA:21,833,0,0
BRDA:21,833,1,0
BRDA:21,834,0,0
BRDA:21,834,1,0
BRDA:21,834,2,0
BRDA:21,834,3,0
BRDA:21,835,0,0
BRDA:21,835,1,0
BRDA:21,836,0,0
BRDA:21,836,1,0
BRDA:21,837,0,0
BRDA:21,837,1,0
BRDA:21,838,0,0
BRDA:21,838,1,0
BRDA:21,839,0,0
BRDA:21,839,1,0
BRDA:21,840,0,0
BRDA:21,840,1,0
BRDA:21,841,0,0
BRDA:21,841,1,0
BRDA:21,842,0,0
BRDA:21,842,1,0
BRDA:21,843,0,0
BRDA:21,843,1,0
BRDA:21,844,0,0
BRDA:21,844,1,0
BRDA:21,845,0,0
BRDA:21,845,1,0
BRDA:21,845,2,0
BRDA:21,845,3,0
BRDA:21,845,4,0
BRDA:21,845,5,0
BRDA:21,845,6,0
BRDA:21,846,0,0
BRDA:21,846,1,0
BRDA:21,847,0,0
BRDA:21,847,1,0
BRDA:21,848,0,0
BRDA:21,848,1,0
BRDA:21,849,0,0
BRDA:21,849,1,0
BRDA:21,850,0,0
BRDA:21,850,1,0
BRDA:21,851,0,0
BRDA:21,851,1,0
BRDA:21,852,0,0
BRDA:21,852,1,0
BRDA:21,853,0,0
BRDA:21,853,1,0
BRDA:21,854,0,0
BRDA:21,854,1,0
BRDA:21,854,2,0
BRDA:21,855,0,0
BRDA:21,855,1,0
BRDA:21,856,0,0
BRDA:21,856,1,0
BRDA:21,857,0,0
BRDA:21,857,1,0
BRDA:21,858,0,0
BRDA:21,858,1,0
BRDA:21,859,0,0
BRDA:21,859,1,0
BRDA:21,860,0,0
BRDA:21,860,1,0
BRDA:21,861,0,0
BRDA:21,861,1,0
BRDA:21,862,0,0
BRDA:21,862,1,0
BRDA:21,863,0,0
BRDA:21,863,1,0
BRDA:21,864,0,0
BRDA:21,864,1,0
BRDA:21,865,0,0
BRDA:21,865,1,0
BRDA:21,866,0,0
BRDA:21,866,1,0
BRDA:21,867,0,0
BRDA:21,867,1,0
BRDA:21,868,0,0
BRDA:21,868,1,0
BRDA:21,869,0,0
BRDA:21,869,1,0
BRDA:21,870,0,0
BRDA:21,870,1,0
BRDA:21,871,0,0
BRDA:21,871,1,0
BRDA:21,872,0,0
BRDA:21,872,1,0
BRDA:21,873,0,0
BRDA:21,873,1,0
BRDA:21,874,0,0
BRDA:21,874,1,0
BRDA:21,875,0,0
BRDA:21,875,1,0
BRDA:21,876,0,0
BRDA:21,876,1,0
BRDA:21,877,0,0
BRDA:21,877,1,0
BRDA:21,878,0,0
BRDA:21,878,1,0
BRDA:21,879,0,0
BRDA:21,879,1,0
BRDA:21,880,0,0
BRDA:21,880,1,0
BRDA:21,881,0,0
BRDA:21,881,1,0
BRDA:21,882,0,0
BRDA:21,882,1,0
BRDA:21,883,0,0
BRDA:21,883,1,0
BRDA:21,883,2,0
BRDA:21,883,3,0
BRDA:21,884,0,0
BRDA:21,884,1,0
BRDA:21,885,0,0
BRDA:21,885,1,0
BRDA:21,886,0,0
BRDA:21,886,1,0
BRDA:21,887,0,0
BRDA:21,887,1,0
BRDA:21,888,0,0
BRDA:21,888,1,0
BRDA:21,889,0,0
BRDA:21,889,1,0
BRDA:21,890,0,0
BRDA:21,890,1,0
BRDA:21,891,0,0
BRDA:21,891,1,0
BRDA:21,891,2,0
BRDA:21,892,0,0
BRDA:21,892,1,0
BRDA:21,893,0,0
BRDA:21,893,1,0
BRDA:21,894,0,0
BRDA:21,894,1,0
BRDA:21,895,0,0
BRDA:21,895,1,0
BRDA:21,896,0,0
BRDA:21,896,1,0
BRDA:21,897,0,0
BRDA:21,897,1,0
BRDA:21,898,0,0
BRDA:21,898,1,0
BRDA:21,899,0,0
BRDA:21,899,1,0
BRDA:21,899,2,0
BRDA:21,900,0,0
BRDA:21,900,1,0
BRDA:21,901,0,0
BRDA:21,901,1,0
BRDA:21,902,0,0
BRDA:21,902,1,0
BRDA:21,903,0,0
BRDA:21,903,1,0
BRDA:21,904,0,0
BRDA:21,904,1,0
BRDA:21,905,0,0
BRDA:21,905,1,0
BRDA:21,906,0,0
BRDA:21,906,1,0
BRDA:21,907,0,0
BRDA:21,907,1,0
BRDA:21,908,0,0
BRDA:21,908,1,0
BRDA:21,909,0,0
BRDA:21,909,1,0
BRDA:21,910,0,0
BRDA:21,910,1,0
BRDA:21,910,2,0
BRDA:21,911,0,0
BRDA:21,911,1,0
BRDA:21,912,0,0
BRDA:21,912,1,0
BRDA:21,913,0,0
BRDA:21,913,1,0
BRDA:21,914,0,0
BRDA:21,914,1,0
BRDA:21,915,0,0
BRDA:21,915,1,0
BRDA:21,916,0,0
BRDA:21,916,1,0
BRDA:21,917,0,0
BRDA:21,917,1,0
BRDA:21,918,0,0
BRDA:21,918,1,0
BRDA:21,919,0,0
BRDA:21,919,1,0
BRDA:21,920,0,0
BRDA:21,920,1,0
BRDA:21,921,0,0
BRDA:21,921,1,0
BRDA:21,922,0,0
BRDA:21,922,1,0
BRDA:21,923,0,0
BRDA:21,923,1,0
BRDA:21,924,0,0
BRDA:21,924,1,0
BRDA:21,925,0,0
BRDA:21,925,1,0
BRDA:21,926,0,0
BRDA:21,926,1,0
BRDA:21,926,2,0
BRDA:21,927,0,0
BRDA:21,927,1,0
BRDA:21,928,0,0
BRDA:21,928,1,0
BRDA:21,929,0,0
BRDA:21,929,1,0
BRDA:21,929,2,0
BRDA:21,929,3,0
BRDA:21,929,4,0
BRDA:21,929,5,0
BRDA:21,930,0,0
BRDA:21,930,1,0
BRDA:21,931,0,0
BRDA:21,931,1,0
BRDA:21,932,0,0
BRDA:21,932,1,0
BRDA:21,933,0,0
BRDA:21,933,1,0
BRF:2061
BRH:0
end_of_record
TN:
SF:src/store/index.js
FN:31,(anonymous_0)
FN:34,(anonymous_1)
FN:37,(anonymous_2)
FN:40,(anonymous_3)
FN:43,(anonymous_4)
FN:46,(anonymous_5)
FN:51,(anonymous_6)
FN:55,(anonymous_7)
FN:59,(anonymous_8)
FN:63,(anonymous_9)
FN:66,(anonymous_10)
FN:84,(anonymous_11)
FN:85,(anonymous_12)
FN:86,(anonymous_13)
FN:87,(anonymous_14)
FNF:15
FNH:0
FNDA:0,(anonymous_0)
FNDA:0,(anonymous_1)
FNDA:0,(anonymous_2)
FNDA:0,(anonymous_3)
FNDA:0,(anonymous_4)
FNDA:0,(anonymous_5)
FNDA:0,(anonymous_6)
FNDA:0,(anonymous_7)
FNDA:0,(anonymous_8)
FNDA:0,(anonymous_9)
FNDA:0,(anonymous_10)
FNDA:0,(anonymous_11)
FNDA:0,(anonymous_12)
FNDA:0,(anonymous_13)
FNDA:0,(anonymous_14)
DA:9,0
DA:12,0
DA:13,0
DA:32,0
DA:35,0
DA:38,0
DA:41,0
DA:44,0
DA:47,0
DA:52,0
DA:53,0
DA:56,0
DA:60,0
DA:64,0
DA:68,0
DA:69,0
DA:70,0
DA:71,0
DA:72,0
DA:73,0
DA:74,0
DA:75,0
DA:77,0
DA:78,0
DA:79,0
DA:80,0
DA:84,0
DA:85,0
DA:86,0
DA:87,0
LF:30
LH:0
BRDA:70,0,0,0
BRDA:70,0,1,0
BRDA:72,1,0,0
BRDA:72,1,1,0
BRDA:73,2,0,0
BRDA:73,2,1,0
BRDA:73,3,0,0
BRDA:73,3,1,0
BRDA:74,4,0,0
BRDA:74,4,1,0
BRDA:74,5,0,0
BRDA:74,5,1,0
BRDA:75,6,0,0
BRDA:75,6,1,0
BRDA:78,7,0,0
BRDA:78,7,1,0
BRDA:79,8,0,0
BRDA:79,8,1,0
BRF:18
BRH:0
end_of_record
TN:
SF:src/store/modules/config/defaultState.js
FN:2,(anonymous_0)
FNF:1
FNH:0
FNDA:0,(anonymous_0)
DA:2,0
LF:1
LH:0
BRF:0
BRH:0
end_of_record
TN:
SF:src/store/modules/config/index.js
FN:11,(anonymous_0)
FN:12,(anonymous_1)
FN:13,(anonymous_2)
FN:14,(anonymous_3)
FN:15,(anonymous_4)
FN:19,(anonymous_5)
FN:22,(anonymous_6)
FN:25,(anonymous_7)
FN:26,(anonymous_8)
FN:27,(anonymous_9)
FN:28,(anonymous_10)
FN:29,(anonymous_11)
FN:30,(anonymous_12)
FN:31,(anonymous_13)
FN:34,(anonymous_14)
FN:37,(anonymous_15)
FN:40,(anonymous_16)
FN:42,(anonymous_17)
FN:45,(anonymous_18)
FN:67,(anonymous_19)
FN:70,(anonymous_20)
FN:73,(anonymous_21)
FN:87,(anonymous_22)
FN:90,(anonymous_23)
FN:97,(anonymous_24)
FN:105,(anonymous_25)
FN:111,(anonymous_26)
FN:117,(anonymous_27)
FN:180,(anonymous_28)
FN:184,(anonymous_29)
FN:187,(anonymous_30)
FN:194,(anonymous_31)
FN:205,(anonymous_32)
FN:209,(anonymous_33)
FN:212,(anonymous_34)
FN:219,(anonymous_35)
FN:256,(anonymous_36)
FN:257,(anonymous_37)
FN:262,(anonymous_38)
FN:268,(anonymous_39)
FN:274,(anonymous_40)
FNF:41
FNH:0
FNDA:0,(anonymous_0)
FNDA:0,(anonymous_1)
FNDA:0,(anonymous_2)
FNDA:0,(anonymous_3)
FNDA:0,(anonymous_4)
FNDA:0,(anonymous_5)
FNDA:0,(anonymous_6)
FNDA:0,(anonymous_7)
FNDA:0,(anonymous_8)
FNDA:0,(anonymous_9)
FNDA:0,(anonymous_10)
FNDA:0,(anonymous_11)
FNDA:0,(anonymous_12)
FNDA:0,(anonymous_13)
FNDA:0,(anonymous_14)
FNDA:0,(anonymous_15)
FNDA:0,(anonymous_16)
FNDA:0,(anonymous_17)
FNDA:0,(anonymous_18)
FNDA:0,(anonymous_19)
FNDA:0,(anonymous_20)
FNDA:0,(anonymous_21)
FNDA:0,(anonymous_22)
FNDA:0,(anonymous_23)
FNDA:0,(anonymous_24)
FNDA:0,(anonymous_25)
FNDA:0,(anonymous_26)
FNDA:0,(anonymous_27)
FNDA:0,(anonymous_28)
FNDA:0,(anonymous_29)
FNDA:0,(anonymous_30)
FNDA:0,(anonymous_31)
FNDA:0,(anonymous_32)
FNDA:0,(anonymous_33)
FNDA:0,(anonymous_34)
FNDA:0,(anonymous_35)
FNDA:0,(anonymous_36)
FNDA:0,(anonymous_37)
FNDA:0,(anonymous_38)
FNDA:0,(anonymous_39)
FNDA:0,(anonymous_40)
DA:11,0
DA:12,0
DA:13,0
DA:14,0
DA:16,0
DA:20,0
DA:23,0
DA:25,0
DA:26,0
DA:27,0
DA:28,0
DA:29,0
DA:30,0
DA:32,0
DA:35,0
DA:38,0
DA:40,0
DA:42,0
DA:46,0
DA:47,0
DA:48,0
DA:49,0
DA:52,0
DA:54,0
DA:55,0
DA:57,0
DA:58,0
DA:59,0
DA:60,0
DA:62,0
DA:68,0
DA:71,0
DA:74,0
DA:88,0
DA:91,0
DA:98,0
DA:105,0
DA:106,0
DA:111,0
DA:112,0
DA:117,0
DA:118,0
DA:119,0
DA:121,0
DA:126,0
DA:128,0
DA:184,0
DA:185,0
DA:188,0
DA:189,0
DA:192,0
DA:195,0
DA:196,0
DA:201,0
DA:209,0
DA:210,0
DA:213,0
DA:214,0
DA:217,0
DA:220,0
DA:221,0
DA:226,0
DA:257,0
DA:258,0
DA:263,0
DA:266,0
DA:269,0
DA:275,0
LF:68
LH:0
BRDA:23,0,0,0
BRDA:23,0,1,0
BRDA:54,1,0,0
BRDA:54,1,1,0
BRDA:57,2,0,0
BRDA:57,2,1,0
BRDA:59,3,0,0
BRDA:59,3,1,0
BRDA:121,4,0,0
BRDA:121,4,1,0
BRDA:122,5,0,0
BRDA:122,5,1,0
BRF:12
BRH:0
end_of_record
TN:
SF:src/store/modules/module-example/actions.js
FN:1,someAction
FNF:1
FNH:0
FNDA:0,someAction
LF:0
LH:0
BRF:0
BRH:0
end_of_record
TN:
SF:src/store/modules/module-example/getters.js
FN:1,someGetter
FNF:1
FNH:0
FNDA:0,someGetter
LF:0
LH:0
BRF:0
BRH:0
end_of_record
TN:
SF:src/store/modules/module-example/index.js
FNF:0
FNH:0
LF:0
LH:0
BRF:0
BRH:0
end_of_record
TN:
SF:src/store/modules/module-example/mutations.js
FN:1,someMutation
FNF:1
FNH:0
FNDA:0,someMutation
LF:0
LH:0
BRF:0
BRH:0
end_of_record
TN:
SF:src/store/modules/module-example/state.js
FNF:0
FNH:0
LF:0
LH:0
BRF:0
BRH:0
end_of_record
TN:
SF:src/store/modules/sample/defaultState.js
FN:2,(anonymous_0)
FNF:1
FNH:0
FNDA:0,(anonymous_0)
DA:2,0
LF:1
LH:0
BRF:0
BRH:0
end_of_record
TN:
SF:src/store/modules/sample/index.js
FN:11,(anonymous_0)
FN:14,(anonymous_1)
FN:17,(anonymous_2)
FN:20,(anonymous_3)
FN:34,(anonymous_4)
FN:37,(anonymous_5)
FN:48,(anonymous_6)
FN:82,(anonymous_7)
FN:86,(anonymous_8)
FN:89,(anonymous_9)
FN:96,(anonymous_10)
FN:108,(anonymous_11)
FN:109,(anonymous_12)
FN:112,(anonymous_13)
FN:127,(anonymous_14)
FN:132,(anonymous_15)
FN:133,(anonymous_16)
FN:138,(anonymous_17)
FN:144,(anonymous_18)
FN:150,(anonymous_19)
FNF:20
FNH:0
FNDA:0,(anonymous_0)
FNDA:0,(anonymous_1)
FNDA:0,(anonymous_2)
FNDA:0,(anonymous_3)
FNDA:0,(anonymous_4)
FNDA:0,(anonymous_5)
FNDA:0,(anonymous_6)
FNDA:0,(anonymous_7)
FNDA:0,(anonymous_8)
FNDA:0,(anonymous_9)
FNDA:0,(anonymous_10)
FNDA:0,(anonymous_11)
FNDA:0,(anonymous_12)
FNDA:0,(anonymous_13)
FNDA:0,(anonymous_14)
FNDA:0,(anonymous_15)
FNDA:0,(anonymous_16)
FNDA:0,(anonymous_17)
FNDA:0,(anonymous_18)
FNDA:0,(anonymous_19)
DA:11,0
DA:15,0
DA:18,0
DA:21,0
DA:35,0
DA:38,0
DA:49,0
DA:86,0
DA:87,0
DA:90,0
DA:91,0
DA:94,0
DA:97,0
DA:98,0
DA:103,0
DA:109,0
DA:110,0
DA:113,0
DA:115,0
DA:119,0
DA:120,0
DA:122,0
DA:125,0
DA:128,0
DA:133,0
DA:134,0
DA:139,0
DA:142,0
DA:145,0
DA:151,0
LF:30
LH:0
BRDA:115,0,0,0
BRDA:115,0,1,0
BRDA:116,1,0,0
BRDA:116,1,1,0
BRF:4
BRH:0
end_of_record
TN:
SF:src/store/modules/user/defaultState.js
FN:2,(anonymous_0)
FNF:1
FNH:0
FNDA:0,(anonymous_0)
DA:2,0
LF:1
LH:0
BRF:0
BRH:0
end_of_record
TN:
SF:src/store/modules/user/index.js
FN:13,(anonymous_0)
FN:14,(anonymous_1)
FN:15,(anonymous_2)
FN:16,(anonymous_3)
FN:17,(anonymous_4)
FN:18,(anonymous_5)
FN:19,(anonymous_6)
FN:22,(anonymous_7)
FN:28,(anonymous_8)
FN:31,(anonymous_9)
FN:34,(anonymous_10)
FN:38,(anonymous_11)
FN:41,(anonymous_12)
FN:46,(anonymous_13)
FN:47,(anonymous_14)
FN:54,(anonymous_15)
FN:59,(anonymous_16)
FN:66,(anonymous_17)
FN:67,(anonymous_18)
FN:71,(anonymous_19)
FN:75,(anonymous_20)
FNF:21
FNH:0
FNDA:0,(anonymous_0)
FNDA:0,(anonymous_1)
FNDA:0,(anonymous_2)
FNDA:0,(anonymous_3)
FNDA:0,(anonymous_4)
FNDA:0,(anonymous_5)
FNDA:0,(anonymous_6)
FNDA:0,(anonymous_7)
FNDA:0,(anonymous_8)
FNDA:0,(anonymous_9)
FNDA:0,(anonymous_10)
FNDA:0,(anonymous_11)
FNDA:0,(anonymous_12)
FNDA:0,(anonymous_13)
FNDA:0,(anonymous_14)
FNDA:0,(anonymous_15)
FNDA:0,(anonymous_16)
FNDA:0,(anonymous_17)
FNDA:0,(anonymous_18)
FNDA:0,(anonymous_19)
FNDA:0,(anonymous_20)
DA:13,0
DA:14,0
DA:15,0
DA:16,0
DA:17,0
DA:18,0
DA:20,0
DA:23,0
DA:24,0
DA:29,0
DA:32,0
DA:35,0
DA:36,0
DA:39,0
DA:42,0
DA:47,0
DA:49,0
DA:51,0
DA:52,0
DA:55,0
DA:56,0
DA:57,0
DA:60,0
DA:61,0
DA:67,0
DA:68,0
DA:69,0
DA:72,0
DA:73,0
DA:76,0
DA:78,0
DA:79,0
DA:80,0
DA:81,0
LF:34
LH:0
BRDA:23,0,0,0
BRDA:23,0,1,0
BRDA:51,1,0,0
BRDA:51,1,1,0
BRF:4
BRH:0
end_of_record
